
Start time     : 2018-09-19T17:18:54
Program name   : esorex
Severity level : [ INFO  ] 

17:18:54 [ INFO  ] : [tid=000] This is EsoRex, version 3.13.1
17:18:54 [ INFO  ] : [tid=000] using the libraries: CPL = 7.1, CFITSIO = 3.36, WCSLIB = 4.24, FFTW (normal precision) = 3.3.4-sse2, FFTW (single precision) = 3.3.4-sse2, CPL FLOP counting is unavailable, enable with -DCPL_ADD_FLOPS, OPENMP = 200805
17:18:54 [ INFO  ] : [tid=000] Invocation command line was: /home/mmarcano/Documents/VIMOS/NGC6652/esorex/bin/esorex --output-dir=/home/mmarcano/Documents/VIMOS/NGC6652/data/NGC6652B4/2003-06-24T04:55:50/RawESOdata/quadrant1 --log-dir=/home/mmarcano/Documents/VIMOS/NGC6652/data/NGC6652B4/2003-06-24T04:55:50/RawESOdata/quadrant1 vmifustandard /home/mmarcano/Documents/VIMOS/NGC6652/data/NGC6652B4/2003-06-24T04:55:50/RawESOdata/quadrant1/ifustandard.sof
17:18:54 [ INFO  ] vmifustandard: [tid=000] Loading input frames...
17:18:54 [ INFO  ] vmifustandard: [tid=000] Bias removal...
17:18:54 [ INFO  ] vmifustandard: [tid=000] Processing data from quadrant 1, HR_blue/Free, shutter ON...
17:18:54 [ INFO  ] vmifustandard: [tid=000] Processing data from quadrant 1...
17:18:54 [ INFO  ] vmifustandard: [tid=000] Processing spectra in pseudo-slit 2:
17:18:54 [ INFO  ] vmifustandard: [tid=000]   Load flat field tracing table...
17:18:54 [ INFO  ] vmifustandard: [tid=000]   Detect traceable spectra on standard star exposure...
17:18:54 [ INFO  ] vmifustandard: [tid=000]     44 spectra detected on standard star exposure.
17:18:54 [ INFO  ] vmifustandard: [tid=000]   Tracing detected spectra...
17:18:54 [ INFO  ] vmifustandard: [tid=000]   Identify traced spectra on standard star exposure...
17:18:54 [ INFO  ] vmifustandard: [tid=000]   Align flat field tracings to standard star exposure...
17:18:54 [ INFO  ] vmifustandard: [tid=000]   Simple extraction of standard star and sky spectra...
17:18:58 [ INFO  ] vmifustandard: [tid=000]   Align wavelength calibration to detected sky lines...
17:18:58 [ INFO  ] ifuAlignSkylines: [tid=000]   Applying median shift of 0.362080 px
17:18:58 [ INFO  ] ifuAlignSkylines: [tid=000]   NOT applying individual shifts
17:18:58 [ INFO  ] vmifustandard: [tid=000]     Alignment: 0.36 CCD pixels
17:18:58 [ INFO  ] vmifustandard: [tid=000]   Resample standard star spectra at constant wavelength step (0.54 Angstrom)
17:18:58 [ INFO  ] vmifustandard: [tid=000] Apply transmission correction to extracted spectra...
17:18:58 [ INFO  ] vmifustandard: [tid=000] Computing QC1 parameters...
17:18:58 [ INFO  ] createFitsTable: [tid=000] Table ifu_specphot_table.fits (SPH) created.
17:18:58 [ INFO  ] : [tid=000] Calculating product checksums
17:18:58 [ INFO  ] : [tid=000] Created product /home/mmarcano/Documents/VIMOS/NGC6652/data/NGC6652B4/2003-06-24T04:55:50/RawESOdata/quadrant1/ifu_science_sky.fits
17:18:58 [ INFO  ] : [tid=000] Created product /home/mmarcano/Documents/VIMOS/NGC6652/data/NGC6652B4/2003-06-24T04:55:50/RawESOdata/quadrant1/ifu_specphot_table.fits
17:18:58 [ INFO  ] : [tid=000] Created product /home/mmarcano/Documents/VIMOS/NGC6652/data/NGC6652B4/2003-06-24T04:55:50/RawESOdata/quadrant1/ifu_standard_extracted.fits
17:18:58 [ INFO  ] : [tid=000] Created product /home/mmarcano/Documents/VIMOS/NGC6652/data/NGC6652B4/2003-06-24T04:55:50/RawESOdata/quadrant1/ifu_standard_reduced.fits
17:18:58 [ INFO  ] : [tid=000] Created product /home/mmarcano/Documents/VIMOS/NGC6652/data/NGC6652B4/2003-06-24T04:55:50/RawESOdata/quadrant1/ifu_std_fov.fits
17:18:58 [ INFO  ] : [tid=000] 5 products created
17:18:58 [ INFO  ] : [tid=000] Recipe operation(s) took           4.82 seconds to complete.
17:18:58 [ INFO  ] : [tid=000] Size of single raw input frame  =    17.63 MB

17:18:58 [ INFO  ] : [tid=000] => processing rate of     3.66 MB/sec 

