
Start time     : 2018-10-24T18:54:35
Program name   : esorex
Severity level : [ INFO  ] 

18:54:35 [ INFO  ] : [tid=000] This is EsoRex, version 3.13.1
18:54:35 [ INFO  ] : [tid=000] using the libraries: CPL = 7.1, CFITSIO = 3.36, WCSLIB = 4.24, FFTW (normal precision) = 3.3.4-sse2, FFTW (single precision) = 3.3.4-sse2, CPL FLOP counting is unavailable, enable with -DCPL_ADD_FLOPS, OPENMP = 200805
18:54:35 [ INFO  ] : [tid=000] Invocation command line was: /home/mmarcano/Documents/VIMOS/NGC6652/esorex/bin/esorex --output-dir=/home/mmarcano/Documents/VIMOS/NGC6652/data/NGC6652A2/2003-06-03T08:40/RawESOdata/quadrant2 --log-dir=/home/mmarcano/Documents/VIMOS/NGC6652/data/NGC6652A2/2003-06-03T08:40/RawESOdata/quadrant2 vmifustandard /home/mmarcano/Documents/VIMOS/NGC6652/data/NGC6652A2/2003-06-03T08:40/RawESOdata/quadrant2/ifustandard.sof
18:54:35 [ INFO  ] vmifustandard: [tid=000] Loading input frames...
18:54:35 [ INFO  ] vmifustandard: [tid=000] Bias removal...
18:54:35 [ INFO  ] vmifustandard: [tid=000] Processing data from quadrant 2, HR_blue/Free, shutter ON...
18:54:35 [ INFO  ] vmifustandard: [tid=000] Processing data from quadrant 2...
18:54:35 [ INFO  ] vmifustandard: [tid=000] Processing spectra in pseudo-slit 2:
18:54:35 [ INFO  ] vmifustandard: [tid=000]   Load flat field tracing table...
18:54:35 [ INFO  ] vmifustandard: [tid=000]   Detect traceable spectra on standard star exposure...
18:54:35 [WARNING] vmifustandard: [tid=000]     No traceable spectra on standard star exposure: extracting along flat field tracings.
18:54:35 [ INFO  ] vmifustandard: [tid=000]   Simple extraction of standard star and sky spectra...
18:54:39 [ INFO  ] vmifustandard: [tid=000]   Align wavelength calibration to detected sky lines...
18:54:39 [ INFO  ] ifuAlignSkylines: [tid=000]   Applying median shift of 0.118473 px
18:54:39 [ INFO  ] ifuAlignSkylines: [tid=000]   NOT applying individual shifts
18:54:39 [ INFO  ] vmifustandard: [tid=000]     Alignment: 0.12 CCD pixels
18:54:39 [ INFO  ] vmifustandard: [tid=000]   Resample standard star spectra at constant wavelength step (0.54 Angstrom)
18:54:39 [ INFO  ] vmifustandard: [tid=000] Apply transmission correction to extracted spectra...
18:54:39 [WARNING] vmifustandard: [tid=000] No calibration is possible with given input data
18:54:39 [ INFO  ] vmifustandard: [tid=000] Computing QC1 parameters...
18:54:39 [ ERROR ] writeFitsSpecPhotTable: [tid=000] Error in writing FITS table
18:54:39 [ ERROR ] vmifustandard: [tid=000] Cannot create local product file ifu_specphot_table.fits!
18:54:39 [ ERROR ] : [tid=000] Execution of recipe 'vmifustandard' failed, status = 1
