
Start time     : 2018-11-13T18:32:29
Program name   : esorex
Severity level : [ INFO  ] 

18:32:29 [ INFO  ] : [tid=000] This is EsoRex, version 3.13.1
18:32:29 [ INFO  ] : [tid=000] using the libraries: CPL = 7.1, CFITSIO = 3.36, WCSLIB = 4.24, FFTW (normal precision) = 3.3.4-sse2, FFTW (single precision) = 3.3.4-sse2, CPL FLOP counting is unavailable, enable with -DCPL_ADD_FLOPS, OPENMP = 200805
18:32:29 [ INFO  ] : [tid=000] Invocation command line was: /home/mmarcano/Documents/VIMOS/NGC6652/esorex/bin/esorex --output-dir=/home/mmarcano/Documents/VIMOS/NGC6652/data/NGC6652A1/2003-06-02T03:22/RawESOdata/quadrant3 --log-dir=/home/mmarcano/Documents/VIMOS/NGC6652/data/NGC6652A1/2003-06-02T03:22/RawESOdata/quadrant3 vmifucalib /home/mmarcano/Documents/VIMOS/NGC6652/data/NGC6652A1/2003-06-02T03:22/RawESOdata/quadrant3/calib.sof
18:32:29 [ INFO  ] vimos_print_banner: [tid=000] *****************************************
18:32:29 [ INFO  ] vimos_print_banner: [tid=000] Welcome to VIMOS Pipeline release 3.2.3
18:32:29 [ INFO  ] vimos_print_banner: [tid=000] *****************************************
18:32:29 [ INFO  ] vmifucalib: [tid=000] Loading the input frames...
18:32:29 [ INFO  ] vmifucalib: [tid=000] Processing data from quadrant 3, HR_blue/Free, shutter ON...
18:32:30 [ INFO  ] vmifucalib: [tid=000] Bias removal...
18:32:30 [ INFO  ] vmifucalib: [tid=000] Processing spectra in pseudo-slit 2:
18:32:30 [ INFO  ] vmifucalib: [tid=000]   Identify and trace flat field spectra...
18:32:30 [ INFO  ] ifuIdentifyUpgrade: [tid=000]   Cross-correlation offset with reference identification: 14.231366
18:32:30 [ INFO  ] vmifucalib: [tid=000]     360 out of 400 spectra were identified and traced.
18:32:30 [ INFO  ] vmifucalib: [tid=000]   Extract flat field spectra...
18:32:32 [ INFO  ] vmifucalib: [tid=000]   Extract arc lamp spectra...
18:32:36 [ INFO  ] vmifucalib: [tid=000]   Compute the wavelength calibration (blind)...
18:32:36 [ INFO  ] vmifucalib: [tid=000]     359 out of 360 extracted spectra were wavelength calibrated.
18:32:36 [ INFO  ] vmifucalib: [tid=000]   Resample flat field spectra at constant wavelength step (0.54 Angstrom)
18:32:36 [ INFO  ] vmifucalib: [tid=000]   Resample arc lamp spectra at constant wavelength step (0.54 Angstrom)
18:32:36 [ INFO  ] vmifucalib: [tid=000] Derive the relative transmission correction from extracted flat field spectra...
18:32:36 [ INFO  ] vmifucalib: [tid=000] Computing QC1 parameters...
18:32:36 [ INFO  ] vmifucalib: [tid=000] Flux of He 5015.68: 5987.17 +/- 731.77 ADU/fiber/s
18:32:36 [ INFO  ] vmifucalib: [tid=000] Flux of Ne 5944.83: 17452.17 +/- 1687.51 ADU/fiber/s
18:32:36 [WARNING] vmifucalib: [tid=000] No Ar lines in HR_blue spectral range: corresponding QC1 parameters are not computed.
18:32:36 [ INFO  ] vmifucalib: [tid=000] Spectral resolution at 6030.00: 3089.07 +/- 95.04
18:32:36 [ INFO  ] vmifucalib: [tid=000] Spectral resolution at 5015.67: 2649.60 +/- 66.80
18:32:36 [ INFO  ] vmifucalib: [tid=000] Spectral resolution at 4471.48: 2605.02 +/- 50.43
18:32:36 [ INFO  ] distortionsRms: [tid=000] RMS for 4026.19: line not available
18:32:36 [ INFO  ] distortionsRms: [tid=000] RMS for 4471.48: 0.078
18:32:36 [ INFO  ] distortionsRms: [tid=000] RMS for 4713.14: 0.243
18:32:36 [ INFO  ] distortionsRms: [tid=000] RMS for 4921.93: 0.199
18:32:36 [ INFO  ] distortionsRms: [tid=000] RMS for 5015.67: 0.080
18:32:36 [ INFO  ] distortionsRms: [tid=000] RMS for 5764.42: 0.294
18:32:36 [ INFO  ] distortionsRms: [tid=000] RMS for 5852.49: 0.117
18:32:36 [ INFO  ] distortionsRms: [tid=000] RMS for 5875.62: 0.116
18:32:36 [ INFO  ] distortionsRms: [tid=000] RMS for 5944.83: 0.120
18:32:36 [ INFO  ] distortionsRms: [tid=000] RMS for 6030.00: 0.198
18:32:36 [ INFO  ] distortionsRms: [tid=000] RMS for 6074.34: 0.290
18:32:36 [ INFO  ] distortionsRms: [tid=000] RMS for 6096.16: 0.146
18:32:36 [ INFO  ] distortionsRms: [tid=000] RMS for 6143.06: 0.273
18:32:36 [ INFO  ] distortionsRms: [tid=000] RMS for 6163.59: 0.263
18:32:36 [ INFO  ] distortionsRms: [tid=000] RMS for 6217.28: line not available
18:32:36 [ INFO  ] distortionsRms: [tid=000] RMS for 6266.50: line not available
18:32:36 [ INFO  ] vmifucalib: [tid=000] IDS RMS: 0.186 pixel
18:32:37 [ INFO  ] : [tid=000] Calculating product checksums
18:32:38 [ INFO  ] : [tid=000] Created product /home/mmarcano/Documents/VIMOS/NGC6652/data/NGC6652A1/2003-06-02T03:22/RawESOdata/quadrant3/ifu_arc_spectrum_extracted.fits
18:32:38 [ INFO  ] : [tid=000] Created product /home/mmarcano/Documents/VIMOS/NGC6652/data/NGC6652A1/2003-06-02T03:22/RawESOdata/quadrant3/ifu_flat_spectrum_extracted.fits
18:32:38 [ INFO  ] : [tid=000] Created product /home/mmarcano/Documents/VIMOS/NGC6652/data/NGC6652A1/2003-06-02T03:22/RawESOdata/quadrant3/ifu_ids.fits
18:32:38 [ INFO  ] : [tid=000] Created product /home/mmarcano/Documents/VIMOS/NGC6652/data/NGC6652A1/2003-06-02T03:22/RawESOdata/quadrant3/ifu_master_screen_flat.fits
18:32:38 [ INFO  ] : [tid=000] Created product /home/mmarcano/Documents/VIMOS/NGC6652/data/NGC6652A1/2003-06-02T03:22/RawESOdata/quadrant3/ifu_trace.fits
18:32:38 [ INFO  ] : [tid=000] Created product /home/mmarcano/Documents/VIMOS/NGC6652/data/NGC6652A1/2003-06-02T03:22/RawESOdata/quadrant3/ifu_transmission.fits
18:32:38 [ INFO  ] : [tid=000] 6 products created
18:32:38 [ INFO  ] : [tid=000] Recipe operation(s) took           8.41 seconds to complete.
18:32:38 [ INFO  ] : [tid=000] Total size of 2 raw input frames  =    35.27 MB

18:32:38 [ INFO  ] : [tid=000] => processing rate of     4.20 MB/sec 

