
Start time     : 2018-11-13T18:31:02
Program name   : esorex
Severity level : [ INFO  ] 

18:31:02 [ INFO  ] : [tid=000] This is EsoRex, version 3.13.1
18:31:02 [ INFO  ] : [tid=000] using the libraries: CPL = 7.1, CFITSIO = 3.36, WCSLIB = 4.24, FFTW (normal precision) = 3.3.4-sse2, FFTW (single precision) = 3.3.4-sse2, CPL FLOP counting is unavailable, enable with -DCPL_ADD_FLOPS, OPENMP = 200805
18:31:02 [ INFO  ] : [tid=000] Invocation command line was: /home/mmarcano/Documents/VIMOS/NGC6652/esorex/bin/esorex --output-dir=/home/mmarcano/Documents/VIMOS/NGC6652/data/NGC6652A1/2003-06-02T03:22/RawESOdata/quadrant1 --log-dir=/home/mmarcano/Documents/VIMOS/NGC6652/data/NGC6652A1/2003-06-02T03:22/RawESOdata/quadrant1 vmifucalib /home/mmarcano/Documents/VIMOS/NGC6652/data/NGC6652A1/2003-06-02T03:22/RawESOdata/quadrant1/calib.sof
18:31:02 [ INFO  ] vimos_print_banner: [tid=000] *****************************************
18:31:02 [ INFO  ] vimos_print_banner: [tid=000] Welcome to VIMOS Pipeline release 3.2.3
18:31:02 [ INFO  ] vimos_print_banner: [tid=000] *****************************************
18:31:02 [ INFO  ] vmifucalib: [tid=000] Loading the input frames...
18:31:02 [ INFO  ] vmifucalib: [tid=000] Processing data from quadrant 1, HR_blue/Free, shutter ON...
18:31:02 [ INFO  ] vmifucalib: [tid=000] Bias removal...
18:31:02 [ INFO  ] vmifucalib: [tid=000] Processing spectra in pseudo-slit 2:
18:31:02 [ INFO  ] vmifucalib: [tid=000]   Identify and trace flat field spectra...
18:31:03 [ INFO  ] ifuIdentifyUpgrade: [tid=000]   Cross-correlation offset with reference identification: -8.755762
18:31:03 [ INFO  ] vmifucalib: [tid=000]     365 out of 400 spectra were identified and traced.
18:31:03 [ INFO  ] vmifucalib: [tid=000]   Extract flat field spectra...
18:31:05 [ INFO  ] vmifucalib: [tid=000]   Extract arc lamp spectra...
18:31:09 [ INFO  ] vmifucalib: [tid=000]   Compute the wavelength calibration (blind)...
18:31:09 [ INFO  ] vmifucalib: [tid=000]     364 out of 365 extracted spectra were wavelength calibrated.
18:31:09 [ INFO  ] vmifucalib: [tid=000]   Resample flat field spectra at constant wavelength step (0.54 Angstrom)
18:31:09 [ INFO  ] vmifucalib: [tid=000]   Resample arc lamp spectra at constant wavelength step (0.54 Angstrom)
18:31:09 [ INFO  ] vmifucalib: [tid=000] Derive the relative transmission correction from extracted flat field spectra...
18:31:09 [ INFO  ] vmifucalib: [tid=000] Computing QC1 parameters...
18:31:09 [ INFO  ] vmifucalib: [tid=000] Flux of He 5015.68: 7246.40 +/- 1333.74 ADU/fiber/s
18:31:09 [ INFO  ] vmifucalib: [tid=000] Flux of Ne 5944.83: 26447.67 +/- 3097.61 ADU/fiber/s
18:31:09 [WARNING] vmifucalib: [tid=000] No Ar lines in HR_blue spectral range: corresponding QC1 parameters are not computed.
18:31:09 [ INFO  ] vmifucalib: [tid=000] Spectral resolution at 6030.00: 2660.16 +/- 162.05
18:31:09 [ INFO  ] vmifucalib: [tid=000] Spectral resolution at 5015.67: 2893.66 +/- 115.05
18:31:09 [ INFO  ] vmifucalib: [tid=000] Spectral resolution at 4471.48: 2699.27 +/- 83.88
18:31:09 [ INFO  ] distortionsRms: [tid=000] RMS for 4026.19: line not available
18:31:09 [ INFO  ] distortionsRms: [tid=000] RMS for 4471.48: 0.069
18:31:09 [ INFO  ] distortionsRms: [tid=000] RMS for 4713.14: 0.230
18:31:09 [ INFO  ] distortionsRms: [tid=000] RMS for 4921.93: 0.197
18:31:09 [ INFO  ] distortionsRms: [tid=000] RMS for 5015.67: 0.080
18:31:09 [ INFO  ] distortionsRms: [tid=000] RMS for 5764.42: 0.296
18:31:09 [ INFO  ] distortionsRms: [tid=000] RMS for 5852.49: 0.218
18:31:09 [ INFO  ] distortionsRms: [tid=000] RMS for 5875.62: 0.181
18:31:09 [ INFO  ] distortionsRms: [tid=000] RMS for 5944.83: 0.241
18:31:09 [ INFO  ] distortionsRms: [tid=000] RMS for 6030.00: 0.211
18:31:09 [ INFO  ] distortionsRms: [tid=000] RMS for 6074.34: 0.305
18:31:09 [ INFO  ] distortionsRms: [tid=000] RMS for 6096.16: 0.143
18:31:09 [ INFO  ] distortionsRms: [tid=000] RMS for 6143.06: 0.285
18:31:09 [ INFO  ] distortionsRms: [tid=000] RMS for 6163.59: 0.271
18:31:09 [ INFO  ] distortionsRms: [tid=000] RMS for 6217.28: 0.066
18:31:09 [ INFO  ] distortionsRms: [tid=000] RMS for 6266.50: line not available
18:31:09 [ INFO  ] vmifucalib: [tid=000] IDS RMS: 0.210 pixel
18:31:10 [ INFO  ] : [tid=000] Calculating product checksums
18:31:11 [ INFO  ] : [tid=000] Created product /home/mmarcano/Documents/VIMOS/NGC6652/data/NGC6652A1/2003-06-02T03:22/RawESOdata/quadrant1/ifu_arc_spectrum_extracted.fits
18:31:11 [ INFO  ] : [tid=000] Created product /home/mmarcano/Documents/VIMOS/NGC6652/data/NGC6652A1/2003-06-02T03:22/RawESOdata/quadrant1/ifu_flat_spectrum_extracted.fits
18:31:11 [ INFO  ] : [tid=000] Created product /home/mmarcano/Documents/VIMOS/NGC6652/data/NGC6652A1/2003-06-02T03:22/RawESOdata/quadrant1/ifu_ids.fits
18:31:11 [ INFO  ] : [tid=000] Created product /home/mmarcano/Documents/VIMOS/NGC6652/data/NGC6652A1/2003-06-02T03:22/RawESOdata/quadrant1/ifu_master_screen_flat.fits
18:31:11 [ INFO  ] : [tid=000] Created product /home/mmarcano/Documents/VIMOS/NGC6652/data/NGC6652A1/2003-06-02T03:22/RawESOdata/quadrant1/ifu_trace.fits
18:31:11 [ INFO  ] : [tid=000] Created product /home/mmarcano/Documents/VIMOS/NGC6652/data/NGC6652A1/2003-06-02T03:22/RawESOdata/quadrant1/ifu_transmission.fits
18:31:11 [ INFO  ] : [tid=000] 6 products created
18:31:11 [ INFO  ] : [tid=000] Recipe operation(s) took           8.62 seconds to complete.
18:31:11 [ INFO  ] : [tid=000] Total size of 2 raw input frames  =    35.27 MB

18:31:11 [ INFO  ] : [tid=000] => processing rate of     4.09 MB/sec 

