
Start time     : 2018-10-24T17:12:08
Program name   : esorex
Severity level : [ INFO  ] 

17:12:08 [ INFO  ] : [tid=000] This is EsoRex, version 3.13.1
17:12:08 [ INFO  ] : [tid=000] using the libraries: CPL = 7.1, CFITSIO = 3.36, WCSLIB = 4.24, FFTW (normal precision) = 3.3.4-sse2, FFTW (single precision) = 3.3.4-sse2, CPL FLOP counting is unavailable, enable with -DCPL_ADD_FLOPS, OPENMP = 200805
17:12:08 [ INFO  ] : [tid=000] Invocation command line was: /home/mmarcano/Documents/VIMOS/NGC6652/esorex/bin/esorex --output-dir=/home/mmarcano/Documents/VIMOS/NGC6652/data/NGC6652A3/2003-06-04T04:15/RawESOdata/quadrant3 --log-dir=/home/mmarcano/Documents/VIMOS/NGC6652/data/NGC6652A3/2003-06-04T04:15/RawESOdata/quadrant3 vmifustandard /home/mmarcano/Documents/VIMOS/NGC6652/data/NGC6652A3/2003-06-04T04:15/RawESOdata/quadrant3/ifustandard.sof
17:12:08 [ INFO  ] vmifustandard: [tid=000] Loading input frames...
17:12:08 [ INFO  ] vmifustandard: [tid=000] Bias removal...
17:12:08 [ INFO  ] vmifustandard: [tid=000] Processing data from quadrant 3, HR_blue/Free, shutter ON...
17:12:08 [ INFO  ] vmifustandard: [tid=000] Processing data from quadrant 3...
17:12:08 [ INFO  ] vmifustandard: [tid=000] Processing spectra in pseudo-slit 2:
17:12:08 [ INFO  ] vmifustandard: [tid=000]   Load flat field tracing table...
17:12:09 [ INFO  ] vmifustandard: [tid=000]   Detect traceable spectra on standard star exposure...
17:12:09 [ INFO  ] vmifustandard: [tid=000]     21 spectra detected on standard star exposure.
17:12:09 [ INFO  ] vmifustandard: [tid=000]   Tracing detected spectra...
17:12:09 [ INFO  ] vmifustandard: [tid=000]   Identify traced spectra on standard star exposure...
17:12:09 [ INFO  ] vmifustandard: [tid=000]   Align flat field tracings to standard star exposure...
17:12:09 [ INFO  ] vmifustandard: [tid=000]   Simple extraction of standard star and sky spectra...
17:12:13 [ INFO  ] vmifustandard: [tid=000]   Align wavelength calibration to detected sky lines...
17:12:13 [ INFO  ] ifuAlignSkylines: [tid=000]   Applying median shift of 0.235016 px
17:12:13 [ INFO  ] ifuAlignSkylines: [tid=000]   NOT applying individual shifts
17:12:13 [ INFO  ] vmifustandard: [tid=000]     Alignment: 0.24 CCD pixels
17:12:13 [ INFO  ] vmifustandard: [tid=000]   Resample standard star spectra at constant wavelength step (0.54 Angstrom)
17:12:13 [ INFO  ] vmifustandard: [tid=000] Apply transmission correction to extracted spectra...
17:12:13 [ INFO  ] vmifustandard: [tid=000] Computing QC1 parameters...
17:12:13 [ INFO  ] createFitsTable: [tid=000] Table ifu_specphot_table.fits (SPH) created.
17:12:13 [ INFO  ] : [tid=000] Calculating product checksums
17:12:13 [ INFO  ] : [tid=000] Created product /home/mmarcano/Documents/VIMOS/NGC6652/data/NGC6652A3/2003-06-04T04:15/RawESOdata/quadrant3/ifu_science_sky.fits
17:12:13 [ INFO  ] : [tid=000] Created product /home/mmarcano/Documents/VIMOS/NGC6652/data/NGC6652A3/2003-06-04T04:15/RawESOdata/quadrant3/ifu_specphot_table.fits
17:12:13 [ INFO  ] : [tid=000] Created product /home/mmarcano/Documents/VIMOS/NGC6652/data/NGC6652A3/2003-06-04T04:15/RawESOdata/quadrant3/ifu_standard_extracted.fits
17:12:13 [ INFO  ] : [tid=000] Created product /home/mmarcano/Documents/VIMOS/NGC6652/data/NGC6652A3/2003-06-04T04:15/RawESOdata/quadrant3/ifu_standard_reduced.fits
17:12:13 [ INFO  ] : [tid=000] Created product /home/mmarcano/Documents/VIMOS/NGC6652/data/NGC6652A3/2003-06-04T04:15/RawESOdata/quadrant3/ifu_std_fov.fits
17:12:13 [ INFO  ] : [tid=000] 5 products created
17:12:13 [ INFO  ] : [tid=000] Recipe operation(s) took           4.95 seconds to complete.
17:12:13 [ INFO  ] : [tid=000] Size of single raw input frame  =    17.64 MB

17:12:13 [ INFO  ] : [tid=000] => processing rate of     3.56 MB/sec 

