2018-08-31 13:12:11,165 WARN  [FITSHandler] duplicated keywords found: HIERARCH.ESO.PRO.CATG
2018-08-31 13:12:11,174 WARN  [FITSHandler] duplicated keywords found: HIERARCH.ESO.PRO.CATG
2018-08-31 13:12:11,178 WARN  [FITSHandler] duplicated keywords found: HIERARCH.ESO.PRO.CATG
2018-08-31 13:12:11,220 WARN  [FITSHandler] duplicated keywords found: HIERARCH.ESO.PRO.CATG
2018-08-31 13:12:11,283 WARN  [FITSHandler] duplicated keywords found: HIERARCH.ESO.PRO.CATG
2018-08-31 13:12:11,303 WARN  [FITSHandler] duplicated keywords found: HIERARCH.ESO.PRO.CATG
2018-08-31 13:12:11,326 WARN  [FITSHandler] duplicated keywords found: HIERARCH.ESO.PRO.CATG
2018-08-31 13:12:11,357 WARN  [FITSHandler] duplicated keywords found: HIERARCH.ESO.PRO.CATG
2018-08-31 13:12:11,375 WARN  [FITSHandler] duplicated keywords found: HIERARCH.ESO.PRO.CATG
2018-08-31 13:12:11,378 WARN  [FITSHandler] duplicated keywords found: HIERARCH.ESO.PRO.CATG
2018-08-31 13:12:11,394 WARN  [FITSHandler] duplicated keywords found: HIERARCH.ESO.PRO.CATG
2018-08-31 13:12:11,416 WARN  [FITSHandler] duplicated keywords found: HIERARCH.ESO.PRO.CATG
2018-08-31 13:12:11,433 WARN  [FITSHandler] duplicated keywords found: HIERARCH.ESO.PRO.CATG
2018-08-31 13:12:11,436 WARN  [FITSHandler] duplicated keywords found: HIERARCH.ESO.PRO.CATG
2018-08-31 13:12:11,447 WARN  [FITSHandler] duplicated keywords found: HIERARCH.ESO.PRO.CATG
2018-08-31 13:12:11,469 WARN  [FITSHandler] duplicated keywords found: HIERARCH.ESO.PRO.CATG
2018-08-31 13:12:11,475 WARN  [FITSHandler] duplicated keywords found: HIERARCH.ESO.PRO.CATG
2018-08-31 13:12:11,490 WARN  [FITSHandler] duplicated keywords found: HIERARCH.ESO.PRO.CATG
2018-08-31 13:12:11,512 WARN  [FITSHandler] duplicated keywords found: HIERARCH.ESO.PRO.CATG
2018-08-31 13:12:11,521 WARN  [FITSHandler] duplicated keywords found: HIERARCH.ESO.PRO.CATG
2018-08-31 13:12:11,524 WARN  [FITSHandler] duplicated keywords found: HIERARCH.ESO.PRO.CATG
2018-08-31 13:12:11,531 WARN  [FITSHandler] duplicated keywords found: HIERARCH.ESO.PRO.CATG
2018-08-31 13:12:11,547 WARN  [FITSHandler] duplicated keywords found: HIERARCH.ESO.PRO.CATG
2018-08-31 13:12:11,562 WARN  [FITSHandler] duplicated keywords found: HIERARCH.ESO.PRO.CATG
2018-08-31 13:12:11,564 WARN  [FITSHandler] duplicated keywords found: HIERARCH.ESO.PRO.CATG
2018-08-31 13:12:11,567 WARN  [FITSHandler] duplicated keywords found: HIERARCH.ESO.PRO.CATG
2018-08-31 13:12:11,573 WARN  [FITSHandler] duplicated keywords found: HIERARCH.ESO.PRO.CATG
2018-08-31 13:12:11,578 WARN  [FITSHandler] duplicated keywords found: HIERARCH.ESO.PRO.CATG
2018-08-31 13:12:11,592 WARN  [FITSHandler] duplicated keywords found: HIERARCH.ESO.PRO.CATG
2018-08-31 13:12:11,606 WARN  [FITSHandler] duplicated keywords found: HIERARCH.ESO.PRO.CATG
2018-08-31 13:12:11,612 WARN  [FITSHandler] duplicated keywords found: HIERARCH.ESO.PRO.CATG
2018-08-31 13:12:11,625 WARN  [FITSHandler] duplicated keywords found: HIERARCH.ESO.PRO.CATG
2018-08-31 13:12:11,632 WARN  [FITSHandler] duplicated keywords found: HIERARCH.ESO.PRO.CATG
2018-08-31 13:12:12,089 WARN  [FITSHandler] duplicated keywords found: HIERARCH.ESO.PRO.CATG
2018-08-31 13:12:12,090 WARN  [FITSHandler] duplicated keywords found: HIERARCH.ESO.PRO.CATG
2018-08-31 13:12:12,090 WARN  [FITSHandler] duplicated keywords found: HIERARCH.ESO.PRO.CATG
2018-08-31 13:12:12,097 WARN  [FITSHandler] duplicated keywords found: HIERARCH.ESO.PRO.CATG
2018-08-31 13:12:12,098 WARN  [FITSHandler] duplicated keywords found: HIERARCH.ESO.PRO.CATG
2018-08-31 13:12:12,099 WARN  [FITSHandler] duplicated keywords found: HIERARCH.ESO.PRO.CATG
2018-08-31 13:12:12,100 WARN  [FITSHandler] duplicated keywords found: HIERARCH.ESO.PRO.CATG
2018-08-31 13:12:12,101 WARN  [FITSHandler] duplicated keywords found: HIERARCH.ESO.PRO.CATG
2018-08-31 13:12:12,101 WARN  [FITSHandler] duplicated keywords found: HIERARCH.ESO.PRO.CATG
2018-08-31 13:12:12,102 WARN  [FITSHandler] duplicated keywords found: HIERARCH.ESO.PRO.CATG
2018-08-31 13:12:12,103 WARN  [FITSHandler] duplicated keywords found: HIERARCH.ESO.PRO.CATG
2018-08-31 13:12:12,119 WARN  [FITSHandler] duplicated keywords found: HIERARCH.ESO.PRO.CATG
2018-08-31 13:12:12,120 WARN  [FITSHandler] duplicated keywords found: HIERARCH.ESO.PRO.CATG
2018-08-31 13:12:12,121 WARN  [FITSHandler] duplicated keywords found: HIERARCH.ESO.PRO.CATG
2018-08-31 13:12:12,127 WARN  [FITSHandler] duplicated keywords found: HIERARCH.ESO.PRO.CATG
2018-08-31 13:12:12,128 WARN  [FITSHandler] duplicated keywords found: HIERARCH.ESO.PRO.CATG
2018-08-31 13:12:12,129 WARN  [FITSHandler] duplicated keywords found: HIERARCH.ESO.PRO.CATG
2018-08-31 13:12:12,130 WARN  [FITSHandler] duplicated keywords found: HIERARCH.ESO.PRO.CATG
2018-08-31 13:12:12,131 WARN  [FITSHandler] duplicated keywords found: HIERARCH.ESO.PRO.CATG
2018-08-31 13:12:12,131 WARN  [FITSHandler] duplicated keywords found: HIERARCH.ESO.PRO.CATG
2018-08-31 13:12:12,132 WARN  [FITSHandler] duplicated keywords found: HIERARCH.ESO.PRO.CATG
2018-08-31 13:12:12,133 WARN  [FITSHandler] duplicated keywords found: HIERARCH.ESO.PRO.CATG
2018-08-31 13:12:12,148 WARN  [FITSHandler] duplicated keywords found: HIERARCH.ESO.PRO.CATG
2018-08-31 13:12:12,149 WARN  [FITSHandler] duplicated keywords found: HIERARCH.ESO.PRO.CATG
2018-08-31 13:12:12,150 WARN  [FITSHandler] duplicated keywords found: HIERARCH.ESO.PRO.CATG
2018-08-31 13:12:12,156 WARN  [FITSHandler] duplicated keywords found: HIERARCH.ESO.PRO.CATG
2018-08-31 13:12:12,157 WARN  [FITSHandler] duplicated keywords found: HIERARCH.ESO.PRO.CATG
2018-08-31 13:12:12,157 WARN  [FITSHandler] duplicated keywords found: HIERARCH.ESO.PRO.CATG
2018-08-31 13:12:12,158 WARN  [FITSHandler] duplicated keywords found: HIERARCH.ESO.PRO.CATG
2018-08-31 13:12:12,159 WARN  [FITSHandler] duplicated keywords found: HIERARCH.ESO.PRO.CATG
2018-08-31 13:12:12,160 WARN  [FITSHandler] duplicated keywords found: HIERARCH.ESO.PRO.CATG
2018-08-31 13:12:12,161 WARN  [FITSHandler] duplicated keywords found: HIERARCH.ESO.PRO.CATG
2018-08-31 13:12:12,162 WARN  [FITSHandler] duplicated keywords found: HIERARCH.ESO.PRO.CATG
2018-08-31 13:12:12,662 WARN  [ASTSelectAssociateStatement] Could not find enough products of type MASTER_BIAS for /home/mmarcano/Documents/VIMOS/NGC6652/data/NGC6652B1/rawesodata/VIMOS.2003-06-04T06:01:36.627.fits. Requested 1. Found 0.
2018-08-31 13:12:12,671 WARN  [ASTSelectAssociateStatement] Could not find enough products of type IFU_IDS for /home/mmarcano/Documents/VIMOS/NGC6652/data/NGC6652B1/rawesodata/VIMOS.2003-06-04T06:01:36.627.fits. Requested 1. Found 0.
2018-08-31 13:12:12,673 WARN  [ASTSelectAssociateStatement] Could not find enough products of type IFU_TRACE for /home/mmarcano/Documents/VIMOS/NGC6652/data/NGC6652B1/rawesodata/VIMOS.2003-06-04T06:01:36.627.fits. Requested 1. Found 0.
2018-08-31 13:12:12,675 WARN  [ASTSelectAssociateStatement] Could not find enough products of type IFU_TRANSMISSION for /home/mmarcano/Documents/VIMOS/NGC6652/data/NGC6652B1/rawesodata/VIMOS.2003-06-04T06:01:36.627.fits. Requested 1. Found 0.
2018-08-31 13:12:12,678 WARN  [ASTSelectAssociateStatement] Could not find enough products of type IFU_SPECPHOT_TABLE for /home/mmarcano/Documents/VIMOS/NGC6652/data/NGC6652B1/rawesodata/VIMOS.2003-06-04T06:01:36.627.fits. Requested 1. Found 0.
2018-08-31 13:12:12,681 WARN  [ASTSelectAssociateStatement] Could not find enough products of type MASTER_BIAS for /home/mmarcano/Documents/VIMOS/NGC6652/data/NGC6652B1/rawesodata/VIMOS.2003-06-04T05:39:52.285.fits. Requested 1. Found 0.
2018-08-31 13:12:12,683 WARN  [ASTSelectAssociateStatement] Could not find enough products of type IFU_IDS for /home/mmarcano/Documents/VIMOS/NGC6652/data/NGC6652B1/rawesodata/VIMOS.2003-06-04T05:39:52.285.fits. Requested 1. Found 0.
2018-08-31 13:12:12,686 WARN  [ASTSelectAssociateStatement] Could not find enough products of type IFU_TRACE for /home/mmarcano/Documents/VIMOS/NGC6652/data/NGC6652B1/rawesodata/VIMOS.2003-06-04T05:39:52.285.fits. Requested 1. Found 0.
2018-08-31 13:12:12,688 WARN  [ASTSelectAssociateStatement] Could not find enough products of type IFU_TRANSMISSION for /home/mmarcano/Documents/VIMOS/NGC6652/data/NGC6652B1/rawesodata/VIMOS.2003-06-04T05:39:52.285.fits. Requested 1. Found 0.
2018-08-31 13:12:12,691 WARN  [ASTSelectAssociateStatement] Could not find enough products of type IFU_SPECPHOT_TABLE for /home/mmarcano/Documents/VIMOS/NGC6652/data/NGC6652B1/rawesodata/VIMOS.2003-06-04T05:39:52.285.fits. Requested 1. Found 0.
2018-08-31 13:12:12,703 WARN  [ASTSelectAssociateStatement] Could not find enough products of type IFU_SPECPHOT_TABLE for /home/mmarcano/Documents/VIMOS/NGC6652/data/NGC6652B1/rawesodata/VIMOS.2003-06-04T06:01:07.256.fits. Requested 1. Found 0.
2018-08-31 13:12:12,705 WARN  [ASTSelectAssociateStatement] Could not find enough products of type MASTER_BIAS for /home/mmarcano/Documents/VIMOS/NGC6652/data/NGC6652B1/rawesodata/VIMOS.2003-06-04T05:39:52.286.fits. Requested 1. Found 0.
2018-08-31 13:12:12,708 WARN  [ASTSelectAssociateStatement] Could not find enough products of type IFU_IDS for /home/mmarcano/Documents/VIMOS/NGC6652/data/NGC6652B1/rawesodata/VIMOS.2003-06-04T05:39:52.286.fits. Requested 1. Found 0.
2018-08-31 13:12:12,710 WARN  [ASTSelectAssociateStatement] Could not find enough products of type IFU_TRACE for /home/mmarcano/Documents/VIMOS/NGC6652/data/NGC6652B1/rawesodata/VIMOS.2003-06-04T05:39:52.286.fits. Requested 1. Found 0.
2018-08-31 13:12:12,713 WARN  [ASTSelectAssociateStatement] Could not find enough products of type IFU_TRANSMISSION for /home/mmarcano/Documents/VIMOS/NGC6652/data/NGC6652B1/rawesodata/VIMOS.2003-06-04T05:39:52.286.fits. Requested 1. Found 0.
2018-08-31 13:12:12,716 WARN  [ASTSelectAssociateStatement] Could not find enough products of type IFU_SPECPHOT_TABLE for /home/mmarcano/Documents/VIMOS/NGC6652/data/NGC6652B1/rawesodata/VIMOS.2003-06-04T05:39:52.286.fits. Requested 1. Found 0.
2018-08-31 13:12:12,728 WARN  [ASTSelectAssociateStatement] Could not find enough products of type IFU_SPECPHOT_TABLE for /home/mmarcano/Documents/VIMOS/NGC6652/data/NGC6652B1/rawesodata/VIMOS.2003-06-04T05:39:22.788.fits. Requested 1. Found 0.
2018-08-31 13:12:12,741 WARN  [ASTSelectAssociateStatement] Could not find enough products of type IFU_SPECPHOT_TABLE for /home/mmarcano/Documents/VIMOS/NGC6652/data/NGC6652B1/rawesodata/VIMOS.2003-06-04T05:39:22.789.fits. Requested 1. Found 0.
2018-08-31 13:12:12,744 WARN  [ASTSelectAssociateStatement] Could not find enough products of type MASTER_BIAS for /home/mmarcano/Documents/VIMOS/NGC6652/data/NGC6652B1/rawesodata/VIMOS.2003-06-04T06:01:36.626.fits. Requested 1. Found 0.
2018-08-31 13:12:12,746 WARN  [ASTSelectAssociateStatement] Could not find enough products of type IFU_IDS for /home/mmarcano/Documents/VIMOS/NGC6652/data/NGC6652B1/rawesodata/VIMOS.2003-06-04T06:01:36.626.fits. Requested 1. Found 0.
2018-08-31 13:12:12,749 WARN  [ASTSelectAssociateStatement] Could not find enough products of type IFU_TRACE for /home/mmarcano/Documents/VIMOS/NGC6652/data/NGC6652B1/rawesodata/VIMOS.2003-06-04T06:01:36.626.fits. Requested 1. Found 0.
2018-08-31 13:12:12,751 WARN  [ASTSelectAssociateStatement] Could not find enough products of type IFU_TRANSMISSION for /home/mmarcano/Documents/VIMOS/NGC6652/data/NGC6652B1/rawesodata/VIMOS.2003-06-04T06:01:36.626.fits. Requested 1. Found 0.
2018-08-31 13:12:12,754 WARN  [ASTSelectAssociateStatement] Could not find enough products of type IFU_SPECPHOT_TABLE for /home/mmarcano/Documents/VIMOS/NGC6652/data/NGC6652B1/rawesodata/VIMOS.2003-06-04T06:01:36.626.fits. Requested 1. Found 0.
2018-08-31 13:12:12,768 WARN  [ASTSelectAssociateStatement] Could not find enough products of type IFU_SPECPHOT_TABLE for /home/mmarcano/Documents/VIMOS/NGC6652/data/NGC6652B1/rawesodata/VIMOS.2003-06-04T06:01:07.255.fits. Requested 1. Found 0.
2018-08-31 13:12:12,776 WARN  [Util] /home/mmarcano/Documents/VIMOS/NGC6652/data/NGC6652B1/rawesodata/vimos-3.2.3/cal/badpixel.6.tfits doesn't contain the CHECKSUM keyword
2018-08-31 13:12:12,776 WARN  [Util] /home/mmarcano/Documents/VIMOS/NGC6652/data/NGC6652B1/rawesodata/vimos-3.2.3/cal/badpixel.6.tfits doesn't contain the CHECKSUM keyword
2018-08-31 13:12:12,776 WARN  [Util] /home/mmarcano/Documents/VIMOS/NGC6652/data/NGC6652B1/rawesodata/vimos-3.2.3/cal/badpixel.6.tfits contains neither DATASUM nor DATAMD5 keyword
2018-08-31 13:12:12,815 WARN  [Util] /home/mmarcano/Documents/VIMOS/NGC6652/data/NGC6652B1/rawesodata/M.VIMOS.2008-06-17T18:11:23.749.fits doesn't contain the CHECKSUM keyword
2018-08-31 13:12:12,815 WARN  [Util] /home/mmarcano/Documents/VIMOS/NGC6652/data/NGC6652B1/rawesodata/M.VIMOS.2008-06-17T18:11:23.749.fits contains neither DATASUM nor DATAMD5 keyword
2018-08-31 13:12:12,818 WARN  [Util] /home/mmarcano/Documents/VIMOS/NGC6652/data/NGC6652B1/rawesodata/M.VIMOS.2008-06-17T18:16:06.327.fits doesn't contain the CHECKSUM keyword
2018-08-31 13:12:12,818 WARN  [Util] /home/mmarcano/Documents/VIMOS/NGC6652/data/NGC6652B1/rawesodata/M.VIMOS.2008-06-17T18:16:06.327.fits contains neither DATASUM nor DATAMD5 keyword
2018-08-31 13:12:12,821 WARN  [Util] /home/mmarcano/Documents/VIMOS/NGC6652/data/NGC6652B1/rawesodata/M.VIMOS.2008-06-17T18:12:53.176.fits doesn't contain the CHECKSUM keyword
2018-08-31 13:12:12,821 WARN  [Util] /home/mmarcano/Documents/VIMOS/NGC6652/data/NGC6652B1/rawesodata/M.VIMOS.2008-06-17T18:12:53.176.fits contains neither DATASUM nor DATAMD5 keyword
2018-08-31 13:12:12,822 ERROR [FileSystemDatasetCreator] Association VIMOS.2003-06-04T05:39:22.788 is incomplete, look at the OCA output on the console for more information
