This file contains any messages produced by compilers while
running configure, to aid debugging if configure makes a mistake.

It was created by ESO Recipe Execution Tool configure 3.13.1, which was
generated by GNU Autoconf 2.69.  Invocation command line was

  $ /home/mmarcano/Documents/VIMOS/NGC6652/esorex/vimos-kit-3.2.3/esorex-3.13.1/configure --prefix=/home/mmarcano/Documents/VIMOS/NGC6652/esorex --with-extra-includes=/home/mmarcano/Documents/VIMOS/NGC6652/esorex/include --with-extra-libs=/home/mmarcano/Documents/VIMOS/NGC6652/esorex/lib --with-extra-libs=/home/mmarcano/Documents/VIMOS/NGC6652/esorex/lib64 --with-extra-libs=/home/mmarcano/Documents/VIMOS/NGC6652/esorex/lib32

## --------- ##
## Platform. ##
## --------- ##

hostname = krieger.ttu.edu
uname -m = x86_64
uname -r = 2.6.32-696.13.2.el6.x86_64
uname -s = Linux
uname -v = #1 SMP Thu Oct 5 17:13:40 CDT 2017

/usr/bin/uname -p = unknown
/bin/uname -X     = unknown

/bin/arch              = x86_64
/usr/bin/arch -k       = unknown
/usr/convex/getsysinfo = unknown
/usr/bin/hostinfo      = unknown
/bin/machine           = unknown
/usr/bin/oslevel       = unknown
/bin/universe          = unknown

PATH: /home/mmarcano/anaconda3/bin
PATH: /home/mmarcano/anaconda3/bin
PATH: /usr/local/snid-5.0/bin
PATH: /usr/local/sched/bin/
PATH: /usr/lib64/qt-3.3/bin
PATH: /usr/local/MATLAB/R2013a/bin/
PATH: /usr/local/karma/bin
PATH: /usr/local/casutools/bin
PATH: /usr/local/casa-release-4.5.2-el6/
PATH: /usr/local/astrometry/bin
PATH: /usr/local/bin
PATH: /bin
PATH: /usr/bin
PATH: /usr/local/sbin
PATH: /usr/sbin
PATH: /sbin
PATH: /home/mmarcano22/Documents/Computer/Montage/bin
PATH: /home/mmarcano22/.gem/ruby/2.3.0/bin
PATH: /home/mmarcano22/Documents/Computer/Montage/bin
PATH: /home/mmarcano22/.gem/ruby/2.3.0/bin


## ----------- ##
## Core tests. ##
## ----------- ##

configure:2678: checking build system type
configure:2692: result: x86_64-unknown-linux-gnu
configure:2712: checking host system type
configure:2725: result: x86_64-unknown-linux-gnu
configure:2745: checking target system type
configure:2758: result: x86_64-unknown-linux-gnu
configure:2801: checking for a BSD-compatible install
configure:2869: result: /usr/bin/install -c
configure:2880: checking whether build environment is sane
configure:2935: result: yes
configure:3086: checking for a thread-safe mkdir -p
configure:3125: result: /bin/mkdir -p
configure:3132: checking for gawk
configure:3148: found /bin/gawk
configure:3159: result: gawk
configure:3170: checking whether make sets $(MAKE)
configure:3192: result: yes
configure:3221: checking whether make supports nested variables
configure:3238: result: yes
configure:3375: checking whether make supports nested variables
configure:3392: result: yes
configure:3405: checking whether to enable maintainer-specific portions of Makefiles
configure:3414: result: no
configure:3474: checking how to print strings
configure:3501: result: printf
configure:3534: checking for style of include used by make
configure:3562: result: GNU
configure:3633: checking for gcc
configure:3649: found /usr/bin/gcc
configure:3660: result: gcc
configure:3889: checking for C compiler version
configure:3898: gcc --version >&5
gcc (GCC) 4.4.7 20120313 (Red Hat 4.4.7-18)
Copyright (C) 2010 Free Software Foundation, Inc.
This is free software; see the source for copying conditions.  There is NO
warranty; not even for MERCHANTABILITY or FITNESS FOR A PARTICULAR PURPOSE.

configure:3909: $? = 0
configure:3898: gcc -v >&5
Using built-in specs.
Target: x86_64-redhat-linux
Configured with: ../configure --prefix=/usr --mandir=/usr/share/man --infodir=/usr/share/info --with-bugurl=http://bugzilla.redhat.com/bugzilla --enable-bootstrap --enable-shared --enable-threads=posix --enable-checking=release --with-system-zlib --enable-__cxa_atexit --disable-libunwind-exceptions --enable-gnu-unique-object --enable-languages=c,c++,objc,obj-c++,java,fortran,ada --enable-java-awt=gtk --disable-dssi --with-java-home=/usr/lib/jvm/java-1.5.0-gcj-1.5.0.0/jre --enable-libgcj-multifile --enable-java-maintainer-mode --with-ecj-jar=/usr/share/java/eclipse-ecj.jar --disable-libjava-multilib --with-ppl --with-cloog --with-tune=generic --with-arch_32=i686 --build=x86_64-redhat-linux
Thread model: posix
gcc version 4.4.7 20120313 (Red Hat 4.4.7-18) (GCC) 
configure:3909: $? = 0
configure:3898: gcc -V >&5
gcc: '-V' option must have argument
configure:3909: $? = 1
configure:3898: gcc -qversion >&5
gcc: unrecognized option '-qversion'
gcc: no input files
configure:3909: $? = 1
configure:3929: checking whether the C compiler works
configure:3951: gcc    conftest.c  >&5
configure:3955: $? = 0
configure:4003: result: yes
configure:4006: checking for C compiler default output file name
configure:4008: result: a.out
configure:4014: checking for suffix of executables
configure:4021: gcc -o conftest    conftest.c  >&5
configure:4025: $? = 0
configure:4047: result: 
configure:4069: checking whether we are cross compiling
configure:4077: gcc -o conftest    conftest.c  >&5
configure:4081: $? = 0
configure:4088: ./conftest
configure:4092: $? = 0
configure:4107: result: no
configure:4112: checking for suffix of object files
configure:4134: gcc -c   conftest.c >&5
configure:4138: $? = 0
configure:4159: result: o
configure:4163: checking whether we are using the GNU C compiler
configure:4182: gcc -c   conftest.c >&5
configure:4182: $? = 0
configure:4191: result: yes
configure:4200: checking whether gcc accepts -g
configure:4220: gcc -c -g  conftest.c >&5
configure:4220: $? = 0
configure:4261: result: yes
configure:4278: checking for gcc option to accept ISO C89
configure:4341: gcc  -c -g -O2  conftest.c >&5
configure:4341: $? = 0
configure:4354: result: none needed
configure:4379: checking whether gcc understands -c and -o together
configure:4401: gcc -c conftest.c -o conftest2.o
configure:4404: $? = 0
configure:4401: gcc -c conftest.c -o conftest2.o
configure:4404: $? = 0
configure:4416: result: yes
configure:4435: checking dependency style of gcc
configure:4546: result: gcc3
configure:4561: checking for a sed that does not truncate output
configure:4625: result: /bin/sed
configure:4643: checking for grep that handles long lines and -e
configure:4701: result: /bin/grep
configure:4706: checking for egrep
configure:4768: result: /bin/grep -E
configure:4773: checking for fgrep
configure:4835: result: /bin/grep -F
configure:4870: checking for ld used by gcc
configure:4937: result: /usr/bin/ld
configure:4944: checking if the linker (/usr/bin/ld) is GNU ld
configure:4959: result: yes
configure:4971: checking for BSD- or MS-compatible name lister (nm)
configure:5025: result: /usr/bin/nm -B
configure:5155: checking the name lister (/usr/bin/nm -B) interface
configure:5162: gcc -c -g -O2  conftest.c >&5
configure:5165: /usr/bin/nm -B "conftest.o"
configure:5168: output
0000000000000000 B some_variable
configure:5175: result: BSD nm
configure:5178: checking whether ln -s works
configure:5182: result: yes
configure:5190: checking the maximum length of command line arguments
configure:5321: result: 1966080
configure:5369: checking how to convert x86_64-unknown-linux-gnu file names to x86_64-unknown-linux-gnu format
configure:5409: result: func_convert_file_noop
configure:5416: checking how to convert x86_64-unknown-linux-gnu file names to toolchain format
configure:5436: result: func_convert_file_noop
configure:5443: checking for /usr/bin/ld option to reload object files
configure:5450: result: -r
configure:5524: checking for objdump
configure:5540: found /usr/bin/objdump
configure:5551: result: objdump
configure:5583: checking how to recognize dependent libraries
configure:5783: result: pass_all
configure:5868: checking for dlltool
configure:5898: result: no
configure:5928: checking how to associate runtime and link libraries
configure:5955: result: printf %s\n
configure:6016: checking for ar
configure:6032: found /usr/bin/ar
configure:6043: result: ar
configure:6080: checking for archiver @FILE support
configure:6097: gcc -c -g -O2  conftest.c >&5
configure:6097: $? = 0
configure:6100: ar cru libconftest.a @conftest.lst >&5
configure:6103: $? = 0
configure:6108: ar cru libconftest.a @conftest.lst >&5
ar: conftest.o: No such file or directory
configure:6111: $? = 1
configure:6123: result: @
configure:6181: checking for strip
configure:6197: found /usr/bin/strip
configure:6208: result: strip
configure:6280: checking for ranlib
configure:6296: found /usr/bin/ranlib
configure:6307: result: ranlib
configure:6409: checking command to parse /usr/bin/nm -B output from gcc object
configure:6562: gcc -c -g -O2  conftest.c >&5
configure:6565: $? = 0
configure:6569: /usr/bin/nm -B conftest.o \| sed -n -e 's/^.*[ ]\([ABCDGIRSTW][ABCDGIRSTW]*\)[ ][ ]*\([_A-Za-z][_A-Za-z0-9]*\)$/\1 \2 \2/p' | sed '/ __gnu_lto/d' \> conftest.nm
configure:6572: $? = 0
configure:6638: gcc -o conftest -g -O2   conftest.c conftstm.o >&5
configure:6641: $? = 0
configure:6679: result: ok
configure:6726: checking for sysroot
configure:6756: result: no
configure:6763: checking for a working dd
configure:6801: result: /bin/dd
configure:6805: checking how to truncate binary pipes
configure:6820: result: /bin/dd bs=4096 count=1
configure:6956: gcc -c -g -O2  conftest.c >&5
configure:6959: $? = 0
configure:7149: checking for mt
configure:7179: result: no
configure:7199: checking if : is a manifest tool
configure:7205: : '-?'
configure:7213: result: no
configure:7890: checking how to run the C preprocessor
configure:7921: gcc -E  conftest.c
configure:7921: $? = 0
configure:7935: gcc -E  conftest.c
conftest.c:11:28: error: ac_nonexistent.h: No such file or directory
configure:7935: $? = 1
configure: failed program was:
| /* confdefs.h */
| #define PACKAGE_NAME "ESO Recipe Execution Tool"
| #define PACKAGE_TARNAME "esorex"
| #define PACKAGE_VERSION "3.13.1"
| #define PACKAGE_STRING "ESO Recipe Execution Tool 3.13.1"
| #define PACKAGE_BUGREPORT "cpl-help@eso.org"
| #define PACKAGE_URL ""
| #define PACKAGE "esorex"
| #define VERSION "3.13.1"
| /* end confdefs.h.  */
| #include <ac_nonexistent.h>
configure:7960: result: gcc -E
configure:7980: gcc -E  conftest.c
configure:7980: $? = 0
configure:7994: gcc -E  conftest.c
conftest.c:11:28: error: ac_nonexistent.h: No such file or directory
configure:7994: $? = 1
configure: failed program was:
| /* confdefs.h */
| #define PACKAGE_NAME "ESO Recipe Execution Tool"
| #define PACKAGE_TARNAME "esorex"
| #define PACKAGE_VERSION "3.13.1"
| #define PACKAGE_STRING "ESO Recipe Execution Tool 3.13.1"
| #define PACKAGE_BUGREPORT "cpl-help@eso.org"
| #define PACKAGE_URL ""
| #define PACKAGE "esorex"
| #define VERSION "3.13.1"
| /* end confdefs.h.  */
| #include <ac_nonexistent.h>
configure:8023: checking for ANSI C header files
configure:8043: gcc -c -g -O2  conftest.c >&5
configure:8043: $? = 0
configure:8116: gcc -o conftest -g -O2   conftest.c  >&5
configure:8116: $? = 0
configure:8116: ./conftest
configure:8116: $? = 0
configure:8127: result: yes
configure:8140: checking for sys/types.h
configure:8140: gcc -c -g -O2  conftest.c >&5
configure:8140: $? = 0
configure:8140: result: yes
configure:8140: checking for sys/stat.h
configure:8140: gcc -c -g -O2  conftest.c >&5
configure:8140: $? = 0
configure:8140: result: yes
configure:8140: checking for stdlib.h
configure:8140: gcc -c -g -O2  conftest.c >&5
configure:8140: $? = 0
configure:8140: result: yes
configure:8140: checking for string.h
configure:8140: gcc -c -g -O2  conftest.c >&5
configure:8140: $? = 0
configure:8140: result: yes
configure:8140: checking for memory.h
configure:8140: gcc -c -g -O2  conftest.c >&5
configure:8140: $? = 0
configure:8140: result: yes
configure:8140: checking for strings.h
configure:8140: gcc -c -g -O2  conftest.c >&5
configure:8140: $? = 0
configure:8140: result: yes
configure:8140: checking for inttypes.h
configure:8140: gcc -c -g -O2  conftest.c >&5
configure:8140: $? = 0
configure:8140: result: yes
configure:8140: checking for stdint.h
configure:8140: gcc -c -g -O2  conftest.c >&5
configure:8140: $? = 0
configure:8140: result: yes
configure:8140: checking for unistd.h
configure:8140: gcc -c -g -O2  conftest.c >&5
configure:8140: $? = 0
configure:8140: result: yes
configure:8154: checking for dlfcn.h
configure:8154: gcc -c -g -O2  conftest.c >&5
configure:8154: $? = 0
configure:8154: result: yes
configure:8409: checking for objdir
configure:8424: result: .libs
configure:8688: checking if gcc supports -fno-rtti -fno-exceptions
configure:8706: gcc -c -g -O2  -fno-rtti -fno-exceptions conftest.c >&5
cc1: warning: command line option "-fno-rtti" is valid for C++/ObjC++ but not for C
configure:8710: $? = 0
configure:8723: result: no
configure:9081: checking for gcc option to produce PIC
configure:9088: result: -fPIC -DPIC
configure:9096: checking if gcc PIC flag -fPIC -DPIC works
configure:9114: gcc -c -g -O2  -fPIC -DPIC -DPIC conftest.c >&5
configure:9118: $? = 0
configure:9131: result: yes
configure:9160: checking if gcc static flag -static works
configure:9188: result: no
configure:9203: checking if gcc supports -c -o file.o
configure:9224: gcc -c -g -O2  -o out/conftest2.o conftest.c >&5
configure:9228: $? = 0
configure:9250: result: yes
configure:9258: checking if gcc supports -c -o file.o
configure:9305: result: yes
configure:9338: checking whether the gcc linker (/usr/bin/ld -m elf_x86_64) supports shared libraries
configure:10597: result: yes
configure:10634: checking whether -lc should be explicitly linked in
configure:10642: gcc -c -g -O2  conftest.c >&5
configure:10645: $? = 0
configure:10660: gcc -shared  -fPIC -DPIC conftest.o  -v -Wl,-soname -Wl,conftest -o conftest 2\>\&1 \| /bin/grep  -lc  \>/dev/null 2\>\&1
configure:10663: $? = 0
configure:10677: result: no
configure:10837: checking dynamic linker characteristics
configure:11418: gcc -o conftest -g -O2   -Wl,-rpath -Wl,/foo conftest.c  >&5
configure:11418: $? = 0
configure:11655: result: GNU/Linux ld.so
configure:11777: checking how to hardcode library paths into programs
configure:11802: result: immediate
configure:12350: checking whether stripping libraries is possible
configure:12355: result: yes
configure:12390: checking if libtool supports shared libraries
configure:12392: result: yes
configure:12395: checking whether to build shared libraries
configure:12420: result: yes
configure:12423: checking whether to build static libraries
configure:12427: result: no
configure:12466: checking what extension is used for runtime loadable modules
configure:12478: result: .so
configure:12502: checking what variable specifies run-time module search path
configure:12509: result: LD_LIBRARY_PATH
configure:12519: checking for the default library search path
configure:12526: result: /lib /usr/lib /usr/lib64/ast /usr/lib64/atlas /usr/lib64/ctapi /opt/rh/devtoolset-3/root/usr/lib64/dyninst /usr/lib64/mysql /usr/lib64/nx /usr/lib64/nx/X11 /usr/lib64/papi-4.1.3 /usr/lib64/papi-5.1.1/usr/lib /usr/lib64/qt-3.3/lib /usr/lib64/xulrunner /usr/local/lib /usr/local/lib64 
configure:12557: checking for library containing dlopen
configure:12588: gcc -o conftest -g -O2   conftest.c  >&5
/tmp/ccRvuRAC.o: In function `main':
/home/mmarcano/Documents/VIMOS/NGC6652/esorex/vimos-kit-3.2.3/esorex-3.13.1/conftest.c:37: undefined reference to `dlopen'
collect2: ld returned 1 exit status
configure:12588: $? = 1
configure: failed program was:
| /* confdefs.h */
| #define PACKAGE_NAME "ESO Recipe Execution Tool"
| #define PACKAGE_TARNAME "esorex"
| #define PACKAGE_VERSION "3.13.1"
| #define PACKAGE_STRING "ESO Recipe Execution Tool 3.13.1"
| #define PACKAGE_BUGREPORT "cpl-help@eso.org"
| #define PACKAGE_URL ""
| #define PACKAGE "esorex"
| #define VERSION "3.13.1"
| #define STDC_HEADERS 1
| #define HAVE_SYS_TYPES_H 1
| #define HAVE_SYS_STAT_H 1
| #define HAVE_STDLIB_H 1
| #define HAVE_STRING_H 1
| #define HAVE_MEMORY_H 1
| #define HAVE_STRINGS_H 1
| #define HAVE_INTTYPES_H 1
| #define HAVE_STDINT_H 1
| #define HAVE_UNISTD_H 1
| #define HAVE_DLFCN_H 1
| #define LT_OBJDIR ".libs/"
| #define LT_MODULE_EXT ".so"
| #define LT_MODULE_PATH_VAR "LD_LIBRARY_PATH"
| #define LT_DLSEARCH_PATH "/lib:/usr/lib:/usr/lib64/ast:/usr/lib64/atlas:/usr/lib64/ctapi:/opt/rh/devtoolset-3/root/usr/lib64/dyninst:/usr/lib64/mysql:/usr/lib64/nx:/usr/lib64/nx/X11:/usr/lib64/papi-4.1.3:/usr/lib64/papi-5.1.1/usr/lib:/usr/lib64/qt-3.3/lib:/usr/lib64/xulrunner:/usr/local/lib:/usr/local/lib64"
| /* end confdefs.h.  */
| 
| /* Override any GCC internal prototype to avoid an error.
|    Use char because int might match the return type of a GCC
|    builtin and then its argument prototype would still apply.  */
| #ifdef __cplusplus
| extern "C"
| #endif
| char dlopen ();
| int
| main ()
| {
| return dlopen ();
|   ;
|   return 0;
| }
configure:12588: gcc -o conftest -g -O2   conftest.c -ldl   >&5
configure:12588: $? = 0
configure:12605: result: -ldl
configure:12695: checking for dlerror
configure:12695: gcc -o conftest -g -O2   conftest.c -ldl  -ldl >&5
configure:12695: $? = 0
configure:12695: result: yes
configure:12709: checking for shl_load
configure:12709: gcc -o conftest -g -O2   conftest.c -ldl  >&5
/tmp/ccPoLOgJ.o: In function `main':
/home/mmarcano/Documents/VIMOS/NGC6652/esorex/vimos-kit-3.2.3/esorex-3.13.1/conftest.c:62: undefined reference to `shl_load'
collect2: ld returned 1 exit status
configure:12709: $? = 1
configure: failed program was:
| /* confdefs.h */
| #define PACKAGE_NAME "ESO Recipe Execution Tool"
| #define PACKAGE_TARNAME "esorex"
| #define PACKAGE_VERSION "3.13.1"
| #define PACKAGE_STRING "ESO Recipe Execution Tool 3.13.1"
| #define PACKAGE_BUGREPORT "cpl-help@eso.org"
| #define PACKAGE_URL ""
| #define PACKAGE "esorex"
| #define VERSION "3.13.1"
| #define STDC_HEADERS 1
| #define HAVE_SYS_TYPES_H 1
| #define HAVE_SYS_STAT_H 1
| #define HAVE_STDLIB_H 1
| #define HAVE_STRING_H 1
| #define HAVE_MEMORY_H 1
| #define HAVE_STRINGS_H 1
| #define HAVE_INTTYPES_H 1
| #define HAVE_STDINT_H 1
| #define HAVE_UNISTD_H 1
| #define HAVE_DLFCN_H 1
| #define LT_OBJDIR ".libs/"
| #define LT_MODULE_EXT ".so"
| #define LT_MODULE_PATH_VAR "LD_LIBRARY_PATH"
| #define LT_DLSEARCH_PATH "/lib:/usr/lib:/usr/lib64/ast:/usr/lib64/atlas:/usr/lib64/ctapi:/opt/rh/devtoolset-3/root/usr/lib64/dyninst:/usr/lib64/mysql:/usr/lib64/nx:/usr/lib64/nx/X11:/usr/lib64/papi-4.1.3:/usr/lib64/papi-5.1.1/usr/lib:/usr/lib64/qt-3.3/lib:/usr/lib64/xulrunner:/usr/local/lib:/usr/local/lib64"
| #define HAVE_LIBDL 1
| #define HAVE_DLERROR 1
| /* end confdefs.h.  */
| /* Define shl_load to an innocuous variant, in case <limits.h> declares shl_load.
|    For example, HP-UX 11i <limits.h> declares gettimeofday.  */
| #define shl_load innocuous_shl_load
| 
| /* System header to define __stub macros and hopefully few prototypes,
|     which can conflict with char shl_load (); below.
|     Prefer <limits.h> to <assert.h> if __STDC__ is defined, since
|     <limits.h> exists even on freestanding compilers.  */
| 
| #ifdef __STDC__
| # include <limits.h>
| #else
| # include <assert.h>
| #endif
| 
| #undef shl_load
| 
| /* Override any GCC internal prototype to avoid an error.
|    Use char because int might match the return type of a GCC
|    builtin and then its argument prototype would still apply.  */
| #ifdef __cplusplus
| extern "C"
| #endif
| char shl_load ();
| /* The GNU C library defines this for functions which it implements
|     to always fail with ENOSYS.  Some functions are actually named
|     something starting with __ and the normal name is an alias.  */
| #if defined __stub_shl_load || defined __stub___shl_load
| choke me
| #endif
| 
| int
| main ()
| {
| return shl_load ();
|   ;
|   return 0;
| }
configure:12709: result: no
configure:12716: checking for shl_load in -ldld
configure:12741: gcc -o conftest -g -O2   conftest.c -ldld  -ldl  >&5
/usr/bin/ld: cannot find -ldld
collect2: ld returned 1 exit status
configure:12741: $? = 1
configure: failed program was:
| /* confdefs.h */
| #define PACKAGE_NAME "ESO Recipe Execution Tool"
| #define PACKAGE_TARNAME "esorex"
| #define PACKAGE_VERSION "3.13.1"
| #define PACKAGE_STRING "ESO Recipe Execution Tool 3.13.1"
| #define PACKAGE_BUGREPORT "cpl-help@eso.org"
| #define PACKAGE_URL ""
| #define PACKAGE "esorex"
| #define VERSION "3.13.1"
| #define STDC_HEADERS 1
| #define HAVE_SYS_TYPES_H 1
| #define HAVE_SYS_STAT_H 1
| #define HAVE_STDLIB_H 1
| #define HAVE_STRING_H 1
| #define HAVE_MEMORY_H 1
| #define HAVE_STRINGS_H 1
| #define HAVE_INTTYPES_H 1
| #define HAVE_STDINT_H 1
| #define HAVE_UNISTD_H 1
| #define HAVE_DLFCN_H 1
| #define LT_OBJDIR ".libs/"
| #define LT_MODULE_EXT ".so"
| #define LT_MODULE_PATH_VAR "LD_LIBRARY_PATH"
| #define LT_DLSEARCH_PATH "/lib:/usr/lib:/usr/lib64/ast:/usr/lib64/atlas:/usr/lib64/ctapi:/opt/rh/devtoolset-3/root/usr/lib64/dyninst:/usr/lib64/mysql:/usr/lib64/nx:/usr/lib64/nx/X11:/usr/lib64/papi-4.1.3:/usr/lib64/papi-5.1.1/usr/lib:/usr/lib64/qt-3.3/lib:/usr/lib64/xulrunner:/usr/local/lib:/usr/local/lib64"
| #define HAVE_LIBDL 1
| #define HAVE_DLERROR 1
| /* end confdefs.h.  */
| 
| /* Override any GCC internal prototype to avoid an error.
|    Use char because int might match the return type of a GCC
|    builtin and then its argument prototype would still apply.  */
| #ifdef __cplusplus
| extern "C"
| #endif
| char shl_load ();
| int
| main ()
| {
| return shl_load ();
|   ;
|   return 0;
| }
configure:12750: result: no
configure:12796: checking for dld_link in -ldld
configure:12821: gcc -o conftest -g -O2   conftest.c -ldld  -ldl  >&5
/usr/bin/ld: cannot find -ldld
collect2: ld returned 1 exit status
configure:12821: $? = 1
configure: failed program was:
| /* confdefs.h */
| #define PACKAGE_NAME "ESO Recipe Execution Tool"
| #define PACKAGE_TARNAME "esorex"
| #define PACKAGE_VERSION "3.13.1"
| #define PACKAGE_STRING "ESO Recipe Execution Tool 3.13.1"
| #define PACKAGE_BUGREPORT "cpl-help@eso.org"
| #define PACKAGE_URL ""
| #define PACKAGE "esorex"
| #define VERSION "3.13.1"
| #define STDC_HEADERS 1
| #define HAVE_SYS_TYPES_H 1
| #define HAVE_SYS_STAT_H 1
| #define HAVE_STDLIB_H 1
| #define HAVE_STRING_H 1
| #define HAVE_MEMORY_H 1
| #define HAVE_STRINGS_H 1
| #define HAVE_INTTYPES_H 1
| #define HAVE_STDINT_H 1
| #define HAVE_UNISTD_H 1
| #define HAVE_DLFCN_H 1
| #define LT_OBJDIR ".libs/"
| #define LT_MODULE_EXT ".so"
| #define LT_MODULE_PATH_VAR "LD_LIBRARY_PATH"
| #define LT_DLSEARCH_PATH "/lib:/usr/lib:/usr/lib64/ast:/usr/lib64/atlas:/usr/lib64/ctapi:/opt/rh/devtoolset-3/root/usr/lib64/dyninst:/usr/lib64/mysql:/usr/lib64/nx:/usr/lib64/nx/X11:/usr/lib64/papi-4.1.3:/usr/lib64/papi-5.1.1/usr/lib:/usr/lib64/qt-3.3/lib:/usr/lib64/xulrunner:/usr/local/lib:/usr/local/lib64"
| #define HAVE_LIBDL 1
| #define HAVE_DLERROR 1
| /* end confdefs.h.  */
| 
| /* Override any GCC internal prototype to avoid an error.
|    Use char because int might match the return type of a GCC
|    builtin and then its argument prototype would still apply.  */
| #ifdef __cplusplus
| extern "C"
| #endif
| char dld_link ();
| int
| main ()
| {
| return dld_link ();
|   ;
|   return 0;
| }
configure:12830: result: no
configure:12865: checking for _ prefix in compiled symbols
configure:12875: gcc -c -g -O2  conftest.c >&5
configure:12878: $? = 0
configure:12882: /usr/bin/nm -B conftest.o \| sed -n -e 's/^.*[	 ]\([ABCDGIRSTW][ABCDGIRSTW]*\)[	 ][	 ]*\([_A-Za-z][_A-Za-z0-9]*\)$/\1 \2 \2/p' | sed '/ __gnu_lto/d' \> conftest.nm
configure:12885: $? = 0
configure:12907: result: no
configure:13024: checking whether deplibs are loaded by dlopen
configure:13121: result: yes
configure:13132: checking for argz.h
configure:13132: gcc -c -g -O2  conftest.c >&5
configure:13132: $? = 0
configure:13132: result: yes
configure:13144: checking for error_t
configure:13144: gcc -c -g -O2  conftest.c >&5
configure:13144: $? = 0
configure:13144: gcc -c -g -O2  conftest.c >&5
conftest.c: In function 'main':
conftest.c:37: error: expected expression before ')' token
configure:13144: $? = 1
configure: failed program was:
| /* confdefs.h */
| #define PACKAGE_NAME "ESO Recipe Execution Tool"
| #define PACKAGE_TARNAME "esorex"
| #define PACKAGE_VERSION "3.13.1"
| #define PACKAGE_STRING "ESO Recipe Execution Tool 3.13.1"
| #define PACKAGE_BUGREPORT "cpl-help@eso.org"
| #define PACKAGE_URL ""
| #define PACKAGE "esorex"
| #define VERSION "3.13.1"
| #define STDC_HEADERS 1
| #define HAVE_SYS_TYPES_H 1
| #define HAVE_SYS_STAT_H 1
| #define HAVE_STDLIB_H 1
| #define HAVE_STRING_H 1
| #define HAVE_MEMORY_H 1
| #define HAVE_STRINGS_H 1
| #define HAVE_INTTYPES_H 1
| #define HAVE_STDINT_H 1
| #define HAVE_UNISTD_H 1
| #define HAVE_DLFCN_H 1
| #define LT_OBJDIR ".libs/"
| #define LT_MODULE_EXT ".so"
| #define LT_MODULE_PATH_VAR "LD_LIBRARY_PATH"
| #define LT_DLSEARCH_PATH "/lib:/usr/lib:/usr/lib64/ast:/usr/lib64/atlas:/usr/lib64/ctapi:/opt/rh/devtoolset-3/root/usr/lib64/dyninst:/usr/lib64/mysql:/usr/lib64/nx:/usr/lib64/nx/X11:/usr/lib64/papi-4.1.3:/usr/lib64/papi-5.1.1/usr/lib:/usr/lib64/qt-3.3/lib:/usr/lib64/xulrunner:/usr/local/lib:/usr/local/lib64"
| #define HAVE_LIBDL 1
| #define HAVE_DLERROR 1
| #define HAVE_LIBDLLOADER 1
| #define HAVE_ARGZ_H 1
| /* end confdefs.h.  */
| #if defined(HAVE_ARGZ_H)
| #  include <argz.h>
| #endif
| 
| int
| main ()
| {
| if (sizeof ((error_t)))
| 	    return 0;
|   ;
|   return 0;
| }
configure:13144: result: yes
configure:13170: checking for argz_add
configure:13170: gcc -o conftest -g -O2   conftest.c  >&5
configure:13170: $? = 0
configure:13170: result: yes
configure:13170: checking for argz_append
configure:13170: gcc -o conftest -g -O2   conftest.c  >&5
configure:13170: $? = 0
configure:13170: result: yes
configure:13170: checking for argz_count
configure:13170: gcc -o conftest -g -O2   conftest.c  >&5
configure:13170: $? = 0
configure:13170: result: yes
configure:13170: checking for argz_create_sep
configure:13170: gcc -o conftest -g -O2   conftest.c  >&5
configure:13170: $? = 0
configure:13170: result: yes
configure:13170: checking for argz_insert
configure:13170: gcc -o conftest -g -O2   conftest.c  >&5
configure:13170: $? = 0
configure:13170: result: yes
configure:13170: checking for argz_next
configure:13170: gcc -o conftest -g -O2   conftest.c  >&5
configure:13170: $? = 0
configure:13170: result: yes
configure:13170: checking for argz_stringify
configure:13170: gcc -o conftest -g -O2   conftest.c  >&5
configure:13170: $? = 0
configure:13170: result: yes
configure:13186: checking if argz actually works
configure:13217: result: yes
configure:13234: checking whether libtool supports -dlopen/-dlpreopen
configure:13246: result: yes
configure:13277: checking for ltdl.h
configure:13277: gcc -c -g -O2  conftest.c >&5
conftest.c:75:18: error: ltdl.h: No such file or directory
configure:13277: $? = 1
configure: failed program was:
| /* confdefs.h */
| #define PACKAGE_NAME "ESO Recipe Execution Tool"
| #define PACKAGE_TARNAME "esorex"
| #define PACKAGE_VERSION "3.13.1"
| #define PACKAGE_STRING "ESO Recipe Execution Tool 3.13.1"
| #define PACKAGE_BUGREPORT "cpl-help@eso.org"
| #define PACKAGE_URL ""
| #define PACKAGE "esorex"
| #define VERSION "3.13.1"
| #define STDC_HEADERS 1
| #define HAVE_SYS_TYPES_H 1
| #define HAVE_SYS_STAT_H 1
| #define HAVE_STDLIB_H 1
| #define HAVE_STRING_H 1
| #define HAVE_MEMORY_H 1
| #define HAVE_STRINGS_H 1
| #define HAVE_INTTYPES_H 1
| #define HAVE_STDINT_H 1
| #define HAVE_UNISTD_H 1
| #define HAVE_DLFCN_H 1
| #define LT_OBJDIR ".libs/"
| #define LT_MODULE_EXT ".so"
| #define LT_MODULE_PATH_VAR "LD_LIBRARY_PATH"
| #define LT_DLSEARCH_PATH "/lib:/usr/lib:/usr/lib64/ast:/usr/lib64/atlas:/usr/lib64/ctapi:/opt/rh/devtoolset-3/root/usr/lib64/dyninst:/usr/lib64/mysql:/usr/lib64/nx:/usr/lib64/nx/X11:/usr/lib64/papi-4.1.3:/usr/lib64/papi-5.1.1/usr/lib:/usr/lib64/qt-3.3/lib:/usr/lib64/xulrunner:/usr/local/lib:/usr/local/lib64"
| #define HAVE_LIBDL 1
| #define HAVE_DLERROR 1
| #define HAVE_LIBDLLOADER 1
| #define HAVE_ARGZ_H 1
| #define HAVE_ERROR_T 1
| #define HAVE_ARGZ_ADD 1
| #define HAVE_ARGZ_APPEND 1
| #define HAVE_ARGZ_COUNT 1
| #define HAVE_ARGZ_CREATE_SEP 1
| #define HAVE_ARGZ_INSERT 1
| #define HAVE_ARGZ_NEXT 1
| #define HAVE_ARGZ_STRINGIFY 1
| #define HAVE_WORKING_ARGZ 1
| #define HAVE_PRELOADED_SYMBOLS 1
| /* end confdefs.h.  */
| #include <stdio.h>
| #ifdef HAVE_SYS_TYPES_H
| # include <sys/types.h>
| #endif
| #ifdef HAVE_SYS_STAT_H
| # include <sys/stat.h>
| #endif
| #ifdef STDC_HEADERS
| # include <stdlib.h>
| # include <stddef.h>
| #else
| # ifdef HAVE_STDLIB_H
| #  include <stdlib.h>
| # endif
| #endif
| #ifdef HAVE_STRING_H
| # if !defined STDC_HEADERS && defined HAVE_MEMORY_H
| #  include <memory.h>
| # endif
| # include <string.h>
| #endif
| #ifdef HAVE_STRINGS_H
| # include <strings.h>
| #endif
| #ifdef HAVE_INTTYPES_H
| # include <inttypes.h>
| #endif
| #ifdef HAVE_STDINT_H
| # include <stdint.h>
| #endif
| #ifdef HAVE_UNISTD_H
| # include <unistd.h>
| #endif
| 
| 
| #include <ltdl.h>
configure:13277: result: no
configure:13414: checking where to find libltdl headers
configure:13416: result: -I$(top_srcdir)/libltdl
configure:13418: checking where to find libltdl library
configure:13420: result: $(top_build_prefix)libltdl/libltdlc.la
configure:13470: checking for unistd.h
configure:13470: result: yes
configure:13470: checking for dl.h
configure:13470: gcc -c -g -O2  conftest.c >&5
conftest.c:75:16: error: dl.h: No such file or directory
configure:13470: $? = 1
configure: failed program was:
| /* confdefs.h */
| #define PACKAGE_NAME "ESO Recipe Execution Tool"
| #define PACKAGE_TARNAME "esorex"
| #define PACKAGE_VERSION "3.13.1"
| #define PACKAGE_STRING "ESO Recipe Execution Tool 3.13.1"
| #define PACKAGE_BUGREPORT "cpl-help@eso.org"
| #define PACKAGE_URL ""
| #define PACKAGE "esorex"
| #define VERSION "3.13.1"
| #define STDC_HEADERS 1
| #define HAVE_SYS_TYPES_H 1
| #define HAVE_SYS_STAT_H 1
| #define HAVE_STDLIB_H 1
| #define HAVE_STRING_H 1
| #define HAVE_MEMORY_H 1
| #define HAVE_STRINGS_H 1
| #define HAVE_INTTYPES_H 1
| #define HAVE_STDINT_H 1
| #define HAVE_UNISTD_H 1
| #define HAVE_DLFCN_H 1
| #define LT_OBJDIR ".libs/"
| #define LT_MODULE_EXT ".so"
| #define LT_MODULE_PATH_VAR "LD_LIBRARY_PATH"
| #define LT_DLSEARCH_PATH "/lib:/usr/lib:/usr/lib64/ast:/usr/lib64/atlas:/usr/lib64/ctapi:/opt/rh/devtoolset-3/root/usr/lib64/dyninst:/usr/lib64/mysql:/usr/lib64/nx:/usr/lib64/nx/X11:/usr/lib64/papi-4.1.3:/usr/lib64/papi-5.1.1/usr/lib:/usr/lib64/qt-3.3/lib:/usr/lib64/xulrunner:/usr/local/lib:/usr/local/lib64"
| #define HAVE_LIBDL 1
| #define HAVE_DLERROR 1
| #define HAVE_LIBDLLOADER 1
| #define HAVE_ARGZ_H 1
| #define HAVE_ERROR_T 1
| #define HAVE_ARGZ_ADD 1
| #define HAVE_ARGZ_APPEND 1
| #define HAVE_ARGZ_COUNT 1
| #define HAVE_ARGZ_CREATE_SEP 1
| #define HAVE_ARGZ_INSERT 1
| #define HAVE_ARGZ_NEXT 1
| #define HAVE_ARGZ_STRINGIFY 1
| #define HAVE_WORKING_ARGZ 1
| #define HAVE_PRELOADED_SYMBOLS 1
| #define HAVE_UNISTD_H 1
| /* end confdefs.h.  */
| #include <stdio.h>
| #ifdef HAVE_SYS_TYPES_H
| # include <sys/types.h>
| #endif
| #ifdef HAVE_SYS_STAT_H
| # include <sys/stat.h>
| #endif
| #ifdef STDC_HEADERS
| # include <stdlib.h>
| # include <stddef.h>
| #else
| # ifdef HAVE_STDLIB_H
| #  include <stdlib.h>
| # endif
| #endif
| #ifdef HAVE_STRING_H
| # if !defined STDC_HEADERS && defined HAVE_MEMORY_H
| #  include <memory.h>
| # endif
| # include <string.h>
| #endif
| #ifdef HAVE_STRINGS_H
| # include <strings.h>
| #endif
| #ifdef HAVE_INTTYPES_H
| # include <inttypes.h>
| #endif
| #ifdef HAVE_STDINT_H
| # include <stdint.h>
| #endif
| #ifdef HAVE_UNISTD_H
| # include <unistd.h>
| #endif
| 
| #include <dl.h>
configure:13470: result: no
configure:13470: checking for sys/dl.h
configure:13470: gcc -c -g -O2  conftest.c >&5
conftest.c:75:20: error: sys/dl.h: No such file or directory
configure:13470: $? = 1
configure: failed program was:
| /* confdefs.h */
| #define PACKAGE_NAME "ESO Recipe Execution Tool"
| #define PACKAGE_TARNAME "esorex"
| #define PACKAGE_VERSION "3.13.1"
| #define PACKAGE_STRING "ESO Recipe Execution Tool 3.13.1"
| #define PACKAGE_BUGREPORT "cpl-help@eso.org"
| #define PACKAGE_URL ""
| #define PACKAGE "esorex"
| #define VERSION "3.13.1"
| #define STDC_HEADERS 1
| #define HAVE_SYS_TYPES_H 1
| #define HAVE_SYS_STAT_H 1
| #define HAVE_STDLIB_H 1
| #define HAVE_STRING_H 1
| #define HAVE_MEMORY_H 1
| #define HAVE_STRINGS_H 1
| #define HAVE_INTTYPES_H 1
| #define HAVE_STDINT_H 1
| #define HAVE_UNISTD_H 1
| #define HAVE_DLFCN_H 1
| #define LT_OBJDIR ".libs/"
| #define LT_MODULE_EXT ".so"
| #define LT_MODULE_PATH_VAR "LD_LIBRARY_PATH"
| #define LT_DLSEARCH_PATH "/lib:/usr/lib:/usr/lib64/ast:/usr/lib64/atlas:/usr/lib64/ctapi:/opt/rh/devtoolset-3/root/usr/lib64/dyninst:/usr/lib64/mysql:/usr/lib64/nx:/usr/lib64/nx/X11:/usr/lib64/papi-4.1.3:/usr/lib64/papi-5.1.1/usr/lib:/usr/lib64/qt-3.3/lib:/usr/lib64/xulrunner:/usr/local/lib:/usr/local/lib64"
| #define HAVE_LIBDL 1
| #define HAVE_DLERROR 1
| #define HAVE_LIBDLLOADER 1
| #define HAVE_ARGZ_H 1
| #define HAVE_ERROR_T 1
| #define HAVE_ARGZ_ADD 1
| #define HAVE_ARGZ_APPEND 1
| #define HAVE_ARGZ_COUNT 1
| #define HAVE_ARGZ_CREATE_SEP 1
| #define HAVE_ARGZ_INSERT 1
| #define HAVE_ARGZ_NEXT 1
| #define HAVE_ARGZ_STRINGIFY 1
| #define HAVE_WORKING_ARGZ 1
| #define HAVE_PRELOADED_SYMBOLS 1
| #define HAVE_UNISTD_H 1
| /* end confdefs.h.  */
| #include <stdio.h>
| #ifdef HAVE_SYS_TYPES_H
| # include <sys/types.h>
| #endif
| #ifdef HAVE_SYS_STAT_H
| # include <sys/stat.h>
| #endif
| #ifdef STDC_HEADERS
| # include <stdlib.h>
| # include <stddef.h>
| #else
| # ifdef HAVE_STDLIB_H
| #  include <stdlib.h>
| # endif
| #endif
| #ifdef HAVE_STRING_H
| # if !defined STDC_HEADERS && defined HAVE_MEMORY_H
| #  include <memory.h>
| # endif
| # include <string.h>
| #endif
| #ifdef HAVE_STRINGS_H
| # include <strings.h>
| #endif
| #ifdef HAVE_INTTYPES_H
| # include <inttypes.h>
| #endif
| #ifdef HAVE_STDINT_H
| # include <stdint.h>
| #endif
| #ifdef HAVE_UNISTD_H
| # include <unistd.h>
| #endif
| 
| #include <sys/dl.h>
configure:13470: result: no
configure:13470: checking for dld.h
configure:13470: gcc -c -g -O2  conftest.c >&5
conftest.c:75:17: error: dld.h: No such file or directory
configure:13470: $? = 1
configure: failed program was:
| /* confdefs.h */
| #define PACKAGE_NAME "ESO Recipe Execution Tool"
| #define PACKAGE_TARNAME "esorex"
| #define PACKAGE_VERSION "3.13.1"
| #define PACKAGE_STRING "ESO Recipe Execution Tool 3.13.1"
| #define PACKAGE_BUGREPORT "cpl-help@eso.org"
| #define PACKAGE_URL ""
| #define PACKAGE "esorex"
| #define VERSION "3.13.1"
| #define STDC_HEADERS 1
| #define HAVE_SYS_TYPES_H 1
| #define HAVE_SYS_STAT_H 1
| #define HAVE_STDLIB_H 1
| #define HAVE_STRING_H 1
| #define HAVE_MEMORY_H 1
| #define HAVE_STRINGS_H 1
| #define HAVE_INTTYPES_H 1
| #define HAVE_STDINT_H 1
| #define HAVE_UNISTD_H 1
| #define HAVE_DLFCN_H 1
| #define LT_OBJDIR ".libs/"
| #define LT_MODULE_EXT ".so"
| #define LT_MODULE_PATH_VAR "LD_LIBRARY_PATH"
| #define LT_DLSEARCH_PATH "/lib:/usr/lib:/usr/lib64/ast:/usr/lib64/atlas:/usr/lib64/ctapi:/opt/rh/devtoolset-3/root/usr/lib64/dyninst:/usr/lib64/mysql:/usr/lib64/nx:/usr/lib64/nx/X11:/usr/lib64/papi-4.1.3:/usr/lib64/papi-5.1.1/usr/lib:/usr/lib64/qt-3.3/lib:/usr/lib64/xulrunner:/usr/local/lib:/usr/local/lib64"
| #define HAVE_LIBDL 1
| #define HAVE_DLERROR 1
| #define HAVE_LIBDLLOADER 1
| #define HAVE_ARGZ_H 1
| #define HAVE_ERROR_T 1
| #define HAVE_ARGZ_ADD 1
| #define HAVE_ARGZ_APPEND 1
| #define HAVE_ARGZ_COUNT 1
| #define HAVE_ARGZ_CREATE_SEP 1
| #define HAVE_ARGZ_INSERT 1
| #define HAVE_ARGZ_NEXT 1
| #define HAVE_ARGZ_STRINGIFY 1
| #define HAVE_WORKING_ARGZ 1
| #define HAVE_PRELOADED_SYMBOLS 1
| #define HAVE_UNISTD_H 1
| /* end confdefs.h.  */
| #include <stdio.h>
| #ifdef HAVE_SYS_TYPES_H
| # include <sys/types.h>
| #endif
| #ifdef HAVE_SYS_STAT_H
| # include <sys/stat.h>
| #endif
| #ifdef STDC_HEADERS
| # include <stdlib.h>
| # include <stddef.h>
| #else
| # ifdef HAVE_STDLIB_H
| #  include <stdlib.h>
| # endif
| #endif
| #ifdef HAVE_STRING_H
| # if !defined STDC_HEADERS && defined HAVE_MEMORY_H
| #  include <memory.h>
| # endif
| # include <string.h>
| #endif
| #ifdef HAVE_STRINGS_H
| # include <strings.h>
| #endif
| #ifdef HAVE_INTTYPES_H
| # include <inttypes.h>
| #endif
| #ifdef HAVE_STDINT_H
| # include <stdint.h>
| #endif
| #ifdef HAVE_UNISTD_H
| # include <unistd.h>
| #endif
| 
| #include <dld.h>
configure:13470: result: no
configure:13470: checking for mach-o/dyld.h
configure:13470: gcc -c -g -O2  conftest.c >&5
conftest.c:75:25: error: mach-o/dyld.h: No such file or directory
configure:13470: $? = 1
configure: failed program was:
| /* confdefs.h */
| #define PACKAGE_NAME "ESO Recipe Execution Tool"
| #define PACKAGE_TARNAME "esorex"
| #define PACKAGE_VERSION "3.13.1"
| #define PACKAGE_STRING "ESO Recipe Execution Tool 3.13.1"
| #define PACKAGE_BUGREPORT "cpl-help@eso.org"
| #define PACKAGE_URL ""
| #define PACKAGE "esorex"
| #define VERSION "3.13.1"
| #define STDC_HEADERS 1
| #define HAVE_SYS_TYPES_H 1
| #define HAVE_SYS_STAT_H 1
| #define HAVE_STDLIB_H 1
| #define HAVE_STRING_H 1
| #define HAVE_MEMORY_H 1
| #define HAVE_STRINGS_H 1
| #define HAVE_INTTYPES_H 1
| #define HAVE_STDINT_H 1
| #define HAVE_UNISTD_H 1
| #define HAVE_DLFCN_H 1
| #define LT_OBJDIR ".libs/"
| #define LT_MODULE_EXT ".so"
| #define LT_MODULE_PATH_VAR "LD_LIBRARY_PATH"
| #define LT_DLSEARCH_PATH "/lib:/usr/lib:/usr/lib64/ast:/usr/lib64/atlas:/usr/lib64/ctapi:/opt/rh/devtoolset-3/root/usr/lib64/dyninst:/usr/lib64/mysql:/usr/lib64/nx:/usr/lib64/nx/X11:/usr/lib64/papi-4.1.3:/usr/lib64/papi-5.1.1/usr/lib:/usr/lib64/qt-3.3/lib:/usr/lib64/xulrunner:/usr/local/lib:/usr/local/lib64"
| #define HAVE_LIBDL 1
| #define HAVE_DLERROR 1
| #define HAVE_LIBDLLOADER 1
| #define HAVE_ARGZ_H 1
| #define HAVE_ERROR_T 1
| #define HAVE_ARGZ_ADD 1
| #define HAVE_ARGZ_APPEND 1
| #define HAVE_ARGZ_COUNT 1
| #define HAVE_ARGZ_CREATE_SEP 1
| #define HAVE_ARGZ_INSERT 1
| #define HAVE_ARGZ_NEXT 1
| #define HAVE_ARGZ_STRINGIFY 1
| #define HAVE_WORKING_ARGZ 1
| #define HAVE_PRELOADED_SYMBOLS 1
| #define HAVE_UNISTD_H 1
| /* end confdefs.h.  */
| #include <stdio.h>
| #ifdef HAVE_SYS_TYPES_H
| # include <sys/types.h>
| #endif
| #ifdef HAVE_SYS_STAT_H
| # include <sys/stat.h>
| #endif
| #ifdef STDC_HEADERS
| # include <stdlib.h>
| # include <stddef.h>
| #else
| # ifdef HAVE_STDLIB_H
| #  include <stdlib.h>
| # endif
| #endif
| #ifdef HAVE_STRING_H
| # if !defined STDC_HEADERS && defined HAVE_MEMORY_H
| #  include <memory.h>
| # endif
| # include <string.h>
| #endif
| #ifdef HAVE_STRINGS_H
| # include <strings.h>
| #endif
| #ifdef HAVE_INTTYPES_H
| # include <inttypes.h>
| #endif
| #ifdef HAVE_STDINT_H
| # include <stdint.h>
| #endif
| #ifdef HAVE_UNISTD_H
| # include <unistd.h>
| #endif
| 
| #include <mach-o/dyld.h>
configure:13470: result: no
configure:13470: checking for dirent.h
configure:13470: gcc -c -g -O2  conftest.c >&5
configure:13470: $? = 0
configure:13470: result: yes
configure:13485: checking for closedir
configure:13485: gcc -o conftest -g -O2   conftest.c  >&5
configure:13485: $? = 0
configure:13485: result: yes
configure:13485: checking for opendir
configure:13485: gcc -o conftest -g -O2   conftest.c  >&5
configure:13485: $? = 0
configure:13485: result: yes
configure:13485: checking for readdir
configure:13485: gcc -o conftest -g -O2   conftest.c  >&5
configure:13485: $? = 0
configure:13485: result: yes
configure:13502: checking for strlcat
configure:13502: gcc -o conftest -g -O2   conftest.c  >&5
/tmp/cc6veQYC.o: In function `main':
/home/mmarcano/Documents/VIMOS/NGC6652/esorex/vimos-kit-3.2.3/esorex-3.13.1/conftest.c:79: undefined reference to `strlcat'
collect2: ld returned 1 exit status
configure:13502: $? = 1
configure: failed program was:
| /* confdefs.h */
| #define PACKAGE_NAME "ESO Recipe Execution Tool"
| #define PACKAGE_TARNAME "esorex"
| #define PACKAGE_VERSION "3.13.1"
| #define PACKAGE_STRING "ESO Recipe Execution Tool 3.13.1"
| #define PACKAGE_BUGREPORT "cpl-help@eso.org"
| #define PACKAGE_URL ""
| #define PACKAGE "esorex"
| #define VERSION "3.13.1"
| #define STDC_HEADERS 1
| #define HAVE_SYS_TYPES_H 1
| #define HAVE_SYS_STAT_H 1
| #define HAVE_STDLIB_H 1
| #define HAVE_STRING_H 1
| #define HAVE_MEMORY_H 1
| #define HAVE_STRINGS_H 1
| #define HAVE_INTTYPES_H 1
| #define HAVE_STDINT_H 1
| #define HAVE_UNISTD_H 1
| #define HAVE_DLFCN_H 1
| #define LT_OBJDIR ".libs/"
| #define LT_MODULE_EXT ".so"
| #define LT_MODULE_PATH_VAR "LD_LIBRARY_PATH"
| #define LT_DLSEARCH_PATH "/lib:/usr/lib:/usr/lib64/ast:/usr/lib64/atlas:/usr/lib64/ctapi:/opt/rh/devtoolset-3/root/usr/lib64/dyninst:/usr/lib64/mysql:/usr/lib64/nx:/usr/lib64/nx/X11:/usr/lib64/papi-4.1.3:/usr/lib64/papi-5.1.1/usr/lib:/usr/lib64/qt-3.3/lib:/usr/lib64/xulrunner:/usr/local/lib:/usr/local/lib64"
| #define HAVE_LIBDL 1
| #define HAVE_DLERROR 1
| #define HAVE_LIBDLLOADER 1
| #define HAVE_ARGZ_H 1
| #define HAVE_ERROR_T 1
| #define HAVE_ARGZ_ADD 1
| #define HAVE_ARGZ_APPEND 1
| #define HAVE_ARGZ_COUNT 1
| #define HAVE_ARGZ_CREATE_SEP 1
| #define HAVE_ARGZ_INSERT 1
| #define HAVE_ARGZ_NEXT 1
| #define HAVE_ARGZ_STRINGIFY 1
| #define HAVE_WORKING_ARGZ 1
| #define HAVE_PRELOADED_SYMBOLS 1
| #define HAVE_UNISTD_H 1
| #define HAVE_DIRENT_H 1
| #define HAVE_CLOSEDIR 1
| #define HAVE_OPENDIR 1
| #define HAVE_READDIR 1
| /* end confdefs.h.  */
| /* Define strlcat to an innocuous variant, in case <limits.h> declares strlcat.
|    For example, HP-UX 11i <limits.h> declares gettimeofday.  */
| #define strlcat innocuous_strlcat
| 
| /* System header to define __stub macros and hopefully few prototypes,
|     which can conflict with char strlcat (); below.
|     Prefer <limits.h> to <assert.h> if __STDC__ is defined, since
|     <limits.h> exists even on freestanding compilers.  */
| 
| #ifdef __STDC__
| # include <limits.h>
| #else
| # include <assert.h>
| #endif
| 
| #undef strlcat
| 
| /* Override any GCC internal prototype to avoid an error.
|    Use char because int might match the return type of a GCC
|    builtin and then its argument prototype would still apply.  */
| #ifdef __cplusplus
| extern "C"
| #endif
| char strlcat ();
| /* The GNU C library defines this for functions which it implements
|     to always fail with ENOSYS.  Some functions are actually named
|     something starting with __ and the normal name is an alias.  */
| #if defined __stub_strlcat || defined __stub___strlcat
| choke me
| #endif
| 
| int
| main ()
| {
| return strlcat ();
|   ;
|   return 0;
| }
configure:13502: result: no
configure:13502: checking for strlcpy
configure:13502: gcc -o conftest -g -O2   conftest.c  >&5
/tmp/ccaR8KKD.o: In function `main':
/home/mmarcano/Documents/VIMOS/NGC6652/esorex/vimos-kit-3.2.3/esorex-3.13.1/conftest.c:79: undefined reference to `strlcpy'
collect2: ld returned 1 exit status
configure:13502: $? = 1
configure: failed program was:
| /* confdefs.h */
| #define PACKAGE_NAME "ESO Recipe Execution Tool"
| #define PACKAGE_TARNAME "esorex"
| #define PACKAGE_VERSION "3.13.1"
| #define PACKAGE_STRING "ESO Recipe Execution Tool 3.13.1"
| #define PACKAGE_BUGREPORT "cpl-help@eso.org"
| #define PACKAGE_URL ""
| #define PACKAGE "esorex"
| #define VERSION "3.13.1"
| #define STDC_HEADERS 1
| #define HAVE_SYS_TYPES_H 1
| #define HAVE_SYS_STAT_H 1
| #define HAVE_STDLIB_H 1
| #define HAVE_STRING_H 1
| #define HAVE_MEMORY_H 1
| #define HAVE_STRINGS_H 1
| #define HAVE_INTTYPES_H 1
| #define HAVE_STDINT_H 1
| #define HAVE_UNISTD_H 1
| #define HAVE_DLFCN_H 1
| #define LT_OBJDIR ".libs/"
| #define LT_MODULE_EXT ".so"
| #define LT_MODULE_PATH_VAR "LD_LIBRARY_PATH"
| #define LT_DLSEARCH_PATH "/lib:/usr/lib:/usr/lib64/ast:/usr/lib64/atlas:/usr/lib64/ctapi:/opt/rh/devtoolset-3/root/usr/lib64/dyninst:/usr/lib64/mysql:/usr/lib64/nx:/usr/lib64/nx/X11:/usr/lib64/papi-4.1.3:/usr/lib64/papi-5.1.1/usr/lib:/usr/lib64/qt-3.3/lib:/usr/lib64/xulrunner:/usr/local/lib:/usr/local/lib64"
| #define HAVE_LIBDL 1
| #define HAVE_DLERROR 1
| #define HAVE_LIBDLLOADER 1
| #define HAVE_ARGZ_H 1
| #define HAVE_ERROR_T 1
| #define HAVE_ARGZ_ADD 1
| #define HAVE_ARGZ_APPEND 1
| #define HAVE_ARGZ_COUNT 1
| #define HAVE_ARGZ_CREATE_SEP 1
| #define HAVE_ARGZ_INSERT 1
| #define HAVE_ARGZ_NEXT 1
| #define HAVE_ARGZ_STRINGIFY 1
| #define HAVE_WORKING_ARGZ 1
| #define HAVE_PRELOADED_SYMBOLS 1
| #define HAVE_UNISTD_H 1
| #define HAVE_DIRENT_H 1
| #define HAVE_CLOSEDIR 1
| #define HAVE_OPENDIR 1
| #define HAVE_READDIR 1
| /* end confdefs.h.  */
| /* Define strlcpy to an innocuous variant, in case <limits.h> declares strlcpy.
|    For example, HP-UX 11i <limits.h> declares gettimeofday.  */
| #define strlcpy innocuous_strlcpy
| 
| /* System header to define __stub macros and hopefully few prototypes,
|     which can conflict with char strlcpy (); below.
|     Prefer <limits.h> to <assert.h> if __STDC__ is defined, since
|     <limits.h> exists even on freestanding compilers.  */
| 
| #ifdef __STDC__
| # include <limits.h>
| #else
| # include <assert.h>
| #endif
| 
| #undef strlcpy
| 
| /* Override any GCC internal prototype to avoid an error.
|    Use char because int might match the return type of a GCC
|    builtin and then its argument prototype would still apply.  */
| #ifdef __cplusplus
| extern "C"
| #endif
| char strlcpy ();
| /* The GNU C library defines this for functions which it implements
|     to always fail with ENOSYS.  Some functions are actually named
|     something starting with __ and the normal name is an alias.  */
| #if defined __stub_strlcpy || defined __stub___strlcpy
| choke me
| #endif
| 
| int
| main ()
| {
| return strlcpy ();
|   ;
|   return 0;
| }
configure:13502: result: no
configure:13610: checking for gcc
configure:13637: result: gcc
configure:13866: checking for C compiler version
configure:13875: gcc --version >&5
gcc (GCC) 4.4.7 20120313 (Red Hat 4.4.7-18)
Copyright (C) 2010 Free Software Foundation, Inc.
This is free software; see the source for copying conditions.  There is NO
warranty; not even for MERCHANTABILITY or FITNESS FOR A PARTICULAR PURPOSE.

configure:13886: $? = 0
configure:13875: gcc -v >&5
Using built-in specs.
Target: x86_64-redhat-linux
Configured with: ../configure --prefix=/usr --mandir=/usr/share/man --infodir=/usr/share/info --with-bugurl=http://bugzilla.redhat.com/bugzilla --enable-bootstrap --enable-shared --enable-threads=posix --enable-checking=release --with-system-zlib --enable-__cxa_atexit --disable-libunwind-exceptions --enable-gnu-unique-object --enable-languages=c,c++,objc,obj-c++,java,fortran,ada --enable-java-awt=gtk --disable-dssi --with-java-home=/usr/lib/jvm/java-1.5.0-gcj-1.5.0.0/jre --enable-libgcj-multifile --enable-java-maintainer-mode --with-ecj-jar=/usr/share/java/eclipse-ecj.jar --disable-libjava-multilib --with-ppl --with-cloog --with-tune=generic --with-arch_32=i686 --build=x86_64-redhat-linux
Thread model: posix
gcc version 4.4.7 20120313 (Red Hat 4.4.7-18) (GCC) 
configure:13886: $? = 0
configure:13875: gcc -V >&5
gcc: '-V' option must have argument
configure:13886: $? = 1
configure:13875: gcc -qversion >&5
gcc: unrecognized option '-qversion'
gcc: no input files
configure:13886: $? = 1
configure:13890: checking whether we are using the GNU C compiler
configure:13918: result: yes
configure:13927: checking whether gcc accepts -g
configure:13988: result: yes
configure:14005: checking for gcc option to accept ISO C89
configure:14081: result: none needed
configure:14106: checking whether gcc understands -c and -o together
configure:14143: result: yes
configure:14162: checking dependency style of gcc
configure:14273: result: gcc3
configure:14293: checking how to run the C preprocessor
configure:14363: result: gcc -E
configure:14383: gcc -E  conftest.c
configure:14383: $? = 0
configure:14397: gcc -E  conftest.c
conftest.c:47:28: error: ac_nonexistent.h: No such file or directory
configure:14397: $? = 1
configure: failed program was:
| /* confdefs.h */
| #define PACKAGE_NAME "ESO Recipe Execution Tool"
| #define PACKAGE_TARNAME "esorex"
| #define PACKAGE_VERSION "3.13.1"
| #define PACKAGE_STRING "ESO Recipe Execution Tool 3.13.1"
| #define PACKAGE_BUGREPORT "cpl-help@eso.org"
| #define PACKAGE_URL ""
| #define PACKAGE "esorex"
| #define VERSION "3.13.1"
| #define STDC_HEADERS 1
| #define HAVE_SYS_TYPES_H 1
| #define HAVE_SYS_STAT_H 1
| #define HAVE_STDLIB_H 1
| #define HAVE_STRING_H 1
| #define HAVE_MEMORY_H 1
| #define HAVE_STRINGS_H 1
| #define HAVE_INTTYPES_H 1
| #define HAVE_STDINT_H 1
| #define HAVE_UNISTD_H 1
| #define HAVE_DLFCN_H 1
| #define LT_OBJDIR ".libs/"
| #define LT_MODULE_EXT ".so"
| #define LT_MODULE_PATH_VAR "LD_LIBRARY_PATH"
| #define LT_DLSEARCH_PATH "/lib:/usr/lib:/usr/lib64/ast:/usr/lib64/atlas:/usr/lib64/ctapi:/opt/rh/devtoolset-3/root/usr/lib64/dyninst:/usr/lib64/mysql:/usr/lib64/nx:/usr/lib64/nx/X11:/usr/lib64/papi-4.1.3:/usr/lib64/papi-5.1.1/usr/lib:/usr/lib64/qt-3.3/lib:/usr/lib64/xulrunner:/usr/local/lib:/usr/local/lib64"
| #define HAVE_LIBDL 1
| #define HAVE_DLERROR 1
| #define HAVE_LIBDLLOADER 1
| #define HAVE_ARGZ_H 1
| #define HAVE_ERROR_T 1
| #define HAVE_ARGZ_ADD 1
| #define HAVE_ARGZ_APPEND 1
| #define HAVE_ARGZ_COUNT 1
| #define HAVE_ARGZ_CREATE_SEP 1
| #define HAVE_ARGZ_INSERT 1
| #define HAVE_ARGZ_NEXT 1
| #define HAVE_ARGZ_STRINGIFY 1
| #define HAVE_WORKING_ARGZ 1
| #define HAVE_PRELOADED_SYMBOLS 1
| #define HAVE_UNISTD_H 1
| #define HAVE_DIRENT_H 1
| #define HAVE_CLOSEDIR 1
| #define HAVE_OPENDIR 1
| #define HAVE_READDIR 1
| #define LT_LIBEXT "a"
| #define LT_LIBPREFIX "lib"
| /* end confdefs.h.  */
| #include <ac_nonexistent.h>
configure:14484: checking for g++
configure:14500: found /usr/bin/g++
configure:14511: result: g++
configure:14538: checking for C++ compiler version
configure:14547: g++ --version >&5
g++ (GCC) 4.4.7 20120313 (Red Hat 4.4.7-18)
Copyright (C) 2010 Free Software Foundation, Inc.
This is free software; see the source for copying conditions.  There is NO
warranty; not even for MERCHANTABILITY or FITNESS FOR A PARTICULAR PURPOSE.

configure:14558: $? = 0
configure:14547: g++ -v >&5
Using built-in specs.
Target: x86_64-redhat-linux
Configured with: ../configure --prefix=/usr --mandir=/usr/share/man --infodir=/usr/share/info --with-bugurl=http://bugzilla.redhat.com/bugzilla --enable-bootstrap --enable-shared --enable-threads=posix --enable-checking=release --with-system-zlib --enable-__cxa_atexit --disable-libunwind-exceptions --enable-gnu-unique-object --enable-languages=c,c++,objc,obj-c++,java,fortran,ada --enable-java-awt=gtk --disable-dssi --with-java-home=/usr/lib/jvm/java-1.5.0-gcj-1.5.0.0/jre --enable-libgcj-multifile --enable-java-maintainer-mode --with-ecj-jar=/usr/share/java/eclipse-ecj.jar --disable-libjava-multilib --with-ppl --with-cloog --with-tune=generic --with-arch_32=i686 --build=x86_64-redhat-linux
Thread model: posix
gcc version 4.4.7 20120313 (Red Hat 4.4.7-18) (GCC) 
configure:14558: $? = 0
configure:14547: g++ -V >&5
g++: '-V' option must have argument
configure:14558: $? = 1
configure:14547: g++ -qversion >&5
g++: unrecognized option '-qversion'
g++: no input files
configure:14558: $? = 1
configure:14562: checking whether we are using the GNU C++ compiler
configure:14581: g++ -c   conftest.cpp >&5
configure:14581: $? = 0
configure:14590: result: yes
configure:14599: checking whether g++ accepts -g
configure:14619: g++ -c -g  conftest.cpp >&5
configure:14619: $? = 0
configure:14660: result: yes
configure:14685: checking dependency style of g++
configure:14796: result: gcc3
configure:14829: checking how to run the C++ preprocessor
configure:14856: g++ -E  conftest.cpp
configure:14856: $? = 0
configure:14870: g++ -E  conftest.cpp
conftest.cpp:47:28: error: ac_nonexistent.h: No such file or directory
configure:14870: $? = 1
configure: failed program was:
| /* confdefs.h */
| #define PACKAGE_NAME "ESO Recipe Execution Tool"
| #define PACKAGE_TARNAME "esorex"
| #define PACKAGE_VERSION "3.13.1"
| #define PACKAGE_STRING "ESO Recipe Execution Tool 3.13.1"
| #define PACKAGE_BUGREPORT "cpl-help@eso.org"
| #define PACKAGE_URL ""
| #define PACKAGE "esorex"
| #define VERSION "3.13.1"
| #define STDC_HEADERS 1
| #define HAVE_SYS_TYPES_H 1
| #define HAVE_SYS_STAT_H 1
| #define HAVE_STDLIB_H 1
| #define HAVE_STRING_H 1
| #define HAVE_MEMORY_H 1
| #define HAVE_STRINGS_H 1
| #define HAVE_INTTYPES_H 1
| #define HAVE_STDINT_H 1
| #define HAVE_UNISTD_H 1
| #define HAVE_DLFCN_H 1
| #define LT_OBJDIR ".libs/"
| #define LT_MODULE_EXT ".so"
| #define LT_MODULE_PATH_VAR "LD_LIBRARY_PATH"
| #define LT_DLSEARCH_PATH "/lib:/usr/lib:/usr/lib64/ast:/usr/lib64/atlas:/usr/lib64/ctapi:/opt/rh/devtoolset-3/root/usr/lib64/dyninst:/usr/lib64/mysql:/usr/lib64/nx:/usr/lib64/nx/X11:/usr/lib64/papi-4.1.3:/usr/lib64/papi-5.1.1/usr/lib:/usr/lib64/qt-3.3/lib:/usr/lib64/xulrunner:/usr/local/lib:/usr/local/lib64"
| #define HAVE_LIBDL 1
| #define HAVE_DLERROR 1
| #define HAVE_LIBDLLOADER 1
| #define HAVE_ARGZ_H 1
| #define HAVE_ERROR_T 1
| #define HAVE_ARGZ_ADD 1
| #define HAVE_ARGZ_APPEND 1
| #define HAVE_ARGZ_COUNT 1
| #define HAVE_ARGZ_CREATE_SEP 1
| #define HAVE_ARGZ_INSERT 1
| #define HAVE_ARGZ_NEXT 1
| #define HAVE_ARGZ_STRINGIFY 1
| #define HAVE_WORKING_ARGZ 1
| #define HAVE_PRELOADED_SYMBOLS 1
| #define HAVE_UNISTD_H 1
| #define HAVE_DIRENT_H 1
| #define HAVE_CLOSEDIR 1
| #define HAVE_OPENDIR 1
| #define HAVE_READDIR 1
| #define LT_LIBEXT "a"
| #define LT_LIBPREFIX "lib"
| /* end confdefs.h.  */
| #include <ac_nonexistent.h>
configure:14895: result: g++ -E
configure:14915: g++ -E  conftest.cpp
configure:14915: $? = 0
configure:14929: g++ -E  conftest.cpp
conftest.cpp:47:28: error: ac_nonexistent.h: No such file or directory
configure:14929: $? = 1
configure: failed program was:
| /* confdefs.h */
| #define PACKAGE_NAME "ESO Recipe Execution Tool"
| #define PACKAGE_TARNAME "esorex"
| #define PACKAGE_VERSION "3.13.1"
| #define PACKAGE_STRING "ESO Recipe Execution Tool 3.13.1"
| #define PACKAGE_BUGREPORT "cpl-help@eso.org"
| #define PACKAGE_URL ""
| #define PACKAGE "esorex"
| #define VERSION "3.13.1"
| #define STDC_HEADERS 1
| #define HAVE_SYS_TYPES_H 1
| #define HAVE_SYS_STAT_H 1
| #define HAVE_STDLIB_H 1
| #define HAVE_STRING_H 1
| #define HAVE_MEMORY_H 1
| #define HAVE_STRINGS_H 1
| #define HAVE_INTTYPES_H 1
| #define HAVE_STDINT_H 1
| #define HAVE_UNISTD_H 1
| #define HAVE_DLFCN_H 1
| #define LT_OBJDIR ".libs/"
| #define LT_MODULE_EXT ".so"
| #define LT_MODULE_PATH_VAR "LD_LIBRARY_PATH"
| #define LT_DLSEARCH_PATH "/lib:/usr/lib:/usr/lib64/ast:/usr/lib64/atlas:/usr/lib64/ctapi:/opt/rh/devtoolset-3/root/usr/lib64/dyninst:/usr/lib64/mysql:/usr/lib64/nx:/usr/lib64/nx/X11:/usr/lib64/papi-4.1.3:/usr/lib64/papi-5.1.1/usr/lib:/usr/lib64/qt-3.3/lib:/usr/lib64/xulrunner:/usr/local/lib:/usr/local/lib64"
| #define HAVE_LIBDL 1
| #define HAVE_DLERROR 1
| #define HAVE_LIBDLLOADER 1
| #define HAVE_ARGZ_H 1
| #define HAVE_ERROR_T 1
| #define HAVE_ARGZ_ADD 1
| #define HAVE_ARGZ_APPEND 1
| #define HAVE_ARGZ_COUNT 1
| #define HAVE_ARGZ_CREATE_SEP 1
| #define HAVE_ARGZ_INSERT 1
| #define HAVE_ARGZ_NEXT 1
| #define HAVE_ARGZ_STRINGIFY 1
| #define HAVE_WORKING_ARGZ 1
| #define HAVE_PRELOADED_SYMBOLS 1
| #define HAVE_UNISTD_H 1
| #define HAVE_DIRENT_H 1
| #define HAVE_CLOSEDIR 1
| #define HAVE_OPENDIR 1
| #define HAVE_READDIR 1
| #define LT_LIBEXT "a"
| #define LT_LIBPREFIX "lib"
| /* end confdefs.h.  */
| #include <ac_nonexistent.h>
configure:15091: checking for ld used by g++
configure:15158: result: /usr/bin/ld -m elf_x86_64
configure:15165: checking if the linker (/usr/bin/ld -m elf_x86_64) is GNU ld
configure:15180: result: yes
configure:15235: checking whether the g++ linker (/usr/bin/ld -m elf_x86_64) supports shared libraries
configure:16308: result: yes
configure:16344: g++ -c -g -O2  conftest.cpp >&5
configure:16347: $? = 0
configure:16828: checking for g++ option to produce PIC
configure:16835: result: -fPIC -DPIC
configure:16843: checking if g++ PIC flag -fPIC -DPIC works
configure:16861: g++ -c -g -O2  -fPIC -DPIC -DPIC conftest.cpp >&5
configure:16865: $? = 0
configure:16878: result: yes
configure:16901: checking if g++ static flag -static works
configure:16929: result: no
configure:16941: checking if g++ supports -c -o file.o
configure:16962: g++ -c -g -O2  -o out/conftest2.o conftest.cpp >&5
configure:16966: $? = 0
configure:16988: result: yes
configure:16993: checking if g++ supports -c -o file.o
configure:17040: result: yes
configure:17070: checking whether the g++ linker (/usr/bin/ld -m elf_x86_64) supports shared libraries
configure:17110: result: yes
configure:17251: checking dynamic linker characteristics
configure:17996: result: GNU/Linux ld.so
configure:18061: checking how to hardcode library paths into programs
configure:18086: result: immediate
configure:18131: checking how to run the C++ preprocessor
configure:18197: result: g++ -E
configure:18217: g++ -E  conftest.cpp
configure:18217: $? = 0
configure:18231: g++ -E  conftest.cpp
conftest.cpp:47:28: error: ac_nonexistent.h: No such file or directory
configure:18231: $? = 1
configure: failed program was:
| /* confdefs.h */
| #define PACKAGE_NAME "ESO Recipe Execution Tool"
| #define PACKAGE_TARNAME "esorex"
| #define PACKAGE_VERSION "3.13.1"
| #define PACKAGE_STRING "ESO Recipe Execution Tool 3.13.1"
| #define PACKAGE_BUGREPORT "cpl-help@eso.org"
| #define PACKAGE_URL ""
| #define PACKAGE "esorex"
| #define VERSION "3.13.1"
| #define STDC_HEADERS 1
| #define HAVE_SYS_TYPES_H 1
| #define HAVE_SYS_STAT_H 1
| #define HAVE_STDLIB_H 1
| #define HAVE_STRING_H 1
| #define HAVE_MEMORY_H 1
| #define HAVE_STRINGS_H 1
| #define HAVE_INTTYPES_H 1
| #define HAVE_STDINT_H 1
| #define HAVE_UNISTD_H 1
| #define HAVE_DLFCN_H 1
| #define LT_OBJDIR ".libs/"
| #define LT_MODULE_EXT ".so"
| #define LT_MODULE_PATH_VAR "LD_LIBRARY_PATH"
| #define LT_DLSEARCH_PATH "/lib:/usr/lib:/usr/lib64/ast:/usr/lib64/atlas:/usr/lib64/ctapi:/opt/rh/devtoolset-3/root/usr/lib64/dyninst:/usr/lib64/mysql:/usr/lib64/nx:/usr/lib64/nx/X11:/usr/lib64/papi-4.1.3:/usr/lib64/papi-5.1.1/usr/lib:/usr/lib64/qt-3.3/lib:/usr/lib64/xulrunner:/usr/local/lib:/usr/local/lib64"
| #define HAVE_LIBDL 1
| #define HAVE_DLERROR 1
| #define HAVE_LIBDLLOADER 1
| #define HAVE_ARGZ_H 1
| #define HAVE_ERROR_T 1
| #define HAVE_ARGZ_ADD 1
| #define HAVE_ARGZ_APPEND 1
| #define HAVE_ARGZ_COUNT 1
| #define HAVE_ARGZ_CREATE_SEP 1
| #define HAVE_ARGZ_INSERT 1
| #define HAVE_ARGZ_NEXT 1
| #define HAVE_ARGZ_STRINGIFY 1
| #define HAVE_WORKING_ARGZ 1
| #define HAVE_PRELOADED_SYMBOLS 1
| #define HAVE_UNISTD_H 1
| #define HAVE_DIRENT_H 1
| #define HAVE_CLOSEDIR 1
| #define HAVE_OPENDIR 1
| #define HAVE_READDIR 1
| #define LT_LIBEXT "a"
| #define LT_LIBPREFIX "lib"
| /* end confdefs.h.  */
| #include <ac_nonexistent.h>
configure:18271: checking whether debugging code should be created
configure:18278: result: no
configure:18620: checking whether strict compiler options should be used
configure:18627: result: no
configure:18750: checking whether gcc and cc understand -c and -o together
configure:18781: gcc -c conftest.c -o conftest2.o >&5
configure:18785: $? = 0
configure:18791: gcc -c conftest.c -o conftest2.o >&5
configure:18795: $? = 0
configure:18806: cc -c conftest.c >&5
configure:18810: $? = 0
configure:18818: cc -c conftest.c -o conftest2.o >&5
configure:18822: $? = 0
configure:18828: cc -c conftest.c -o conftest2.o >&5
configure:18832: $? = 0
configure:18850: result: yes
configure:18865: checking whether g++ understands -c and -o together
configure:18889: g++ -g -O2 -c conftest.cpp -o conftest2.o >&5
configure:18893: $? = 0
configure:18900: g++ -g -O2 -c conftest.cpp -o conftest2.o >&5
configure:18904: $? = 0
configure:18912: result: yes
configure:18930: checking for pkg-config
configure:18946: found /usr/bin/pkg-config
configure:18957: result: pkg-config
configure:18971: checking for doxygen
configure:18989: found /usr/bin/doxygen
configure:19001: result: /usr/bin/doxygen
configure:19013: checking for latex
configure:19031: found /usr/bin/latex
configure:19043: result: /usr/bin/latex
configure:19064: checking for socket in -lsocket
configure:19089: gcc -o conftest -g -O2   conftest.c -lsocket   >&5
/usr/bin/ld: cannot find -lsocket
collect2: ld returned 1 exit status
configure:19089: $? = 1
configure: failed program was:
| /* confdefs.h */
| #define PACKAGE_NAME "ESO Recipe Execution Tool"
| #define PACKAGE_TARNAME "esorex"
| #define PACKAGE_VERSION "3.13.1"
| #define PACKAGE_STRING "ESO Recipe Execution Tool 3.13.1"
| #define PACKAGE_BUGREPORT "cpl-help@eso.org"
| #define PACKAGE_URL ""
| #define PACKAGE "esorex"
| #define VERSION "3.13.1"
| #define STDC_HEADERS 1
| #define HAVE_SYS_TYPES_H 1
| #define HAVE_SYS_STAT_H 1
| #define HAVE_STDLIB_H 1
| #define HAVE_STRING_H 1
| #define HAVE_MEMORY_H 1
| #define HAVE_STRINGS_H 1
| #define HAVE_INTTYPES_H 1
| #define HAVE_STDINT_H 1
| #define HAVE_UNISTD_H 1
| #define HAVE_DLFCN_H 1
| #define LT_OBJDIR ".libs/"
| #define LT_MODULE_EXT ".so"
| #define LT_MODULE_PATH_VAR "LD_LIBRARY_PATH"
| #define LT_DLSEARCH_PATH "/lib:/usr/lib:/usr/lib64/ast:/usr/lib64/atlas:/usr/lib64/ctapi:/opt/rh/devtoolset-3/root/usr/lib64/dyninst:/usr/lib64/mysql:/usr/lib64/nx:/usr/lib64/nx/X11:/usr/lib64/papi-4.1.3:/usr/lib64/papi-5.1.1/usr/lib:/usr/lib64/qt-3.3/lib:/usr/lib64/xulrunner:/usr/local/lib:/usr/local/lib64"
| #define HAVE_LIBDL 1
| #define HAVE_DLERROR 1
| #define HAVE_LIBDLLOADER 1
| #define HAVE_ARGZ_H 1
| #define HAVE_ERROR_T 1
| #define HAVE_ARGZ_ADD 1
| #define HAVE_ARGZ_APPEND 1
| #define HAVE_ARGZ_COUNT 1
| #define HAVE_ARGZ_CREATE_SEP 1
| #define HAVE_ARGZ_INSERT 1
| #define HAVE_ARGZ_NEXT 1
| #define HAVE_ARGZ_STRINGIFY 1
| #define HAVE_WORKING_ARGZ 1
| #define HAVE_PRELOADED_SYMBOLS 1
| #define HAVE_UNISTD_H 1
| #define HAVE_DIRENT_H 1
| #define HAVE_CLOSEDIR 1
| #define HAVE_OPENDIR 1
| #define HAVE_READDIR 1
| #define LT_LIBEXT "a"
| #define LT_LIBPREFIX "lib"
| /* end confdefs.h.  */
| 
| /* Override any GCC internal prototype to avoid an error.
|    Use char because int might match the return type of a GCC
|    builtin and then its argument prototype would still apply.  */
| #ifdef __cplusplus
| extern "C"
| #endif
| char socket ();
| int
| main ()
| {
| return socket ();
|   ;
|   return 0;
| }
configure:19098: result: no
configure:19104: checking for inet_ntoa in -lnsl
configure:19129: gcc -o conftest -g -O2   conftest.c -lnsl   >&5
configure:19129: $? = 0
configure:19138: result: yes
configure:19162: checking for libavcall
configure:19226: gcc -c   conftest.c >&5
conftest.c:48:43: error: avcall.h: No such file or directory
conftest.c: In function 'main':
conftest.c:54: error: 'av_alist' undeclared (first use in this function)
conftest.c:54: error: (Each undeclared identifier is reported only once
conftest.c:54: error: for each function it appears in.)
conftest.c:54: error: expected ';' before 'alist'
configure:19226: $? = 1
configure: failed program was:
| /* confdefs.h */
| #define PACKAGE_NAME "ESO Recipe Execution Tool"
| #define PACKAGE_TARNAME "esorex"
| #define PACKAGE_VERSION "3.13.1"
| #define PACKAGE_STRING "ESO Recipe Execution Tool 3.13.1"
| #define PACKAGE_BUGREPORT "cpl-help@eso.org"
| #define PACKAGE_URL ""
| #define PACKAGE "esorex"
| #define VERSION "3.13.1"
| #define STDC_HEADERS 1
| #define HAVE_SYS_TYPES_H 1
| #define HAVE_SYS_STAT_H 1
| #define HAVE_STDLIB_H 1
| #define HAVE_STRING_H 1
| #define HAVE_MEMORY_H 1
| #define HAVE_STRINGS_H 1
| #define HAVE_INTTYPES_H 1
| #define HAVE_STDINT_H 1
| #define HAVE_UNISTD_H 1
| #define HAVE_DLFCN_H 1
| #define LT_OBJDIR ".libs/"
| #define LT_MODULE_EXT ".so"
| #define LT_MODULE_PATH_VAR "LD_LIBRARY_PATH"
| #define LT_DLSEARCH_PATH "/lib:/usr/lib:/usr/lib64/ast:/usr/lib64/atlas:/usr/lib64/ctapi:/opt/rh/devtoolset-3/root/usr/lib64/dyninst:/usr/lib64/mysql:/usr/lib64/nx:/usr/lib64/nx/X11:/usr/lib64/papi-4.1.3:/usr/lib64/papi-5.1.1/usr/lib:/usr/lib64/qt-3.3/lib:/usr/lib64/xulrunner:/usr/local/lib:/usr/local/lib64"
| #define HAVE_LIBDL 1
| #define HAVE_DLERROR 1
| #define HAVE_LIBDLLOADER 1
| #define HAVE_ARGZ_H 1
| #define HAVE_ERROR_T 1
| #define HAVE_ARGZ_ADD 1
| #define HAVE_ARGZ_APPEND 1
| #define HAVE_ARGZ_COUNT 1
| #define HAVE_ARGZ_CREATE_SEP 1
| #define HAVE_ARGZ_INSERT 1
| #define HAVE_ARGZ_NEXT 1
| #define HAVE_ARGZ_STRINGIFY 1
| #define HAVE_WORKING_ARGZ 1
| #define HAVE_PRELOADED_SYMBOLS 1
| #define HAVE_UNISTD_H 1
| #define HAVE_DIRENT_H 1
| #define HAVE_CLOSEDIR 1
| #define HAVE_OPENDIR 1
| #define HAVE_READDIR 1
| #define LT_LIBEXT "a"
| #define LT_LIBPREFIX "lib"
| /* end confdefs.h.  */
| 
|                        #include <avcall.h>
| 
| int
| main ()
| {
| 
|                        av_alist alist;
| 
|   ;
|   return 0;
| }
configure:19257: gcc -o conftest    conftest.c  >&5
conftest.c:48:40: error: avcall.h: No such file or directory
conftest.c: In function 'main':
conftest.c:56: error: 'av_alist' undeclared (first use in this function)
conftest.c:56: error: (Each undeclared identifier is reported only once
conftest.c:56: error: for each function it appears in.)
conftest.c:56: error: expected ';' before 'alist'
conftest.c:57: error: 'alist' undeclared (first use in this function)
configure:19257: $? = 1
configure: failed program was:
| /* confdefs.h */
| #define PACKAGE_NAME "ESO Recipe Execution Tool"
| #define PACKAGE_TARNAME "esorex"
| #define PACKAGE_VERSION "3.13.1"
| #define PACKAGE_STRING "ESO Recipe Execution Tool 3.13.1"
| #define PACKAGE_BUGREPORT "cpl-help@eso.org"
| #define PACKAGE_URL ""
| #define PACKAGE "esorex"
| #define VERSION "3.13.1"
| #define STDC_HEADERS 1
| #define HAVE_SYS_TYPES_H 1
| #define HAVE_SYS_STAT_H 1
| #define HAVE_STDLIB_H 1
| #define HAVE_STRING_H 1
| #define HAVE_MEMORY_H 1
| #define HAVE_STRINGS_H 1
| #define HAVE_INTTYPES_H 1
| #define HAVE_STDINT_H 1
| #define HAVE_UNISTD_H 1
| #define HAVE_DLFCN_H 1
| #define LT_OBJDIR ".libs/"
| #define LT_MODULE_EXT ".so"
| #define LT_MODULE_PATH_VAR "LD_LIBRARY_PATH"
| #define LT_DLSEARCH_PATH "/lib:/usr/lib:/usr/lib64/ast:/usr/lib64/atlas:/usr/lib64/ctapi:/opt/rh/devtoolset-3/root/usr/lib64/dyninst:/usr/lib64/mysql:/usr/lib64/nx:/usr/lib64/nx/X11:/usr/lib64/papi-4.1.3:/usr/lib64/papi-5.1.1/usr/lib:/usr/lib64/qt-3.3/lib:/usr/lib64/xulrunner:/usr/local/lib:/usr/local/lib64"
| #define HAVE_LIBDL 1
| #define HAVE_DLERROR 1
| #define HAVE_LIBDLLOADER 1
| #define HAVE_ARGZ_H 1
| #define HAVE_ERROR_T 1
| #define HAVE_ARGZ_ADD 1
| #define HAVE_ARGZ_APPEND 1
| #define HAVE_ARGZ_COUNT 1
| #define HAVE_ARGZ_CREATE_SEP 1
| #define HAVE_ARGZ_INSERT 1
| #define HAVE_ARGZ_NEXT 1
| #define HAVE_ARGZ_STRINGIFY 1
| #define HAVE_WORKING_ARGZ 1
| #define HAVE_PRELOADED_SYMBOLS 1
| #define HAVE_UNISTD_H 1
| #define HAVE_DIRENT_H 1
| #define HAVE_CLOSEDIR 1
| #define HAVE_OPENDIR 1
| #define HAVE_READDIR 1
| #define LT_LIBEXT "a"
| #define LT_LIBPREFIX "lib"
| /* end confdefs.h.  */
| 
|                     #include <avcall.h>
|                     int func(int x) { return x+3; }
| 
| int
| main ()
| {
| 
|                     int result;
|                     av_alist alist;
|                     av_start_int(alist, &func, &result);
|                     av_int(alist, (int)2);
|                     av_call(alist);
| 
|   ;
|   return 0;
| }
configure:19284: result: no
configure:19340: checking for libffi
configure:19402: gcc -c   conftest.c >&5
conftest.c:48:40: error: ffi.h: No such file or directory
conftest.c: In function 'main':
conftest.c:54: error: 'ffi_cif' undeclared (first use in this function)
conftest.c:54: error: (Each undeclared identifier is reported only once
conftest.c:54: error: for each function it appears in.)
conftest.c:54: error: expected ';' before 'cif'
configure:19402: $? = 1
configure: failed program was:
| /* confdefs.h */
| #define PACKAGE_NAME "ESO Recipe Execution Tool"
| #define PACKAGE_TARNAME "esorex"
| #define PACKAGE_VERSION "3.13.1"
| #define PACKAGE_STRING "ESO Recipe Execution Tool 3.13.1"
| #define PACKAGE_BUGREPORT "cpl-help@eso.org"
| #define PACKAGE_URL ""
| #define PACKAGE "esorex"
| #define VERSION "3.13.1"
| #define STDC_HEADERS 1
| #define HAVE_SYS_TYPES_H 1
| #define HAVE_SYS_STAT_H 1
| #define HAVE_STDLIB_H 1
| #define HAVE_STRING_H 1
| #define HAVE_MEMORY_H 1
| #define HAVE_STRINGS_H 1
| #define HAVE_INTTYPES_H 1
| #define HAVE_STDINT_H 1
| #define HAVE_UNISTD_H 1
| #define HAVE_DLFCN_H 1
| #define LT_OBJDIR ".libs/"
| #define LT_MODULE_EXT ".so"
| #define LT_MODULE_PATH_VAR "LD_LIBRARY_PATH"
| #define LT_DLSEARCH_PATH "/lib:/usr/lib:/usr/lib64/ast:/usr/lib64/atlas:/usr/lib64/ctapi:/opt/rh/devtoolset-3/root/usr/lib64/dyninst:/usr/lib64/mysql:/usr/lib64/nx:/usr/lib64/nx/X11:/usr/lib64/papi-4.1.3:/usr/lib64/papi-5.1.1/usr/lib:/usr/lib64/qt-3.3/lib:/usr/lib64/xulrunner:/usr/local/lib:/usr/local/lib64"
| #define HAVE_LIBDL 1
| #define HAVE_DLERROR 1
| #define HAVE_LIBDLLOADER 1
| #define HAVE_ARGZ_H 1
| #define HAVE_ERROR_T 1
| #define HAVE_ARGZ_ADD 1
| #define HAVE_ARGZ_APPEND 1
| #define HAVE_ARGZ_COUNT 1
| #define HAVE_ARGZ_CREATE_SEP 1
| #define HAVE_ARGZ_INSERT 1
| #define HAVE_ARGZ_NEXT 1
| #define HAVE_ARGZ_STRINGIFY 1
| #define HAVE_WORKING_ARGZ 1
| #define HAVE_PRELOADED_SYMBOLS 1
| #define HAVE_UNISTD_H 1
| #define HAVE_DIRENT_H 1
| #define HAVE_CLOSEDIR 1
| #define HAVE_OPENDIR 1
| #define HAVE_READDIR 1
| #define LT_LIBEXT "a"
| #define LT_LIBPREFIX "lib"
| /* end confdefs.h.  */
| 
|                        #include <ffi.h>
| 
| int
| main ()
| {
| 
|                        ffi_cif cif;
| 
|   ;
|   return 0;
| }
configure:19438: gcc -o conftest    conftest.c -lffi >&5
conftest.c:48:37: error: ffi.h: No such file or directory
conftest.c: In function 'main':
conftest.c:57: error: 'ffi_cif' undeclared (first use in this function)
conftest.c:57: error: (Each undeclared identifier is reported only once
conftest.c:57: error: for each function it appears in.)
conftest.c:57: error: expected ';' before 'cif'
conftest.c:58: error: 'ffi_type' undeclared (first use in this function)
conftest.c:58: error: 'argtypes' undeclared (first use in this function)
conftest.c:60: error: 'ffi_type_sint' undeclared (first use in this function)
conftest.c:62: error: 'cif' undeclared (first use in this function)
conftest.c:62: error: 'FFI_DEFAULT_ABI' undeclared (first use in this function)
configure:19438: $? = 1
configure: failed program was:
| /* confdefs.h */
| #define PACKAGE_NAME "ESO Recipe Execution Tool"
| #define PACKAGE_TARNAME "esorex"
| #define PACKAGE_VERSION "3.13.1"
| #define PACKAGE_STRING "ESO Recipe Execution Tool 3.13.1"
| #define PACKAGE_BUGREPORT "cpl-help@eso.org"
| #define PACKAGE_URL ""
| #define PACKAGE "esorex"
| #define VERSION "3.13.1"
| #define STDC_HEADERS 1
| #define HAVE_SYS_TYPES_H 1
| #define HAVE_SYS_STAT_H 1
| #define HAVE_STDLIB_H 1
| #define HAVE_STRING_H 1
| #define HAVE_MEMORY_H 1
| #define HAVE_STRINGS_H 1
| #define HAVE_INTTYPES_H 1
| #define HAVE_STDINT_H 1
| #define HAVE_UNISTD_H 1
| #define HAVE_DLFCN_H 1
| #define LT_OBJDIR ".libs/"
| #define LT_MODULE_EXT ".so"
| #define LT_MODULE_PATH_VAR "LD_LIBRARY_PATH"
| #define LT_DLSEARCH_PATH "/lib:/usr/lib:/usr/lib64/ast:/usr/lib64/atlas:/usr/lib64/ctapi:/opt/rh/devtoolset-3/root/usr/lib64/dyninst:/usr/lib64/mysql:/usr/lib64/nx:/usr/lib64/nx/X11:/usr/lib64/papi-4.1.3:/usr/lib64/papi-5.1.1/usr/lib:/usr/lib64/qt-3.3/lib:/usr/lib64/xulrunner:/usr/local/lib:/usr/local/lib64"
| #define HAVE_LIBDL 1
| #define HAVE_DLERROR 1
| #define HAVE_LIBDLLOADER 1
| #define HAVE_ARGZ_H 1
| #define HAVE_ERROR_T 1
| #define HAVE_ARGZ_ADD 1
| #define HAVE_ARGZ_APPEND 1
| #define HAVE_ARGZ_COUNT 1
| #define HAVE_ARGZ_CREATE_SEP 1
| #define HAVE_ARGZ_INSERT 1
| #define HAVE_ARGZ_NEXT 1
| #define HAVE_ARGZ_STRINGIFY 1
| #define HAVE_WORKING_ARGZ 1
| #define HAVE_PRELOADED_SYMBOLS 1
| #define HAVE_UNISTD_H 1
| #define HAVE_DIRENT_H 1
| #define HAVE_CLOSEDIR 1
| #define HAVE_OPENDIR 1
| #define HAVE_READDIR 1
| #define LT_LIBEXT "a"
| #define LT_LIBPREFIX "lib"
| /* end confdefs.h.  */
| 
|                     #include <ffi.h>
|                     int func(int x) { return x+3; }
| 
| int
| main ()
| {
| 
|                     int result;
|                     int value = 2;
|                     ffi_cif cif;
|                     ffi_type * argtypes[1];
|                     void * values[1];
|                     argtypes[0] = &ffi_type_sint;
|                     values[0] = &value;
|                     ffi_prep_cif(&cif, FFI_DEFAULT_ABI, 1,
|                                  &ffi_type_sint, argtypes);
|                     ffi_call(&cif, func, &result, values);
| 
|   ;
|   return 0;
| }
configure:19465: result: no
configure:19519: checking whether Python based recipes can be supported
configure:19539: result: no
configure:19567: checking for ANSI C header files
configure:19671: result: yes
configure:19682: checking for dirent.h that defines DIR
configure:19701: gcc -c -g -O2  conftest.c >&5
configure:19701: $? = 0
configure:19709: result: yes
configure:19722: checking for library containing opendir
configure:19753: gcc -o conftest -g -O2   conftest.c  -lnsl >&5
configure:19753: $? = 0
configure:19770: result: none required
configure:19837: checking whether stat file-mode macros are broken
configure:19864: gcc -c -g -O2  conftest.c >&5
configure:19864: $? = 0
configure:19871: result: no
configure:19882: checking fcntl.h usability
configure:19882: gcc -c -g -O2  conftest.c >&5
configure:19882: $? = 0
configure:19882: result: yes
configure:19882: checking fcntl.h presence
configure:19882: gcc -E  conftest.c
configure:19882: $? = 0
configure:19882: result: yes
configure:19882: checking for fcntl.h
configure:19882: result: yes
configure:19882: checking for stdlib.h
configure:19882: result: yes
configure:19882: checking for string.h
configure:19882: result: yes
configure:19882: checking for unistd.h
configure:19882: result: yes
configure:19882: checking for sys/stat.h
configure:19882: result: yes
configure:19882: checking for sys/types.h
configure:19882: result: yes
configure:19882: checking pwd.h usability
configure:19882: gcc -c -g -O2  conftest.c >&5
configure:19882: $? = 0
configure:19882: result: yes
configure:19882: checking pwd.h presence
configure:19882: gcc -E  conftest.c
configure:19882: $? = 0
configure:19882: result: yes
configure:19882: checking for pwd.h
configure:19882: result: yes
configure:19894: checking for an ANSI C-conforming const
configure:19960: gcc -c -g -O2  conftest.c >&5
configure:19960: $? = 0
configure:19967: result: yes
configure:19975: checking for inline
configure:19991: gcc -c -g -O2  conftest.c >&5
configure:19991: $? = 0
configure:19999: result: inline
configure:20017: checking for struct stat.st_blksize
configure:20017: gcc -c -g -O2  conftest.c >&5
configure:20017: $? = 0
configure:20017: result: yes
configure:20037: checking for special C compiler options needed for large files
configure:20082: result: no
configure:20088: checking for _FILE_OFFSET_BITS value needed for large files
configure:20113: gcc -c -g -O2  conftest.c >&5
configure:20113: $? = 0
configure:20145: result: no
configure:20232: checking whether closedir returns void
configure:20256: gcc -o conftest -g -O2   conftest.c  -lnsl >&5
configure:20256: $? = 0
configure:20256: ./conftest
configure:20256: $? = 0
configure:20266: result: no
configure:20274: checking whether lstat correctly handles trailing slash
configure:20300: gcc -o conftest -g -O2   conftest.c  -lnsl >&5
configure:20300: $? = 0
configure:20300: ./conftest
configure:20300: $? = 0
configure:20317: result: yes
configure:20336: checking whether stat accepts an empty string
configure:20356: gcc -o conftest -g -O2   conftest.c  -lnsl >&5
configure:20356: $? = 0
configure:20356: ./conftest
configure:20356: $? = 0
configure:20366: result: no
configure:20384: checking for getcwd
configure:20384: gcc -o conftest -g -O2   conftest.c  -lnsl >&5
configure:20384: $? = 0
configure:20384: result: yes
configure:20408: checking whether symlink is declared
configure:20408: gcc -c -g -O2  conftest.c >&5
configure:20408: $? = 0
configure:20408: result: yes
configure:20421: checking for symlink
configure:20421: gcc -o conftest -g -O2 -pedantic-errors   conftest.c  -lnsl >&5
configure:20421: $? = 0
configure:20421: result: yes
configure:20458: checking whether lstat is declared
configure:20458: gcc -c -g -O2  conftest.c >&5
configure:20458: $? = 0
configure:20458: result: yes
configure:20471: checking for lstat
configure:20471: gcc -o conftest -g -O2 -pedantic-errors   conftest.c  -lnsl >&5
configure:20471: $? = 0
configure:20471: result: yes
configure:20509: checking whether getopt_long_only is declared
configure:20509: gcc -c -g -O2  conftest.c >&5
configure:20509: $? = 0
configure:20509: result: yes
configure:20522: checking for getopt_long_only
configure:20522: gcc -o conftest -g -O2 -pedantic-errors   conftest.c  -lnsl >&5
configure:20522: $? = 0
configure:20522: result: yes
configure:20614: checking for libcext
configure:20703: gcc -c -I/home/mmarcano/Documents/VIMOS/NGC6652/esorex/include/cext -I/home/mmarcano/Documents/VIMOS/NGC6652/esorex/include  conftest.c >&5
configure:20703: $? = 0
configure:20728: gcc -o conftest -I/home/mmarcano/Documents/VIMOS/NGC6652/esorex/include/cext -I/home/mmarcano/Documents/VIMOS/NGC6652/esorex/include  -L/home/mmarcano/Documents/VIMOS/NGC6652/esorex/lib64 -L/home/mmarcano/Documents/VIMOS/NGC6652/esorex/lib conftest.c -lcext -lpthread >&5
configure:20728: $? = 0
configure:20770: result: yes
configure:20838: checking for CPL
configure:20919: gcc -c -I/home/mmarcano/Documents/VIMOS/NGC6652/esorex/include/cpl -I/home/mmarcano/Documents/VIMOS/NGC6652/esorex/include  conftest.c >&5
configure:20919: $? = 0
configure:20944: gcc -o conftest -I/home/mmarcano/Documents/VIMOS/NGC6652/esorex/include/cpl -I/home/mmarcano/Documents/VIMOS/NGC6652/esorex/include  -L/home/mmarcano/Documents/VIMOS/NGC6652/esorex/lib64 -L/home/mmarcano/Documents/VIMOS/NGC6652/esorex/lib conftest.c -lcplcore >&5
configure:20944: $? = 0
configure:20986: result: yes
configure:21196: checking for extra includes
configure:21216: result: added
configure:21224: checking for extra libs
configure:21244: result: added
configure:21255: checking if cpl_parameter_duplicate needs workaround
configure:21301: gcc -o conftest -I/home/mmarcano/Documents/VIMOS/NGC6652/esorex/include/cpl -I/home/mmarcano/Documents/VIMOS/NGC6652/esorex/include  -L/home/mmarcano/Documents/VIMOS/NGC6652/esorex/lib64 -L/home/mmarcano/Documents/VIMOS/NGC6652/esorex/lib conftest.c -lcplcore -lcplui >&5
configure:21301: $? = 0
configure:21301: ./conftest
configure:21301: $? = 0
configure:21336: result: no
configure:21346: checking for pkg-config
configure:21373: result: pkg-config
configure:21416: checking what extension is used for runtime loadable modules
configure:21428: result: .so
configure:21565: checking that generated files are newer than configure
configure:21571: result: done
configure:21643: creating ./config.status

## ---------------------- ##
## Running config.status. ##
## ---------------------- ##

This file was extended by ESO Recipe Execution Tool config.status 3.13.1, which was
generated by GNU Autoconf 2.69.  Invocation command line was

  CONFIG_FILES    = 
  CONFIG_HEADERS  = 
  CONFIG_LINKS    = 
  CONFIG_COMMANDS = 
  $ ./config.status 

on krieger.ttu.edu

config.status:1254: creating Makefile
config.status:1254: creating Doxyfile
config.status:1254: creating src/Makefile
config.status:1254: creating src/tests/Makefile
config.status:1254: creating etc/Makefile
config.status:1254: creating etc/esorex.rc
config.status:1254: creating config.h
config.status:1483: executing depfiles commands
config.status:1483: executing libtool commands
configure:24122: === configuring in libltdl (/home/mmarcano/Documents/VIMOS/NGC6652/esorex/vimos-kit-3.2.3/esorex-3.13.1/libltdl)
configure:24185: running /bin/sh ./configure --disable-option-checking '--prefix=/home/mmarcano/Documents/VIMOS/NGC6652/esorex'  '--with-extra-includes=/home/mmarcano/Documents/VIMOS/NGC6652/esorex/include' '--with-extra-libs=/home/mmarcano/Documents/VIMOS/NGC6652/esorex/lib' '--with-extra-libs=/home/mmarcano/Documents/VIMOS/NGC6652/esorex/lib64' '--with-extra-libs=/home/mmarcano/Documents/VIMOS/NGC6652/esorex/lib32' '--enable-ltdl-convenience' --cache-file=/dev/null --srcdir=.

## ---------------- ##
## Cache variables. ##
## ---------------- ##

ac_cv_build=x86_64-unknown-linux-gnu
ac_cv_c_compiler_gnu=yes
ac_cv_c_const=yes
ac_cv_c_inline=inline
ac_cv_cxx_compiler_gnu=yes
ac_cv_env_CCC_set=
ac_cv_env_CCC_value=
ac_cv_env_CC_set=
ac_cv_env_CC_value=
ac_cv_env_CFLAGS_set=
ac_cv_env_CFLAGS_value=
ac_cv_env_CPPFLAGS_set=
ac_cv_env_CPPFLAGS_value=
ac_cv_env_CPP_set=
ac_cv_env_CPP_value=
ac_cv_env_CXXCPP_set=
ac_cv_env_CXXCPP_value=
ac_cv_env_CXXFLAGS_set=
ac_cv_env_CXXFLAGS_value=
ac_cv_env_CXX_set=
ac_cv_env_CXX_value=
ac_cv_env_DOXYGEN_set=
ac_cv_env_DOXYGEN_value=
ac_cv_env_LATEX_set=
ac_cv_env_LATEX_value=
ac_cv_env_LDFLAGS_set=
ac_cv_env_LDFLAGS_value=
ac_cv_env_LIBS_set=
ac_cv_env_LIBS_value=
ac_cv_env_LT_SYS_LIBRARY_PATH_set=
ac_cv_env_LT_SYS_LIBRARY_PATH_value=
ac_cv_env_PKGCONFIG_set=
ac_cv_env_PKGCONFIG_value=
ac_cv_env_build_alias_set=
ac_cv_env_build_alias_value=
ac_cv_env_host_alias_set=
ac_cv_env_host_alias_value=
ac_cv_env_target_alias_set=
ac_cv_env_target_alias_value=
ac_cv_func_argz_add=yes
ac_cv_func_argz_append=yes
ac_cv_func_argz_count=yes
ac_cv_func_argz_create_sep=yes
ac_cv_func_argz_insert=yes
ac_cv_func_argz_next=yes
ac_cv_func_argz_stringify=yes
ac_cv_func_closedir=yes
ac_cv_func_closedir_void=no
ac_cv_func_dlerror=yes
ac_cv_func_getcwd=yes
ac_cv_func_getopt_long_only=yes
ac_cv_func_lstat=yes
ac_cv_func_lstat_dereferences_slashed_symlink=yes
ac_cv_func_opendir=yes
ac_cv_func_readdir=yes
ac_cv_func_shl_load=no
ac_cv_func_stat_empty_string_bug=no
ac_cv_func_strlcat=no
ac_cv_func_strlcpy=no
ac_cv_func_symlink=yes
ac_cv_have_decl_getopt_long_only=yes
ac_cv_have_decl_lstat=yes
ac_cv_have_decl_symlink=yes
ac_cv_header_argz_h=yes
ac_cv_header_dirent_dirent_h=yes
ac_cv_header_dirent_h=yes
ac_cv_header_dl_h=no
ac_cv_header_dld_h=no
ac_cv_header_dlfcn_h=yes
ac_cv_header_fcntl_h=yes
ac_cv_header_inttypes_h=yes
ac_cv_header_ltdl_h=no
ac_cv_header_mach_o_dyld_h=no
ac_cv_header_memory_h=yes
ac_cv_header_pwd_h=yes
ac_cv_header_stat_broken=no
ac_cv_header_stdc=yes
ac_cv_header_stdint_h=yes
ac_cv_header_stdlib_h=yes
ac_cv_header_string_h=yes
ac_cv_header_strings_h=yes
ac_cv_header_sys_dl_h=no
ac_cv_header_sys_stat_h=yes
ac_cv_header_sys_types_h=yes
ac_cv_header_unistd_h=yes
ac_cv_host=x86_64-unknown-linux-gnu
ac_cv_lib_dld_dld_link=no
ac_cv_lib_dld_shl_load=no
ac_cv_lib_nsl_inet_ntoa=yes
ac_cv_lib_socket_socket=no
ac_cv_member_struct_stat_st_blksize=yes
ac_cv_objext=o
ac_cv_path_DOXYGEN=/usr/bin/doxygen
ac_cv_path_EGREP='/bin/grep -E'
ac_cv_path_FGREP='/bin/grep -F'
ac_cv_path_GREP=/bin/grep
ac_cv_path_LATEX=/usr/bin/latex
ac_cv_path_SED=/bin/sed
ac_cv_path_install='/usr/bin/install -c'
ac_cv_path_lt_DD=/bin/dd
ac_cv_path_mkdir=/bin/mkdir
ac_cv_prog_AWK=gawk
ac_cv_prog_CPP='gcc -E'
ac_cv_prog_CXXCPP='g++ -E'
ac_cv_prog_PKGCONFIG=pkg-config
ac_cv_prog_ac_ct_AR=ar
ac_cv_prog_ac_ct_CC=gcc
ac_cv_prog_ac_ct_CXX=g++
ac_cv_prog_ac_ct_OBJDUMP=objdump
ac_cv_prog_ac_ct_RANLIB=ranlib
ac_cv_prog_ac_ct_STRIP=strip
ac_cv_prog_cc_c89=
ac_cv_prog_cc_g=yes
ac_cv_prog_cc_gcc_c_o=yes
ac_cv_prog_cxx_c_o=yes
ac_cv_prog_cxx_g=yes
ac_cv_prog_make_make_set=yes
ac_cv_search_dlopen=-ldl
ac_cv_search_opendir='none required'
ac_cv_sys_file_offset_bits=no
ac_cv_sys_largefile_CC=no
ac_cv_target=x86_64-unknown-linux-gnu
ac_cv_type_error_t=yes
am_cv_CC_dependencies_compiler_type=gcc3
am_cv_CXX_dependencies_compiler_type=gcc3
am_cv_make_support_nested_variables=yes
am_cv_prog_cc_c_o=yes
eso_cv_enable_debug=no
eso_cv_enable_strict=no
eso_cv_with_extra_includes=/home/mmarcano/Documents/VIMOS/NGC6652/esorex/include
eso_cv_with_extra_libs=/home/mmarcano/Documents/VIMOS/NGC6652/esorex/lib32
esorex_cv_enable_pyrecipes=no
libltdl_cv_lib_dl_dlopen=yes
libltdl_cv_preloaded_symbols=yes
libltdl_cv_shlibext=.so
libltdl_cv_shrext=.so
lt_cv_ar_at_file=@
lt_cv_archive_cmds_need_lc=no
lt_cv_deplibs_check_method=pass_all
lt_cv_file_magic_cmd='$MAGIC_CMD'
lt_cv_file_magic_test_file=
lt_cv_ld_reload_flag=-r
lt_cv_module_path_var=LD_LIBRARY_PATH
lt_cv_nm_interface='BSD nm'
lt_cv_objdir=.libs
lt_cv_path_LD=/usr/bin/ld
lt_cv_path_LDCXX='/usr/bin/ld -m elf_x86_64'
lt_cv_path_NM='/usr/bin/nm -B'
lt_cv_path_mainfest_tool=no
lt_cv_prog_compiler_c_o=yes
lt_cv_prog_compiler_c_o_CXX=yes
lt_cv_prog_compiler_pic='-fPIC -DPIC'
lt_cv_prog_compiler_pic_CXX='-fPIC -DPIC'
lt_cv_prog_compiler_pic_works=yes
lt_cv_prog_compiler_pic_works_CXX=yes
lt_cv_prog_compiler_rtti_exceptions=no
lt_cv_prog_compiler_static_works=no
lt_cv_prog_compiler_static_works_CXX=no
lt_cv_prog_gnu_ld=yes
lt_cv_prog_gnu_ldcxx=yes
lt_cv_sharedlib_from_linklib_cmd='printf %s\n'
lt_cv_shlibpath_overrides_runpath=no
lt_cv_sys_argz_works=yes
lt_cv_sys_dlopen_deplibs=yes
lt_cv_sys_dlsearch_path='/lib /usr/lib /usr/lib64/ast /usr/lib64/atlas /usr/lib64/ctapi /opt/rh/devtoolset-3/root/usr/lib64/dyninst /usr/lib64/mysql /usr/lib64/nx /usr/lib64/nx/X11 /usr/lib64/papi-4.1.3 /usr/lib64/papi-5.1.1/usr/lib /usr/lib64/qt-3.3/lib /usr/lib64/xulrunner /usr/local/lib /usr/local/lib64 '
lt_cv_sys_global_symbol_pipe='sed -n -e '\''s/^.*[	 ]\([ABCDGIRSTW][ABCDGIRSTW]*\)[	 ][	 ]*\([_A-Za-z][_A-Za-z0-9]*\)$/\1 \2 \2/p'\'' | sed '\''/ __gnu_lto/d'\'''
lt_cv_sys_global_symbol_to_c_name_address='sed -n -e '\''s/^: \(.*\) .*$/  {"\1", (void *) 0},/p'\'' -e '\''s/^[ABCDGIRSTW][ABCDGIRSTW]* .* \(.*\)$/  {"\1", (void *) \&\1},/p'\'''
lt_cv_sys_global_symbol_to_c_name_address_lib_prefix='sed -n -e '\''s/^: \(.*\) .*$/  {"\1", (void *) 0},/p'\'' -e '\''s/^[ABCDGIRSTW][ABCDGIRSTW]* .* \(lib.*\)$/  {"\1", (void *) \&\1},/p'\'' -e '\''s/^[ABCDGIRSTW][ABCDGIRSTW]* .* \(.*\)$/  {"lib\1", (void *) \&\1},/p'\'''
lt_cv_sys_global_symbol_to_cdecl='sed -n -e '\''s/^T .* \(.*\)$/extern int \1();/p'\'' -e '\''s/^[ABCDGIRSTW][ABCDGIRSTW]* .* \(.*\)$/extern char \1;/p'\'''
lt_cv_sys_global_symbol_to_import=
lt_cv_sys_max_cmd_len=1966080
lt_cv_sys_symbol_underscore=no
lt_cv_to_host_file_cmd=func_convert_file_noop
lt_cv_to_tool_file_cmd=func_convert_file_noop
lt_cv_truncate_bin='/bin/dd bs=4096 count=1'

## ----------------- ##
## Output variables. ##
## ----------------- ##

ACLOCAL='${SHELL} /home/mmarcano/Documents/VIMOS/NGC6652/esorex/vimos-kit-3.2.3/esorex-3.13.1/admin/missing aclocal-1.15'
AMDEPBACKSLASH='\'
AMDEP_FALSE='#'
AMDEP_TRUE=''
AMTAR='$${TAR-tar}'
AM_BACKSLASH='\'
AM_DEFAULT_V='$(AM_DEFAULT_VERBOSITY)'
AM_DEFAULT_VERBOSITY='1'
AM_V='$(V)'
AR='ar'
AUTOCONF='${SHELL} /home/mmarcano/Documents/VIMOS/NGC6652/esorex/vimos-kit-3.2.3/esorex-3.13.1/admin/missing autoconf'
AUTOHEADER='${SHELL} /home/mmarcano/Documents/VIMOS/NGC6652/esorex/vimos-kit-3.2.3/esorex-3.13.1/admin/missing autoheader'
AUTOMAKE='${SHELL} /home/mmarcano/Documents/VIMOS/NGC6652/esorex/vimos-kit-3.2.3/esorex-3.13.1/admin/missing automake-1.15'
AVCALL_INCLUDES=''
AWK='gawk'
CC='gcc'
CCDEPMODE='depmode=gcc3'
CFLAGS='-g -O2'
CONVENIENCE_LTDL_FALSE='#'
CONVENIENCE_LTDL_TRUE=''
CPL_CFLAGS='-I/home/mmarcano/Documents/VIMOS/NGC6652/esorex/include/cpl -I/home/mmarcano/Documents/VIMOS/NGC6652/esorex/include'
CPL_INCLUDES='-I/home/mmarcano/Documents/VIMOS/NGC6652/esorex/include/cpl -I/home/mmarcano/Documents/VIMOS/NGC6652/esorex/include'
CPL_LDFLAGS='-L/home/mmarcano/Documents/VIMOS/NGC6652/esorex/lib64 -L/home/mmarcano/Documents/VIMOS/NGC6652/esorex/lib'
CPP='gcc -E'
CPPFLAGS=''
CXX='g++'
CXXCPP='g++ -E'
CXXDEPMODE='depmode=gcc3'
CXXFLAGS='-g -O2'
CX_CFLAGS='-I/home/mmarcano/Documents/VIMOS/NGC6652/esorex/include/cext -I/home/mmarcano/Documents/VIMOS/NGC6652/esorex/include'
CX_INCLUDES='-I/home/mmarcano/Documents/VIMOS/NGC6652/esorex/include/cext -I/home/mmarcano/Documents/VIMOS/NGC6652/esorex/include'
CX_LDFLAGS='-L/home/mmarcano/Documents/VIMOS/NGC6652/esorex/lib64 -L/home/mmarcano/Documents/VIMOS/NGC6652/esorex/lib'
CYGPATH_W='echo'
DEFS='-DHAVE_CONFIG_H'
DEPDIR='.deps'
DLLTOOL='false'
DOXYGEN='/usr/bin/doxygen'
DSYMUTIL=''
DUMPBIN=''
ECHO_C=''
ECHO_N='-n'
ECHO_T=''
EGREP='/bin/grep -E'
ENABLE_PYTHON_RECIPES_FALSE=''
ENABLE_PYTHON_RECIPES_TRUE='#'
ESO_DEBUG_FLAGS='-DNDEBUG'
EXEEXT=''
FFI_INCLUDES=''
FFI_LDFLAGS=''
FGREP='/bin/grep -F'
GETOPT=''
GREP='/bin/grep'
HAVE_LIBAVCALL_FALSE=''
HAVE_LIBAVCALL_TRUE='#'
HAVE_LIBFFI_FALSE=''
HAVE_LIBFFI_TRUE='#'
INCLTDL='-I$(top_srcdir)/libltdl'
INSTALL_DATA='${INSTALL} -m 644'
INSTALL_LTDL_FALSE=''
INSTALL_LTDL_TRUE='#'
INSTALL_PROGRAM='${INSTALL}'
INSTALL_SCRIPT='${INSTALL}'
INSTALL_STRIP_PROGRAM='$(install_sh) -c -s'
LATEX='/usr/bin/latex'
LD='/usr/bin/ld -m elf_x86_64'
LDFLAGS=''
LIBADD_DL='-ldl '
LIBADD_DLD_LINK=''
LIBADD_DLOPEN='-ldl'
LIBADD_SHL_LOAD=''
LIBAVCALL=''
LIBCEXT='-lcext -lpthread'
LIBCPLCORE='-lcplcore'
LIBCPLDFS='-lcpldfs'
LIBCPLDRS='-lcpldrs'
LIBCPLUI='-lcplui'
LIBFFI=''
LIBLTDL='$(top_build_prefix)libltdl/libltdlc.la'
LIBOBJS=''
LIBS=' -lnsl'
LIBTOOL='$(SHELL) $(top_builddir)/libtool'
LIBTOOL_DEPS='admin/ltmain.sh'
LIPO=''
LN_S='ln -s'
LTDLDEPS='$(top_build_prefix)libltdl/libltdlc.la'
LTDLINCL='-I$(top_srcdir)/libltdl'
LTDLOPEN='libltdl'
LTLIBOBJS=''
LT_ARGZ_H=''
LT_CONFIG_H='config.h'
LT_DLLOADERS=' libltdl/dlopen.la'
LT_DLPREOPEN='-dlpreopen libltdl/dlopen.la '
LT_SYS_LIBRARY_PATH=''
MAINT='#'
MAINTAINER_MODE_FALSE=''
MAINTAINER_MODE_TRUE='#'
MAKEINFO='${SHELL} /home/mmarcano/Documents/VIMOS/NGC6652/esorex/vimos-kit-3.2.3/esorex-3.13.1/admin/missing makeinfo'
MANIFEST_TOOL=':'
MKDIR_P='/bin/mkdir -p'
NM='/usr/bin/nm -B'
NMEDIT=''
OBJDUMP='objdump'
OBJEXT='o'
OTOOL64=''
OTOOL=''
PACKAGE='esorex'
PACKAGE_BUGREPORT='cpl-help@eso.org'
PACKAGE_NAME='ESO Recipe Execution Tool'
PACKAGE_STRING='ESO Recipe Execution Tool 3.13.1'
PACKAGE_TARNAME='esorex'
PACKAGE_URL=''
PACKAGE_VERSION='3.13.1'
PATH_SEPARATOR=':'
PKGCONFIG='pkg-config'
RANLIB='ranlib'
SED='/bin/sed'
SET_MAKE=''
SHELL='/bin/sh'
STRIP='strip'
VERSION='3.13.1'
ac_ct_AR='ar'
ac_ct_CC='gcc'
ac_ct_CXX='g++'
ac_ct_DUMPBIN=''
am__EXEEXT_FALSE=''
am__EXEEXT_TRUE='#'
am__fastdepCC_FALSE='#'
am__fastdepCC_TRUE=''
am__fastdepCXX_FALSE='#'
am__fastdepCXX_TRUE=''
am__include='include'
am__isrc=''
am__leading_dot='.'
am__nodep='_no'
am__quote=''
am__tar='$${TAR-tar} chof - "$$tardir"'
am__untar='$${TAR-tar} xf -'
apidocdir='${datadir}/doc/${PACKAGE}/html'
bashcompdir='${prefix}/share/bash-completion/completions'
bindir='${exec_prefix}/bin'
build='x86_64-unknown-linux-gnu'
build_alias=''
build_cpu='x86_64'
build_os='linux-gnu'
build_vendor='unknown'
configdir='${datadir}/${PACKAGE}/config'
datadir='${datarootdir}'
datarootdir='${prefix}/share'
docdir='${datarootdir}/doc/${PACKAGE_TARNAME}'
dvidir='${docdir}'
exec_prefix='/home/mmarcano/Documents/VIMOS/NGC6652/esorex'
host='x86_64-unknown-linux-gnu'
host_alias=''
host_cpu='x86_64'
host_os='linux-gnu'
host_vendor='unknown'
htmldir='${docdir}'
includedir='${prefix}/include'
infodir='${datarootdir}/info'
install_sh='${SHELL} /home/mmarcano/Documents/VIMOS/NGC6652/esorex/vimos-kit-3.2.3/esorex-3.13.1/admin/install-sh'
libdir='${exec_prefix}/lib'
libexecdir='${exec_prefix}/libexec'
localedir='${datarootdir}/locale'
localstatedir='${prefix}/var'
ltdl_LIBOBJS=' lt__strl.o'
ltdl_LTLIBOBJS=' lt__strl.lo'
mandir='${datarootdir}/man'
mkdir_p='$(MKDIR_P)'
oldincludedir='/usr/include'
pdfdir='${docdir}'
prefix='/home/mmarcano/Documents/VIMOS/NGC6652/esorex'
program_transform_name='s,x,x,'
psdir='${docdir}'
recipedir='/home/mmarcano/Documents/VIMOS/NGC6652/esorex/lib'
sbindir='${exec_prefix}/sbin'
sharedstatedir='${prefix}/com'
subdirs=' libltdl'
sys_symbol_underscore='no'
sysconfdir='${prefix}/etc'
target='x86_64-unknown-linux-gnu'
target_alias=''
target_cpu='x86_64'
target_os='linux-gnu'
target_vendor='unknown'

## ----------- ##
## confdefs.h. ##
## ----------- ##

/* confdefs.h */
#define PACKAGE_NAME "ESO Recipe Execution Tool"
#define PACKAGE_TARNAME "esorex"
#define PACKAGE_VERSION "3.13.1"
#define PACKAGE_STRING "ESO Recipe Execution Tool 3.13.1"
#define PACKAGE_BUGREPORT "cpl-help@eso.org"
#define PACKAGE_URL ""
#define PACKAGE "esorex"
#define VERSION "3.13.1"
#define STDC_HEADERS 1
#define HAVE_SYS_TYPES_H 1
#define HAVE_SYS_STAT_H 1
#define HAVE_STDLIB_H 1
#define HAVE_STRING_H 1
#define HAVE_MEMORY_H 1
#define HAVE_STRINGS_H 1
#define HAVE_INTTYPES_H 1
#define HAVE_STDINT_H 1
#define HAVE_UNISTD_H 1
#define HAVE_DLFCN_H 1
#define LT_OBJDIR ".libs/"
#define LT_MODULE_EXT ".so"
#define LT_MODULE_PATH_VAR "LD_LIBRARY_PATH"
#define LT_DLSEARCH_PATH "/lib:/usr/lib:/usr/lib64/ast:/usr/lib64/atlas:/usr/lib64/ctapi:/opt/rh/devtoolset-3/root/usr/lib64/dyninst:/usr/lib64/mysql:/usr/lib64/nx:/usr/lib64/nx/X11:/usr/lib64/papi-4.1.3:/usr/lib64/papi-5.1.1/usr/lib:/usr/lib64/qt-3.3/lib:/usr/lib64/xulrunner:/usr/local/lib:/usr/local/lib64"
#define HAVE_LIBDL 1
#define HAVE_DLERROR 1
#define HAVE_LIBDLLOADER 1
#define HAVE_ARGZ_H 1
#define HAVE_ERROR_T 1
#define HAVE_ARGZ_ADD 1
#define HAVE_ARGZ_APPEND 1
#define HAVE_ARGZ_COUNT 1
#define HAVE_ARGZ_CREATE_SEP 1
#define HAVE_ARGZ_INSERT 1
#define HAVE_ARGZ_NEXT 1
#define HAVE_ARGZ_STRINGIFY 1
#define HAVE_WORKING_ARGZ 1
#define HAVE_PRELOADED_SYMBOLS 1
#define HAVE_UNISTD_H 1
#define HAVE_DIRENT_H 1
#define HAVE_CLOSEDIR 1
#define HAVE_OPENDIR 1
#define HAVE_READDIR 1
#define LT_LIBEXT "a"
#define LT_LIBPREFIX "lib"
#define STDC_HEADERS 1
#define HAVE_DIRENT_H 1
#define HAVE_FCNTL_H 1
#define HAVE_STDLIB_H 1
#define HAVE_STRING_H 1
#define HAVE_UNISTD_H 1
#define HAVE_SYS_STAT_H 1
#define HAVE_SYS_TYPES_H 1
#define HAVE_PWD_H 1
#define HAVE_STRUCT_STAT_ST_BLKSIZE 1
#define HAVE_ST_BLKSIZE 1
#define LSTAT_FOLLOWS_SLASHED_SYMLINK 1
#define HAVE_GETCWD 1
#define HAVE_SYMLINK 1
#define HAVE_LSTAT 1
#define HAVE_GETOPT_LONG_ONLY 1
#define LT_MODULE_EXT ".so"

configure: exit 0
