
Start time     : 2018-10-23T18:26:25
Program name   : esorex
Severity level : [ INFO  ] 

18:26:25 [ INFO  ] : [tid=000] This is EsoRex, version 3.13.1
18:26:25 [ INFO  ] : [tid=000] using the libraries: CPL = 7.1, CFITSIO = 3.36, WCSLIB = 4.24, FFTW (normal precision) = 3.3.4-sse2, FFTW (single precision) = 3.3.4-sse2, CPL FLOP counting is unavailable, enable with -DCPL_ADD_FLOPS, OPENMP = 200805
18:26:25 [ INFO  ] : [tid=000] Invocation command line was: /home/mmarcano/Documents/VIMOS/NGC6652/esorex/bin/esorex --output-dir=/home/mmarcano/Documents/VIMOS/NGC6652/data/NGC6652A3/2003-06-04T03:46/RawESOdata/quadrant2 --log-dir=/home/mmarcano/Documents/VIMOS/NGC6652/data/NGC6652A3/2003-06-04T03:46/RawESOdata/quadrant2 vmifucalib /home/mmarcano/Documents/VIMOS/NGC6652/data/NGC6652A3/2003-06-04T03:46/RawESOdata/quadrant2/calib.sof
18:26:25 [ INFO  ] vimos_print_banner: [tid=000] *****************************************
18:26:25 [ INFO  ] vimos_print_banner: [tid=000] Welcome to VIMOS Pipeline release 3.2.3
18:26:25 [ INFO  ] vimos_print_banner: [tid=000] *****************************************
18:26:25 [ INFO  ] vmifucalib: [tid=000] Loading the input frames...
18:26:25 [ INFO  ] vmifucalib: [tid=000] Processing data from quadrant 2, HR_blue/Free, shutter ON...
18:26:25 [ INFO  ] vmifucalib: [tid=000] Bias removal...
18:26:25 [ INFO  ] vmifucalib: [tid=000] Processing spectra in pseudo-slit 2:
18:26:25 [ INFO  ] vmifucalib: [tid=000]   Identify and trace flat field spectra...
18:26:26 [ INFO  ] ifuIdentifyUpgrade: [tid=000]   Cross-correlation offset with reference identification: 0.118953
18:26:26 [ INFO  ] vmifucalib: [tid=000]     358 out of 400 spectra were identified and traced.
18:26:26 [ INFO  ] vmifucalib: [tid=000]   Extract flat field spectra...
18:26:28 [ INFO  ] vmifucalib: [tid=000]   Extract arc lamp spectra...
18:26:32 [ INFO  ] vmifucalib: [tid=000]   Compute the wavelength calibration (blind)...
18:26:32 [ INFO  ] vmifucalib: [tid=000]     356 out of 358 extracted spectra were wavelength calibrated.
18:26:32 [ INFO  ] vmifucalib: [tid=000]   Resample flat field spectra at constant wavelength step (0.54 Angstrom)
18:26:32 [ INFO  ] vmifucalib: [tid=000]   Resample arc lamp spectra at constant wavelength step (0.54 Angstrom)
18:26:32 [ INFO  ] vmifucalib: [tid=000] Derive the relative transmission correction from extracted flat field spectra...
18:26:32 [ INFO  ] vmifucalib: [tid=000] Computing QC1 parameters...
18:26:32 [ INFO  ] vmifucalib: [tid=000] Flux of He 5015.68: 10037.31 +/- 1953.79 ADU/fiber/s
18:26:32 [ INFO  ] vmifucalib: [tid=000] Flux of Ne 5944.83: 17641.04 +/- 3667.56 ADU/fiber/s
18:26:32 [WARNING] vmifucalib: [tid=000] No Ar lines in HR_blue spectral range: corresponding QC1 parameters are not computed.
18:26:32 [ INFO  ] vmifucalib: [tid=000] Spectral resolution at 6030.00: 3115.31 +/- 166.26
18:26:32 [ INFO  ] vmifucalib: [tid=000] Spectral resolution at 5015.67: 2762.54 +/- 152.39
18:26:32 [ INFO  ] vmifucalib: [tid=000] Spectral resolution at 4471.48: 2639.60 +/- 108.06
18:26:32 [ INFO  ] distortionsRms: [tid=000] RMS for 4026.19: line not available
18:26:32 [ INFO  ] distortionsRms: [tid=000] RMS for 4471.48: 0.097
18:26:32 [ INFO  ] distortionsRms: [tid=000] RMS for 4713.14: 0.230
18:26:32 [ INFO  ] distortionsRms: [tid=000] RMS for 4921.93: 0.195
18:26:32 [ INFO  ] distortionsRms: [tid=000] RMS for 5015.67: 0.078
18:26:32 [ INFO  ] distortionsRms: [tid=000] RMS for 5764.42: 0.305
18:26:32 [ INFO  ] distortionsRms: [tid=000] RMS for 5852.49: 0.211
18:26:32 [ INFO  ] distortionsRms: [tid=000] RMS for 5875.62: 0.173
18:26:32 [ INFO  ] distortionsRms: [tid=000] RMS for 5944.83: 0.244
18:26:32 [ INFO  ] distortionsRms: [tid=000] RMS for 6030.00: 0.227
18:26:32 [ INFO  ] distortionsRms: [tid=000] RMS for 6074.34: 0.287
18:26:32 [ INFO  ] distortionsRms: [tid=000] RMS for 6096.16: 0.163
18:26:32 [ INFO  ] distortionsRms: [tid=000] RMS for 6143.06: 0.265
18:26:32 [ INFO  ] distortionsRms: [tid=000] RMS for 6163.59: 0.252
18:26:32 [ INFO  ] distortionsRms: [tid=000] RMS for 6217.28: 0.060
18:26:32 [ INFO  ] distortionsRms: [tid=000] RMS for 6266.50: line not available
18:26:32 [ INFO  ] vmifucalib: [tid=000] IDS RMS: 0.207 pixel
18:26:33 [ INFO  ] : [tid=000] Calculating product checksums
18:26:33 [ INFO  ] : [tid=000] Created product /home/mmarcano/Documents/VIMOS/NGC6652/data/NGC6652A3/2003-06-04T03:46/RawESOdata/quadrant2/ifu_arc_spectrum_extracted.fits
18:26:33 [ INFO  ] : [tid=000] Created product /home/mmarcano/Documents/VIMOS/NGC6652/data/NGC6652A3/2003-06-04T03:46/RawESOdata/quadrant2/ifu_flat_spectrum_extracted.fits
18:26:33 [ INFO  ] : [tid=000] Created product /home/mmarcano/Documents/VIMOS/NGC6652/data/NGC6652A3/2003-06-04T03:46/RawESOdata/quadrant2/ifu_ids.fits
18:26:33 [ INFO  ] : [tid=000] Created product /home/mmarcano/Documents/VIMOS/NGC6652/data/NGC6652A3/2003-06-04T03:46/RawESOdata/quadrant2/ifu_master_screen_flat.fits
18:26:33 [ INFO  ] : [tid=000] Created product /home/mmarcano/Documents/VIMOS/NGC6652/data/NGC6652A3/2003-06-04T03:46/RawESOdata/quadrant2/ifu_trace.fits
18:26:33 [ INFO  ] : [tid=000] Created product /home/mmarcano/Documents/VIMOS/NGC6652/data/NGC6652A3/2003-06-04T03:46/RawESOdata/quadrant2/ifu_transmission.fits
18:26:33 [ INFO  ] : [tid=000] 6 products created
18:26:33 [ INFO  ] : [tid=000] Recipe operation(s) took           8.38 seconds to complete.
18:26:33 [ INFO  ] : [tid=000] Total size of 2 raw input frames  =    35.27 MB

18:26:33 [ INFO  ] : [tid=000] => processing rate of     4.21 MB/sec 

