
Start time     : 2018-10-23T18:26:33
Program name   : esorex
Severity level : [ INFO  ] 

18:26:33 [ INFO  ] : [tid=000] This is EsoRex, version 3.13.1
18:26:33 [ INFO  ] : [tid=000] using the libraries: CPL = 7.1, CFITSIO = 3.36, WCSLIB = 4.24, FFTW (normal precision) = 3.3.4-sse2, FFTW (single precision) = 3.3.4-sse2, CPL FLOP counting is unavailable, enable with -DCPL_ADD_FLOPS, OPENMP = 200805
18:26:33 [ INFO  ] : [tid=000] Invocation command line was: /home/mmarcano/Documents/VIMOS/NGC6652/esorex/bin/esorex --output-dir=/home/mmarcano/Documents/VIMOS/NGC6652/data/NGC6652A3/2003-06-04T03:46/RawESOdata/quadrant2 --log-dir=/home/mmarcano/Documents/VIMOS/NGC6652/data/NGC6652A3/2003-06-04T03:46/RawESOdata/quadrant2 vmifustandard /home/mmarcano/Documents/VIMOS/NGC6652/data/NGC6652A3/2003-06-04T03:46/RawESOdata/quadrant2/ifustandard.sof
18:26:33 [ INFO  ] vmifustandard: [tid=000] Loading input frames...
18:26:33 [ INFO  ] vmifustandard: [tid=000] Bias removal...
18:26:34 [ INFO  ] vmifustandard: [tid=000] Processing data from quadrant 2, HR_blue/Free, shutter ON...
18:26:34 [ INFO  ] vmifustandard: [tid=000] Processing data from quadrant 2...
18:26:34 [ INFO  ] vmifustandard: [tid=000] Processing spectra in pseudo-slit 2:
18:26:34 [ INFO  ] vmifustandard: [tid=000]   Load flat field tracing table...
18:26:34 [ INFO  ] vmifustandard: [tid=000]   Detect traceable spectra on standard star exposure...
18:26:34 [ INFO  ] vmifustandard: [tid=000]     12 spectra detected on standard star exposure.
18:26:34 [ INFO  ] vmifustandard: [tid=000]   Tracing detected spectra...
18:26:34 [ INFO  ] vmifustandard: [tid=000]   Identify traced spectra on standard star exposure...
18:26:34 [ INFO  ] vmifustandard: [tid=000]   Align flat field tracings to standard star exposure...
18:26:34 [ INFO  ] vmifustandard: [tid=000]   Simple extraction of standard star and sky spectra...
18:26:38 [ INFO  ] vmifustandard: [tid=000]   Align wavelength calibration to detected sky lines...
18:26:38 [ INFO  ] ifuAlignSkylines: [tid=000]   Applying median shift of 0.087172 px
18:26:38 [ INFO  ] ifuAlignSkylines: [tid=000]   NOT applying individual shifts
18:26:38 [ INFO  ] vmifustandard: [tid=000]     Alignment: 0.09 CCD pixels
18:26:38 [ INFO  ] vmifustandard: [tid=000]   Resample standard star spectra at constant wavelength step (0.54 Angstrom)
18:26:38 [ INFO  ] vmifustandard: [tid=000] Apply transmission correction to extracted spectra...
18:26:38 [ INFO  ] vmifustandard: [tid=000] Computing QC1 parameters...
18:26:38 [ INFO  ] createFitsTable: [tid=000] Table ifu_specphot_table.fits (SPH) created.
18:26:38 [ INFO  ] : [tid=000] Calculating product checksums
18:26:38 [ INFO  ] : [tid=000] Created product /home/mmarcano/Documents/VIMOS/NGC6652/data/NGC6652A3/2003-06-04T03:46/RawESOdata/quadrant2/ifu_science_sky.fits
18:26:38 [ INFO  ] : [tid=000] Created product /home/mmarcano/Documents/VIMOS/NGC6652/data/NGC6652A3/2003-06-04T03:46/RawESOdata/quadrant2/ifu_specphot_table.fits
18:26:38 [ INFO  ] : [tid=000] Created product /home/mmarcano/Documents/VIMOS/NGC6652/data/NGC6652A3/2003-06-04T03:46/RawESOdata/quadrant2/ifu_standard_extracted.fits
18:26:38 [ INFO  ] : [tid=000] Created product /home/mmarcano/Documents/VIMOS/NGC6652/data/NGC6652A3/2003-06-04T03:46/RawESOdata/quadrant2/ifu_standard_reduced.fits
18:26:38 [ INFO  ] : [tid=000] Created product /home/mmarcano/Documents/VIMOS/NGC6652/data/NGC6652A3/2003-06-04T03:46/RawESOdata/quadrant2/ifu_std_fov.fits
18:26:38 [ INFO  ] : [tid=000] 5 products created
18:26:38 [ INFO  ] : [tid=000] Recipe operation(s) took            4.8 seconds to complete.
18:26:38 [ INFO  ] : [tid=000] Size of single raw input frame  =    17.63 MB

18:26:38 [ INFO  ] : [tid=000] => processing rate of     3.67 MB/sec 

