
Start time     : 2018-10-23T18:26:38
Program name   : esorex
Severity level : [ INFO  ] 

18:26:38 [ INFO  ] : [tid=000] This is EsoRex, version 3.13.1
18:26:38 [ INFO  ] : [tid=000] using the libraries: CPL = 7.1, CFITSIO = 3.36, WCSLIB = 4.24, FFTW (normal precision) = 3.3.4-sse2, FFTW (single precision) = 3.3.4-sse2, CPL FLOP counting is unavailable, enable with -DCPL_ADD_FLOPS, OPENMP = 200805
18:26:38 [ INFO  ] : [tid=000] Invocation command line was: /home/mmarcano/Documents/VIMOS/NGC6652/esorex/bin/esorex --output-dir=/home/mmarcano/Documents/VIMOS/NGC6652/data/NGC6652A3/2003-06-04T03:46/RawESOdata/quadrant2 --log-dir=/home/mmarcano/Documents/VIMOS/NGC6652/data/NGC6652A3/2003-06-04T03:46/RawESOdata/quadrant2 vmifuscience --CalibrateFlux=true /home/mmarcano/Documents/VIMOS/NGC6652/data/NGC6652A3/2003-06-04T03:46/RawESOdata/quadrant2/ifuscience.sof
18:26:38 [ INFO  ] vmifuscience: [tid=000] Loading input frames...
18:26:38 [ INFO  ] vmifuscience: [tid=000] Bias removal...
18:26:38 [ INFO  ] vmifuscience: [tid=000] Processing data from quadrant 2, HR_blue/Free, shutter ON...
18:26:38 [ INFO  ] vmifuscience: [tid=000] Processing spectra in pseudo-slit 2:
18:26:38 [ INFO  ] vmifuscience: [tid=000]   Load flat field tracing table...
18:26:39 [ INFO  ] vmifuscience: [tid=000]   Detect traceable spectra on science...
18:26:39 [ INFO  ] vmifuscience: [tid=000]     Detection threshold: 70.000000, Detected spectra: 6
18:26:39 [ INFO  ] vmifuscience: [tid=000]     Detection threshold: 67.000000, Detected spectra: 7
18:26:39 [ INFO  ] vmifuscience: [tid=000]     Detection threshold: 64.000000, Detected spectra: 9
18:26:39 [ INFO  ] vmifuscience: [tid=000]     Detection threshold: 61.000000, Detected spectra: 10
18:26:39 [ INFO  ] vmifuscience: [tid=000]     Detection threshold: 58.000000, Detected spectra: 13
18:26:39 [ INFO  ] vmifuscience: [tid=000]     Detection threshold: 55.000000, Detected spectra: 25
18:26:39 [ INFO  ] vmifuscience: [tid=000]     Detection threshold: 52.000000, Detected spectra: 32
18:26:39 [ INFO  ] vmifuscience: [tid=000]     Detection threshold: 49.000000, Detected spectra: 40
18:26:39 [ INFO  ] vmifuscience: [tid=000]     Detection threshold: 46.000000, Detected spectra: 47
18:26:39 [ INFO  ] vmifuscience: [tid=000]     Detection threshold: 43.000000, Detected spectra: 60
18:26:39 [ INFO  ] vmifuscience: [tid=000]     60 spectra detected on scientific exposure.
18:26:39 [ INFO  ] vmifuscience: [tid=000]   Tracing detected spectra...
18:26:39 [ INFO  ] vmifuscience: [tid=000]   Identify traced spectra on science exposure...
18:26:39 [ INFO  ] vmifuscience: [tid=000]   Flat tracings alignment: offset: 0.264023, slope: 0.000059
18:26:39 [ INFO  ] vmifuscience: [tid=000]   Align flat field tracings to science exposure...
18:26:39 [ INFO  ] vmifuscience: [tid=000]   Extraction of scientific spectra...
18:26:41 [ INFO  ] vmifuscience: [tid=000]   Align wavelength calibration to detected sky lines...
18:26:41 [ INFO  ] ifuAlignSkylines: [tid=000]   Applying median shift of 3.529022 px
18:26:41 [ INFO  ] ifuAlignSkylines: [tid=000]   NOT applying individual shifts
18:26:41 [ INFO  ] vmifuscience: [tid=000]     Alignment: 3.53 CCD pixels
18:26:41 [ INFO  ] vmifuscience: [tid=000]   Resample scientific spectra at constant wavelength step (0.54 Angstrom)
18:26:41 [ INFO  ] vmifuscience: [tid=000] Apply transmission correction to extracted spectra...
18:26:41 [ INFO  ] vmifuscience: [tid=000] Applying spectro-photometric calibration ...
18:26:41 [ INFO  ] VmSpApplyPhot: [tid=000] Mean airmass: 1.2214
18:26:42 [ INFO  ] : [tid=000] Calculating product checksums
18:26:42 [ INFO  ] : [tid=000] Created product /home/mmarcano/Documents/VIMOS/NGC6652/data/NGC6652A3/2003-06-04T03:46/RawESOdata/quadrant2/ifu_fov.fits
18:26:42 [ INFO  ] : [tid=000] Created product /home/mmarcano/Documents/VIMOS/NGC6652/data/NGC6652A3/2003-06-04T03:46/RawESOdata/quadrant2/ifu_science_flux_reduced.fits
18:26:42 [ INFO  ] : [tid=000] Created product /home/mmarcano/Documents/VIMOS/NGC6652/data/NGC6652A3/2003-06-04T03:46/RawESOdata/quadrant2/ifu_science_reduced.fits
18:26:42 [ INFO  ] : [tid=000] Created product /home/mmarcano/Documents/VIMOS/NGC6652/data/NGC6652A3/2003-06-04T03:46/RawESOdata/quadrant2/ifu_sky_ids.fits
18:26:42 [ INFO  ] : [tid=000] Created product /home/mmarcano/Documents/VIMOS/NGC6652/data/NGC6652A3/2003-06-04T03:46/RawESOdata/quadrant2/ifu_sky_trace.fits
18:26:42 [ INFO  ] : [tid=000] 5 products created
18:26:42 [ INFO  ] : [tid=000] Recipe operation(s) took           3.47 seconds to complete.
18:26:42 [ INFO  ] : [tid=000] Size of single raw input frame  =    17.63 MB

18:26:42 [ INFO  ] : [tid=000] => processing rate of     5.08 MB/sec 

