This file contains any messages produced by compilers while
running configure, to aid debugging if configure makes a mistake.

It was created by WCSLIB configure 4.24, which was
generated by GNU Autoconf 2.69.  Invocation command line was

  $ /home/mmarcano/Documents/VIMOS/NGC6652/esorex/vimos-kit-3.2.3/wcslib-4.24/configure --prefix=/home/mmarcano/Documents/VIMOS/NGC6652/esorex --disable-fortran --with-cfitsiolib=/home/mmarcano/Documents/VIMOS/NGC6652/esorex/lib --with-cfitsioinc=/home/mmarcano/Documents/VIMOS/NGC6652/esorex/include

## --------- ##
## Platform. ##
## --------- ##

hostname = krieger.ttu.edu
uname -m = x86_64
uname -r = 2.6.32-696.13.2.el6.x86_64
uname -s = Linux
uname -v = #1 SMP Thu Oct 5 17:13:40 CDT 2017

/usr/bin/uname -p = unknown
/bin/uname -X     = unknown

/bin/arch              = x86_64
/usr/bin/arch -k       = unknown
/usr/convex/getsysinfo = unknown
/usr/bin/hostinfo      = unknown
/bin/machine           = unknown
/usr/bin/oslevel       = unknown
/bin/universe          = unknown

PATH: /home/mmarcano/anaconda3/bin
PATH: /home/mmarcano/anaconda3/bin
PATH: /usr/local/snid-5.0/bin
PATH: /usr/local/sched/bin/
PATH: /usr/lib64/qt-3.3/bin
PATH: /usr/local/MATLAB/R2013a/bin/
PATH: /usr/local/karma/bin
PATH: /usr/local/casutools/bin
PATH: /usr/local/casa-release-4.5.2-el6/
PATH: /usr/local/astrometry/bin
PATH: /usr/local/bin
PATH: /bin
PATH: /usr/bin
PATH: /usr/local/sbin
PATH: /usr/sbin
PATH: /sbin
PATH: /home/mmarcano22/Documents/Computer/Montage/bin
PATH: /home/mmarcano22/.gem/ruby/2.3.0/bin
PATH: /home/mmarcano22/Documents/Computer/Montage/bin
PATH: /home/mmarcano22/.gem/ruby/2.3.0/bin


## ----------- ##
## Core tests. ##
## ----------- ##

configure:2620: checking build system type
configure:2634: result: x86_64-unknown-linux-gnu
configure:2661: checking for flex
configure:2677: found /usr/bin/flex
configure:2688: result: flex
configure:2705: Using Flex version 2.5.35.
configure:2767: checking for gcc
configure:2783: found /usr/bin/gcc
configure:2794: result: gcc
configure:3023: checking for C compiler version
configure:3032: gcc --version >&5
gcc (GCC) 4.4.7 20120313 (Red Hat 4.4.7-18)
Copyright (C) 2010 Free Software Foundation, Inc.
This is free software; see the source for copying conditions.  There is NO
warranty; not even for MERCHANTABILITY or FITNESS FOR A PARTICULAR PURPOSE.

configure:3043: $? = 0
configure:3032: gcc -v >&5
Using built-in specs.
Target: x86_64-redhat-linux
Configured with: ../configure --prefix=/usr --mandir=/usr/share/man --infodir=/usr/share/info --with-bugurl=http://bugzilla.redhat.com/bugzilla --enable-bootstrap --enable-shared --enable-threads=posix --enable-checking=release --with-system-zlib --enable-__cxa_atexit --disable-libunwind-exceptions --enable-gnu-unique-object --enable-languages=c,c++,objc,obj-c++,java,fortran,ada --enable-java-awt=gtk --disable-dssi --with-java-home=/usr/lib/jvm/java-1.5.0-gcj-1.5.0.0/jre --enable-libgcj-multifile --enable-java-maintainer-mode --with-ecj-jar=/usr/share/java/eclipse-ecj.jar --disable-libjava-multilib --with-ppl --with-cloog --with-tune=generic --with-arch_32=i686 --build=x86_64-redhat-linux
Thread model: posix
gcc version 4.4.7 20120313 (Red Hat 4.4.7-18) (GCC) 
configure:3043: $? = 0
configure:3032: gcc -V >&5
gcc: '-V' option must have argument
configure:3043: $? = 1
configure:3032: gcc -qversion >&5
gcc: unrecognized option '-qversion'
gcc: no input files
configure:3043: $? = 1
configure:3063: checking whether the C compiler works
configure:3085: gcc    conftest.c  >&5
configure:3089: $? = 0
configure:3137: result: yes
configure:3140: checking for C compiler default output file name
configure:3142: result: a.out
configure:3148: checking for suffix of executables
configure:3155: gcc -o conftest    conftest.c  >&5
configure:3159: $? = 0
configure:3181: result: 
configure:3203: checking whether we are cross compiling
configure:3211: gcc -o conftest    conftest.c  >&5
configure:3215: $? = 0
configure:3222: ./conftest
configure:3226: $? = 0
configure:3241: result: no
configure:3246: checking for suffix of object files
configure:3268: gcc -c   conftest.c >&5
configure:3272: $? = 0
configure:3293: result: o
configure:3297: checking whether we are using the GNU C compiler
configure:3316: gcc -c   conftest.c >&5
configure:3316: $? = 0
configure:3325: result: yes
configure:3334: checking whether gcc accepts -g
configure:3354: gcc -c -g  conftest.c >&5
configure:3354: $? = 0
configure:3395: result: yes
configure:3412: checking for gcc option to accept ISO C89
configure:3475: gcc  -c -g -O2  conftest.c >&5
configure:3475: $? = 0
configure:3488: result: none needed
configure:3513: checking how to run the C preprocessor
configure:3544: gcc -E  conftest.c
configure:3544: $? = 0
configure:3558: gcc -E  conftest.c
conftest.c:10:28: error: ac_nonexistent.h: No such file or directory
configure:3558: $? = 1
configure: failed program was:
| /* confdefs.h */
| #define PACKAGE_NAME "WCSLIB"
| #define PACKAGE_TARNAME "wcslib-4.24"
| #define PACKAGE_VERSION "4.24"
| #define PACKAGE_STRING "WCSLIB 4.24"
| #define PACKAGE_BUGREPORT "mark@calabretta.id.au"
| #define PACKAGE_URL ""
| #define WCSLIB_VERSION 4.24
| /* end confdefs.h.  */
| #include <ac_nonexistent.h>
configure:3583: result: gcc -E
configure:3603: gcc -E  conftest.c
configure:3603: $? = 0
configure:3617: gcc -E  conftest.c
conftest.c:10:28: error: ac_nonexistent.h: No such file or directory
configure:3617: $? = 1
configure: failed program was:
| /* confdefs.h */
| #define PACKAGE_NAME "WCSLIB"
| #define PACKAGE_TARNAME "wcslib-4.24"
| #define PACKAGE_VERSION "4.24"
| #define PACKAGE_STRING "WCSLIB 4.24"
| #define PACKAGE_BUGREPORT "mark@calabretta.id.au"
| #define PACKAGE_URL ""
| #define WCSLIB_VERSION 4.24
| /* end confdefs.h.  */
| #include <ac_nonexistent.h>
configure:3693: checking for gcc
configure:3720: result: gcc
configure:3949: checking for C compiler version
configure:3958: gcc --version >&5
gcc (GCC) 4.4.7 20120313 (Red Hat 4.4.7-18)
Copyright (C) 2010 Free Software Foundation, Inc.
This is free software; see the source for copying conditions.  There is NO
warranty; not even for MERCHANTABILITY or FITNESS FOR A PARTICULAR PURPOSE.

configure:3969: $? = 0
configure:3958: gcc -v >&5
Using built-in specs.
Target: x86_64-redhat-linux
Configured with: ../configure --prefix=/usr --mandir=/usr/share/man --infodir=/usr/share/info --with-bugurl=http://bugzilla.redhat.com/bugzilla --enable-bootstrap --enable-shared --enable-threads=posix --enable-checking=release --with-system-zlib --enable-__cxa_atexit --disable-libunwind-exceptions --enable-gnu-unique-object --enable-languages=c,c++,objc,obj-c++,java,fortran,ada --enable-java-awt=gtk --disable-dssi --with-java-home=/usr/lib/jvm/java-1.5.0-gcj-1.5.0.0/jre --enable-libgcj-multifile --enable-java-maintainer-mode --with-ecj-jar=/usr/share/java/eclipse-ecj.jar --disable-libjava-multilib --with-ppl --with-cloog --with-tune=generic --with-arch_32=i686 --build=x86_64-redhat-linux
Thread model: posix
gcc version 4.4.7 20120313 (Red Hat 4.4.7-18) (GCC) 
configure:3969: $? = 0
configure:3958: gcc -V >&5
gcc: '-V' option must have argument
configure:3969: $? = 1
configure:3958: gcc -qversion >&5
gcc: unrecognized option '-qversion'
gcc: no input files
configure:3969: $? = 1
configure:3973: checking whether we are using the GNU C compiler
configure:4001: result: yes
configure:4010: checking whether gcc accepts -g
configure:4071: result: yes
configure:4088: checking for gcc option to accept ISO C89
configure:4164: result: none needed
configure:4188: checking for gcc option to accept ISO C99
configure:4337: gcc  -c -g -O2  conftest.c >&5
conftest.c:60: error: expected ';', ',' or ')' before 'text'
conftest.c: In function 'main':
conftest.c:114: error: expected '=', ',', ';', 'asm' or '__attribute__' before 'newvar'
conftest.c:114: error: 'newvar' undeclared (first use in this function)
conftest.c:114: error: (Each undeclared identifier is reported only once
conftest.c:114: error: for each function it appears in.)
conftest.c:124: error: 'for' loop initial declarations are only allowed in C99 mode
conftest.c:124: note: use option -std=c99 or -std=gnu99 to compile your code
configure:4337: $? = 1
configure: failed program was:
| /* confdefs.h */
| #define PACKAGE_NAME "WCSLIB"
| #define PACKAGE_TARNAME "wcslib-4.24"
| #define PACKAGE_VERSION "4.24"
| #define PACKAGE_STRING "WCSLIB 4.24"
| #define PACKAGE_BUGREPORT "mark@calabretta.id.au"
| #define PACKAGE_URL ""
| #define WCSLIB_VERSION 4.24
| /* end confdefs.h.  */
| #include <stdarg.h>
| #include <stdbool.h>
| #include <stdlib.h>
| #include <wchar.h>
| #include <stdio.h>
| 
| // Check varargs macros.  These examples are taken from C99 6.10.3.5.
| #define debug(...) fprintf (stderr, __VA_ARGS__)
| #define showlist(...) puts (#__VA_ARGS__)
| #define report(test,...) ((test) ? puts (#test) : printf (__VA_ARGS__))
| static void
| test_varargs_macros (void)
| {
|   int x = 1234;
|   int y = 5678;
|   debug ("Flag");
|   debug ("X = %d\n", x);
|   showlist (The first, second, and third items.);
|   report (x>y, "x is %d but y is %d", x, y);
| }
| 
| // Check long long types.
| #define BIG64 18446744073709551615ull
| #define BIG32 4294967295ul
| #define BIG_OK (BIG64 / BIG32 == 4294967297ull && BIG64 % BIG32 == 0)
| #if !BIG_OK
|   your preprocessor is broken;
| #endif
| #if BIG_OK
| #else
|   your preprocessor is broken;
| #endif
| static long long int bignum = -9223372036854775807LL;
| static unsigned long long int ubignum = BIG64;
| 
| struct incomplete_array
| {
|   int datasize;
|   double data[];
| };
| 
| struct named_init {
|   int number;
|   const wchar_t *name;
|   double average;
| };
| 
| typedef const char *ccp;
| 
| static inline int
| test_restrict (ccp restrict text)
| {
|   // See if C++-style comments work.
|   // Iterate through items via the restricted pointer.
|   // Also check for declarations in for loops.
|   for (unsigned int i = 0; *(text+i) != '\0'; ++i)
|     continue;
|   return 0;
| }
| 
| // Check varargs and va_copy.
| static void
| test_varargs (const char *format, ...)
| {
|   va_list args;
|   va_start (args, format);
|   va_list args_copy;
|   va_copy (args_copy, args);
| 
|   const char *str;
|   int number;
|   float fnumber;
| 
|   while (*format)
|     {
|       switch (*format++)
| 	{
| 	case 's': // string
| 	  str = va_arg (args_copy, const char *);
| 	  break;
| 	case 'd': // int
| 	  number = va_arg (args_copy, int);
| 	  break;
| 	case 'f': // float
| 	  fnumber = va_arg (args_copy, double);
| 	  break;
| 	default:
| 	  break;
| 	}
|     }
|   va_end (args_copy);
|   va_end (args);
| }
| 
| int
| main ()
| {
| 
|   // Check bool.
|   _Bool success = false;
| 
|   // Check restrict.
|   if (test_restrict ("String literal") == 0)
|     success = true;
|   char *restrict newvar = "Another string";
| 
|   // Check varargs.
|   test_varargs ("s, d' f .", "string", 65, 34.234);
|   test_varargs_macros ();
| 
|   // Check flexible array members.
|   struct incomplete_array *ia =
|     malloc (sizeof (struct incomplete_array) + (sizeof (double) * 10));
|   ia->datasize = 10;
|   for (int i = 0; i < ia->datasize; ++i)
|     ia->data[i] = i * 1.234;
| 
|   // Check named initializers.
|   struct named_init ni = {
|     .number = 34,
|     .name = L"Test wide string",
|     .average = 543.34343,
|   };
| 
|   ni.number = 58;
| 
|   int dynamic_array[ni.number];
|   dynamic_array[ni.number - 1] = 543;
| 
|   // work around unused variable warnings
|   return (!success || bignum == 0LL || ubignum == 0uLL || newvar[0] == 'x'
| 	  || dynamic_array[ni.number - 1] != 543);
| 
|   ;
|   return 0;
| }
configure:4337: gcc -std=gnu99 -c -g -O2  conftest.c >&5
configure:4337: $? = 0
configure:4357: result: -std=gnu99
configure:4458: checking for gcc -std=gnu99 option to accept ISO Standard C
configure:4472: result: -std=gnu99
configure:4477: checking for an ANSI C-conforming const
configure:4543: gcc -std=gnu99 -c -g -O2  conftest.c >&5
configure:4543: $? = 0
configure:4550: result: yes
configure:4559: checking for grep that handles long lines and -e
configure:4617: result: /bin/grep
configure:4622: checking for egrep
configure:4684: result: /bin/grep -E
configure:4689: checking for ANSI C header files
configure:4709: gcc -std=gnu99 -c -g -O2  conftest.c >&5
configure:4709: $? = 0
configure:4782: gcc -std=gnu99 -o conftest -g -O2   conftest.c  >&5
configure:4782: $? = 0
configure:4782: ./conftest
configure:4782: $? = 0
configure:4793: result: yes
configure:4806: checking for sys/types.h
configure:4806: gcc -std=gnu99 -c -g -O2  conftest.c >&5
configure:4806: $? = 0
configure:4806: result: yes
configure:4806: checking for sys/stat.h
configure:4806: gcc -std=gnu99 -c -g -O2  conftest.c >&5
configure:4806: $? = 0
configure:4806: result: yes
configure:4806: checking for stdlib.h
configure:4806: gcc -std=gnu99 -c -g -O2  conftest.c >&5
configure:4806: $? = 0
configure:4806: result: yes
configure:4806: checking for string.h
configure:4806: gcc -std=gnu99 -c -g -O2  conftest.c >&5
configure:4806: $? = 0
configure:4806: result: yes
configure:4806: checking for memory.h
configure:4806: gcc -std=gnu99 -c -g -O2  conftest.c >&5
configure:4806: $? = 0
configure:4806: result: yes
configure:4806: checking for strings.h
configure:4806: gcc -std=gnu99 -c -g -O2  conftest.c >&5
configure:4806: $? = 0
configure:4806: result: yes
configure:4806: checking for inttypes.h
configure:4806: gcc -std=gnu99 -c -g -O2  conftest.c >&5
configure:4806: $? = 0
configure:4806: result: yes
configure:4806: checking for stdint.h
configure:4806: gcc -std=gnu99 -c -g -O2  conftest.c >&5
configure:4806: $? = 0
configure:4806: result: yes
configure:4806: checking for unistd.h
configure:4806: gcc -std=gnu99 -c -g -O2  conftest.c >&5
configure:4806: $? = 0
configure:4806: result: yes
configure:4818: checking for size_t
configure:4818: gcc -std=gnu99 -c -g -O2  conftest.c >&5
configure:4818: $? = 0
configure:4818: gcc -std=gnu99 -c -g -O2  conftest.c >&5
conftest.c: In function 'main':
conftest.c:56: error: expected expression before ')' token
configure:4818: $? = 1
configure: failed program was:
| /* confdefs.h */
| #define PACKAGE_NAME "WCSLIB"
| #define PACKAGE_TARNAME "wcslib-4.24"
| #define PACKAGE_VERSION "4.24"
| #define PACKAGE_STRING "WCSLIB 4.24"
| #define PACKAGE_BUGREPORT "mark@calabretta.id.au"
| #define PACKAGE_URL ""
| #define WCSLIB_VERSION 4.24
| #define STDC_HEADERS 1
| #define HAVE_SYS_TYPES_H 1
| #define HAVE_SYS_STAT_H 1
| #define HAVE_STDLIB_H 1
| #define HAVE_STRING_H 1
| #define HAVE_MEMORY_H 1
| #define HAVE_STRINGS_H 1
| #define HAVE_INTTYPES_H 1
| #define HAVE_STDINT_H 1
| #define HAVE_UNISTD_H 1
| /* end confdefs.h.  */
| #include <stdio.h>
| #ifdef HAVE_SYS_TYPES_H
| # include <sys/types.h>
| #endif
| #ifdef HAVE_SYS_STAT_H
| # include <sys/stat.h>
| #endif
| #ifdef STDC_HEADERS
| # include <stdlib.h>
| # include <stddef.h>
| #else
| # ifdef HAVE_STDLIB_H
| #  include <stdlib.h>
| # endif
| #endif
| #ifdef HAVE_STRING_H
| # if !defined STDC_HEADERS && defined HAVE_MEMORY_H
| #  include <memory.h>
| # endif
| # include <string.h>
| #endif
| #ifdef HAVE_STRINGS_H
| # include <strings.h>
| #endif
| #ifdef HAVE_INTTYPES_H
| # include <inttypes.h>
| #endif
| #ifdef HAVE_STDINT_H
| # include <stdint.h>
| #endif
| #ifdef HAVE_UNISTD_H
| # include <unistd.h>
| #endif
| int
| main ()
| {
| if (sizeof ((size_t)))
| 	    return 0;
|   ;
|   return 0;
| }
configure:4818: result: yes
configure:4842: checking for off_t
configure:4842: gcc -std=gnu99 -c -g -O2  conftest.c >&5
configure:4842: $? = 0
configure:4842: gcc -std=gnu99 -c -g -O2  conftest.c >&5
conftest.c: In function 'main':
conftest.c:56: error: expected expression before ')' token
configure:4842: $? = 1
configure: failed program was:
| /* confdefs.h */
| #define PACKAGE_NAME "WCSLIB"
| #define PACKAGE_TARNAME "wcslib-4.24"
| #define PACKAGE_VERSION "4.24"
| #define PACKAGE_STRING "WCSLIB 4.24"
| #define PACKAGE_BUGREPORT "mark@calabretta.id.au"
| #define PACKAGE_URL ""
| #define WCSLIB_VERSION 4.24
| #define STDC_HEADERS 1
| #define HAVE_SYS_TYPES_H 1
| #define HAVE_SYS_STAT_H 1
| #define HAVE_STDLIB_H 1
| #define HAVE_STRING_H 1
| #define HAVE_MEMORY_H 1
| #define HAVE_STRINGS_H 1
| #define HAVE_INTTYPES_H 1
| #define HAVE_STDINT_H 1
| #define HAVE_UNISTD_H 1
| /* end confdefs.h.  */
| #include <stdio.h>
| #ifdef HAVE_SYS_TYPES_H
| # include <sys/types.h>
| #endif
| #ifdef HAVE_SYS_STAT_H
| # include <sys/stat.h>
| #endif
| #ifdef STDC_HEADERS
| # include <stdlib.h>
| # include <stddef.h>
| #else
| # ifdef HAVE_STDLIB_H
| #  include <stdlib.h>
| # endif
| #endif
| #ifdef HAVE_STRING_H
| # if !defined STDC_HEADERS && defined HAVE_MEMORY_H
| #  include <memory.h>
| # endif
| # include <string.h>
| #endif
| #ifdef HAVE_STRINGS_H
| # include <strings.h>
| #endif
| #ifdef HAVE_INTTYPES_H
| # include <inttypes.h>
| #endif
| #ifdef HAVE_STDINT_H
| # include <stdint.h>
| #endif
| #ifdef HAVE_UNISTD_H
| # include <unistd.h>
| #endif
| int
| main ()
| {
| if (sizeof ((off_t)))
| 	    return 0;
|   ;
|   return 0;
| }
configure:4842: result: yes
configure:4853: checking for int8_t
configure:4853: gcc -std=gnu99 -c -g -O2  conftest.c >&5
configure:4853: $? = 0
configure:4853: gcc -std=gnu99 -c -g -O2  conftest.c >&5
conftest.c: In function 'main':
conftest.c:58: error: size of array 'test_array' is negative
configure:4853: $? = 1
configure: failed program was:
| /* confdefs.h */
| #define PACKAGE_NAME "WCSLIB"
| #define PACKAGE_TARNAME "wcslib-4.24"
| #define PACKAGE_VERSION "4.24"
| #define PACKAGE_STRING "WCSLIB 4.24"
| #define PACKAGE_BUGREPORT "mark@calabretta.id.au"
| #define PACKAGE_URL ""
| #define WCSLIB_VERSION 4.24
| #define STDC_HEADERS 1
| #define HAVE_SYS_TYPES_H 1
| #define HAVE_SYS_STAT_H 1
| #define HAVE_STDLIB_H 1
| #define HAVE_STRING_H 1
| #define HAVE_MEMORY_H 1
| #define HAVE_STRINGS_H 1
| #define HAVE_INTTYPES_H 1
| #define HAVE_STDINT_H 1
| #define HAVE_UNISTD_H 1
| /* end confdefs.h.  */
| #include <stdio.h>
| #ifdef HAVE_SYS_TYPES_H
| # include <sys/types.h>
| #endif
| #ifdef HAVE_SYS_STAT_H
| # include <sys/stat.h>
| #endif
| #ifdef STDC_HEADERS
| # include <stdlib.h>
| # include <stddef.h>
| #else
| # ifdef HAVE_STDLIB_H
| #  include <stdlib.h>
| # endif
| #endif
| #ifdef HAVE_STRING_H
| # if !defined STDC_HEADERS && defined HAVE_MEMORY_H
| #  include <memory.h>
| # endif
| # include <string.h>
| #endif
| #ifdef HAVE_STRINGS_H
| # include <strings.h>
| #endif
| #ifdef HAVE_INTTYPES_H
| # include <inttypes.h>
| #endif
| #ifdef HAVE_STDINT_H
| # include <stdint.h>
| #endif
| #ifdef HAVE_UNISTD_H
| # include <unistd.h>
| #endif
| 	        enum { N = 8 / 2 - 1 };
| int
| main ()
| {
| static int test_array [1 - 2 * !((int8_t) (((((int8_t) 1 << N) << N) - 1) * 2 + 1)
| 		 < (int8_t) (((((int8_t) 1 << N) << N) - 1) * 2 + 2))];
| test_array [0] = 0;
| return test_array [0];
| 
|   ;
|   return 0;
| }
configure:4853: result: yes
configure:4864: checking for int16_t
configure:4864: gcc -std=gnu99 -c -g -O2  conftest.c >&5
configure:4864: $? = 0
configure:4864: gcc -std=gnu99 -c -g -O2  conftest.c >&5
conftest.c: In function 'main':
conftest.c:58: error: size of array 'test_array' is negative
configure:4864: $? = 1
configure: failed program was:
| /* confdefs.h */
| #define PACKAGE_NAME "WCSLIB"
| #define PACKAGE_TARNAME "wcslib-4.24"
| #define PACKAGE_VERSION "4.24"
| #define PACKAGE_STRING "WCSLIB 4.24"
| #define PACKAGE_BUGREPORT "mark@calabretta.id.au"
| #define PACKAGE_URL ""
| #define WCSLIB_VERSION 4.24
| #define STDC_HEADERS 1
| #define HAVE_SYS_TYPES_H 1
| #define HAVE_SYS_STAT_H 1
| #define HAVE_STDLIB_H 1
| #define HAVE_STRING_H 1
| #define HAVE_MEMORY_H 1
| #define HAVE_STRINGS_H 1
| #define HAVE_INTTYPES_H 1
| #define HAVE_STDINT_H 1
| #define HAVE_UNISTD_H 1
| /* end confdefs.h.  */
| #include <stdio.h>
| #ifdef HAVE_SYS_TYPES_H
| # include <sys/types.h>
| #endif
| #ifdef HAVE_SYS_STAT_H
| # include <sys/stat.h>
| #endif
| #ifdef STDC_HEADERS
| # include <stdlib.h>
| # include <stddef.h>
| #else
| # ifdef HAVE_STDLIB_H
| #  include <stdlib.h>
| # endif
| #endif
| #ifdef HAVE_STRING_H
| # if !defined STDC_HEADERS && defined HAVE_MEMORY_H
| #  include <memory.h>
| # endif
| # include <string.h>
| #endif
| #ifdef HAVE_STRINGS_H
| # include <strings.h>
| #endif
| #ifdef HAVE_INTTYPES_H
| # include <inttypes.h>
| #endif
| #ifdef HAVE_STDINT_H
| # include <stdint.h>
| #endif
| #ifdef HAVE_UNISTD_H
| # include <unistd.h>
| #endif
| 	        enum { N = 16 / 2 - 1 };
| int
| main ()
| {
| static int test_array [1 - 2 * !((int16_t) (((((int16_t) 1 << N) << N) - 1) * 2 + 1)
| 		 < (int16_t) (((((int16_t) 1 << N) << N) - 1) * 2 + 2))];
| test_array [0] = 0;
| return test_array [0];
| 
|   ;
|   return 0;
| }
configure:4864: result: yes
configure:4875: checking for int32_t
configure:4875: gcc -std=gnu99 -c -g -O2  conftest.c >&5
configure:4875: $? = 0
configure:4875: gcc -std=gnu99 -c -g -O2  conftest.c >&5
conftest.c: In function 'main':
conftest.c:58: warning: integer overflow in expression
conftest.c:58: error: size of array 'test_array' is negative
configure:4875: $? = 1
configure: failed program was:
| /* confdefs.h */
| #define PACKAGE_NAME "WCSLIB"
| #define PACKAGE_TARNAME "wcslib-4.24"
| #define PACKAGE_VERSION "4.24"
| #define PACKAGE_STRING "WCSLIB 4.24"
| #define PACKAGE_BUGREPORT "mark@calabretta.id.au"
| #define PACKAGE_URL ""
| #define WCSLIB_VERSION 4.24
| #define STDC_HEADERS 1
| #define HAVE_SYS_TYPES_H 1
| #define HAVE_SYS_STAT_H 1
| #define HAVE_STDLIB_H 1
| #define HAVE_STRING_H 1
| #define HAVE_MEMORY_H 1
| #define HAVE_STRINGS_H 1
| #define HAVE_INTTYPES_H 1
| #define HAVE_STDINT_H 1
| #define HAVE_UNISTD_H 1
| /* end confdefs.h.  */
| #include <stdio.h>
| #ifdef HAVE_SYS_TYPES_H
| # include <sys/types.h>
| #endif
| #ifdef HAVE_SYS_STAT_H
| # include <sys/stat.h>
| #endif
| #ifdef STDC_HEADERS
| # include <stdlib.h>
| # include <stddef.h>
| #else
| # ifdef HAVE_STDLIB_H
| #  include <stdlib.h>
| # endif
| #endif
| #ifdef HAVE_STRING_H
| # if !defined STDC_HEADERS && defined HAVE_MEMORY_H
| #  include <memory.h>
| # endif
| # include <string.h>
| #endif
| #ifdef HAVE_STRINGS_H
| # include <strings.h>
| #endif
| #ifdef HAVE_INTTYPES_H
| # include <inttypes.h>
| #endif
| #ifdef HAVE_STDINT_H
| # include <stdint.h>
| #endif
| #ifdef HAVE_UNISTD_H
| # include <unistd.h>
| #endif
| 	        enum { N = 32 / 2 - 1 };
| int
| main ()
| {
| static int test_array [1 - 2 * !((int32_t) (((((int32_t) 1 << N) << N) - 1) * 2 + 1)
| 		 < (int32_t) (((((int32_t) 1 << N) << N) - 1) * 2 + 2))];
| test_array [0] = 0;
| return test_array [0];
| 
|   ;
|   return 0;
| }
configure:4875: result: yes
configure:4886: checking for uint8_t
configure:4886: gcc -std=gnu99 -c -g -O2  conftest.c >&5
configure:4886: $? = 0
configure:4886: result: yes
configure:4900: checking for uint16_t
configure:4900: gcc -std=gnu99 -c -g -O2  conftest.c >&5
configure:4900: $? = 0
configure:4900: result: yes
configure:4912: checking for uint32_t
configure:4912: gcc -std=gnu99 -c -g -O2  conftest.c >&5
configure:4912: $? = 0
configure:4912: result: yes
configure:4928: checking for ANSI C header files
configure:5032: result: yes
configure:5044: checking ctype.h usability
configure:5044: gcc -std=gnu99 -c -g -O2  conftest.c >&5
configure:5044: $? = 0
configure:5044: result: yes
configure:5044: checking ctype.h presence
configure:5044: gcc -E  conftest.c
configure:5044: $? = 0
configure:5044: result: yes
configure:5044: checking for ctype.h
configure:5044: result: yes
configure:5044: checking errno.h usability
configure:5044: gcc -std=gnu99 -c -g -O2  conftest.c >&5
configure:5044: $? = 0
configure:5044: result: yes
configure:5044: checking errno.h presence
configure:5044: gcc -E  conftest.c
configure:5044: $? = 0
configure:5044: result: yes
configure:5044: checking for errno.h
configure:5044: result: yes
configure:5044: checking limits.h usability
configure:5044: gcc -std=gnu99 -c -g -O2  conftest.c >&5
configure:5044: $? = 0
configure:5044: result: yes
configure:5044: checking limits.h presence
configure:5044: gcc -E  conftest.c
configure:5044: $? = 0
configure:5044: result: yes
configure:5044: checking for limits.h
configure:5044: result: yes
configure:5044: checking locale.h usability
configure:5044: gcc -std=gnu99 -c -g -O2  conftest.c >&5
configure:5044: $? = 0
configure:5044: result: yes
configure:5044: checking locale.h presence
configure:5044: gcc -E  conftest.c
configure:5044: $? = 0
configure:5044: result: yes
configure:5044: checking for locale.h
configure:5044: result: yes
configure:5044: checking math.h usability
configure:5044: gcc -std=gnu99 -c -g -O2  conftest.c >&5
configure:5044: $? = 0
configure:5044: result: yes
configure:5044: checking math.h presence
configure:5044: gcc -E  conftest.c
configure:5044: $? = 0
configure:5044: result: yes
configure:5044: checking for math.h
configure:5044: result: yes
configure:5044: checking setjmp.h usability
configure:5044: gcc -std=gnu99 -c -g -O2  conftest.c >&5
configure:5044: $? = 0
configure:5044: result: yes
configure:5044: checking setjmp.h presence
configure:5044: gcc -E  conftest.c
configure:5044: $? = 0
configure:5044: result: yes
configure:5044: checking for setjmp.h
configure:5044: result: yes
configure:5044: checking stdarg.h usability
configure:5044: gcc -std=gnu99 -c -g -O2  conftest.c >&5
configure:5044: $? = 0
configure:5044: result: yes
configure:5044: checking stdarg.h presence
configure:5044: gcc -E  conftest.c
configure:5044: $? = 0
configure:5044: result: yes
configure:5044: checking for stdarg.h
configure:5044: result: yes
configure:5044: checking stdio.h usability
configure:5044: gcc -std=gnu99 -c -g -O2  conftest.c >&5
configure:5044: $? = 0
configure:5044: result: yes
configure:5044: checking stdio.h presence
configure:5044: gcc -E  conftest.c
configure:5044: $? = 0
configure:5044: result: yes
configure:5044: checking for stdio.h
configure:5044: result: yes
configure:5044: checking for stdlib.h
configure:5044: result: yes
configure:5044: checking for string.h
configure:5044: result: yes
configure:5066: checking for floor in -lm
configure:5091: gcc -std=gnu99 -o conftest -g -O2   conftest.c -lm   >&5
conftest.c:38: warning: conflicting types for built-in function 'floor'
configure:5091: $? = 0
configure:5100: result: yes
configure:5111: checking for _LARGEFILE_SOURCE value needed for large files
configure:5130: gcc -std=gnu99 -o conftest -g -O2   conftest.c -lm  >&5
configure:5130: $? = 0
configure:5158: result: no
configure:5181: checking for stdlib.h
configure:5181: result: yes
configure:5191: checking for GNU libc compatible malloc
configure:5215: gcc -std=gnu99 -o conftest -g -O2   conftest.c -lm  >&5
configure:5215: $? = 0
configure:5215: ./conftest
configure:5215: $? = 0
configure:5225: result: yes
configure:5248: checking for stdlib.h
configure:5248: result: yes
configure:5258: checking for GNU libc compatible realloc
configure:5282: gcc -std=gnu99 -o conftest -g -O2   conftest.c -lm  >&5
configure:5282: $? = 0
configure:5282: ./conftest
configure:5282: $? = 0
configure:5292: result: yes
configure:5320: checking whether lstat correctly handles trailing slash
configure:5346: gcc -std=gnu99 -o conftest -g -O2   conftest.c -lm  >&5
configure:5346: $? = 0
configure:5346: ./conftest
configure:5346: $? = 0
configure:5363: result: yes
configure:5382: checking whether stat accepts an empty string
configure:5402: gcc -std=gnu99 -o conftest -g -O2   conftest.c -lm  >&5
configure:5402: $? = 0
configure:5402: ./conftest
configure:5402: $? = 0
configure:5412: result: no
configure:5430: checking for vprintf
configure:5430: gcc -std=gnu99 -o conftest -g -O2   conftest.c -lm  >&5
conftest.c:61: warning: conflicting types for built-in function 'vprintf'
configure:5430: $? = 0
configure:5430: result: yes
configure:5436: checking for _doprnt
configure:5436: gcc -std=gnu99 -o conftest -g -O2   conftest.c -lm  >&5
/tmp/ccvfw4a4.o: In function `main':
/home/mmarcano/Documents/VIMOS/NGC6652/esorex/vimos-kit-3.2.3/wcslib-4.24/conftest.c:73: undefined reference to `_doprnt'
collect2: ld returned 1 exit status
configure:5436: $? = 1
configure: failed program was:
| /* confdefs.h */
| #define PACKAGE_NAME "WCSLIB"
| #define PACKAGE_TARNAME "wcslib-4.24"
| #define PACKAGE_VERSION "4.24"
| #define PACKAGE_STRING "WCSLIB 4.24"
| #define PACKAGE_BUGREPORT "mark@calabretta.id.au"
| #define PACKAGE_URL ""
| #define WCSLIB_VERSION 4.24
| #define STDC_HEADERS 1
| #define HAVE_SYS_TYPES_H 1
| #define HAVE_SYS_STAT_H 1
| #define HAVE_STDLIB_H 1
| #define HAVE_STRING_H 1
| #define HAVE_MEMORY_H 1
| #define HAVE_STRINGS_H 1
| #define HAVE_INTTYPES_H 1
| #define HAVE_STDINT_H 1
| #define HAVE_UNISTD_H 1
| #define STDC_HEADERS 1
| #define HAVE_CTYPE_H 1
| #define HAVE_ERRNO_H 1
| #define HAVE_LIMITS_H 1
| #define HAVE_LOCALE_H 1
| #define HAVE_MATH_H 1
| #define HAVE_SETJMP_H 1
| #define HAVE_STDARG_H 1
| #define HAVE_STDIO_H 1
| #define HAVE_STDLIB_H 1
| #define HAVE_STRING_H 1
| #define HAVE_LIBM 1
| #define HAVE_FSEEKO 1
| #define HAVE_STDLIB_H 1
| #define HAVE_MALLOC 1
| #define HAVE_STDLIB_H 1
| #define HAVE_REALLOC 1
| #define LSTAT_FOLLOWS_SLASHED_SYMLINK 1
| #define HAVE_VPRINTF 1
| /* end confdefs.h.  */
| /* Define _doprnt to an innocuous variant, in case <limits.h> declares _doprnt.
|    For example, HP-UX 11i <limits.h> declares gettimeofday.  */
| #define _doprnt innocuous__doprnt
| 
| /* System header to define __stub macros and hopefully few prototypes,
|     which can conflict with char _doprnt (); below.
|     Prefer <limits.h> to <assert.h> if __STDC__ is defined, since
|     <limits.h> exists even on freestanding compilers.  */
| 
| #ifdef __STDC__
| # include <limits.h>
| #else
| # include <assert.h>
| #endif
| 
| #undef _doprnt
| 
| /* Override any GCC internal prototype to avoid an error.
|    Use char because int might match the return type of a GCC
|    builtin and then its argument prototype would still apply.  */
| #ifdef __cplusplus
| extern "C"
| #endif
| char _doprnt ();
| /* The GNU C library defines this for functions which it implements
|     to always fail with ENOSYS.  Some functions are actually named
|     something starting with __ and the normal name is an alias.  */
| #if defined __stub__doprnt || defined __stub____doprnt
| choke me
| #endif
| 
| int
| main ()
| {
| return _doprnt ();
|   ;
|   return 0;
| }
configure:5436: result: no
configure:5450: checking for floor
configure:5450: gcc -std=gnu99 -o conftest -g -O2   conftest.c -lm  >&5
conftest.c:62: warning: conflicting types for built-in function 'floor'
configure:5450: $? = 0
configure:5450: result: yes
configure:5450: checking for memset
configure:5450: gcc -std=gnu99 -o conftest -g -O2   conftest.c -lm  >&5
conftest.c:63: warning: conflicting types for built-in function 'memset'
configure:5450: $? = 0
configure:5450: result: yes
configure:5450: checking for pow
configure:5450: gcc -std=gnu99 -o conftest -g -O2   conftest.c -lm  >&5
conftest.c:64: warning: conflicting types for built-in function 'pow'
configure:5450: $? = 0
configure:5450: result: yes
configure:5450: checking for setlocale
configure:5450: gcc -std=gnu99 -o conftest -g -O2   conftest.c -lm  >&5
configure:5450: $? = 0
configure:5450: result: yes
configure:5450: checking for sqrt
configure:5450: gcc -std=gnu99 -o conftest -g -O2   conftest.c -lm  >&5
conftest.c:66: warning: conflicting types for built-in function 'sqrt'
configure:5450: $? = 0
configure:5450: result: yes
configure:5450: checking for strchr
configure:5450: gcc -std=gnu99 -o conftest -g -O2   conftest.c -lm  >&5
conftest.c:67: warning: conflicting types for built-in function 'strchr'
configure:5450: $? = 0
configure:5450: result: yes
configure:5450: checking for strstr
configure:5450: gcc -std=gnu99 -o conftest -g -O2   conftest.c -lm  >&5
conftest.c:68: warning: conflicting types for built-in function 'strstr'
configure:5450: $? = 0
configure:5450: result: yes
configure:5462: checking for cosd in -lsunmath
configure:5487: gcc -std=gnu99 -o conftest -g -O2   conftest.c -lsunmath  -lm  >&5
/usr/bin/ld: cannot find -lsunmath
collect2: ld returned 1 exit status
configure:5487: $? = 1
configure: failed program was:
| /* confdefs.h */
| #define PACKAGE_NAME "WCSLIB"
| #define PACKAGE_TARNAME "wcslib-4.24"
| #define PACKAGE_VERSION "4.24"
| #define PACKAGE_STRING "WCSLIB 4.24"
| #define PACKAGE_BUGREPORT "mark@calabretta.id.au"
| #define PACKAGE_URL ""
| #define WCSLIB_VERSION 4.24
| #define STDC_HEADERS 1
| #define HAVE_SYS_TYPES_H 1
| #define HAVE_SYS_STAT_H 1
| #define HAVE_STDLIB_H 1
| #define HAVE_STRING_H 1
| #define HAVE_MEMORY_H 1
| #define HAVE_STRINGS_H 1
| #define HAVE_INTTYPES_H 1
| #define HAVE_STDINT_H 1
| #define HAVE_UNISTD_H 1
| #define STDC_HEADERS 1
| #define HAVE_CTYPE_H 1
| #define HAVE_ERRNO_H 1
| #define HAVE_LIMITS_H 1
| #define HAVE_LOCALE_H 1
| #define HAVE_MATH_H 1
| #define HAVE_SETJMP_H 1
| #define HAVE_STDARG_H 1
| #define HAVE_STDIO_H 1
| #define HAVE_STDLIB_H 1
| #define HAVE_STRING_H 1
| #define HAVE_LIBM 1
| #define HAVE_FSEEKO 1
| #define HAVE_STDLIB_H 1
| #define HAVE_MALLOC 1
| #define HAVE_STDLIB_H 1
| #define HAVE_REALLOC 1
| #define LSTAT_FOLLOWS_SLASHED_SYMLINK 1
| #define HAVE_VPRINTF 1
| #define HAVE_FLOOR 1
| #define HAVE_MEMSET 1
| #define HAVE_POW 1
| #define HAVE_SETLOCALE 1
| #define HAVE_SQRT 1
| #define HAVE_STRCHR 1
| #define HAVE_STRSTR 1
| /* end confdefs.h.  */
| 
| /* Override any GCC internal prototype to avoid an error.
|    Use char because int might match the return type of a GCC
|    builtin and then its argument prototype would still apply.  */
| #ifdef __cplusplus
| extern "C"
| #endif
| char cosd ();
| int
| main ()
| {
| return cosd ();
|   ;
|   return 0;
| }
configure:5496: result: no
configure:5506: checking for sincos
configure:5506: gcc -std=gnu99 -o conftest -g -O2   conftest.c -lm  >&5
conftest.c:69: warning: conflicting types for built-in function 'sincos'
configure:5506: $? = 0
configure:5506: result: yes
configure:5521: checking size of int
configure:5526: gcc -std=gnu99 -o conftest -g -O2   conftest.c -lm  >&5
configure:5526: $? = 0
configure:5526: ./conftest
configure:5526: $? = 0
configure:5540: result: 4
configure:5554: checking size of long int
configure:5559: gcc -std=gnu99 -o conftest -g -O2   conftest.c -lm  >&5
configure:5559: $? = 0
configure:5559: ./conftest
configure:5559: $? = 0
configure:5573: result: 8
configure:5587: checking size of long long int
configure:5592: gcc -std=gnu99 -o conftest -g -O2   conftest.c -lm  >&5
configure:5592: $? = 0
configure:5592: ./conftest
configure:5592: $? = 0
configure:5606: result: 8
configure:5638: checking for printf z format modifier for size_t type
configure:5663: gcc -std=gnu99 -o conftest -g -O2   conftest.c -lm  >&5
configure:5663: $? = 0
configure:5663: ./conftest
configure:5663: $? = 0
configure:5667: result: yes
configure:5713: WARNING: Compilation of Fortran wrappers and PGSBOX disabled
configure:6721: checking for printf$LDBLStub in -lSystemStubs
configure:6754: gcc -std=gnu99 -o conftest -g -O2   conftest.c -lSystemStubs  -lm  >&5
/usr/bin/ld: cannot find -lSystemStubs
collect2: ld returned 1 exit status
configure:6754: $? = 1
configure: failed program was:
| /* confdefs.h */
| #define PACKAGE_NAME "WCSLIB"
| #define PACKAGE_TARNAME "wcslib-4.24"
| #define PACKAGE_VERSION "4.24"
| #define PACKAGE_STRING "WCSLIB 4.24"
| #define PACKAGE_BUGREPORT "mark@calabretta.id.au"
| #define PACKAGE_URL ""
| #define WCSLIB_VERSION 4.24
| #define STDC_HEADERS 1
| #define HAVE_SYS_TYPES_H 1
| #define HAVE_SYS_STAT_H 1
| #define HAVE_STDLIB_H 1
| #define HAVE_STRING_H 1
| #define HAVE_MEMORY_H 1
| #define HAVE_STRINGS_H 1
| #define HAVE_INTTYPES_H 1
| #define HAVE_STDINT_H 1
| #define HAVE_UNISTD_H 1
| #define STDC_HEADERS 1
| #define HAVE_CTYPE_H 1
| #define HAVE_ERRNO_H 1
| #define HAVE_LIMITS_H 1
| #define HAVE_LOCALE_H 1
| #define HAVE_MATH_H 1
| #define HAVE_SETJMP_H 1
| #define HAVE_STDARG_H 1
| #define HAVE_STDIO_H 1
| #define HAVE_STDLIB_H 1
| #define HAVE_STRING_H 1
| #define HAVE_LIBM 1
| #define HAVE_FSEEKO 1
| #define HAVE_STDLIB_H 1
| #define HAVE_MALLOC 1
| #define HAVE_STDLIB_H 1
| #define HAVE_REALLOC 1
| #define LSTAT_FOLLOWS_SLASHED_SYMLINK 1
| #define HAVE_VPRINTF 1
| #define HAVE_FLOOR 1
| #define HAVE_MEMSET 1
| #define HAVE_POW 1
| #define HAVE_SETLOCALE 1
| #define HAVE_SQRT 1
| #define HAVE_STRCHR 1
| #define HAVE_STRSTR 1
| #define HAVE_SINCOS 1
| #define SIZEOF_INT 4
| #define SIZEOF_LONG_INT 8
| #define SIZEOF_LONG_LONG_INT 8
| #define WCSLIB_INT64 long long int
| #define MODZ "z"
| /* end confdefs.h.  */
| 
| /* Override any GCC internal prototype to avoid an error.
|    Use char because int might match the return type of a GCC
|    builtin and then its argument prototype would still apply.  */
| #ifdef __cplusplus
| extern "C"
| #endif
| char printf$LDBLStub ();
| #ifdef F77_DUMMY_MAIN
| 
| #  ifdef __cplusplus
|      extern "C"
| #  endif
|    int F77_DUMMY_MAIN() { return 1; }
| 
| #endif
| int
| main ()
| {
| return printf$LDBLStub ();
|   ;
|   return 0;
| }
configure:6764: result: no
configure:6818: checking for ranlib
configure:6834: found /usr/bin/ranlib
configure:6845: result: ranlib
configure:6917: checking whether ln -s works
configure:6921: result: yes
configure:6942: checking for a BSD-compatible install
configure:7010: result: /usr/bin/install -c
configure:7023: End of primary configuration.

configure:7030: Looking for libraries etc. for utilities and test suite...
configure:7036: checking for unistd.h
configure:7036: result: yes
configure:7048: checking for _LARGEFILE_SOURCE value needed for large files
configure:7111: result: no
configure:7139: checking for special C compiler options needed for large files
configure:7192: result: no
configure:7198: checking for _FILE_OFFSET_BITS value needed for large files
configure:7231: gcc -std=gnu99 -c -g -O2  conftest.c >&5
configure:7231: $? = 0
configure:7271: result: no
configure:7467: checking for /home/mmarcano/Documents/VIMOS/NGC6652/esorex/lib
configure:7481: result: yes
configure:7467: checking for /usr/local/cfitsio/lib
configure:7481: result: yes
configure:7467: checking for /local/cfitsio/lib
configure:7481: result: no
configure:7467: checking for /usr/local/pgplot/lib
configure:7481: result: no
configure:7467: checking for /local/pgplot/lib
configure:7481: result: no
configure:7467: checking for /usr/local/lib
configure:7481: result: yes
configure:7467: checking for /local/lib
configure:7481: result: no
configure:7467: checking for /opt/local/lib
configure:7481: result: no
configure:7467: checking for /opt/SUNWspro/lib
configure:7481: result: no
configure:7467: checking for /sw/lib
configure:7481: result: no
configure:7505: checking for /home/mmarcano/Documents/VIMOS/NGC6652/esorex/include/cfitsio/fitsio.h
configure:7519: result: no
configure:7526: checking for /home/mmarcano/Documents/VIMOS/NGC6652/esorex/include/fitsio.h
configure:7540: result: yes
configure:7548: checking for recv in -lsocket
configure:7581: gcc -std=gnu99 -o conftest -g -O2   -L/home/mmarcano/Documents/VIMOS/NGC6652/esorex/lib -L/usr/local/cfitsio/lib -L/usr/local/lib conftest.c -lsocket -lm  -lm  >&5
/usr/bin/ld: cannot find -lsocket
collect2: ld returned 1 exit status
configure:7581: $? = 1
configure: failed program was:
| /* confdefs.h */
| #define PACKAGE_NAME "WCSLIB"
| #define PACKAGE_TARNAME "wcslib-4.24"
| #define PACKAGE_VERSION "4.24"
| #define PACKAGE_STRING "WCSLIB 4.24"
| #define PACKAGE_BUGREPORT "mark@calabretta.id.au"
| #define PACKAGE_URL ""
| #define WCSLIB_VERSION 4.24
| #define STDC_HEADERS 1
| #define HAVE_SYS_TYPES_H 1
| #define HAVE_SYS_STAT_H 1
| #define HAVE_STDLIB_H 1
| #define HAVE_STRING_H 1
| #define HAVE_MEMORY_H 1
| #define HAVE_STRINGS_H 1
| #define HAVE_INTTYPES_H 1
| #define HAVE_STDINT_H 1
| #define HAVE_UNISTD_H 1
| #define STDC_HEADERS 1
| #define HAVE_CTYPE_H 1
| #define HAVE_ERRNO_H 1
| #define HAVE_LIMITS_H 1
| #define HAVE_LOCALE_H 1
| #define HAVE_MATH_H 1
| #define HAVE_SETJMP_H 1
| #define HAVE_STDARG_H 1
| #define HAVE_STDIO_H 1
| #define HAVE_STDLIB_H 1
| #define HAVE_STRING_H 1
| #define HAVE_LIBM 1
| #define HAVE_FSEEKO 1
| #define HAVE_STDLIB_H 1
| #define HAVE_MALLOC 1
| #define HAVE_STDLIB_H 1
| #define HAVE_REALLOC 1
| #define LSTAT_FOLLOWS_SLASHED_SYMLINK 1
| #define HAVE_VPRINTF 1
| #define HAVE_FLOOR 1
| #define HAVE_MEMSET 1
| #define HAVE_POW 1
| #define HAVE_SETLOCALE 1
| #define HAVE_SQRT 1
| #define HAVE_STRCHR 1
| #define HAVE_STRSTR 1
| #define HAVE_SINCOS 1
| #define SIZEOF_INT 4
| #define SIZEOF_LONG_INT 8
| #define SIZEOF_LONG_LONG_INT 8
| #define WCSLIB_INT64 long long int
| #define MODZ "z"
| #define HAVE_UNISTD_H 1
| #define HAVE_FSEEKO 1
| /* end confdefs.h.  */
| 
| /* Override any GCC internal prototype to avoid an error.
|    Use char because int might match the return type of a GCC
|    builtin and then its argument prototype would still apply.  */
| #ifdef __cplusplus
| extern "C"
| #endif
| char recv ();
| #ifdef F77_DUMMY_MAIN
| 
| #  ifdef __cplusplus
|      extern "C"
| #  endif
|    int F77_DUMMY_MAIN() { return 1; }
| 
| #endif
| int
| main ()
| {
| return recv ();
|   ;
|   return 0;
| }
configure:7590: result: no
configure:7596: checking for ffopen in -lcfitsio
configure:7629: gcc -std=gnu99 -o conftest -g -O2   -L/home/mmarcano/Documents/VIMOS/NGC6652/esorex/lib -L/usr/local/cfitsio/lib -L/usr/local/lib conftest.c -lcfitsio  -lm  -lm  >&5
configure:7629: $? = 0
configure:7638: result: yes
configure:7649: CFITSIO appears to be available.
configure:7656: checking for fits_read_wcstab in -lcfitsio
configure:7689: gcc -std=gnu99 -o conftest -g -O2   -L/home/mmarcano/Documents/VIMOS/NGC6652/esorex/lib -L/usr/local/cfitsio/lib -L/usr/local/lib conftest.c -lcfitsio -lcfitsio  -lm  -lm  >&5
configure:7689: $? = 0
configure:7698: result: yes
configure:8472: End of auxiliary configuration.

configure:8478: Configuring files...
configure:8598: creating ./config.status

## ---------------------- ##
## Running config.status. ##
## ---------------------- ##

This file was extended by WCSLIB config.status 4.24, which was
generated by GNU Autoconf 2.69.  Invocation command line was

  CONFIG_FILES    = 
  CONFIG_HEADERS  = 
  CONFIG_LINKS    = 
  CONFIG_COMMANDS = 
  $ ./config.status 

on krieger.ttu.edu

config.status:873: creating makedefs
config.status:873: creating wcslib.pc
config.status:873: creating wcsconfig.h
config.status:873: creating wcsconfig_f77.h
config.status:873: creating wcsconfig_tests.h
config.status:873: creating wcsconfig_utils.h

## ---------------- ##
## Cache variables. ##
## ---------------- ##

ac_cv_build=x86_64-unknown-linux-gnu
ac_cv_c_compiler_gnu=yes
ac_cv_c_const=yes
ac_cv_c_int16_t=yes
ac_cv_c_int32_t=yes
ac_cv_c_int8_t=yes
ac_cv_c_uint16_t=yes
ac_cv_c_uint32_t=yes
ac_cv_c_uint8_t=yes
ac_cv_env_CC_set=
ac_cv_env_CC_value=
ac_cv_env_CFLAGS_set=
ac_cv_env_CFLAGS_value=
ac_cv_env_CPPFLAGS_set=
ac_cv_env_CPPFLAGS_value=
ac_cv_env_CPP_set=
ac_cv_env_CPP_value=
ac_cv_env_F77_set=
ac_cv_env_F77_value=
ac_cv_env_FFLAGS_set=
ac_cv_env_FFLAGS_value=
ac_cv_env_LDFLAGS_set=
ac_cv_env_LDFLAGS_value=
ac_cv_env_LIBS_set=
ac_cv_env_LIBS_value=
ac_cv_env_XMKMF_set=
ac_cv_env_XMKMF_value=
ac_cv_env_build_alias_set=
ac_cv_env_build_alias_value=
ac_cv_env_host_alias_set=
ac_cv_env_host_alias_value=
ac_cv_env_target_alias_set=
ac_cv_env_target_alias_value=
ac_cv_file__home_mmarcano_Documents_VIMOS_NGC6652_esorex_include_cfitsio_fitsio_h=no
ac_cv_file__home_mmarcano_Documents_VIMOS_NGC6652_esorex_include_fitsio_h=yes
ac_cv_file__home_mmarcano_Documents_VIMOS_NGC6652_esorex_lib=yes
ac_cv_file__local_cfitsio_lib=no
ac_cv_file__local_lib=no
ac_cv_file__local_pgplot_lib=no
ac_cv_file__opt_SUNWspro_lib=no
ac_cv_file__opt_local_lib=no
ac_cv_file__sw_lib=no
ac_cv_file__usr_local_cfitsio_lib=yes
ac_cv_file__usr_local_lib=yes
ac_cv_file__usr_local_pgplot_lib=no
ac_cv_func__doprnt=no
ac_cv_func_floor=yes
ac_cv_func_lstat_dereferences_slashed_symlink=yes
ac_cv_func_malloc_0_nonnull=yes
ac_cv_func_memset=yes
ac_cv_func_pow=yes
ac_cv_func_realloc_0_nonnull=yes
ac_cv_func_setlocale=yes
ac_cv_func_setvbuf_reversed=no
ac_cv_func_sincos=yes
ac_cv_func_sqrt=yes
ac_cv_func_stat_empty_string_bug=no
ac_cv_func_strchr=yes
ac_cv_func_strstr=yes
ac_cv_func_vprintf=yes
ac_cv_header_ctype_h=yes
ac_cv_header_errno_h=yes
ac_cv_header_inttypes_h=yes
ac_cv_header_limits_h=yes
ac_cv_header_locale_h=yes
ac_cv_header_math_h=yes
ac_cv_header_memory_h=yes
ac_cv_header_setjmp_h=yes
ac_cv_header_stdarg_h=yes
ac_cv_header_stdc=yes
ac_cv_header_stdint_h=yes
ac_cv_header_stdio_h=yes
ac_cv_header_stdlib_h=yes
ac_cv_header_string_h=yes
ac_cv_header_strings_h=yes
ac_cv_header_sys_stat_h=yes
ac_cv_header_sys_types_h=yes
ac_cv_header_unistd_h=yes
ac_cv_lib_SystemStubs_printf_LDBLStub=no
ac_cv_lib_cfitsio_ffopen=yes
ac_cv_lib_cfitsio_fits_read_wcstab=yes
ac_cv_lib_m_floor=yes
ac_cv_lib_socket_recv=no
ac_cv_lib_sunmath_cosd=no
ac_cv_objext=o
ac_cv_path_EGREP='/bin/grep -E'
ac_cv_path_GREP=/bin/grep
ac_cv_path_install='/usr/bin/install -c'
ac_cv_prog_CPP='gcc -E'
ac_cv_prog_FLEX=flex
ac_cv_prog_ac_ct_CC=gcc
ac_cv_prog_ac_ct_RANLIB=ranlib
ac_cv_prog_cc_c89=
ac_cv_prog_cc_c99=-std=gnu99
ac_cv_prog_cc_g=yes
ac_cv_prog_cc_stdc=-std=gnu99
ac_cv_sizeof_int=4
ac_cv_sizeof_long_int=8
ac_cv_sizeof_long_long_int=8
ac_cv_sys_file_offset_bits=no
ac_cv_sys_largefile_CC=no
ac_cv_sys_largefile_source=no
ac_cv_type_off_t=yes
ac_cv_type_size_t=yes

## ----------------- ##
## Output variables. ##
## ----------------- ##

ARCH='x86_64-linux-gnu'
CC='gcc -std=gnu99'
CFITSIOINC='-I/home/mmarcano/Documents/VIMOS/NGC6652/esorex/include'
CFITSIOLIB='-lcfitsio '
CFLAGS='-g -O2'
CPP='gcc -E'
CPPFLAGS=''
DEFS='-DHAVE_CONFIG_H'
ECHO_C=''
ECHO_N='-n'
ECHO_T=''
EGREP='/bin/grep -E'
EXEEXT=''
F77=''
FFLAGS=''
FLEX='flex'
FLIBS=''
GETWCSTAB=''
GREP='/bin/grep'
INSTALL_DATA='${INSTALL} -m 644'
INSTALL_PROGRAM='${INSTALL}'
INSTALL_SCRIPT='${INSTALL}'
INSTDIR='C utils'
LDFLAGS=' -L/home/mmarcano/Documents/VIMOS/NGC6652/esorex/lib -L/usr/local/cfitsio/lib -L/usr/local/lib'
LIBOBJS=''
LIBS='-lm '
LIBVER='4.24'
LN_S='ln -s'
LTLIBOBJS=''
OBJEXT='o'
PACKAGE_BUGREPORT='mark@calabretta.id.au'
PACKAGE_NAME='WCSLIB'
PACKAGE_STRING='WCSLIB 4.24'
PACKAGE_TARNAME='wcslib-4.24'
PACKAGE_URL=''
PACKAGE_VERSION='4.24'
PATH_SEPARATOR=':'
PGPLOTINC=''
PGPLOTLIB=''
RANLIB='ranlib'
SHELL='/bin/sh'
SHRFLAGS='-fPIC'
SHRLD='$(CC) $(SHRFLAGS) -shared -Wl,-h$(SONAME)'
SHRLIB='libwcs.so.4.24'
SHRLN='libwcs.so'
SHRSFX=''
SONAME='libwcs.so.4'
SUBDIRS='C utils'
TSTDIRS='C'
XMKMF=''
ac_ct_CC='gcc'
ac_ct_F77=''
bindir='${exec_prefix}/bin'
build='x86_64-unknown-linux-gnu'
build_alias=''
build_cpu='x86_64'
build_os='linux-gnu'
build_vendor='unknown'
datadir='${datarootdir}'
datarootdir='${prefix}/share'
docdir='${datarootdir}/doc/${PACKAGE_TARNAME}'
dvidir='${docdir}'
exec_prefix='${prefix}'
host=''
host_alias=''
host_cpu=''
host_os=''
host_vendor=''
htmldir='${docdir}'
includedir='${prefix}/include'
infodir='${datarootdir}/info'
libdir='${exec_prefix}/lib'
libexecdir='${exec_prefix}/libexec'
localedir='${datarootdir}/locale'
localstatedir='${prefix}/var'
mandir='${datarootdir}/man'
oldincludedir='/usr/include'
pdfdir='${docdir}'
prefix='/home/mmarcano/Documents/VIMOS/NGC6652/esorex'
program_transform_name='s,x,x,'
psdir='${docdir}'
sbindir='${exec_prefix}/sbin'
sharedstatedir='${prefix}/com'
sysconfdir='${prefix}/etc'
target_alias=''

## ----------- ##
## confdefs.h. ##
## ----------- ##

/* confdefs.h */
#define PACKAGE_NAME "WCSLIB"
#define PACKAGE_TARNAME "wcslib-4.24"
#define PACKAGE_VERSION "4.24"
#define PACKAGE_STRING "WCSLIB 4.24"
#define PACKAGE_BUGREPORT "mark@calabretta.id.au"
#define PACKAGE_URL ""
#define WCSLIB_VERSION 4.24
#define STDC_HEADERS 1
#define HAVE_SYS_TYPES_H 1
#define HAVE_SYS_STAT_H 1
#define HAVE_STDLIB_H 1
#define HAVE_STRING_H 1
#define HAVE_MEMORY_H 1
#define HAVE_STRINGS_H 1
#define HAVE_INTTYPES_H 1
#define HAVE_STDINT_H 1
#define HAVE_UNISTD_H 1
#define STDC_HEADERS 1
#define HAVE_CTYPE_H 1
#define HAVE_ERRNO_H 1
#define HAVE_LIMITS_H 1
#define HAVE_LOCALE_H 1
#define HAVE_MATH_H 1
#define HAVE_SETJMP_H 1
#define HAVE_STDARG_H 1
#define HAVE_STDIO_H 1
#define HAVE_STDLIB_H 1
#define HAVE_STRING_H 1
#define HAVE_LIBM 1
#define HAVE_FSEEKO 1
#define HAVE_STDLIB_H 1
#define HAVE_MALLOC 1
#define HAVE_STDLIB_H 1
#define HAVE_REALLOC 1
#define LSTAT_FOLLOWS_SLASHED_SYMLINK 1
#define HAVE_VPRINTF 1
#define HAVE_FLOOR 1
#define HAVE_MEMSET 1
#define HAVE_POW 1
#define HAVE_SETLOCALE 1
#define HAVE_SQRT 1
#define HAVE_STRCHR 1
#define HAVE_STRSTR 1
#define HAVE_SINCOS 1
#define SIZEOF_INT 4
#define SIZEOF_LONG_INT 8
#define SIZEOF_LONG_LONG_INT 8
#define WCSLIB_INT64 long long int
#define MODZ "z"
#define HAVE_UNISTD_H 1
#define HAVE_FSEEKO 1
#define HAVE_CFITSIO 1

configure: exit 0
