
Start time     : 2018-10-24T18:53:51
Program name   : esorex
Severity level : [ INFO  ] 

18:53:51 [ INFO  ] : [tid=000] This is EsoRex, version 3.13.1
18:53:51 [ INFO  ] : [tid=000] using the libraries: CPL = 7.1, CFITSIO = 3.36, WCSLIB = 4.24, FFTW (normal precision) = 3.3.4-sse2, FFTW (single precision) = 3.3.4-sse2, CPL FLOP counting is unavailable, enable with -DCPL_ADD_FLOPS, OPENMP = 200805
18:53:51 [ INFO  ] : [tid=000] Invocation command line was: /home/mmarcano/Documents/VIMOS/NGC6652/esorex/bin/esorex --output-dir=/home/mmarcano/Documents/VIMOS/NGC6652/data/NGC6652A2/2003-06-03T08:40/RawESOdata/quadrant1 --log-dir=/home/mmarcano/Documents/VIMOS/NGC6652/data/NGC6652A2/2003-06-03T08:40/RawESOdata/quadrant1 vmifucalib /home/mmarcano/Documents/VIMOS/NGC6652/data/NGC6652A2/2003-06-03T08:40/RawESOdata/quadrant1/calib.sof
18:53:51 [ INFO  ] vimos_print_banner: [tid=000] *****************************************
18:53:51 [ INFO  ] vimos_print_banner: [tid=000] Welcome to VIMOS Pipeline release 3.2.3
18:53:51 [ INFO  ] vimos_print_banner: [tid=000] *****************************************
18:53:51 [ INFO  ] vmifucalib: [tid=000] Loading the input frames...
18:53:51 [ INFO  ] vmifucalib: [tid=000] Processing data from quadrant 1, HR_blue/Free, shutter ON...
18:53:51 [ INFO  ] vmifucalib: [tid=000] Bias removal...
18:53:51 [ INFO  ] vmifucalib: [tid=000] Processing spectra in pseudo-slit 2:
18:53:51 [ INFO  ] vmifucalib: [tid=000]   Identify and trace flat field spectra...
18:53:52 [ INFO  ] ifuIdentifyUpgrade: [tid=000]   Cross-correlation offset with reference identification: -8.755762
18:53:52 [ INFO  ] vmifucalib: [tid=000]     365 out of 400 spectra were identified and traced.
18:53:52 [ INFO  ] vmifucalib: [tid=000]   Extract flat field spectra...
18:53:54 [ INFO  ] vmifucalib: [tid=000]   Extract arc lamp spectra...
18:53:58 [ INFO  ] vmifucalib: [tid=000]   Compute the wavelength calibration (blind)...
18:53:58 [ INFO  ] vmifucalib: [tid=000]     364 out of 365 extracted spectra were wavelength calibrated.
18:53:58 [ INFO  ] vmifucalib: [tid=000]   Resample flat field spectra at constant wavelength step (0.54 Angstrom)
18:53:58 [ INFO  ] vmifucalib: [tid=000]   Resample arc lamp spectra at constant wavelength step (0.54 Angstrom)
18:53:58 [ INFO  ] vmifucalib: [tid=000] Derive the relative transmission correction from extracted flat field spectra...
18:53:58 [ INFO  ] vmifucalib: [tid=000] Computing QC1 parameters...
18:53:58 [ INFO  ] vmifucalib: [tid=000] Flux of He 5015.68: 10596.91 +/- 556.44 ADU/fiber/s
18:53:58 [ INFO  ] vmifucalib: [tid=000] Flux of Ne 5944.83: 27913.56 +/- 1252.07 ADU/fiber/s
18:53:58 [WARNING] vmifucalib: [tid=000] No Ar lines in HR_blue spectral range: corresponding QC1 parameters are not computed.
18:53:58 [ INFO  ] vmifucalib: [tid=000] Spectral resolution at 6030.00: 2619.42 +/- 160.76
18:53:58 [ INFO  ] vmifucalib: [tid=000] Spectral resolution at 5015.67: 2746.71 +/- 63.55
18:53:58 [ INFO  ] vmifucalib: [tid=000] Spectral resolution at 4471.48: 2520.01 +/- 49.35
18:53:58 [ INFO  ] distortionsRms: [tid=000] RMS for 4026.19: line not available
18:53:58 [ INFO  ] distortionsRms: [tid=000] RMS for 4471.48: 0.083
18:53:58 [ INFO  ] distortionsRms: [tid=000] RMS for 4713.14: 0.264
18:53:58 [ INFO  ] distortionsRms: [tid=000] RMS for 4921.93: 0.208
18:53:58 [ INFO  ] distortionsRms: [tid=000] RMS for 5015.67: 0.081
18:53:58 [ INFO  ] distortionsRms: [tid=000] RMS for 5764.42: 0.296
18:53:58 [ INFO  ] distortionsRms: [tid=000] RMS for 5852.49: 0.211
18:53:58 [ INFO  ] distortionsRms: [tid=000] RMS for 5875.62: 0.144
18:53:58 [ INFO  ] distortionsRms: [tid=000] RMS for 5944.83: 0.246
18:53:58 [ INFO  ] distortionsRms: [tid=000] RMS for 6030.00: 0.217
18:53:58 [ INFO  ] distortionsRms: [tid=000] RMS for 6074.34: 0.305
18:53:58 [ INFO  ] distortionsRms: [tid=000] RMS for 6096.16: 0.148
18:53:58 [ INFO  ] distortionsRms: [tid=000] RMS for 6143.06: 0.277
18:53:58 [ INFO  ] distortionsRms: [tid=000] RMS for 6163.59: 0.255
18:53:58 [ INFO  ] distortionsRms: [tid=000] RMS for 6217.28: 0.098
18:53:58 [ INFO  ] distortionsRms: [tid=000] RMS for 6266.50: line not available
18:53:58 [ INFO  ] vmifucalib: [tid=000] IDS RMS: 0.210 pixel
18:53:59 [ INFO  ] : [tid=000] Calculating product checksums
18:53:59 [ INFO  ] : [tid=000] Created product /home/mmarcano/Documents/VIMOS/NGC6652/data/NGC6652A2/2003-06-03T08:40/RawESOdata/quadrant1/ifu_arc_spectrum_extracted.fits
18:53:59 [ INFO  ] : [tid=000] Created product /home/mmarcano/Documents/VIMOS/NGC6652/data/NGC6652A2/2003-06-03T08:40/RawESOdata/quadrant1/ifu_flat_spectrum_extracted.fits
18:53:59 [ INFO  ] : [tid=000] Created product /home/mmarcano/Documents/VIMOS/NGC6652/data/NGC6652A2/2003-06-03T08:40/RawESOdata/quadrant1/ifu_ids.fits
18:53:59 [ INFO  ] : [tid=000] Created product /home/mmarcano/Documents/VIMOS/NGC6652/data/NGC6652A2/2003-06-03T08:40/RawESOdata/quadrant1/ifu_master_screen_flat.fits
18:53:59 [ INFO  ] : [tid=000] Created product /home/mmarcano/Documents/VIMOS/NGC6652/data/NGC6652A2/2003-06-03T08:40/RawESOdata/quadrant1/ifu_trace.fits
18:53:59 [ INFO  ] : [tid=000] Created product /home/mmarcano/Documents/VIMOS/NGC6652/data/NGC6652A2/2003-06-03T08:40/RawESOdata/quadrant1/ifu_transmission.fits
18:53:59 [ INFO  ] : [tid=000] 6 products created
18:53:59 [ INFO  ] : [tid=000] Recipe operation(s) took           8.44 seconds to complete.
18:53:59 [ INFO  ] : [tid=000] Total size of 2 raw input frames  =    35.27 MB

18:53:59 [ INFO  ] : [tid=000] => processing rate of     4.18 MB/sec 

