
Start time     : 2018-11-13T19:36:30
Program name   : esorex
Severity level : [ INFO  ] 

19:36:30 [ INFO  ] : [tid=000] This is EsoRex, version 3.13.1
19:36:30 [ INFO  ] : [tid=000] using the libraries: CPL = 7.1, CFITSIO = 3.36, WCSLIB = 4.24, FFTW (normal precision) = 3.3.4-sse2, FFTW (single precision) = 3.3.4-sse2, CPL FLOP counting is unavailable, enable with -DCPL_ADD_FLOPS, OPENMP = 200805
19:36:30 [ INFO  ] : [tid=000] Invocation command line was: /home/mmarcano/Documents/VIMOS/NGC6652/esorex/bin/esorex --output-dir=/home/mmarcano/Documents/VIMOS/NGC6652/data/NGC6652A1/2003-06-02T03:08/RawESOdata/quadrant3 --log-dir=/home/mmarcano/Documents/VIMOS/NGC6652/data/NGC6652A1/2003-06-02T03:08/RawESOdata/quadrant3 vmifucalib /home/mmarcano/Documents/VIMOS/NGC6652/data/NGC6652A1/2003-06-02T03:08/RawESOdata/quadrant3/calib.sof
19:36:31 [ INFO  ] vimos_print_banner: [tid=000] *****************************************
19:36:31 [ INFO  ] vimos_print_banner: [tid=000] Welcome to VIMOS Pipeline release 3.2.3
19:36:31 [ INFO  ] vimos_print_banner: [tid=000] *****************************************
19:36:31 [ INFO  ] vmifucalib: [tid=000] Loading the input frames...
19:36:31 [ INFO  ] vmifucalib: [tid=000] Processing data from quadrant 3, HR_blue/Free, shutter ON...
19:36:31 [ INFO  ] vmifucalib: [tid=000] Bias removal...
19:36:31 [ INFO  ] vmifucalib: [tid=000] Processing spectra in pseudo-slit 2:
19:36:31 [ INFO  ] vmifucalib: [tid=000]   Identify and trace flat field spectra...
19:36:31 [ INFO  ] ifuIdentifyUpgrade: [tid=000]   Cross-correlation offset with reference identification: 14.231366
19:36:32 [ INFO  ] vmifucalib: [tid=000]     360 out of 400 spectra were identified and traced.
19:36:32 [ INFO  ] vmifucalib: [tid=000]   Extract flat field spectra...
19:36:33 [ INFO  ] vmifucalib: [tid=000]   Extract arc lamp spectra...
19:36:37 [ INFO  ] vmifucalib: [tid=000]   Compute the wavelength calibration (blind)...
19:36:38 [ INFO  ] vmifucalib: [tid=000]     359 out of 360 extracted spectra were wavelength calibrated.
19:36:38 [ INFO  ] vmifucalib: [tid=000]   Resample flat field spectra at constant wavelength step (0.54 Angstrom)
19:36:38 [ INFO  ] vmifucalib: [tid=000]   Resample arc lamp spectra at constant wavelength step (0.54 Angstrom)
19:36:38 [ INFO  ] vmifucalib: [tid=000] Derive the relative transmission correction from extracted flat field spectra...
19:36:38 [ INFO  ] vmifucalib: [tid=000] Computing QC1 parameters...
19:36:38 [ INFO  ] vmifucalib: [tid=000] Flux of He 5015.68: 6278.15 +/- 372.70 ADU/fiber/s
19:36:38 [ INFO  ] vmifucalib: [tid=000] Flux of Ne 5944.83: 16483.09 +/- 937.19 ADU/fiber/s
19:36:38 [WARNING] vmifucalib: [tid=000] No Ar lines in HR_blue spectral range: corresponding QC1 parameters are not computed.
19:36:38 [ INFO  ] vmifucalib: [tid=000] Spectral resolution at 6030.00: 3004.10 +/- 96.19
19:36:38 [ INFO  ] vmifucalib: [tid=000] Spectral resolution at 5015.67: 2797.71 +/- 63.27
19:36:38 [ INFO  ] vmifucalib: [tid=000] Spectral resolution at 4471.48: 2264.48 +/- 75.29
19:36:38 [ INFO  ] distortionsRms: [tid=000] RMS for 4026.19: line not available
19:36:38 [ INFO  ] distortionsRms: [tid=000] RMS for 4471.48: 0.070
19:36:38 [ INFO  ] distortionsRms: [tid=000] RMS for 4713.14: 0.250
19:36:38 [ INFO  ] distortionsRms: [tid=000] RMS for 4921.93: 0.201
19:36:38 [ INFO  ] distortionsRms: [tid=000] RMS for 5015.67: 0.083
19:36:38 [ INFO  ] distortionsRms: [tid=000] RMS for 5764.42: 0.323
19:36:38 [ INFO  ] distortionsRms: [tid=000] RMS for 5852.49: 0.111
19:36:38 [ INFO  ] distortionsRms: [tid=000] RMS for 5875.62: 0.131
19:36:38 [ INFO  ] distortionsRms: [tid=000] RMS for 5944.83: 0.103
19:36:38 [ INFO  ] distortionsRms: [tid=000] RMS for 6030.00: 0.183
19:36:38 [ INFO  ] distortionsRms: [tid=000] RMS for 6074.34: 0.283
19:36:38 [ INFO  ] distortionsRms: [tid=000] RMS for 6096.16: 0.164
19:36:38 [ INFO  ] distortionsRms: [tid=000] RMS for 6143.06: 0.287
19:36:38 [ INFO  ] distortionsRms: [tid=000] RMS for 6163.59: 0.260
19:36:38 [ INFO  ] distortionsRms: [tid=000] RMS for 6217.28: line not available
19:36:38 [ INFO  ] distortionsRms: [tid=000] RMS for 6266.50: line not available
19:36:38 [ INFO  ] vmifucalib: [tid=000] IDS RMS: 0.188 pixel
19:36:39 [ INFO  ] : [tid=000] Calculating product checksums
19:36:39 [ INFO  ] : [tid=000] Created product /home/mmarcano/Documents/VIMOS/NGC6652/data/NGC6652A1/2003-06-02T03:08/RawESOdata/quadrant3/ifu_arc_spectrum_extracted.fits
19:36:39 [ INFO  ] : [tid=000] Created product /home/mmarcano/Documents/VIMOS/NGC6652/data/NGC6652A1/2003-06-02T03:08/RawESOdata/quadrant3/ifu_flat_spectrum_extracted.fits
19:36:39 [ INFO  ] : [tid=000] Created product /home/mmarcano/Documents/VIMOS/NGC6652/data/NGC6652A1/2003-06-02T03:08/RawESOdata/quadrant3/ifu_ids.fits
19:36:39 [ INFO  ] : [tid=000] Created product /home/mmarcano/Documents/VIMOS/NGC6652/data/NGC6652A1/2003-06-02T03:08/RawESOdata/quadrant3/ifu_master_screen_flat.fits
19:36:39 [ INFO  ] : [tid=000] Created product /home/mmarcano/Documents/VIMOS/NGC6652/data/NGC6652A1/2003-06-02T03:08/RawESOdata/quadrant3/ifu_trace.fits
19:36:39 [ INFO  ] : [tid=000] Created product /home/mmarcano/Documents/VIMOS/NGC6652/data/NGC6652A1/2003-06-02T03:08/RawESOdata/quadrant3/ifu_transmission.fits
19:36:39 [ INFO  ] : [tid=000] 6 products created
19:36:39 [ INFO  ] : [tid=000] Recipe operation(s) took           8.44 seconds to complete.
19:36:39 [ INFO  ] : [tid=000] Total size of 2 raw input frames  =    35.27 MB

19:36:39 [ INFO  ] : [tid=000] => processing rate of     4.18 MB/sec 

