
Start time     : 2018-09-20T16:25:49
Program name   : esorex
Severity level : [ INFO  ] 

16:25:49 [ INFO  ] : [tid=000] This is EsoRex, version 3.13.1
16:25:49 [ INFO  ] : [tid=000] using the libraries: CPL = 7.1, CFITSIO = 3.36, WCSLIB = 4.24, FFTW (normal precision) = 3.3.4-sse2, FFTW (single precision) = 3.3.4-sse2, CPL FLOP counting is unavailable, enable with -DCPL_ADD_FLOPS, OPENMP = 200805
16:25:49 [ INFO  ] : [tid=000] Invocation command line was: /home/mmarcano/Documents/VIMOS/NGC6652/esorex/bin/esorex --output-dir=/home/mmarcano/Documents/VIMOS/NGC6652/data/NGC6652B5/2003-06-24T05:47:09/RawESOdata/quadrant1 --log-dir=/home/mmarcano/Documents/VIMOS/NGC6652/data/NGC6652B5/2003-06-24T05:47:09/RawESOdata/quadrant1 vmifustandard /home/mmarcano/Documents/VIMOS/NGC6652/data/NGC6652B5/2003-06-24T05:47:09/RawESOdata/quadrant1/ifustandard.sof
16:25:49 [ INFO  ] vmifustandard: [tid=000] Loading input frames...
16:25:49 [ INFO  ] vmifustandard: [tid=000] Bias removal...
16:25:49 [ INFO  ] vmifustandard: [tid=000] Processing data from quadrant 1, HR_blue/Free, shutter ON...
16:25:49 [ INFO  ] vmifustandard: [tid=000] Processing data from quadrant 1...
16:25:49 [ INFO  ] vmifustandard: [tid=000] Processing spectra in pseudo-slit 2:
16:25:49 [ INFO  ] vmifustandard: [tid=000]   Load flat field tracing table...
16:25:50 [ INFO  ] vmifustandard: [tid=000]   Detect traceable spectra on standard star exposure...
16:25:50 [ INFO  ] vmifustandard: [tid=000]     44 spectra detected on standard star exposure.
16:25:50 [ INFO  ] vmifustandard: [tid=000]   Tracing detected spectra...
16:25:50 [ INFO  ] vmifustandard: [tid=000]   Identify traced spectra on standard star exposure...
16:25:50 [ INFO  ] vmifustandard: [tid=000]   Align flat field tracings to standard star exposure...
16:25:50 [ INFO  ] vmifustandard: [tid=000]   Simple extraction of standard star and sky spectra...
16:25:54 [ INFO  ] vmifustandard: [tid=000]   Align wavelength calibration to detected sky lines...
16:25:54 [ INFO  ] ifuAlignSkylines: [tid=000]   Applying median shift of 1.387785 px
16:25:54 [ INFO  ] ifuAlignSkylines: [tid=000]   NOT applying individual shifts
16:25:54 [ INFO  ] vmifustandard: [tid=000]     Alignment: 1.39 CCD pixels
16:25:54 [ INFO  ] vmifustandard: [tid=000]   Resample standard star spectra at constant wavelength step (0.54 Angstrom)
16:25:54 [ INFO  ] vmifustandard: [tid=000] Apply transmission correction to extracted spectra...
16:25:54 [ INFO  ] vmifustandard: [tid=000] Computing QC1 parameters...
16:25:54 [ INFO  ] createFitsTable: [tid=000] Table ifu_specphot_table.fits (SPH) created.
16:25:54 [ INFO  ] : [tid=000] Calculating product checksums
16:25:54 [ INFO  ] : [tid=000] Created product /home/mmarcano/Documents/VIMOS/NGC6652/data/NGC6652B5/2003-06-24T05:47:09/RawESOdata/quadrant1/ifu_science_sky.fits
16:25:54 [ INFO  ] : [tid=000] Created product /home/mmarcano/Documents/VIMOS/NGC6652/data/NGC6652B5/2003-06-24T05:47:09/RawESOdata/quadrant1/ifu_specphot_table.fits
16:25:54 [ INFO  ] : [tid=000] Created product /home/mmarcano/Documents/VIMOS/NGC6652/data/NGC6652B5/2003-06-24T05:47:09/RawESOdata/quadrant1/ifu_standard_extracted.fits
16:25:54 [ INFO  ] : [tid=000] Created product /home/mmarcano/Documents/VIMOS/NGC6652/data/NGC6652B5/2003-06-24T05:47:09/RawESOdata/quadrant1/ifu_standard_reduced.fits
16:25:54 [ INFO  ] : [tid=000] Created product /home/mmarcano/Documents/VIMOS/NGC6652/data/NGC6652B5/2003-06-24T05:47:09/RawESOdata/quadrant1/ifu_std_fov.fits
16:25:54 [ INFO  ] : [tid=000] 5 products created
16:25:54 [ INFO  ] : [tid=000] Recipe operation(s) took           4.88 seconds to complete.
16:25:54 [ INFO  ] : [tid=000] Size of single raw input frame  =    17.63 MB

16:25:54 [ INFO  ] : [tid=000] => processing rate of     3.62 MB/sec 

