This file contains any messages produced by compilers while
running configure, to aid debugging if configure makes a mistake.

It was created by VIMOS Pipeline Library configure 0.5.0, which was
generated by GNU Autoconf 2.69.  Invocation command line was

  $ ./configure --disable-option-checking --prefix=/home/mmarcano/Documents/VIMOS/NGC6652/esorex CFITSIODIR=/home/mmarcano/Documents/VIMOS/NGC6652/esorex PKG_CONFIG=/usr/bin/pkg-config SEXBINPATH=/home/mmarcano/Documents/VIMOS/NGC6652/esorex/lib/vimos-3.2.3/bin PSFEXBINPATH=/home/mmarcano/Documents/VIMOS/NGC6652/esorex/lib/vimos-3.2.3/bin --cache-file=/dev/null --srcdir=.

## --------- ##
## Platform. ##
## --------- ##

hostname = krieger.ttu.edu
uname -m = x86_64
uname -r = 2.6.32-696.13.2.el6.x86_64
uname -s = Linux
uname -v = #1 SMP Thu Oct 5 17:13:40 CDT 2017

/usr/bin/uname -p = unknown
/bin/uname -X     = unknown

/bin/arch              = x86_64
/usr/bin/arch -k       = unknown
/usr/convex/getsysinfo = unknown
/usr/bin/hostinfo      = unknown
/bin/machine           = unknown
/usr/bin/oslevel       = unknown
/bin/universe          = unknown

PATH: /home/mmarcano/anaconda3/bin
PATH: /home/mmarcano/anaconda3/bin
PATH: /usr/local/snid-5.0/bin
PATH: /usr/local/sched/bin/
PATH: /usr/lib64/qt-3.3/bin
PATH: /usr/local/MATLAB/R2013a/bin/
PATH: /usr/local/karma/bin
PATH: /usr/local/casutools/bin
PATH: /usr/local/casa-release-4.5.2-el6/
PATH: /usr/local/astrometry/bin
PATH: /usr/local/bin
PATH: /bin
PATH: /usr/bin
PATH: /usr/local/sbin
PATH: /usr/sbin
PATH: /sbin
PATH: /home/mmarcano22/Documents/Computer/Montage/bin
PATH: /home/mmarcano22/.gem/ruby/2.3.0/bin
PATH: /home/mmarcano22/Documents/Computer/Montage/bin
PATH: /home/mmarcano22/.gem/ruby/2.3.0/bin


## ----------- ##
## Core tests. ##
## ----------- ##

configure:2476: checking build system type
configure:2490: result: x86_64-unknown-linux-gnu
configure:2510: checking host system type
configure:2523: result: x86_64-unknown-linux-gnu
configure:2543: checking target system type
configure:2556: result: x86_64-unknown-linux-gnu
configure:2599: checking for a BSD-compatible install
configure:2667: result: /usr/bin/install -c
configure:2678: checking whether build environment is sane
configure:2733: result: yes
configure:2884: checking for a thread-safe mkdir -p
configure:2923: result: /bin/mkdir -p
configure:2930: checking for gawk
configure:2946: found /bin/gawk
configure:2957: result: gawk
configure:2968: checking whether make sets $(MAKE)
configure:2990: result: yes
configure:3019: checking whether make supports nested variables
configure:3036: result: yes
configure:3166: checking whether to enable maintainer-specific portions of Makefiles
configure:3175: result: no
configure:3334: checking for style of include used by make
configure:3362: result: GNU
configure:3433: checking for gcc
configure:3449: found /usr/bin/gcc
configure:3460: result: gcc
configure:3689: checking for C compiler version
configure:3698: gcc --version >&5
gcc (GCC) 4.4.7 20120313 (Red Hat 4.4.7-18)
Copyright (C) 2010 Free Software Foundation, Inc.
This is free software; see the source for copying conditions.  There is NO
warranty; not even for MERCHANTABILITY or FITNESS FOR A PARTICULAR PURPOSE.

configure:3709: $? = 0
configure:3698: gcc -v >&5
Using built-in specs.
Target: x86_64-redhat-linux
Configured with: ../configure --prefix=/usr --mandir=/usr/share/man --infodir=/usr/share/info --with-bugurl=http://bugzilla.redhat.com/bugzilla --enable-bootstrap --enable-shared --enable-threads=posix --enable-checking=release --with-system-zlib --enable-__cxa_atexit --disable-libunwind-exceptions --enable-gnu-unique-object --enable-languages=c,c++,objc,obj-c++,java,fortran,ada --enable-java-awt=gtk --disable-dssi --with-java-home=/usr/lib/jvm/java-1.5.0-gcj-1.5.0.0/jre --enable-libgcj-multifile --enable-java-maintainer-mode --with-ecj-jar=/usr/share/java/eclipse-ecj.jar --disable-libjava-multilib --with-ppl --with-cloog --with-tune=generic --with-arch_32=i686 --build=x86_64-redhat-linux
Thread model: posix
gcc version 4.4.7 20120313 (Red Hat 4.4.7-18) (GCC) 
configure:3709: $? = 0
configure:3698: gcc -V >&5
gcc: '-V' option must have argument
configure:3709: $? = 1
configure:3698: gcc -qversion >&5
gcc: unrecognized option '-qversion'
gcc: no input files
configure:3709: $? = 1
configure:3729: checking whether the C compiler works
configure:3751: gcc    conftest.c  >&5
configure:3755: $? = 0
configure:3803: result: yes
configure:3806: checking for C compiler default output file name
configure:3808: result: a.out
configure:3814: checking for suffix of executables
configure:3821: gcc -o conftest    conftest.c  >&5
configure:3825: $? = 0
configure:3847: result: 
configure:3869: checking whether we are cross compiling
configure:3877: gcc -o conftest    conftest.c  >&5
configure:3881: $? = 0
configure:3888: ./conftest
configure:3892: $? = 0
configure:3907: result: no
configure:3912: checking for suffix of object files
configure:3934: gcc -c   conftest.c >&5
configure:3938: $? = 0
configure:3959: result: o
configure:3963: checking whether we are using the GNU C compiler
configure:3982: gcc -c   conftest.c >&5
configure:3982: $? = 0
configure:3991: result: yes
configure:4000: checking whether gcc accepts -g
configure:4020: gcc -c -g  conftest.c >&5
configure:4020: $? = 0
configure:4061: result: yes
configure:4078: checking for gcc option to accept ISO C89
configure:4141: gcc  -c -g -O2  conftest.c >&5
configure:4141: $? = 0
configure:4154: result: none needed
configure:4179: checking whether gcc understands -c and -o together
configure:4201: gcc -c conftest.c -o conftest2.o
configure:4204: $? = 0
configure:4201: gcc -c conftest.c -o conftest2.o
configure:4204: $? = 0
configure:4216: result: yes
configure:4235: checking dependency style of gcc
configure:4346: result: gcc3
configure:4366: checking how to run the C preprocessor
configure:4397: gcc -E  conftest.c
configure:4397: $? = 0
configure:4411: gcc -E  conftest.c
conftest.c:17:28: error: ac_nonexistent.h: No such file or directory
configure:4411: $? = 1
configure: failed program was:
| /* confdefs.h */
| #define PACKAGE_NAME "VIMOS Pipeline Library"
| #define PACKAGE_TARNAME "libpil"
| #define PACKAGE_VERSION "0.5.0"
| #define PACKAGE_STRING "VIMOS Pipeline Library 0.5.0"
| #define PACKAGE_BUGREPORT "usg-help@eso.org"
| #define PACKAGE_URL ""
| #define PACKAGE "libpil"
| #define VERSION "0.5.0"
| #define LIBPIL_MAJOR_VERSION 0
| #define LIBPIL_MINOR_VERSION 5
| #define LIBPIL_MICRO_VERSION 0
| #define LIBPIL_INTERFACE_AGE 0
| #define LIBPIL_BINARY_VERSION 500
| #define LIBPIL_BINARY_AGE 500
| /* end confdefs.h.  */
| #include <ac_nonexistent.h>
configure:4436: result: gcc -E
configure:4456: gcc -E  conftest.c
configure:4456: $? = 0
configure:4470: gcc -E  conftest.c
conftest.c:17:28: error: ac_nonexistent.h: No such file or directory
configure:4470: $? = 1
configure: failed program was:
| /* confdefs.h */
| #define PACKAGE_NAME "VIMOS Pipeline Library"
| #define PACKAGE_TARNAME "libpil"
| #define PACKAGE_VERSION "0.5.0"
| #define PACKAGE_STRING "VIMOS Pipeline Library 0.5.0"
| #define PACKAGE_BUGREPORT "usg-help@eso.org"
| #define PACKAGE_URL ""
| #define PACKAGE "libpil"
| #define VERSION "0.5.0"
| #define LIBPIL_MAJOR_VERSION 0
| #define LIBPIL_MINOR_VERSION 5
| #define LIBPIL_MICRO_VERSION 0
| #define LIBPIL_INTERFACE_AGE 0
| #define LIBPIL_BINARY_VERSION 500
| #define LIBPIL_BINARY_AGE 500
| /* end confdefs.h.  */
| #include <ac_nonexistent.h>
configure:4546: checking for gcc
configure:4573: result: gcc
configure:4802: checking for C compiler version
configure:4811: gcc --version >&5
gcc (GCC) 4.4.7 20120313 (Red Hat 4.4.7-18)
Copyright (C) 2010 Free Software Foundation, Inc.
This is free software; see the source for copying conditions.  There is NO
warranty; not even for MERCHANTABILITY or FITNESS FOR A PARTICULAR PURPOSE.

configure:4822: $? = 0
configure:4811: gcc -v >&5
Using built-in specs.
Target: x86_64-redhat-linux
Configured with: ../configure --prefix=/usr --mandir=/usr/share/man --infodir=/usr/share/info --with-bugurl=http://bugzilla.redhat.com/bugzilla --enable-bootstrap --enable-shared --enable-threads=posix --enable-checking=release --with-system-zlib --enable-__cxa_atexit --disable-libunwind-exceptions --enable-gnu-unique-object --enable-languages=c,c++,objc,obj-c++,java,fortran,ada --enable-java-awt=gtk --disable-dssi --with-java-home=/usr/lib/jvm/java-1.5.0-gcj-1.5.0.0/jre --enable-libgcj-multifile --enable-java-maintainer-mode --with-ecj-jar=/usr/share/java/eclipse-ecj.jar --disable-libjava-multilib --with-ppl --with-cloog --with-tune=generic --with-arch_32=i686 --build=x86_64-redhat-linux
Thread model: posix
gcc version 4.4.7 20120313 (Red Hat 4.4.7-18) (GCC) 
configure:4822: $? = 0
configure:4811: gcc -V >&5
gcc: '-V' option must have argument
configure:4822: $? = 1
configure:4811: gcc -qversion >&5
gcc: unrecognized option '-qversion'
gcc: no input files
configure:4822: $? = 1
configure:4826: checking whether we are using the GNU C compiler
configure:4854: result: yes
configure:4863: checking whether gcc accepts -g
configure:4924: result: yes
configure:4941: checking for gcc option to accept ISO C89
configure:5017: result: none needed
configure:5042: checking whether gcc understands -c and -o together
configure:5079: result: yes
configure:5098: checking dependency style of gcc
configure:5209: result: gcc3
configure:5225: checking whether ln -s works
configure:5229: result: yes
configure:5248: checking whether debugging code should be created
configure:5255: result: no
configure:5585: checking for grep that handles long lines and -e
configure:5643: result: /bin/grep
configure:5648: checking for egrep
configure:5710: result: /bin/grep -E
configure:5727: checking whether strict compiler options should be used
configure:5734: result: no
configure:5859: checking whether gcc supports -fno-builtin
configure:5894: result: yes
configure:5910: checking for doxygen
configure:5928: found /usr/bin/doxygen
configure:5940: result: /usr/bin/doxygen
configure:5952: checking for latex
configure:5970: found /usr/bin/latex
configure:5982: result: /usr/bin/latex
configure:6111: checking how to print strings
configure:6138: result: printf
configure:6159: checking for a sed that does not truncate output
configure:6223: result: /bin/sed
configure:6241: checking for fgrep
configure:6303: result: /bin/grep -F
configure:6338: checking for ld used by gcc
configure:6405: result: /usr/bin/ld
configure:6412: checking if the linker (/usr/bin/ld) is GNU ld
configure:6427: result: yes
configure:6439: checking for BSD- or MS-compatible name lister (nm)
configure:6493: result: /usr/bin/nm -B
configure:6623: checking the name lister (/usr/bin/nm -B) interface
configure:6630: gcc -c -g -O2 -fno-builtin  conftest.c >&5
configure:6633: /usr/bin/nm -B "conftest.o"
configure:6636: output
0000000000000000 B some_variable
configure:6643: result: BSD nm
configure:6647: checking the maximum length of command line arguments
configure:6778: result: 1966080
configure:6826: checking how to convert x86_64-unknown-linux-gnu file names to x86_64-unknown-linux-gnu format
configure:6866: result: func_convert_file_noop
configure:6873: checking how to convert x86_64-unknown-linux-gnu file names to toolchain format
configure:6893: result: func_convert_file_noop
configure:6900: checking for /usr/bin/ld option to reload object files
configure:6907: result: -r
configure:6981: checking for objdump
configure:6997: found /usr/bin/objdump
configure:7008: result: objdump
configure:7040: checking how to recognize dependent libraries
configure:7240: result: pass_all
configure:7325: checking for dlltool
configure:7355: result: no
configure:7385: checking how to associate runtime and link libraries
configure:7412: result: printf %s\n
configure:7473: checking for ar
configure:7489: found /usr/bin/ar
configure:7500: result: ar
configure:7537: checking for archiver @FILE support
configure:7554: gcc -c -g -O2 -fno-builtin  conftest.c >&5
configure:7554: $? = 0
configure:7557: ar cru libconftest.a @conftest.lst >&5
configure:7560: $? = 0
configure:7565: ar cru libconftest.a @conftest.lst >&5
ar: conftest.o: No such file or directory
configure:7568: $? = 1
configure:7580: result: @
configure:7638: checking for strip
configure:7654: found /usr/bin/strip
configure:7665: result: strip
configure:7737: checking for ranlib
configure:7753: found /usr/bin/ranlib
configure:7764: result: ranlib
configure:7866: checking command to parse /usr/bin/nm -B output from gcc object
configure:8019: gcc -c -g -O2 -fno-builtin  conftest.c >&5
configure:8022: $? = 0
configure:8026: /usr/bin/nm -B conftest.o \| sed -n -e 's/^.*[ ]\([ABCDGIRSTW][ABCDGIRSTW]*\)[ ][ ]*\([_A-Za-z][_A-Za-z0-9]*\)$/\1 \2 \2/p' | sed '/ __gnu_lto/d' \> conftest.nm
configure:8029: $? = 0
configure:8095: gcc -o conftest -g -O2 -fno-builtin   conftest.c conftstm.o >&5
configure:8098: $? = 0
configure:8136: result: ok
configure:8183: checking for sysroot
configure:8213: result: no
configure:8220: checking for a working dd
configure:8258: result: /bin/dd
configure:8262: checking how to truncate binary pipes
configure:8277: result: /bin/dd bs=4096 count=1
configure:8413: gcc -c -g -O2 -fno-builtin  conftest.c >&5
configure:8416: $? = 0
configure:8606: checking for mt
configure:8636: result: no
configure:8656: checking if : is a manifest tool
configure:8662: : '-?'
configure:8670: result: no
configure:9343: checking for ANSI C header files
configure:9363: gcc -c -g -O2 -fno-builtin  conftest.c >&5
configure:9363: $? = 0
configure:9436: gcc -o conftest -g -O2 -fno-builtin   conftest.c  >&5
configure:9436: $? = 0
configure:9436: ./conftest
configure:9436: $? = 0
configure:9447: result: yes
configure:9460: checking for sys/types.h
configure:9460: gcc -c -g -O2 -fno-builtin  conftest.c >&5
configure:9460: $? = 0
configure:9460: result: yes
configure:9460: checking for sys/stat.h
configure:9460: gcc -c -g -O2 -fno-builtin  conftest.c >&5
configure:9460: $? = 0
configure:9460: result: yes
configure:9460: checking for stdlib.h
configure:9460: gcc -c -g -O2 -fno-builtin  conftest.c >&5
configure:9460: $? = 0
configure:9460: result: yes
configure:9460: checking for string.h
configure:9460: gcc -c -g -O2 -fno-builtin  conftest.c >&5
configure:9460: $? = 0
configure:9460: result: yes
configure:9460: checking for memory.h
configure:9460: gcc -c -g -O2 -fno-builtin  conftest.c >&5
configure:9460: $? = 0
configure:9460: result: yes
configure:9460: checking for strings.h
configure:9460: gcc -c -g -O2 -fno-builtin  conftest.c >&5
configure:9460: $? = 0
configure:9460: result: yes
configure:9460: checking for inttypes.h
configure:9460: gcc -c -g -O2 -fno-builtin  conftest.c >&5
configure:9460: $? = 0
configure:9460: result: yes
configure:9460: checking for stdint.h
configure:9460: gcc -c -g -O2 -fno-builtin  conftest.c >&5
configure:9460: $? = 0
configure:9460: result: yes
configure:9460: checking for unistd.h
configure:9460: gcc -c -g -O2 -fno-builtin  conftest.c >&5
configure:9460: $? = 0
configure:9460: result: yes
configure:9474: checking for dlfcn.h
configure:9474: gcc -c -g -O2 -fno-builtin  conftest.c >&5
configure:9474: $? = 0
configure:9474: result: yes
configure:9670: checking for objdir
configure:9685: result: .libs
configure:9949: checking if gcc supports -fno-rtti -fno-exceptions
configure:9967: gcc -c -g -O2 -fno-builtin  -fno-rtti -fno-exceptions conftest.c >&5
cc1: warning: command line option "-fno-rtti" is valid for C++/ObjC++ but not for C
configure:9971: $? = 0
configure:9984: result: no
configure:10342: checking for gcc option to produce PIC
configure:10349: result: -fPIC -DPIC
configure:10357: checking if gcc PIC flag -fPIC -DPIC works
configure:10375: gcc -c -g -O2 -fno-builtin  -fPIC -DPIC -DPIC conftest.c >&5
configure:10379: $? = 0
configure:10392: result: yes
configure:10421: checking if gcc static flag -static works
configure:10449: result: no
configure:10464: checking if gcc supports -c -o file.o
configure:10485: gcc -c -g -O2 -fno-builtin  -o out/conftest2.o conftest.c >&5
configure:10489: $? = 0
configure:10511: result: yes
configure:10519: checking if gcc supports -c -o file.o
configure:10566: result: yes
configure:10599: checking whether the gcc linker (/usr/bin/ld -m elf_x86_64) supports shared libraries
configure:11858: result: yes
configure:11895: checking whether -lc should be explicitly linked in
configure:11903: gcc -c -g -O2 -fno-builtin  conftest.c >&5
configure:11906: $? = 0
configure:11921: gcc -shared  -fPIC -DPIC conftest.o  -v -Wl,-soname -Wl,conftest -o conftest 2\>\&1 \| /bin/grep  -lc  \>/dev/null 2\>\&1
configure:11924: $? = 0
configure:11938: result: no
configure:12098: checking dynamic linker characteristics
configure:12679: gcc -o conftest -g -O2 -fno-builtin   -Wl,-rpath -Wl,/foo conftest.c  >&5
configure:12679: $? = 0
configure:12919: result: GNU/Linux ld.so
configure:13041: checking how to hardcode library paths into programs
configure:13066: result: immediate
configure:13614: checking whether stripping libraries is possible
configure:13619: result: yes
configure:13654: checking if libtool supports shared libraries
configure:13656: result: yes
configure:13659: checking whether to build shared libraries
configure:13684: result: yes
configure:13687: checking whether to build static libraries
configure:13691: result: no
configure:13738: checking for special C compiler options needed for large files
configure:13783: result: no
configure:13789: checking for _FILE_OFFSET_BITS value needed for large files
configure:13814: gcc -c -g -O2 -fno-builtin  conftest.c >&5
configure:13814: $? = 0
configure:13846: result: no
configure:13938: checking whether gcc supports -pthread
configure:13973: result: yes
configure:13985: checking for pthread_create in -lpthread
configure:14010: gcc -o conftest -g -O2 -fno-builtin   conftest.c -lpthread   >&5
configure:14010: $? = 0
configure:14019: result: yes
configure:14028: checking pthread.h usability
configure:14028: gcc -c -g -O2 -fno-builtin  conftest.c >&5
configure:14028: $? = 0
configure:14028: result: yes
configure:14028: checking pthread.h presence
configure:14028: gcc -E  conftest.c
configure:14028: $? = 0
configure:14028: result: yes
configure:14028: checking for pthread.h
configure:14028: result: yes
configure:14149: checking for cfitsio
configure:14223: gcc -c -I/home/mmarcano/Documents/VIMOS/NGC6652/esorex/include/cfitsio -I/home/mmarcano/Documents/VIMOS/NGC6652/esorex/include  conftest.c >&5
configure:14223: $? = 0
configure:14249: gcc -o conftest -I/home/mmarcano/Documents/VIMOS/NGC6652/esorex/include/cfitsio -I/home/mmarcano/Documents/VIMOS/NGC6652/esorex/include  -L/home/mmarcano/Documents/VIMOS/NGC6652/esorex/lib64 -L/home/mmarcano/Documents/VIMOS/NGC6652/esorex/lib conftest.c -lcfitsio -lpthread -lm  >&5
configure:14249: $? = 0
configure:14292: result: yes
configure:14424: checking whether cfitsio provides fits_hdu_getoff()
configure:14444: gcc -c -I/home/mmarcano/Documents/VIMOS/NGC6652/esorex/include/cfitsio -I/home/mmarcano/Documents/VIMOS/NGC6652/esorex/include  conftest.c >&5
configure:14444: $? = 0
configure:14451: result: yes
configure:14454: checking whether cfitsio provides fits_get_hduaddrll()
configure:14474: gcc -c -I/home/mmarcano/Documents/VIMOS/NGC6652/esorex/include/cfitsio -I/home/mmarcano/Documents/VIMOS/NGC6652/esorex/include  conftest.c >&5
configure:14474: $? = 0
configure:14481: result: yes
configure:14499: checking whether cfitsio was compiled with thread support
configure:14533: gcc -o conftest -I/home/mmarcano/Documents/VIMOS/NGC6652/esorex/include/cfitsio -I/home/mmarcano/Documents/VIMOS/NGC6652/esorex/include  -L/home/mmarcano/Documents/VIMOS/NGC6652/esorex/lib64 -L/home/mmarcano/Documents/VIMOS/NGC6652/esorex/lib conftest.c -lcfitsio -lpthread -lm  >&5
configure:14533: $? = 0
configure:14541: result: yes
configure:14618: checking for pow in -lm
configure:14643: gcc -o conftest -g -O2 -fno-builtin   conftest.c -lm   >&5
configure:14643: $? = 0
configure:14652: result: yes
configure:14658: checking for socket in -lsocket
configure:14683: gcc -o conftest -g -O2 -fno-builtin   conftest.c -lsocket   -lm >&5
/usr/bin/ld: cannot find -lsocket
collect2: ld returned 1 exit status
configure:14683: $? = 1
configure: failed program was:
| /* confdefs.h */
| #define PACKAGE_NAME "VIMOS Pipeline Library"
| #define PACKAGE_TARNAME "libpil"
| #define PACKAGE_VERSION "0.5.0"
| #define PACKAGE_STRING "VIMOS Pipeline Library 0.5.0"
| #define PACKAGE_BUGREPORT "usg-help@eso.org"
| #define PACKAGE_URL ""
| #define PACKAGE "libpil"
| #define VERSION "0.5.0"
| #define LIBPIL_MAJOR_VERSION 0
| #define LIBPIL_MINOR_VERSION 5
| #define LIBPIL_MICRO_VERSION 0
| #define LIBPIL_INTERFACE_AGE 0
| #define LIBPIL_BINARY_VERSION 500
| #define LIBPIL_BINARY_AGE 500
| #define STDC_HEADERS 1
| #define HAVE_SYS_TYPES_H 1
| #define HAVE_SYS_STAT_H 1
| #define HAVE_STDLIB_H 1
| #define HAVE_STRING_H 1
| #define HAVE_MEMORY_H 1
| #define HAVE_STRINGS_H 1
| #define HAVE_INTTYPES_H 1
| #define HAVE_STDINT_H 1
| #define HAVE_UNISTD_H 1
| #define HAVE_DLFCN_H 1
| #define LT_OBJDIR ".libs/"
| #define HAVE_PTHREAD_H 1
| #define HAVE_FITS_GET_HDUOFF 1
| /* end confdefs.h.  */
| 
| /* Override any GCC internal prototype to avoid an error.
|    Use char because int might match the return type of a GCC
|    builtin and then its argument prototype would still apply.  */
| #ifdef __cplusplus
| extern "C"
| #endif
| char socket ();
| int
| main ()
| {
| return socket ();
|   ;
|   return 0;
| }
configure:14692: result: no
configure:14698: checking for inet_ntoa in -lnsl
configure:14723: gcc -o conftest -g -O2 -fno-builtin   conftest.c -lnsl   -lm >&5
configure:14723: $? = 0
configure:14732: result: yes
configure:14740: checking for ANSI C header files
configure:14844: result: yes
configure:14852: checking for sys/wait.h that is POSIX.1 compatible
configure:14878: gcc -c -g -O2 -fno-builtin  conftest.c >&5
configure:14878: $? = 0
configure:14885: result: yes
configure:14893: checking whether stat file-mode macros are broken
configure:14920: gcc -c -g -O2 -fno-builtin  conftest.c >&5
configure:14920: $? = 0
configure:14927: result: no
configure:14939: checking alloca.h usability
configure:14939: gcc -c -g -O2 -fno-builtin  conftest.c >&5
configure:14939: $? = 0
configure:14939: result: yes
configure:14939: checking alloca.h presence
configure:14939: gcc -E  conftest.c
configure:14939: $? = 0
configure:14939: result: yes
configure:14939: checking for alloca.h
configure:14939: result: yes
configure:14939: checking errno.h usability
configure:14939: gcc -c -g -O2 -fno-builtin  conftest.c >&5
configure:14939: $? = 0
configure:14939: result: yes
configure:14939: checking errno.h presence
configure:14939: gcc -E  conftest.c
configure:14939: $? = 0
configure:14939: result: yes
configure:14939: checking for errno.h
configure:14939: result: yes
configure:14939: checking limits.h usability
configure:14939: gcc -c -g -O2 -fno-builtin  conftest.c >&5
configure:14939: $? = 0
configure:14939: result: yes
configure:14939: checking limits.h presence
configure:14939: gcc -E  conftest.c
configure:14939: $? = 0
configure:14939: result: yes
configure:14939: checking for limits.h
configure:14939: result: yes
configure:14939: checking fcntl.h usability
configure:14939: gcc -c -g -O2 -fno-builtin  conftest.c >&5
configure:14939: $? = 0
configure:14939: result: yes
configure:14939: checking fcntl.h presence
configure:14939: gcc -E  conftest.c
configure:14939: $? = 0
configure:14939: result: yes
configure:14939: checking for fcntl.h
configure:14939: result: yes
configure:14939: checking math.h usability
configure:14939: gcc -c -g -O2 -fno-builtin  conftest.c >&5
configure:14939: $? = 0
configure:14939: result: yes
configure:14939: checking math.h presence
configure:14939: gcc -E  conftest.c
configure:14939: $? = 0
configure:14939: result: yes
configure:14939: checking for math.h
configure:14939: result: yes
configure:14939: checking sys/time.h usability
configure:14939: gcc -c -g -O2 -fno-builtin  conftest.c >&5
configure:14939: $? = 0
configure:14939: result: yes
configure:14939: checking sys/time.h presence
configure:14939: gcc -E  conftest.c
configure:14939: $? = 0
configure:14939: result: yes
configure:14939: checking for sys/time.h
configure:14939: result: yes
configure:14939: checking termio.h usability
configure:14939: gcc -c -g -O2 -fno-builtin  conftest.c >&5
configure:14939: $? = 0
configure:14939: result: yes
configure:14939: checking termio.h presence
configure:14939: gcc -E  conftest.c
configure:14939: $? = 0
configure:14939: result: yes
configure:14939: checking for termio.h
configure:14939: result: yes
configure:14939: checking wordexp.h usability
configure:14939: gcc -c -g -O2 -fno-builtin  conftest.c >&5
configure:14939: $? = 0
configure:14939: result: yes
configure:14939: checking wordexp.h presence
configure:14939: gcc -E  conftest.c
configure:14939: $? = 0
configure:14939: result: yes
configure:14939: checking for wordexp.h
configure:14939: result: yes
configure:14951: checking for an ANSI C-conforming const
configure:15017: gcc -c -g -O2 -fno-builtin  conftest.c >&5
configure:15017: $? = 0
configure:15024: result: yes
configure:15032: checking for inline
configure:15048: gcc -c -g -O2 -fno-builtin  conftest.c >&5
configure:15048: $? = 0
configure:15056: result: inline
configure:15074: checking for uid_t in sys/types.h
configure:15093: result: yes
configure:15104: checking for pid_t
configure:15104: gcc -c -g -O2 -fno-builtin  conftest.c >&5
configure:15104: $? = 0
configure:15104: gcc -c -g -O2 -fno-builtin  conftest.c >&5
conftest.c: In function 'main':
conftest.c:77: error: expected expression before ')' token
configure:15104: $? = 1
configure: failed program was:
| /* confdefs.h */
| #define PACKAGE_NAME "VIMOS Pipeline Library"
| #define PACKAGE_TARNAME "libpil"
| #define PACKAGE_VERSION "0.5.0"
| #define PACKAGE_STRING "VIMOS Pipeline Library 0.5.0"
| #define PACKAGE_BUGREPORT "usg-help@eso.org"
| #define PACKAGE_URL ""
| #define PACKAGE "libpil"
| #define VERSION "0.5.0"
| #define LIBPIL_MAJOR_VERSION 0
| #define LIBPIL_MINOR_VERSION 5
| #define LIBPIL_MICRO_VERSION 0
| #define LIBPIL_INTERFACE_AGE 0
| #define LIBPIL_BINARY_VERSION 500
| #define LIBPIL_BINARY_AGE 500
| #define STDC_HEADERS 1
| #define HAVE_SYS_TYPES_H 1
| #define HAVE_SYS_STAT_H 1
| #define HAVE_STDLIB_H 1
| #define HAVE_STRING_H 1
| #define HAVE_MEMORY_H 1
| #define HAVE_STRINGS_H 1
| #define HAVE_INTTYPES_H 1
| #define HAVE_STDINT_H 1
| #define HAVE_UNISTD_H 1
| #define HAVE_DLFCN_H 1
| #define LT_OBJDIR ".libs/"
| #define HAVE_PTHREAD_H 1
| #define HAVE_FITS_GET_HDUOFF 1
| #define STDC_HEADERS 1
| #define HAVE_SYS_WAIT_H 1
| #define HAVE_ALLOCA_H 1
| #define HAVE_ERRNO_H 1
| #define HAVE_LIMITS_H 1
| #define HAVE_FCNTL_H 1
| #define HAVE_MATH_H 1
| #define HAVE_SYS_TIME_H 1
| #define HAVE_TERMIO_H 1
| #define HAVE_WORDEXP_H 1
| /* end confdefs.h.  */
| #include <stdio.h>
| #ifdef HAVE_SYS_TYPES_H
| # include <sys/types.h>
| #endif
| #ifdef HAVE_SYS_STAT_H
| # include <sys/stat.h>
| #endif
| #ifdef STDC_HEADERS
| # include <stdlib.h>
| # include <stddef.h>
| #else
| # ifdef HAVE_STDLIB_H
| #  include <stdlib.h>
| # endif
| #endif
| #ifdef HAVE_STRING_H
| # if !defined STDC_HEADERS && defined HAVE_MEMORY_H
| #  include <memory.h>
| # endif
| # include <string.h>
| #endif
| #ifdef HAVE_STRINGS_H
| # include <strings.h>
| #endif
| #ifdef HAVE_INTTYPES_H
| # include <inttypes.h>
| #endif
| #ifdef HAVE_STDINT_H
| # include <stdint.h>
| #endif
| #ifdef HAVE_UNISTD_H
| # include <unistd.h>
| #endif
| int
| main ()
| {
| if (sizeof ((pid_t)))
| 	    return 0;
|   ;
|   return 0;
| }
configure:15104: result: yes
configure:15115: checking for size_t
configure:15115: gcc -c -g -O2 -fno-builtin  conftest.c >&5
configure:15115: $? = 0
configure:15115: gcc -c -g -O2 -fno-builtin  conftest.c >&5
conftest.c: In function 'main':
conftest.c:77: error: expected expression before ')' token
configure:15115: $? = 1
configure: failed program was:
| /* confdefs.h */
| #define PACKAGE_NAME "VIMOS Pipeline Library"
| #define PACKAGE_TARNAME "libpil"
| #define PACKAGE_VERSION "0.5.0"
| #define PACKAGE_STRING "VIMOS Pipeline Library 0.5.0"
| #define PACKAGE_BUGREPORT "usg-help@eso.org"
| #define PACKAGE_URL ""
| #define PACKAGE "libpil"
| #define VERSION "0.5.0"
| #define LIBPIL_MAJOR_VERSION 0
| #define LIBPIL_MINOR_VERSION 5
| #define LIBPIL_MICRO_VERSION 0
| #define LIBPIL_INTERFACE_AGE 0
| #define LIBPIL_BINARY_VERSION 500
| #define LIBPIL_BINARY_AGE 500
| #define STDC_HEADERS 1
| #define HAVE_SYS_TYPES_H 1
| #define HAVE_SYS_STAT_H 1
| #define HAVE_STDLIB_H 1
| #define HAVE_STRING_H 1
| #define HAVE_MEMORY_H 1
| #define HAVE_STRINGS_H 1
| #define HAVE_INTTYPES_H 1
| #define HAVE_STDINT_H 1
| #define HAVE_UNISTD_H 1
| #define HAVE_DLFCN_H 1
| #define LT_OBJDIR ".libs/"
| #define HAVE_PTHREAD_H 1
| #define HAVE_FITS_GET_HDUOFF 1
| #define STDC_HEADERS 1
| #define HAVE_SYS_WAIT_H 1
| #define HAVE_ALLOCA_H 1
| #define HAVE_ERRNO_H 1
| #define HAVE_LIMITS_H 1
| #define HAVE_FCNTL_H 1
| #define HAVE_MATH_H 1
| #define HAVE_SYS_TIME_H 1
| #define HAVE_TERMIO_H 1
| #define HAVE_WORDEXP_H 1
| /* end confdefs.h.  */
| #include <stdio.h>
| #ifdef HAVE_SYS_TYPES_H
| # include <sys/types.h>
| #endif
| #ifdef HAVE_SYS_STAT_H
| # include <sys/stat.h>
| #endif
| #ifdef STDC_HEADERS
| # include <stdlib.h>
| # include <stddef.h>
| #else
| # ifdef HAVE_STDLIB_H
| #  include <stdlib.h>
| # endif
| #endif
| #ifdef HAVE_STRING_H
| # if !defined STDC_HEADERS && defined HAVE_MEMORY_H
| #  include <memory.h>
| # endif
| # include <string.h>
| #endif
| #ifdef HAVE_STRINGS_H
| # include <strings.h>
| #endif
| #ifdef HAVE_INTTYPES_H
| # include <inttypes.h>
| #endif
| #ifdef HAVE_STDINT_H
| # include <stdint.h>
| #endif
| #ifdef HAVE_UNISTD_H
| # include <unistd.h>
| #endif
| int
| main ()
| {
| if (sizeof ((size_t)))
| 	    return 0;
|   ;
|   return 0;
| }
configure:15115: result: yes
configure:15126: checking return type of signal handlers
configure:15144: gcc -c -g -O2 -fno-builtin  conftest.c >&5
conftest.c: In function 'main':
conftest.c:47: error: void value not ignored as it ought to be
configure:15144: $? = 1
configure: failed program was:
| /* confdefs.h */
| #define PACKAGE_NAME "VIMOS Pipeline Library"
| #define PACKAGE_TARNAME "libpil"
| #define PACKAGE_VERSION "0.5.0"
| #define PACKAGE_STRING "VIMOS Pipeline Library 0.5.0"
| #define PACKAGE_BUGREPORT "usg-help@eso.org"
| #define PACKAGE_URL ""
| #define PACKAGE "libpil"
| #define VERSION "0.5.0"
| #define LIBPIL_MAJOR_VERSION 0
| #define LIBPIL_MINOR_VERSION 5
| #define LIBPIL_MICRO_VERSION 0
| #define LIBPIL_INTERFACE_AGE 0
| #define LIBPIL_BINARY_VERSION 500
| #define LIBPIL_BINARY_AGE 500
| #define STDC_HEADERS 1
| #define HAVE_SYS_TYPES_H 1
| #define HAVE_SYS_STAT_H 1
| #define HAVE_STDLIB_H 1
| #define HAVE_STRING_H 1
| #define HAVE_MEMORY_H 1
| #define HAVE_STRINGS_H 1
| #define HAVE_INTTYPES_H 1
| #define HAVE_STDINT_H 1
| #define HAVE_UNISTD_H 1
| #define HAVE_DLFCN_H 1
| #define LT_OBJDIR ".libs/"
| #define HAVE_PTHREAD_H 1
| #define HAVE_FITS_GET_HDUOFF 1
| #define STDC_HEADERS 1
| #define HAVE_SYS_WAIT_H 1
| #define HAVE_ALLOCA_H 1
| #define HAVE_ERRNO_H 1
| #define HAVE_LIMITS_H 1
| #define HAVE_FCNTL_H 1
| #define HAVE_MATH_H 1
| #define HAVE_SYS_TIME_H 1
| #define HAVE_TERMIO_H 1
| #define HAVE_WORDEXP_H 1
| /* end confdefs.h.  */
| #include <sys/types.h>
| #include <signal.h>
| 
| int
| main ()
| {
| return *(signal (0, 0)) (0) == 1;
|   ;
|   return 0;
| }
configure:15151: result: void
configure:15159: checking for struct stat.st_blksize
configure:15159: gcc -c -g -O2 -fno-builtin  conftest.c >&5
configure:15159: $? = 0
configure:15159: result: yes
configure:15177: checking for atexit
configure:15177: gcc -o conftest -g -O2 -fno-builtin   conftest.c  -lm -lnsl >&5
configure:15177: $? = 0
configure:15177: result: yes
configure:15177: checking for getcwd
configure:15177: gcc -o conftest -g -O2 -fno-builtin   conftest.c  -lm -lnsl >&5
configure:15177: $? = 0
configure:15177: result: yes
configure:15177: checking for memset
configure:15177: gcc -o conftest -g -O2 -fno-builtin   conftest.c  -lm -lnsl >&5
configure:15177: $? = 0
configure:15177: result: yes
configure:15177: checking for stat
configure:15177: gcc -o conftest -g -O2 -fno-builtin   conftest.c  -lm -lnsl >&5
configure:15177: $? = 0
configure:15177: result: yes
configure:15177: checking for strchr
configure:15177: gcc -o conftest -g -O2 -fno-builtin   conftest.c  -lm -lnsl >&5
configure:15177: $? = 0
configure:15177: result: yes
configure:15177: checking for strrchr
configure:15177: gcc -o conftest -g -O2 -fno-builtin   conftest.c  -lm -lnsl >&5
configure:15177: $? = 0
configure:15177: result: yes
configure:15177: checking for strstr
configure:15177: gcc -o conftest -g -O2 -fno-builtin   conftest.c  -lm -lnsl >&5
configure:15177: $? = 0
configure:15177: result: yes
configure:15177: checking for strtod
configure:15177: gcc -o conftest -g -O2 -fno-builtin   conftest.c  -lm -lnsl >&5
configure:15177: $? = 0
configure:15177: result: yes
configure:15177: checking for strtol
configure:15177: gcc -o conftest -g -O2 -fno-builtin   conftest.c  -lm -lnsl >&5
configure:15177: $? = 0
configure:15177: result: yes
configure:15190: checking for working alloca.h
configure:15207: gcc -o conftest -g -O2 -fno-builtin   conftest.c  -lm -lnsl >&5
configure:15207: $? = 0
configure:15215: result: yes
configure:15223: checking for alloca
configure:15260: gcc -o conftest -g -O2 -fno-builtin   conftest.c  -lm -lnsl >&5
configure:15260: $? = 0
configure:15268: result: yes
configure:15376: checking vfork.h usability
configure:15376: gcc -c -g -O2 -fno-builtin  conftest.c >&5
conftest.c:88:19: error: vfork.h: No such file or directory
configure:15376: $? = 1
configure: failed program was:
| /* confdefs.h */
| #define PACKAGE_NAME "VIMOS Pipeline Library"
| #define PACKAGE_TARNAME "libpil"
| #define PACKAGE_VERSION "0.5.0"
| #define PACKAGE_STRING "VIMOS Pipeline Library 0.5.0"
| #define PACKAGE_BUGREPORT "usg-help@eso.org"
| #define PACKAGE_URL ""
| #define PACKAGE "libpil"
| #define VERSION "0.5.0"
| #define LIBPIL_MAJOR_VERSION 0
| #define LIBPIL_MINOR_VERSION 5
| #define LIBPIL_MICRO_VERSION 0
| #define LIBPIL_INTERFACE_AGE 0
| #define LIBPIL_BINARY_VERSION 500
| #define LIBPIL_BINARY_AGE 500
| #define STDC_HEADERS 1
| #define HAVE_SYS_TYPES_H 1
| #define HAVE_SYS_STAT_H 1
| #define HAVE_STDLIB_H 1
| #define HAVE_STRING_H 1
| #define HAVE_MEMORY_H 1
| #define HAVE_STRINGS_H 1
| #define HAVE_INTTYPES_H 1
| #define HAVE_STDINT_H 1
| #define HAVE_UNISTD_H 1
| #define HAVE_DLFCN_H 1
| #define LT_OBJDIR ".libs/"
| #define HAVE_PTHREAD_H 1
| #define HAVE_FITS_GET_HDUOFF 1
| #define STDC_HEADERS 1
| #define HAVE_SYS_WAIT_H 1
| #define HAVE_ALLOCA_H 1
| #define HAVE_ERRNO_H 1
| #define HAVE_LIMITS_H 1
| #define HAVE_FCNTL_H 1
| #define HAVE_MATH_H 1
| #define HAVE_SYS_TIME_H 1
| #define HAVE_TERMIO_H 1
| #define HAVE_WORDEXP_H 1
| #define RETSIGTYPE void
| #define HAVE_STRUCT_STAT_ST_BLKSIZE 1
| #define HAVE_ST_BLKSIZE 1
| #define HAVE_ATEXIT 1
| #define HAVE_GETCWD 1
| #define HAVE_MEMSET 1
| #define HAVE_STAT 1
| #define HAVE_STRCHR 1
| #define HAVE_STRRCHR 1
| #define HAVE_STRSTR 1
| #define HAVE_STRTOD 1
| #define HAVE_STRTOL 1
| #define HAVE_ALLOCA_H 1
| #define HAVE_ALLOCA 1
| /* end confdefs.h.  */
| #include <stdio.h>
| #ifdef HAVE_SYS_TYPES_H
| # include <sys/types.h>
| #endif
| #ifdef HAVE_SYS_STAT_H
| # include <sys/stat.h>
| #endif
| #ifdef STDC_HEADERS
| # include <stdlib.h>
| # include <stddef.h>
| #else
| # ifdef HAVE_STDLIB_H
| #  include <stdlib.h>
| # endif
| #endif
| #ifdef HAVE_STRING_H
| # if !defined STDC_HEADERS && defined HAVE_MEMORY_H
| #  include <memory.h>
| # endif
| # include <string.h>
| #endif
| #ifdef HAVE_STRINGS_H
| # include <strings.h>
| #endif
| #ifdef HAVE_INTTYPES_H
| # include <inttypes.h>
| #endif
| #ifdef HAVE_STDINT_H
| # include <stdint.h>
| #endif
| #ifdef HAVE_UNISTD_H
| # include <unistd.h>
| #endif
| #include <vfork.h>
configure:15376: result: no
configure:15376: checking vfork.h presence
configure:15376: gcc -E  conftest.c
conftest.c:55:19: error: vfork.h: No such file or directory
configure:15376: $? = 1
configure: failed program was:
| /* confdefs.h */
| #define PACKAGE_NAME "VIMOS Pipeline Library"
| #define PACKAGE_TARNAME "libpil"
| #define PACKAGE_VERSION "0.5.0"
| #define PACKAGE_STRING "VIMOS Pipeline Library 0.5.0"
| #define PACKAGE_BUGREPORT "usg-help@eso.org"
| #define PACKAGE_URL ""
| #define PACKAGE "libpil"
| #define VERSION "0.5.0"
| #define LIBPIL_MAJOR_VERSION 0
| #define LIBPIL_MINOR_VERSION 5
| #define LIBPIL_MICRO_VERSION 0
| #define LIBPIL_INTERFACE_AGE 0
| #define LIBPIL_BINARY_VERSION 500
| #define LIBPIL_BINARY_AGE 500
| #define STDC_HEADERS 1
| #define HAVE_SYS_TYPES_H 1
| #define HAVE_SYS_STAT_H 1
| #define HAVE_STDLIB_H 1
| #define HAVE_STRING_H 1
| #define HAVE_MEMORY_H 1
| #define HAVE_STRINGS_H 1
| #define HAVE_INTTYPES_H 1
| #define HAVE_STDINT_H 1
| #define HAVE_UNISTD_H 1
| #define HAVE_DLFCN_H 1
| #define LT_OBJDIR ".libs/"
| #define HAVE_PTHREAD_H 1
| #define HAVE_FITS_GET_HDUOFF 1
| #define STDC_HEADERS 1
| #define HAVE_SYS_WAIT_H 1
| #define HAVE_ALLOCA_H 1
| #define HAVE_ERRNO_H 1
| #define HAVE_LIMITS_H 1
| #define HAVE_FCNTL_H 1
| #define HAVE_MATH_H 1
| #define HAVE_SYS_TIME_H 1
| #define HAVE_TERMIO_H 1
| #define HAVE_WORDEXP_H 1
| #define RETSIGTYPE void
| #define HAVE_STRUCT_STAT_ST_BLKSIZE 1
| #define HAVE_ST_BLKSIZE 1
| #define HAVE_ATEXIT 1
| #define HAVE_GETCWD 1
| #define HAVE_MEMSET 1
| #define HAVE_STAT 1
| #define HAVE_STRCHR 1
| #define HAVE_STRRCHR 1
| #define HAVE_STRSTR 1
| #define HAVE_STRTOD 1
| #define HAVE_STRTOL 1
| #define HAVE_ALLOCA_H 1
| #define HAVE_ALLOCA 1
| /* end confdefs.h.  */
| #include <vfork.h>
configure:15376: result: no
configure:15376: checking for vfork.h
configure:15376: result: no
configure:15389: checking for fork
configure:15389: gcc -o conftest -g -O2 -fno-builtin   conftest.c  -lm -lnsl >&5
configure:15389: $? = 0
configure:15389: result: yes
configure:15389: checking for vfork
configure:15389: gcc -o conftest -g -O2 -fno-builtin   conftest.c  -lm -lnsl >&5
configure:15389: $? = 0
configure:15389: result: yes
configure:15399: checking for working fork
configure:15421: gcc -o conftest -g -O2 -fno-builtin   conftest.c  -lm -lnsl >&5
configure:15421: $? = 0
configure:15421: ./conftest
configure:15421: $? = 0
configure:15431: result: yes
configure:15452: checking for working vfork
configure:15562: result: yes
configure:15587: checking for working memcmp
configure:15630: gcc -o conftest -g -O2 -fno-builtin   conftest.c  -lm -lnsl >&5
configure:15630: $? = 0
configure:15630: ./conftest
configure:15630: $? = 0
configure:15640: result: yes
configure:15651: checking for strftime
configure:15651: gcc -o conftest -g -O2 -fno-builtin   conftest.c  -lm -lnsl >&5
configure:15651: $? = 0
configure:15651: result: yes
configure:15718: checking whether getopt_long is declared
configure:15718: gcc -c -g -O2 -fno-builtin  conftest.c >&5
configure:15718: $? = 0
configure:15718: result: yes
configure:15731: checking for getopt_long
configure:15731: gcc -o conftest -g -O2 -fno-builtin -pedantic-errors   conftest.c  -lm -lnsl >&5
configure:15731: $? = 0
configure:15731: result: yes
configure:15780: checking whether getpwuid is declared
configure:15780: gcc -c -g -O2 -fno-builtin  conftest.c >&5
configure:15780: $? = 0
configure:15780: result: yes
configure:15793: checking for getpwuid
configure:15793: gcc -o conftest -g -O2 -fno-builtin -pedantic-errors   conftest.c  -lm -lnsl >&5
configure:15793: $? = 0
configure:15793: result: yes
configure:15830: checking whether getuid is declared
configure:15830: gcc -c -g -O2 -fno-builtin  conftest.c >&5
configure:15830: $? = 0
configure:15830: result: yes
configure:15843: checking for getuid
configure:15843: gcc -o conftest -g -O2 -fno-builtin -pedantic-errors   conftest.c  -lm -lnsl >&5
configure:15843: $? = 0
configure:15843: result: yes
configure:15880: checking whether lstat is declared
configure:15880: gcc -c -g -O2 -fno-builtin  conftest.c >&5
configure:15880: $? = 0
configure:15880: result: yes
configure:15893: checking for lstat
configure:15893: gcc -o conftest -g -O2 -fno-builtin -pedantic-errors   conftest.c  -lm -lnsl >&5
configure:15893: $? = 0
configure:15893: result: yes
configure:15930: checking whether strdup is declared
configure:15930: gcc -c -g -O2 -fno-builtin  conftest.c >&5
configure:15930: $? = 0
configure:15930: result: yes
configure:15943: checking for strdup
configure:15943: gcc -o conftest -g -O2 -fno-builtin -pedantic-errors   conftest.c  -lm -lnsl >&5
configure:15943: $? = 0
configure:15943: result: yes
configure:15981: checking whether stpcpy is declared
configure:15981: gcc -c -g -O2 -fno-builtin  conftest.c >&5
conftest.c:65:20: error: stpcpy.h: No such file or directory
conftest.c: In function 'main':
conftest.c:74: error: 'stpcpy' undeclared (first use in this function)
conftest.c:74: error: (Each undeclared identifier is reported only once
conftest.c:74: error: for each function it appears in.)
configure:15981: $? = 1
configure: failed program was:
| /* confdefs.h */
| #define PACKAGE_NAME "VIMOS Pipeline Library"
| #define PACKAGE_TARNAME "libpil"
| #define PACKAGE_VERSION "0.5.0"
| #define PACKAGE_STRING "VIMOS Pipeline Library 0.5.0"
| #define PACKAGE_BUGREPORT "usg-help@eso.org"
| #define PACKAGE_URL ""
| #define PACKAGE "libpil"
| #define VERSION "0.5.0"
| #define LIBPIL_MAJOR_VERSION 0
| #define LIBPIL_MINOR_VERSION 5
| #define LIBPIL_MICRO_VERSION 0
| #define LIBPIL_INTERFACE_AGE 0
| #define LIBPIL_BINARY_VERSION 500
| #define LIBPIL_BINARY_AGE 500
| #define STDC_HEADERS 1
| #define HAVE_SYS_TYPES_H 1
| #define HAVE_SYS_STAT_H 1
| #define HAVE_STDLIB_H 1
| #define HAVE_STRING_H 1
| #define HAVE_MEMORY_H 1
| #define HAVE_STRINGS_H 1
| #define HAVE_INTTYPES_H 1
| #define HAVE_STDINT_H 1
| #define HAVE_UNISTD_H 1
| #define HAVE_DLFCN_H 1
| #define LT_OBJDIR ".libs/"
| #define HAVE_PTHREAD_H 1
| #define HAVE_FITS_GET_HDUOFF 1
| #define STDC_HEADERS 1
| #define HAVE_SYS_WAIT_H 1
| #define HAVE_ALLOCA_H 1
| #define HAVE_ERRNO_H 1
| #define HAVE_LIMITS_H 1
| #define HAVE_FCNTL_H 1
| #define HAVE_MATH_H 1
| #define HAVE_SYS_TIME_H 1
| #define HAVE_TERMIO_H 1
| #define HAVE_WORDEXP_H 1
| #define RETSIGTYPE void
| #define HAVE_STRUCT_STAT_ST_BLKSIZE 1
| #define HAVE_ST_BLKSIZE 1
| #define HAVE_ATEXIT 1
| #define HAVE_GETCWD 1
| #define HAVE_MEMSET 1
| #define HAVE_STAT 1
| #define HAVE_STRCHR 1
| #define HAVE_STRRCHR 1
| #define HAVE_STRSTR 1
| #define HAVE_STRTOD 1
| #define HAVE_STRTOL 1
| #define HAVE_ALLOCA_H 1
| #define HAVE_ALLOCA 1
| #define HAVE_FORK 1
| #define HAVE_VFORK 1
| #define HAVE_WORKING_VFORK 1
| #define HAVE_WORKING_FORK 1
| #define HAVE_STRFTIME 1
| #define HAVE_GETOPT_LONG 1
| #define HAVE_GETPWUID 1
| #define HAVE_GETUID 1
| #define HAVE_LSTAT 1
| #define HAVE_STRDUP 1
| /* end confdefs.h.  */
| #include <stpcpy.h>
| 
| int
| main ()
| {
| #ifndef stpcpy
| #ifdef __cplusplus
|   (void) stpcpy;
| #else
|   (void) stpcpy;
| #endif
| #endif
| 
|   ;
|   return 0;
| }
configure:15981: result: no
configure:15994: checking for stpcpy
configure:15994: gcc -o conftest -g -O2 -fno-builtin -pedantic-errors   conftest.c  -lm -lnsl >&5
configure:15994: $? = 0
configure:15994: result: yes
configure:16032: checking whether vsnprintf is declared
configure:16032: gcc -c -g -O2 -fno-builtin  conftest.c >&5
configure:16032: $? = 0
configure:16032: result: yes
configure:16048: checking for vsnprintf
configure:16048: gcc -o conftest -g -O2 -fno-builtin -pedantic-errors   conftest.c  -lm -lnsl >&5
configure:16048: $? = 0
configure:16048: result: yes
configure:16078: checking whether vsnprintf has C99 semantics
configure:16142: gcc -o conftest -g -O2 -fno-builtin -pedantic-errors  -g -O2 -fno-builtin -pedantic-errors  conftest.c  -lm -lnsl >&5
configure:16142: $? = 0
configure:16142: ./conftest
configure:16142: $? = 0
configure:16165: result: yes
configure:16231: gcc -o conftest -g -O2 -fno-builtin   conftest.c  -lm -lnsl >&5
configure:16231: $? = 0
configure:16231: ./conftest
configure:16231: $? = 0
configure:16275: gcc -o conftest -g -O2 -fno-builtin   conftest.c  -lm -lnsl >&5
configure:16275: $? = 0
configure:16275: ./conftest
configure:16275: $? = 0
configure:16320: gcc -o conftest -g -O2 -fno-builtin   conftest.c  -lm -lnsl >&5
configure:16320: $? = 0
configure:16320: ./conftest
configure:16320: $? = 1
configure: program exited with status 1
configure: failed program was:
| /* confdefs.h */
| #define PACKAGE_NAME "VIMOS Pipeline Library"
| #define PACKAGE_TARNAME "libpil"
| #define PACKAGE_VERSION "0.5.0"
| #define PACKAGE_STRING "VIMOS Pipeline Library 0.5.0"
| #define PACKAGE_BUGREPORT "usg-help@eso.org"
| #define PACKAGE_URL ""
| #define PACKAGE "libpil"
| #define VERSION "0.5.0"
| #define LIBPIL_MAJOR_VERSION 0
| #define LIBPIL_MINOR_VERSION 5
| #define LIBPIL_MICRO_VERSION 0
| #define LIBPIL_INTERFACE_AGE 0
| #define LIBPIL_BINARY_VERSION 500
| #define LIBPIL_BINARY_AGE 500
| #define STDC_HEADERS 1
| #define HAVE_SYS_TYPES_H 1
| #define HAVE_SYS_STAT_H 1
| #define HAVE_STDLIB_H 1
| #define HAVE_STRING_H 1
| #define HAVE_MEMORY_H 1
| #define HAVE_STRINGS_H 1
| #define HAVE_INTTYPES_H 1
| #define HAVE_STDINT_H 1
| #define HAVE_UNISTD_H 1
| #define HAVE_DLFCN_H 1
| #define LT_OBJDIR ".libs/"
| #define HAVE_PTHREAD_H 1
| #define HAVE_FITS_GET_HDUOFF 1
| #define STDC_HEADERS 1
| #define HAVE_SYS_WAIT_H 1
| #define HAVE_ALLOCA_H 1
| #define HAVE_ERRNO_H 1
| #define HAVE_LIMITS_H 1
| #define HAVE_FCNTL_H 1
| #define HAVE_MATH_H 1
| #define HAVE_SYS_TIME_H 1
| #define HAVE_TERMIO_H 1
| #define HAVE_WORDEXP_H 1
| #define RETSIGTYPE void
| #define HAVE_STRUCT_STAT_ST_BLKSIZE 1
| #define HAVE_ST_BLKSIZE 1
| #define HAVE_ATEXIT 1
| #define HAVE_GETCWD 1
| #define HAVE_MEMSET 1
| #define HAVE_STAT 1
| #define HAVE_STRCHR 1
| #define HAVE_STRRCHR 1
| #define HAVE_STRSTR 1
| #define HAVE_STRTOD 1
| #define HAVE_STRTOL 1
| #define HAVE_ALLOCA_H 1
| #define HAVE_ALLOCA 1
| #define HAVE_FORK 1
| #define HAVE_VFORK 1
| #define HAVE_WORKING_VFORK 1
| #define HAVE_WORKING_FORK 1
| #define HAVE_STRFTIME 1
| #define HAVE_GETOPT_LONG 1
| #define HAVE_GETPWUID 1
| #define HAVE_GETUID 1
| #define HAVE_LSTAT 1
| #define HAVE_STRDUP 1
| #define HAVE_VSNPRINTF 1
| #define HAVE_VSNPRINTF_C99 1
| #define HAVE_PRINTF_STR_FMT_NULL 1
| #define HAVE_PRINTF_PTR_FMT_NIL 1
| /* end confdefs.h.  */
| 
| 
| #include <stdio.h>
| #include <string.h>
| 
| int
| main ()
| {
| 
|     char s1[128], s2[128];
| 
|     sprintf(s1, "%p", s1);
|     sprintf(s2, "%#x", s1);
|     return strncmp(s1, s2, 3) ? 1 : 0;
| 
|   ;
|   return 0;
| }
| 
configure:16363: gcc -o conftest -g -O2 -fno-builtin   conftest.c  -lm -lnsl >&5
configure:16363: $? = 0
configure:16363: ./conftest
configure:16363: $? = 0
configure:16409: gcc -o conftest -g -O2 -fno-builtin   conftest.c  -lm -lnsl >&5
configure:16409: $? = 0
configure:16409: ./conftest
configure:16409: $? = 1
configure: program exited with status 1
configure: failed program was:
| /* confdefs.h */
| #define PACKAGE_NAME "VIMOS Pipeline Library"
| #define PACKAGE_TARNAME "libpil"
| #define PACKAGE_VERSION "0.5.0"
| #define PACKAGE_STRING "VIMOS Pipeline Library 0.5.0"
| #define PACKAGE_BUGREPORT "usg-help@eso.org"
| #define PACKAGE_URL ""
| #define PACKAGE "libpil"
| #define VERSION "0.5.0"
| #define LIBPIL_MAJOR_VERSION 0
| #define LIBPIL_MINOR_VERSION 5
| #define LIBPIL_MICRO_VERSION 0
| #define LIBPIL_INTERFACE_AGE 0
| #define LIBPIL_BINARY_VERSION 500
| #define LIBPIL_BINARY_AGE 500
| #define STDC_HEADERS 1
| #define HAVE_SYS_TYPES_H 1
| #define HAVE_SYS_STAT_H 1
| #define HAVE_STDLIB_H 1
| #define HAVE_STRING_H 1
| #define HAVE_MEMORY_H 1
| #define HAVE_STRINGS_H 1
| #define HAVE_INTTYPES_H 1
| #define HAVE_STDINT_H 1
| #define HAVE_UNISTD_H 1
| #define HAVE_DLFCN_H 1
| #define LT_OBJDIR ".libs/"
| #define HAVE_PTHREAD_H 1
| #define HAVE_FITS_GET_HDUOFF 1
| #define STDC_HEADERS 1
| #define HAVE_SYS_WAIT_H 1
| #define HAVE_ALLOCA_H 1
| #define HAVE_ERRNO_H 1
| #define HAVE_LIMITS_H 1
| #define HAVE_FCNTL_H 1
| #define HAVE_MATH_H 1
| #define HAVE_SYS_TIME_H 1
| #define HAVE_TERMIO_H 1
| #define HAVE_WORDEXP_H 1
| #define RETSIGTYPE void
| #define HAVE_STRUCT_STAT_ST_BLKSIZE 1
| #define HAVE_ST_BLKSIZE 1
| #define HAVE_ATEXIT 1
| #define HAVE_GETCWD 1
| #define HAVE_MEMSET 1
| #define HAVE_STAT 1
| #define HAVE_STRCHR 1
| #define HAVE_STRRCHR 1
| #define HAVE_STRSTR 1
| #define HAVE_STRTOD 1
| #define HAVE_STRTOL 1
| #define HAVE_ALLOCA_H 1
| #define HAVE_ALLOCA 1
| #define HAVE_FORK 1
| #define HAVE_VFORK 1
| #define HAVE_WORKING_VFORK 1
| #define HAVE_WORKING_FORK 1
| #define HAVE_STRFTIME 1
| #define HAVE_GETOPT_LONG 1
| #define HAVE_GETPWUID 1
| #define HAVE_GETUID 1
| #define HAVE_LSTAT 1
| #define HAVE_STRDUP 1
| #define HAVE_VSNPRINTF 1
| #define HAVE_VSNPRINTF_C99 1
| #define HAVE_PRINTF_STR_FMT_NULL 1
| #define HAVE_PRINTF_PTR_FMT_NIL 1
| #define HAVE_PRINTF_PTR_FMT_SIGNED 1
| /* end confdefs.h.  */
| 
| 
| #include <stdio.h>
| 
| int
| main ()
| {
| 
|     char s1[128], s2[128];
|     int n1, n2;
| 
|     sprintf(s1, "%g%n", 1.123456, &n1);
|     sprintf(s2, "%.1g%n", 1.123456, &n2);
|     return n1 > n2 ? 1 : 0;
| 
|   ;
|   return 0;
| }
| 
configure:16436: checking whether snprintf is declared
configure:16436: gcc -c -g -O2 -fno-builtin  conftest.c >&5
configure:16436: $? = 0
configure:16436: result: yes
configure:16449: checking for snprintf
configure:16449: gcc -o conftest -g -O2 -fno-builtin -pedantic-errors   conftest.c  -lm -lnsl >&5
configure:16449: $? = 0
configure:16449: result: yes
configure:16485: checking whether vasprintf is declared
configure:16485: gcc -c -g -O2 -fno-builtin  conftest.c >&5
conftest.c: In function 'main':
conftest.c:83: error: 'vasprintf' undeclared (first use in this function)
conftest.c:83: error: (Each undeclared identifier is reported only once
conftest.c:83: error: for each function it appears in.)
configure:16485: $? = 1
configure: failed program was:
| /* confdefs.h */
| #define PACKAGE_NAME "VIMOS Pipeline Library"
| #define PACKAGE_TARNAME "libpil"
| #define PACKAGE_VERSION "0.5.0"
| #define PACKAGE_STRING "VIMOS Pipeline Library 0.5.0"
| #define PACKAGE_BUGREPORT "usg-help@eso.org"
| #define PACKAGE_URL ""
| #define PACKAGE "libpil"
| #define VERSION "0.5.0"
| #define LIBPIL_MAJOR_VERSION 0
| #define LIBPIL_MINOR_VERSION 5
| #define LIBPIL_MICRO_VERSION 0
| #define LIBPIL_INTERFACE_AGE 0
| #define LIBPIL_BINARY_VERSION 500
| #define LIBPIL_BINARY_AGE 500
| #define STDC_HEADERS 1
| #define HAVE_SYS_TYPES_H 1
| #define HAVE_SYS_STAT_H 1
| #define HAVE_STDLIB_H 1
| #define HAVE_STRING_H 1
| #define HAVE_MEMORY_H 1
| #define HAVE_STRINGS_H 1
| #define HAVE_INTTYPES_H 1
| #define HAVE_STDINT_H 1
| #define HAVE_UNISTD_H 1
| #define HAVE_DLFCN_H 1
| #define LT_OBJDIR ".libs/"
| #define HAVE_PTHREAD_H 1
| #define HAVE_FITS_GET_HDUOFF 1
| #define STDC_HEADERS 1
| #define HAVE_SYS_WAIT_H 1
| #define HAVE_ALLOCA_H 1
| #define HAVE_ERRNO_H 1
| #define HAVE_LIMITS_H 1
| #define HAVE_FCNTL_H 1
| #define HAVE_MATH_H 1
| #define HAVE_SYS_TIME_H 1
| #define HAVE_TERMIO_H 1
| #define HAVE_WORDEXP_H 1
| #define RETSIGTYPE void
| #define HAVE_STRUCT_STAT_ST_BLKSIZE 1
| #define HAVE_ST_BLKSIZE 1
| #define HAVE_ATEXIT 1
| #define HAVE_GETCWD 1
| #define HAVE_MEMSET 1
| #define HAVE_STAT 1
| #define HAVE_STRCHR 1
| #define HAVE_STRRCHR 1
| #define HAVE_STRSTR 1
| #define HAVE_STRTOD 1
| #define HAVE_STRTOL 1
| #define HAVE_ALLOCA_H 1
| #define HAVE_ALLOCA 1
| #define HAVE_FORK 1
| #define HAVE_VFORK 1
| #define HAVE_WORKING_VFORK 1
| #define HAVE_WORKING_FORK 1
| #define HAVE_STRFTIME 1
| #define HAVE_GETOPT_LONG 1
| #define HAVE_GETPWUID 1
| #define HAVE_GETUID 1
| #define HAVE_LSTAT 1
| #define HAVE_STRDUP 1
| #define HAVE_VSNPRINTF 1
| #define HAVE_VSNPRINTF_C99 1
| #define HAVE_PRINTF_STR_FMT_NULL 1
| #define HAVE_PRINTF_PTR_FMT_NIL 1
| #define HAVE_PRINTF_PTR_FMT_SIGNED 1
| #define HAVE_SNPRINTF 1
| /* end confdefs.h.  */
| 
| #include <stdio.h>
| #include <stdarg.h>
| 
| 
| int
| main ()
| {
| #ifndef vasprintf
| #ifdef __cplusplus
|   (void) vasprintf;
| #else
|   (void) vasprintf;
| #endif
| #endif
| 
|   ;
|   return 0;
| }
configure:16485: result: no
configure:16501: checking for vasprintf
configure:16501: gcc -o conftest -g -O2 -fno-builtin -pedantic-errors   conftest.c  -lm -lnsl >&5
configure:16501: $? = 0
configure:16501: result: yes
configure:16534: checking whether asprintf is declared
configure:16534: gcc -c -g -O2 -fno-builtin  conftest.c >&5
conftest.c: In function 'main':
conftest.c:82: error: 'asprintf' undeclared (first use in this function)
conftest.c:82: error: (Each undeclared identifier is reported only once
conftest.c:82: error: for each function it appears in.)
configure:16534: $? = 1
configure: failed program was:
| /* confdefs.h */
| #define PACKAGE_NAME "VIMOS Pipeline Library"
| #define PACKAGE_TARNAME "libpil"
| #define PACKAGE_VERSION "0.5.0"
| #define PACKAGE_STRING "VIMOS Pipeline Library 0.5.0"
| #define PACKAGE_BUGREPORT "usg-help@eso.org"
| #define PACKAGE_URL ""
| #define PACKAGE "libpil"
| #define VERSION "0.5.0"
| #define LIBPIL_MAJOR_VERSION 0
| #define LIBPIL_MINOR_VERSION 5
| #define LIBPIL_MICRO_VERSION 0
| #define LIBPIL_INTERFACE_AGE 0
| #define LIBPIL_BINARY_VERSION 500
| #define LIBPIL_BINARY_AGE 500
| #define STDC_HEADERS 1
| #define HAVE_SYS_TYPES_H 1
| #define HAVE_SYS_STAT_H 1
| #define HAVE_STDLIB_H 1
| #define HAVE_STRING_H 1
| #define HAVE_MEMORY_H 1
| #define HAVE_STRINGS_H 1
| #define HAVE_INTTYPES_H 1
| #define HAVE_STDINT_H 1
| #define HAVE_UNISTD_H 1
| #define HAVE_DLFCN_H 1
| #define LT_OBJDIR ".libs/"
| #define HAVE_PTHREAD_H 1
| #define HAVE_FITS_GET_HDUOFF 1
| #define STDC_HEADERS 1
| #define HAVE_SYS_WAIT_H 1
| #define HAVE_ALLOCA_H 1
| #define HAVE_ERRNO_H 1
| #define HAVE_LIMITS_H 1
| #define HAVE_FCNTL_H 1
| #define HAVE_MATH_H 1
| #define HAVE_SYS_TIME_H 1
| #define HAVE_TERMIO_H 1
| #define HAVE_WORDEXP_H 1
| #define RETSIGTYPE void
| #define HAVE_STRUCT_STAT_ST_BLKSIZE 1
| #define HAVE_ST_BLKSIZE 1
| #define HAVE_ATEXIT 1
| #define HAVE_GETCWD 1
| #define HAVE_MEMSET 1
| #define HAVE_STAT 1
| #define HAVE_STRCHR 1
| #define HAVE_STRRCHR 1
| #define HAVE_STRSTR 1
| #define HAVE_STRTOD 1
| #define HAVE_STRTOL 1
| #define HAVE_ALLOCA_H 1
| #define HAVE_ALLOCA 1
| #define HAVE_FORK 1
| #define HAVE_VFORK 1
| #define HAVE_WORKING_VFORK 1
| #define HAVE_WORKING_FORK 1
| #define HAVE_STRFTIME 1
| #define HAVE_GETOPT_LONG 1
| #define HAVE_GETPWUID 1
| #define HAVE_GETUID 1
| #define HAVE_LSTAT 1
| #define HAVE_STRDUP 1
| #define HAVE_VSNPRINTF 1
| #define HAVE_VSNPRINTF_C99 1
| #define HAVE_PRINTF_STR_FMT_NULL 1
| #define HAVE_PRINTF_PTR_FMT_NIL 1
| #define HAVE_PRINTF_PTR_FMT_SIGNED 1
| #define HAVE_SNPRINTF 1
| /* end confdefs.h.  */
| 
| #include <stdio.h>
| 
| 
| int
| main ()
| {
| #ifndef asprintf
| #ifdef __cplusplus
|   (void) asprintf;
| #else
|   (void) asprintf;
| #endif
| #endif
| 
|   ;
|   return 0;
| }
configure:16534: result: no
configure:16549: checking for asprintf
configure:16549: gcc -o conftest -g -O2 -fno-builtin -pedantic-errors   conftest.c  -lm -lnsl >&5
configure:16549: $? = 0
configure:16549: result: yes
configure:16585: checking whether sysconf is declared
configure:16585: gcc -c -g -O2 -fno-builtin  conftest.c >&5
configure:16585: $? = 0
configure:16585: result: yes
configure:16598: checking for sysconf
configure:16598: gcc -o conftest -g -O2 -fno-builtin -pedantic-errors   conftest.c  -lm -lnsl >&5
configure:16598: $? = 0
configure:16598: result: yes
configure:16634: checking whether fpathconf is declared
configure:16634: gcc -c -g -O2 -fno-builtin  conftest.c >&5
configure:16634: $? = 0
configure:16634: result: yes
configure:16647: checking for fpathconf
configure:16647: gcc -o conftest -g -O2 -fno-builtin -pedantic-errors   conftest.c  -lm -lnsl >&5
configure:16647: $? = 0
configure:16647: result: yes
configure:16681: checking whether pathconf is declared
configure:16681: gcc -c -g -O2 -fno-builtin  conftest.c >&5
configure:16681: $? = 0
configure:16681: result: yes
configure:16694: checking for pathconf
configure:16694: gcc -o conftest -g -O2 -fno-builtin -pedantic-errors   conftest.c  -lm -lnsl >&5
configure:16694: $? = 0
configure:16694: result: yes
configure:16731: checking whether symlink is declared
configure:16731: gcc -c -g -O2 -fno-builtin  conftest.c >&5
configure:16731: $? = 0
configure:16731: result: yes
configure:16744: checking for symlink
configure:16744: gcc -o conftest -g -O2 -fno-builtin -pedantic-errors   conftest.c  -lm -lnsl >&5
configure:16744: $? = 0
configure:16744: result: yes
configure:16781: checking whether wordexp is declared
configure:16781: gcc -c -g -O2 -fno-builtin  conftest.c >&5
configure:16781: $? = 0
configure:16781: result: yes
configure:16794: checking for wordexp
configure:16794: gcc -o conftest -g -O2 -fno-builtin -pedantic-errors   conftest.c  -lm -lnsl >&5
configure:16794: $? = 0
configure:16794: result: yes
configure:16831: checking whether gettimeofday is declared
configure:16831: gcc -c -g -O2 -fno-builtin  conftest.c >&5
configure:16831: $? = 0
configure:16831: result: yes
configure:16847: checking for gettimeofday
configure:16847: gcc -o conftest -g -O2 -fno-builtin -pedantic-errors   conftest.c  -lm -lnsl >&5
configure:16847: $? = 0
configure:16847: result: yes
configure:16871: checking whether realloc(NULL,) works
configure:16897: gcc -o conftest -g -O2 -fno-builtin   conftest.c  -lm -lnsl >&5
configure:16897: $? = 0
configure:16897: ./conftest
configure:16897: $? = 0
configure:16908: result: yes
configure:16962: checking if malloc debugging is wanted
configure:16980: result: no
configure:17102: checking that generated files are newer than configure
configure:17108: result: done
configure:17139: creating ./config.status

## ---------------------- ##
## Running config.status. ##
## ---------------------- ##

This file was extended by VIMOS Pipeline Library config.status 0.5.0, which was
generated by GNU Autoconf 2.69.  Invocation command line was

  CONFIG_FILES    = 
  CONFIG_HEADERS  = 
  CONFIG_LINKS    = 
  CONFIG_COMMANDS = 
  $ ./config.status 

on krieger.ttu.edu

config.status:1181: creating Makefile
config.status:1181: creating doxygen/Doxyfile
config.status:1181: creating pil/Makefile
config.status:1181: creating tests/Makefile
config.status:1181: creating config.h
config.status:1410: executing depfiles commands
config.status:1410: executing libtool commands
configure:19351: === configuring in kazlib (/home/mmarcano/Documents/VIMOS/NGC6652/esorex/vimos-kit-3.2.3/vimos-3.2.3/libpil/kazlib)
configure:19414: running /bin/sh ./configure --disable-option-checking '--prefix=/home/mmarcano/Documents/VIMOS/NGC6652/esorex'  'CFITSIODIR=/home/mmarcano/Documents/VIMOS/NGC6652/esorex' 'PKG_CONFIG=/usr/bin/pkg-config' 'SEXBINPATH=/home/mmarcano/Documents/VIMOS/NGC6652/esorex/lib/vimos-3.2.3/bin' 'PSFEXBINPATH=/home/mmarcano/Documents/VIMOS/NGC6652/esorex/lib/vimos-3.2.3/bin' '--enable-kazlib-convenience' --cache-file=/dev/null --srcdir=.

## ---------------- ##
## Cache variables. ##
## ---------------- ##

ac_cv_build=x86_64-unknown-linux-gnu
ac_cv_c_compiler_gnu=yes
ac_cv_c_const=yes
ac_cv_c_inline=inline
ac_cv_env_CC_set=
ac_cv_env_CC_value=
ac_cv_env_CFITSIODIR_set=set
ac_cv_env_CFITSIODIR_value=/home/mmarcano/Documents/VIMOS/NGC6652/esorex
ac_cv_env_CFLAGS_set=
ac_cv_env_CFLAGS_value=
ac_cv_env_CPPFLAGS_set=
ac_cv_env_CPPFLAGS_value=
ac_cv_env_CPP_set=
ac_cv_env_CPP_value=
ac_cv_env_DOXYGEN_set=
ac_cv_env_DOXYGEN_value=
ac_cv_env_LATEX_set=
ac_cv_env_LATEX_value=
ac_cv_env_LDFLAGS_set=
ac_cv_env_LDFLAGS_value=
ac_cv_env_LIBS_set=
ac_cv_env_LIBS_value=
ac_cv_env_LT_SYS_LIBRARY_PATH_set=
ac_cv_env_LT_SYS_LIBRARY_PATH_value=
ac_cv_env_build_alias_set=
ac_cv_env_build_alias_value=
ac_cv_env_host_alias_set=
ac_cv_env_host_alias_value=
ac_cv_env_target_alias_set=
ac_cv_env_target_alias_value=
ac_cv_func_alloca_works=yes
ac_cv_func_asprintf=yes
ac_cv_func_atexit=yes
ac_cv_func_fork=yes
ac_cv_func_fork_works=yes
ac_cv_func_fpathconf=yes
ac_cv_func_getcwd=yes
ac_cv_func_getopt_long=yes
ac_cv_func_getpwuid=yes
ac_cv_func_gettimeofday=yes
ac_cv_func_getuid=yes
ac_cv_func_lstat=yes
ac_cv_func_memcmp_working=yes
ac_cv_func_memset=yes
ac_cv_func_pathconf=yes
ac_cv_func_snprintf=yes
ac_cv_func_stat=yes
ac_cv_func_stpcpy=yes
ac_cv_func_strchr=yes
ac_cv_func_strdup=yes
ac_cv_func_strftime=yes
ac_cv_func_strrchr=yes
ac_cv_func_strstr=yes
ac_cv_func_strtod=yes
ac_cv_func_strtol=yes
ac_cv_func_symlink=yes
ac_cv_func_sysconf=yes
ac_cv_func_vasprintf=yes
ac_cv_func_vfork=yes
ac_cv_func_vfork_works=yes
ac_cv_func_vsnprintf=yes
ac_cv_func_wordexp=yes
ac_cv_have_decl_asprintf=no
ac_cv_have_decl_fpathconf=yes
ac_cv_have_decl_getopt_long=yes
ac_cv_have_decl_getpwuid=yes
ac_cv_have_decl_gettimeofday=yes
ac_cv_have_decl_getuid=yes
ac_cv_have_decl_lstat=yes
ac_cv_have_decl_pathconf=yes
ac_cv_have_decl_snprintf=yes
ac_cv_have_decl_stpcpy=no
ac_cv_have_decl_strdup=yes
ac_cv_have_decl_symlink=yes
ac_cv_have_decl_sysconf=yes
ac_cv_have_decl_vasprintf=no
ac_cv_have_decl_vsnprintf=yes
ac_cv_have_decl_wordexp=yes
ac_cv_header_alloca_h=yes
ac_cv_header_dlfcn_h=yes
ac_cv_header_errno_h=yes
ac_cv_header_fcntl_h=yes
ac_cv_header_inttypes_h=yes
ac_cv_header_limits_h=yes
ac_cv_header_math_h=yes
ac_cv_header_memory_h=yes
ac_cv_header_pthread_h=yes
ac_cv_header_stat_broken=no
ac_cv_header_stdc=yes
ac_cv_header_stdint_h=yes
ac_cv_header_stdlib_h=yes
ac_cv_header_string_h=yes
ac_cv_header_strings_h=yes
ac_cv_header_sys_stat_h=yes
ac_cv_header_sys_time_h=yes
ac_cv_header_sys_types_h=yes
ac_cv_header_sys_wait_h=yes
ac_cv_header_termio_h=yes
ac_cv_header_unistd_h=yes
ac_cv_header_vfork_h=no
ac_cv_header_wordexp_h=yes
ac_cv_host=x86_64-unknown-linux-gnu
ac_cv_lib_m_pow=yes
ac_cv_lib_nsl_inet_ntoa=yes
ac_cv_lib_pthread_pthread_create=yes
ac_cv_lib_socket_socket=no
ac_cv_member_struct_stat_st_blksize=yes
ac_cv_objext=o
ac_cv_path_DOXYGEN=/usr/bin/doxygen
ac_cv_path_EGREP='/bin/grep -E'
ac_cv_path_FGREP='/bin/grep -F'
ac_cv_path_GREP=/bin/grep
ac_cv_path_LATEX=/usr/bin/latex
ac_cv_path_SED=/bin/sed
ac_cv_path_install='/usr/bin/install -c'
ac_cv_path_lt_DD=/bin/dd
ac_cv_path_mkdir=/bin/mkdir
ac_cv_prog_AWK=gawk
ac_cv_prog_CPP='gcc -E'
ac_cv_prog_ac_ct_AR=ar
ac_cv_prog_ac_ct_CC=gcc
ac_cv_prog_ac_ct_OBJDUMP=objdump
ac_cv_prog_ac_ct_RANLIB=ranlib
ac_cv_prog_ac_ct_STRIP=strip
ac_cv_prog_cc_c89=
ac_cv_prog_cc_g=yes
ac_cv_prog_make_make_set=yes
ac_cv_sys_file_offset_bits=no
ac_cv_sys_largefile_CC=no
ac_cv_target=x86_64-unknown-linux-gnu
ac_cv_type_pid_t=yes
ac_cv_type_signal=void
ac_cv_type_size_t=yes
ac_cv_type_uid_t=yes
ac_cv_working_alloca_h=yes
am_cv_CC_dependencies_compiler_type=gcc3
am_cv_make_support_nested_variables=yes
am_cv_prog_cc_c_o=yes
cpl_cv_cfitsio_is_thread_safe=yes
eso_cv_enable_debug=no
eso_cv_enable_strict=no
eso_cv_func_vsnprintf_c99=yes
eso_cv_have_sane_realloc=yes
eso_cv_prog_cc_fno_builtin=yes
eso_cv_prog_cc_pthread=yes
eso_cv_threads_posix=yes
eso_cv_threads_posix_flags=yes
eso_cv_threads_posix_header=yes
eso_cv_threads_posix_lib=yes
lt_cv_ar_at_file=@
lt_cv_archive_cmds_need_lc=no
lt_cv_deplibs_check_method=pass_all
lt_cv_file_magic_cmd='$MAGIC_CMD'
lt_cv_file_magic_test_file=
lt_cv_ld_reload_flag=-r
lt_cv_nm_interface='BSD nm'
lt_cv_objdir=.libs
lt_cv_path_LD=/usr/bin/ld
lt_cv_path_NM='/usr/bin/nm -B'
lt_cv_path_mainfest_tool=no
lt_cv_prog_compiler_c_o=yes
lt_cv_prog_compiler_pic='-fPIC -DPIC'
lt_cv_prog_compiler_pic_works=yes
lt_cv_prog_compiler_rtti_exceptions=no
lt_cv_prog_compiler_static_works=no
lt_cv_prog_gnu_ld=yes
lt_cv_sharedlib_from_linklib_cmd='printf %s\n'
lt_cv_shlibpath_overrides_runpath=no
lt_cv_sys_global_symbol_pipe='sed -n -e '\''s/^.*[	 ]\([ABCDGIRSTW][ABCDGIRSTW]*\)[	 ][	 ]*\([_A-Za-z][_A-Za-z0-9]*\)$/\1 \2 \2/p'\'' | sed '\''/ __gnu_lto/d'\'''
lt_cv_sys_global_symbol_to_c_name_address='sed -n -e '\''s/^: \(.*\) .*$/  {"\1", (void *) 0},/p'\'' -e '\''s/^[ABCDGIRSTW][ABCDGIRSTW]* .* \(.*\)$/  {"\1", (void *) \&\1},/p'\'''
lt_cv_sys_global_symbol_to_c_name_address_lib_prefix='sed -n -e '\''s/^: \(.*\) .*$/  {"\1", (void *) 0},/p'\'' -e '\''s/^[ABCDGIRSTW][ABCDGIRSTW]* .* \(lib.*\)$/  {"\1", (void *) \&\1},/p'\'' -e '\''s/^[ABCDGIRSTW][ABCDGIRSTW]* .* \(.*\)$/  {"lib\1", (void *) \&\1},/p'\'''
lt_cv_sys_global_symbol_to_cdecl='sed -n -e '\''s/^T .* \(.*\)$/extern int \1();/p'\'' -e '\''s/^[ABCDGIRSTW][ABCDGIRSTW]* .* \(.*\)$/extern char \1;/p'\'''
lt_cv_sys_global_symbol_to_import=
lt_cv_sys_max_cmd_len=1966080
lt_cv_to_host_file_cmd=func_convert_file_noop
lt_cv_to_tool_file_cmd=func_convert_file_noop
lt_cv_truncate_bin='/bin/dd bs=4096 count=1'

## ----------------- ##
## Output variables. ##
## ----------------- ##

ACLOCAL='${SHELL} /home/mmarcano/Documents/VIMOS/NGC6652/esorex/vimos-kit-3.2.3/vimos-3.2.3/libpil/admin/missing aclocal-1.15'
ALLOCA=''
AMDEPBACKSLASH='\'
AMDEP_FALSE='#'
AMDEP_TRUE=''
AMTAR='$${TAR-tar}'
AM_BACKSLASH='\'
AM_DEFAULT_V='$(AM_DEFAULT_VERBOSITY)'
AM_DEFAULT_VERBOSITY='1'
AM_V='$(V)'
AR='ar'
AUTOCONF='${SHELL} /home/mmarcano/Documents/VIMOS/NGC6652/esorex/vimos-kit-3.2.3/vimos-3.2.3/libpil/admin/missing autoconf'
AUTOHEADER='${SHELL} /home/mmarcano/Documents/VIMOS/NGC6652/esorex/vimos-kit-3.2.3/vimos-3.2.3/libpil/admin/missing autoheader'
AUTOMAKE='${SHELL} /home/mmarcano/Documents/VIMOS/NGC6652/esorex/vimos-kit-3.2.3/vimos-3.2.3/libpil/admin/missing automake-1.15'
AWK='gawk'
CC='gcc'
CCDEPMODE='depmode=gcc3'
CFITSIODIR='/home/mmarcano/Documents/VIMOS/NGC6652/esorex'
CFITSIO_CFLAGS='-I/home/mmarcano/Documents/VIMOS/NGC6652/esorex/include/cfitsio -I/home/mmarcano/Documents/VIMOS/NGC6652/esorex/include'
CFITSIO_INCLUDES='-I/home/mmarcano/Documents/VIMOS/NGC6652/esorex/include/cfitsio -I/home/mmarcano/Documents/VIMOS/NGC6652/esorex/include'
CFITSIO_LDFLAGS='-L/home/mmarcano/Documents/VIMOS/NGC6652/esorex/lib64 -L/home/mmarcano/Documents/VIMOS/NGC6652/esorex/lib'
CFLAGS='-g -O2 -fno-builtin'
CPP='gcc -E'
CPPFLAGS=''
CYGPATH_W='echo'
DEFS='-DHAVE_CONFIG_H'
DEPDIR='.deps'
DLLTOOL='false'
DOXYGEN='/usr/bin/doxygen'
DSYMUTIL=''
DUMPBIN=''
ECHO_C=''
ECHO_N='-n'
ECHO_T=''
EGREP='/bin/grep -E'
ESO_DEBUG_FLAGS='-DNDEBUG'
EXEEXT=''
FGREP='/bin/grep -F'
GETOPT=''
GREP='/bin/grep'
INCKAZ='-I$(top_srcdir)/kazlib'
INSTALL_DATA='${INSTALL} -m 644'
INSTALL_PROGRAM='${INSTALL}'
INSTALL_SCRIPT='${INSTALL}'
INSTALL_STRIP_PROGRAM='$(install_sh) -c -s'
LATEX='/usr/bin/latex'
LD='/usr/bin/ld -m elf_x86_64'
LDFLAGS=''
LIBCFITSIO='-lcfitsio -lpthread -lm '
LIBKAZ='$(top_builddir)/kazlib/libkazc.la'
LIBOBJS=''
LIBPIL_BINARY_AGE='500'
LIBPIL_BINARY_VERSION='500'
LIBPIL_INTERFACE_AGE='0'
LIBPIL_MAJOR_VERSION='0'
LIBPIL_MICRO_VERSION='0'
LIBPIL_MINOR_VERSION='5'
LIBPIL_VERSION='0.5.0'
LIBPTHREAD='-lpthread'
LIBS=' -lm -lnsl'
LIBTOOL='$(SHELL) $(top_builddir)/libtool'
LIBTOOL_DEPS='admin/ltmain.sh'
LIPO=''
LN_S='ln -s'
LTLIBOBJS=''
LT_AGE='0'
LT_CURRENT='0'
LT_REVISION='0'
LT_SYS_LIBRARY_PATH=''
MAINT='#'
MAINTAINER_MODE_FALSE=''
MAINTAINER_MODE_TRUE='#'
MAKEINFO='${SHELL} /home/mmarcano/Documents/VIMOS/NGC6652/esorex/vimos-kit-3.2.3/vimos-3.2.3/libpil/admin/missing makeinfo'
MANIFEST_TOOL=':'
MKDIR_P='/bin/mkdir -p'
NM='/usr/bin/nm -B'
NMEDIT=''
OBJDUMP='objdump'
OBJEXT='o'
OTOOL64=''
OTOOL=''
PACKAGE='libpil'
PACKAGE_BUGREPORT='usg-help@eso.org'
PACKAGE_NAME='VIMOS Pipeline Library'
PACKAGE_STRING='VIMOS Pipeline Library 0.5.0'
PACKAGE_TARNAME='libpil'
PACKAGE_URL=''
PACKAGE_VERSION='0.5.0'
PATH_SEPARATOR=':'
PRODUCT_DID=''
PTHREAD_CFLAGS='-pthread'
RANLIB='ranlib'
SED='/bin/sed'
SET_MAKE=''
SHELL='/bin/sh'
SNPRINTF=''
STRIP='strip'
VERSION='0.5.0'
ac_ct_AR='ar'
ac_ct_CC='gcc'
ac_ct_DUMPBIN=''
am__EXEEXT_FALSE=''
am__EXEEXT_TRUE='#'
am__fastdepCC_FALSE='#'
am__fastdepCC_TRUE=''
am__include='include'
am__isrc=''
am__leading_dot='.'
am__nodep='_no'
am__quote=''
am__tar='$${TAR-tar} chof - "$$tardir"'
am__untar='$${TAR-tar} xf -'
apidocdir='${pipedocsdir}/html'
bindir='${exec_prefix}/bin'
build='x86_64-unknown-linux-gnu'
build_alias=''
build_cpu='x86_64'
build_os='linux-gnu'
build_vendor='unknown'
configdir='${datadir}/${PACKAGE}/config'
datadir='${datarootdir}'
datarootdir='${prefix}/share'
docdir='${datarootdir}/doc/${PACKAGE_TARNAME}'
dvidir='${docdir}'
exec_prefix='/home/mmarcano/Documents/VIMOS/NGC6652/esorex'
host='x86_64-unknown-linux-gnu'
host_alias=''
host_cpu='x86_64'
host_os='linux-gnu'
host_vendor='unknown'
htmldir='${docdir}'
includedir='${prefix}/include/pil'
infodir='${datarootdir}/info'
install_sh='${SHELL} /home/mmarcano/Documents/VIMOS/NGC6652/esorex/vimos-kit-3.2.3/vimos-3.2.3/libpil/admin/install-sh'
libdir='${exec_prefix}/lib'
libexecdir='${exec_prefix}/libexec'
localedir='${datarootdir}/locale'
localstatedir='${prefix}/var'
mandir='${datarootdir}/man'
mkdir_p='$(MKDIR_P)'
oldincludedir='/usr/include'
pdfdir='${docdir}'
pilprivatelibdir='${libdir}/${PACKAGE}-${VERSION}'
pipedocsdir='${datadir}/doc/esopipes/${PACKAGE}-${VERSION}/'
prefix='/home/mmarcano/Documents/VIMOS/NGC6652/esorex'
program_transform_name='s,x,x,'
psdir='${docdir}'
sbindir='${exec_prefix}/sbin'
sharedstatedir='${prefix}/com'
subdirs=' kazlib'
sysconfdir='${prefix}/etc'
target='x86_64-unknown-linux-gnu'
target_alias=''
target_cpu='x86_64'
target_os='linux-gnu'
target_vendor='unknown'

## ----------- ##
## confdefs.h. ##
## ----------- ##

/* confdefs.h */
#define PACKAGE_NAME "VIMOS Pipeline Library"
#define PACKAGE_TARNAME "libpil"
#define PACKAGE_VERSION "0.5.0"
#define PACKAGE_STRING "VIMOS Pipeline Library 0.5.0"
#define PACKAGE_BUGREPORT "usg-help@eso.org"
#define PACKAGE_URL ""
#define PACKAGE "libpil"
#define VERSION "0.5.0"
#define LIBPIL_MAJOR_VERSION 0
#define LIBPIL_MINOR_VERSION 5
#define LIBPIL_MICRO_VERSION 0
#define LIBPIL_INTERFACE_AGE 0
#define LIBPIL_BINARY_VERSION 500
#define LIBPIL_BINARY_AGE 500
#define STDC_HEADERS 1
#define HAVE_SYS_TYPES_H 1
#define HAVE_SYS_STAT_H 1
#define HAVE_STDLIB_H 1
#define HAVE_STRING_H 1
#define HAVE_MEMORY_H 1
#define HAVE_STRINGS_H 1
#define HAVE_INTTYPES_H 1
#define HAVE_STDINT_H 1
#define HAVE_UNISTD_H 1
#define HAVE_DLFCN_H 1
#define LT_OBJDIR ".libs/"
#define HAVE_PTHREAD_H 1
#define HAVE_FITS_GET_HDUOFF 1
#define STDC_HEADERS 1
#define HAVE_SYS_WAIT_H 1
#define HAVE_ALLOCA_H 1
#define HAVE_ERRNO_H 1
#define HAVE_LIMITS_H 1
#define HAVE_FCNTL_H 1
#define HAVE_MATH_H 1
#define HAVE_SYS_TIME_H 1
#define HAVE_TERMIO_H 1
#define HAVE_WORDEXP_H 1
#define RETSIGTYPE void
#define HAVE_STRUCT_STAT_ST_BLKSIZE 1
#define HAVE_ST_BLKSIZE 1
#define HAVE_ATEXIT 1
#define HAVE_GETCWD 1
#define HAVE_MEMSET 1
#define HAVE_STAT 1
#define HAVE_STRCHR 1
#define HAVE_STRRCHR 1
#define HAVE_STRSTR 1
#define HAVE_STRTOD 1
#define HAVE_STRTOL 1
#define HAVE_ALLOCA_H 1
#define HAVE_ALLOCA 1
#define HAVE_FORK 1
#define HAVE_VFORK 1
#define HAVE_WORKING_VFORK 1
#define HAVE_WORKING_FORK 1
#define HAVE_STRFTIME 1
#define HAVE_GETOPT_LONG 1
#define HAVE_GETPWUID 1
#define HAVE_GETUID 1
#define HAVE_LSTAT 1
#define HAVE_STRDUP 1
#define HAVE_VSNPRINTF 1
#define HAVE_VSNPRINTF_C99 1
#define HAVE_PRINTF_STR_FMT_NULL 1
#define HAVE_PRINTF_PTR_FMT_NIL 1
#define HAVE_PRINTF_PTR_FMT_SIGNED 1
#define HAVE_SNPRINTF 1
#define HAVE_SYSCONF 1
#define HAVE_FPATHCONF 1
#define HAVE_PATHCONF 1
#define HAVE_SYMLINK 1
#define HAVE_WORDEXP 1
#define HAVE_GETTIMEOFDAY 1
#define HAVE_WORKING_REALLOC 1
#define PRODUCT_DID "ESO-VLT-DIC.PRO-1.15"

configure: exit 0
