
Start time     : 2018-09-21T13:36:02
Program name   : esorex
Severity level : [ INFO  ] 

13:36:02 [ INFO  ] : [tid=000] This is EsoRex, version 3.13.1
13:36:02 [ INFO  ] : [tid=000] using the libraries: CPL = 7.1, CFITSIO = 3.36, WCSLIB = 4.24, FFTW (normal precision) = 3.3.4-sse2, FFTW (single precision) = 3.3.4-sse2, CPL FLOP counting is unavailable, enable with -DCPL_ADD_FLOPS, OPENMP = 200805
13:36:02 [ INFO  ] : [tid=000] Invocation command line was: /home/mmarcano/Documents/VIMOS/NGC6652/esorex/bin/esorex --output-dir=/home/mmarcano/Documents/VIMOS/NGC6652/data/NGC6652B2/2003-06-22T03:13/RawESOdata/quadrant1 --log-dir=/home/mmarcano/Documents/VIMOS/NGC6652/data/NGC6652B2/2003-06-22T03:13/RawESOdata/quadrant1 vmifucalib /home/mmarcano/Documents/VIMOS/NGC6652/data/NGC6652B2/2003-06-22T03:13/RawESOdata/quadrant1/calib.sof
13:36:02 [ INFO  ] vimos_print_banner: [tid=000] *****************************************
13:36:02 [ INFO  ] vimos_print_banner: [tid=000] Welcome to VIMOS Pipeline release 3.2.3
13:36:02 [ INFO  ] vimos_print_banner: [tid=000] *****************************************
13:36:02 [ INFO  ] vmifucalib: [tid=000] Loading the input frames...
13:36:02 [ INFO  ] vmifucalib: [tid=000] Processing data from quadrant 1, HR_blue/Free, shutter ON...
13:36:02 [ INFO  ] vmifucalib: [tid=000] Bias removal...
13:36:02 [ INFO  ] vmifucalib: [tid=000] Combining 3 flat fields with method 'MinMax'
13:36:03 [ INFO  ] vmifucalib: [tid=000] Processing spectra in pseudo-slit 2:
13:36:03 [ INFO  ] vmifucalib: [tid=000]   Identify and trace flat field spectra...
13:36:03 [ INFO  ] ifuIdentifyUpgrade: [tid=000]   Cross-correlation offset with reference identification: -8.284174
13:36:03 [ INFO  ] vmifucalib: [tid=000]     365 out of 400 spectra were identified and traced.
13:36:03 [ INFO  ] vmifucalib: [tid=000]   Extract flat field spectra...
13:36:05 [ INFO  ] vmifucalib: [tid=000]   Extract arc lamp spectra...
13:36:09 [ INFO  ] vmifucalib: [tid=000]   Compute the wavelength calibration (blind)...
13:36:10 [ INFO  ] vmifucalib: [tid=000]     364 out of 365 extracted spectra were wavelength calibrated.
13:36:10 [ INFO  ] vmifucalib: [tid=000]   Resample flat field spectra at constant wavelength step (0.54 Angstrom)
13:36:10 [ INFO  ] vmifucalib: [tid=000]   Resample arc lamp spectra at constant wavelength step (0.54 Angstrom)
13:36:10 [ INFO  ] vmifucalib: [tid=000] Derive the relative transmission correction from extracted flat field spectra...
13:36:10 [ INFO  ] vmifucalib: [tid=000] Computing QC1 parameters...
13:36:10 [ INFO  ] vmifucalib: [tid=000] Flux of He 5015.68: 11035.37 +/- 1751.42 ADU/fiber/s
13:36:10 [ INFO  ] vmifucalib: [tid=000] Flux of Ne 5944.83: 19027.23 +/- 3178.70 ADU/fiber/s
13:36:10 [WARNING] vmifucalib: [tid=000] No Ar lines in HR_blue spectral range: corresponding QC1 parameters are not computed.
13:36:10 [ INFO  ] vmifucalib: [tid=000] Spectral resolution at 6030.00: 3259.10 +/- 128.58
13:36:10 [ INFO  ] vmifucalib: [tid=000] Spectral resolution at 5015.67: 2691.23 +/- 133.58
13:36:10 [ INFO  ] vmifucalib: [tid=000] Spectral resolution at 4471.48: 2655.42 +/- 109.59
13:36:10 [ INFO  ] distortionsRms: [tid=000] RMS for 4026.19: line not available
13:36:10 [ INFO  ] distortionsRms: [tid=000] RMS for 4471.48: 0.069
13:36:10 [ INFO  ] distortionsRms: [tid=000] RMS for 4713.14: 0.244
13:36:10 [ INFO  ] distortionsRms: [tid=000] RMS for 4921.93: 0.197
13:36:10 [ INFO  ] distortionsRms: [tid=000] RMS for 5015.67: 0.083
13:36:10 [ INFO  ] distortionsRms: [tid=000] RMS for 5764.42: 0.265
13:36:10 [ INFO  ] distortionsRms: [tid=000] RMS for 5852.49: 0.163
13:36:10 [ INFO  ] distortionsRms: [tid=000] RMS for 5875.62: 0.130
13:36:10 [ INFO  ] distortionsRms: [tid=000] RMS for 5944.83: 0.140
13:36:10 [ INFO  ] distortionsRms: [tid=000] RMS for 6030.00: 0.189
13:36:10 [ INFO  ] distortionsRms: [tid=000] RMS for 6074.34: 0.252
13:36:10 [ INFO  ] distortionsRms: [tid=000] RMS for 6096.16: 0.148
13:36:10 [ INFO  ] distortionsRms: [tid=000] RMS for 6143.06: 0.253
13:36:10 [ INFO  ] distortionsRms: [tid=000] RMS for 6163.59: 0.241
13:36:10 [ INFO  ] distortionsRms: [tid=000] RMS for 6217.28: line not available
13:36:10 [ INFO  ] distortionsRms: [tid=000] RMS for 6266.50: line not available
13:36:10 [ INFO  ] vmifucalib: [tid=000] IDS RMS: 0.183 pixel
13:36:11 [ INFO  ] : [tid=000] Calculating product checksums
13:36:11 [ INFO  ] : [tid=000] Created product /home/mmarcano/Documents/VIMOS/NGC6652/data/NGC6652B2/2003-06-22T03:13/RawESOdata/quadrant1/ifu_arc_spectrum_extracted.fits
13:36:11 [ INFO  ] : [tid=000] Created product /home/mmarcano/Documents/VIMOS/NGC6652/data/NGC6652B2/2003-06-22T03:13/RawESOdata/quadrant1/ifu_flat_spectrum_extracted.fits
13:36:11 [ INFO  ] : [tid=000] Created product /home/mmarcano/Documents/VIMOS/NGC6652/data/NGC6652B2/2003-06-22T03:13/RawESOdata/quadrant1/ifu_ids.fits
13:36:11 [ INFO  ] : [tid=000] Created product /home/mmarcano/Documents/VIMOS/NGC6652/data/NGC6652B2/2003-06-22T03:13/RawESOdata/quadrant1/ifu_master_screen_flat.fits
13:36:11 [ INFO  ] : [tid=000] Created product /home/mmarcano/Documents/VIMOS/NGC6652/data/NGC6652B2/2003-06-22T03:13/RawESOdata/quadrant1/ifu_trace.fits
13:36:11 [ INFO  ] : [tid=000] Created product /home/mmarcano/Documents/VIMOS/NGC6652/data/NGC6652B2/2003-06-22T03:13/RawESOdata/quadrant1/ifu_transmission.fits
13:36:11 [ INFO  ] : [tid=000] 6 products created
13:36:11 [ INFO  ] : [tid=000] Recipe operation(s) took           9.23 seconds to complete.
13:36:11 [ INFO  ] : [tid=000] Total size of 4 raw input frames  =    70.54 MB

13:36:11 [ INFO  ] : [tid=000] => processing rate of     7.64 MB/sec 

