
Start time     : 2018-11-13T19:37:15
Program name   : esorex
Severity level : [ INFO  ] 

19:37:15 [ INFO  ] : [tid=000] This is EsoRex, version 3.13.1
19:37:15 [ INFO  ] : [tid=000] using the libraries: CPL = 7.1, CFITSIO = 3.36, WCSLIB = 4.24, FFTW (normal precision) = 3.3.4-sse2, FFTW (single precision) = 3.3.4-sse2, CPL FLOP counting is unavailable, enable with -DCPL_ADD_FLOPS, OPENMP = 200805
19:37:15 [ INFO  ] : [tid=000] Invocation command line was: /home/mmarcano/Documents/VIMOS/NGC6652/esorex/bin/esorex --output-dir=/home/mmarcano/Documents/VIMOS/NGC6652/data/NGC6652A1/2003-06-02T03:08/RawESOdata/quadrant4 --log-dir=/home/mmarcano/Documents/VIMOS/NGC6652/data/NGC6652A1/2003-06-02T03:08/RawESOdata/quadrant4 vmifucalib /home/mmarcano/Documents/VIMOS/NGC6652/data/NGC6652A1/2003-06-02T03:08/RawESOdata/quadrant4/calib.sof
19:37:15 [ INFO  ] vimos_print_banner: [tid=000] *****************************************
19:37:15 [ INFO  ] vimos_print_banner: [tid=000] Welcome to VIMOS Pipeline release 3.2.3
19:37:15 [ INFO  ] vimos_print_banner: [tid=000] *****************************************
19:37:15 [ INFO  ] vmifucalib: [tid=000] Loading the input frames...
19:37:15 [ INFO  ] vmifucalib: [tid=000] Processing data from quadrant 4, HR_blue/Free, shutter ON...
19:37:15 [ INFO  ] vmifucalib: [tid=000] Bias removal...
19:37:15 [ INFO  ] vmifucalib: [tid=000] Processing spectra in pseudo-slit 2:
19:37:15 [ INFO  ] vmifucalib: [tid=000]   Identify and trace flat field spectra...
19:37:16 [ INFO  ] ifuIdentifyUpgrade: [tid=000]   Cross-correlation offset with reference identification: 1.638219
19:37:16 [ INFO  ] vmifucalib: [tid=000]     340 out of 400 spectra were identified and traced.
19:37:16 [ INFO  ] vmifucalib: [tid=000]   Extract flat field spectra...
19:37:18 [ INFO  ] vmifucalib: [tid=000]   Extract arc lamp spectra...
19:37:21 [ INFO  ] vmifucalib: [tid=000]   Compute the wavelength calibration (blind)...
19:37:21 [ INFO  ] vmifucalib: [tid=000]     339 out of 340 extracted spectra were wavelength calibrated.
19:37:21 [ INFO  ] vmifucalib: [tid=000]   Resample flat field spectra at constant wavelength step (0.54 Angstrom)
19:37:21 [ INFO  ] vmifucalib: [tid=000]   Resample arc lamp spectra at constant wavelength step (0.54 Angstrom)
19:37:21 [ INFO  ] vmifucalib: [tid=000] Derive the relative transmission correction from extracted flat field spectra...
19:37:21 [ INFO  ] vmifucalib: [tid=000] Computing QC1 parameters...
19:37:21 [ INFO  ] vmifucalib: [tid=000] Flux of He 5015.68: 8957.09 +/- 330.96 ADU/fiber/s
19:37:21 [ INFO  ] vmifucalib: [tid=000] Flux of Ne 5944.83: 22486.32 +/- 1007.92 ADU/fiber/s
19:37:21 [WARNING] vmifucalib: [tid=000] No Ar lines in HR_blue spectral range: corresponding QC1 parameters are not computed.
19:37:21 [ INFO  ] vmifucalib: [tid=000] Spectral resolution at 6030.00: 2389.32 +/- 187.82
19:37:21 [ INFO  ] vmifucalib: [tid=000] Spectral resolution at 5015.67: 2781.52 +/- 58.96
19:37:21 [ INFO  ] vmifucalib: [tid=000] Spectral resolution at 4471.48: 2559.85 +/- 40.74
19:37:21 [ INFO  ] distortionsRms: [tid=000] RMS for 4026.19: line not available
19:37:21 [ INFO  ] distortionsRms: [tid=000] RMS for 4471.48: 0.075
19:37:21 [ INFO  ] distortionsRms: [tid=000] RMS for 4713.14: 0.252
19:37:21 [ INFO  ] distortionsRms: [tid=000] RMS for 4921.93: 0.199
19:37:21 [ INFO  ] distortionsRms: [tid=000] RMS for 5015.67: 0.082
19:37:21 [ INFO  ] distortionsRms: [tid=000] RMS for 5764.42: 0.306
19:37:21 [ INFO  ] distortionsRms: [tid=000] RMS for 5852.49: 0.121
19:37:21 [ INFO  ] distortionsRms: [tid=000] RMS for 5875.62: 0.151
19:37:21 [ INFO  ] distortionsRms: [tid=000] RMS for 5944.83: 0.189
19:37:21 [ INFO  ] distortionsRms: [tid=000] RMS for 6030.00: 0.199
19:37:21 [ INFO  ] distortionsRms: [tid=000] RMS for 6074.34: 0.271
19:37:21 [ INFO  ] distortionsRms: [tid=000] RMS for 6096.16: 0.188
19:37:21 [ INFO  ] distortionsRms: [tid=000] RMS for 6143.06: 0.219
19:37:21 [ INFO  ] distortionsRms: [tid=000] RMS for 6163.59: 0.218
19:37:21 [ INFO  ] distortionsRms: [tid=000] RMS for 6217.28: line not available
19:37:21 [ INFO  ] distortionsRms: [tid=000] RMS for 6266.50: line not available
19:37:21 [ INFO  ] vmifucalib: [tid=000] IDS RMS: 0.190 pixel
19:37:22 [ INFO  ] : [tid=000] Calculating product checksums
19:37:23 [ INFO  ] : [tid=000] Created product /home/mmarcano/Documents/VIMOS/NGC6652/data/NGC6652A1/2003-06-02T03:08/RawESOdata/quadrant4/ifu_arc_spectrum_extracted.fits
19:37:23 [ INFO  ] : [tid=000] Created product /home/mmarcano/Documents/VIMOS/NGC6652/data/NGC6652A1/2003-06-02T03:08/RawESOdata/quadrant4/ifu_flat_spectrum_extracted.fits
19:37:23 [ INFO  ] : [tid=000] Created product /home/mmarcano/Documents/VIMOS/NGC6652/data/NGC6652A1/2003-06-02T03:08/RawESOdata/quadrant4/ifu_ids.fits
19:37:23 [ INFO  ] : [tid=000] Created product /home/mmarcano/Documents/VIMOS/NGC6652/data/NGC6652A1/2003-06-02T03:08/RawESOdata/quadrant4/ifu_master_screen_flat.fits
19:37:23 [ INFO  ] : [tid=000] Created product /home/mmarcano/Documents/VIMOS/NGC6652/data/NGC6652A1/2003-06-02T03:08/RawESOdata/quadrant4/ifu_trace.fits
19:37:23 [ INFO  ] : [tid=000] Created product /home/mmarcano/Documents/VIMOS/NGC6652/data/NGC6652A1/2003-06-02T03:08/RawESOdata/quadrant4/ifu_transmission.fits
19:37:23 [ INFO  ] : [tid=000] 6 products created
19:37:23 [ INFO  ] : [tid=000] Recipe operation(s) took           7.76 seconds to complete.
19:37:23 [ INFO  ] : [tid=000] Total size of 2 raw input frames  =    35.27 MB

19:37:23 [ INFO  ] : [tid=000] => processing rate of     4.54 MB/sec 

