
Start time     : 2018-09-19T17:19:22
Program name   : esorex
Severity level : [ INFO  ] 

17:19:22 [ INFO  ] : [tid=000] This is EsoRex, version 3.13.1
17:19:22 [ INFO  ] : [tid=000] using the libraries: CPL = 7.1, CFITSIO = 3.36, WCSLIB = 4.24, FFTW (normal precision) = 3.3.4-sse2, FFTW (single precision) = 3.3.4-sse2, CPL FLOP counting is unavailable, enable with -DCPL_ADD_FLOPS, OPENMP = 200805
17:19:22 [ INFO  ] : [tid=000] Invocation command line was: /home/mmarcano/Documents/VIMOS/NGC6652/esorex/bin/esorex --output-dir=/home/mmarcano/Documents/VIMOS/NGC6652/data/NGC6652B4/2003-06-24T04:55:50/RawESOdata/quadrant4 --log-dir=/home/mmarcano/Documents/VIMOS/NGC6652/data/NGC6652B4/2003-06-24T04:55:50/RawESOdata/quadrant4 vmifucalib /home/mmarcano/Documents/VIMOS/NGC6652/data/NGC6652B4/2003-06-24T04:55:50/RawESOdata/quadrant4/calib.sof
17:19:22 [ INFO  ] vimos_print_banner: [tid=000] *****************************************
17:19:22 [ INFO  ] vimos_print_banner: [tid=000] Welcome to VIMOS Pipeline release 3.2.3
17:19:22 [ INFO  ] vimos_print_banner: [tid=000] *****************************************
17:19:23 [ INFO  ] vmifucalib: [tid=000] Loading the input frames...
17:19:23 [ INFO  ] vmifucalib: [tid=000] Processing data from quadrant 4, HR_blue/Free, shutter ON...
17:19:23 [ INFO  ] vmifucalib: [tid=000] Bias removal...
17:19:23 [ INFO  ] vmifucalib: [tid=000] Combining 3 flat fields with method 'MinMax'
17:19:24 [ INFO  ] vmifucalib: [tid=000] Processing spectra in pseudo-slit 2:
17:19:24 [ INFO  ] vmifucalib: [tid=000]   Identify and trace flat field spectra...
17:19:24 [ INFO  ] ifuIdentifyUpgrade: [tid=000]   Cross-correlation offset with reference identification: 0.862301
17:19:25 [ INFO  ] vmifucalib: [tid=000]     350 out of 400 spectra were identified and traced.
17:19:25 [ INFO  ] vmifucalib: [tid=000]   Extract flat field spectra...
17:19:26 [ INFO  ] vmifucalib: [tid=000]   Extract arc lamp spectra...
17:19:30 [ INFO  ] vmifucalib: [tid=000]   Compute the wavelength calibration (blind)...
17:19:30 [ INFO  ] vmifucalib: [tid=000]     349 out of 350 extracted spectra were wavelength calibrated.
17:19:30 [ INFO  ] vmifucalib: [tid=000]   Resample flat field spectra at constant wavelength step (0.54 Angstrom)
17:19:30 [ INFO  ] vmifucalib: [tid=000]   Resample arc lamp spectra at constant wavelength step (0.54 Angstrom)
17:19:30 [ INFO  ] vmifucalib: [tid=000] Derive the relative transmission correction from extracted flat field spectra...
17:19:30 [ INFO  ] vmifucalib: [tid=000] Computing QC1 parameters...
17:19:30 [ INFO  ] vmifucalib: [tid=000] Flux of He 5015.68: 12207.06 +/- 1657.41 ADU/fiber/s
17:19:30 [ INFO  ] vmifucalib: [tid=000] Flux of Ne 5944.83: 21915.55 +/- 3118.41 ADU/fiber/s
17:19:30 [WARNING] vmifucalib: [tid=000] No Ar lines in HR_blue spectral range: corresponding QC1 parameters are not computed.
17:19:30 [ INFO  ] vmifucalib: [tid=000] Spectral resolution at 6030.00: 3083.16 +/- 121.71
17:19:30 [ INFO  ] vmifucalib: [tid=000] Spectral resolution at 5015.67: 2305.08 +/- 168.26
17:19:30 [ INFO  ] vmifucalib: [tid=000] Spectral resolution at 4471.48: 2387.73 +/- 128.49
17:19:30 [ INFO  ] distortionsRms: [tid=000] RMS for 4026.19: line not available
17:19:30 [ INFO  ] distortionsRms: [tid=000] RMS for 4471.48: 0.083
17:19:30 [ INFO  ] distortionsRms: [tid=000] RMS for 4713.14: 0.243
17:19:30 [ INFO  ] distortionsRms: [tid=000] RMS for 4921.93: 0.213
17:19:30 [ INFO  ] distortionsRms: [tid=000] RMS for 5015.67: 0.089
17:19:30 [ INFO  ] distortionsRms: [tid=000] RMS for 5764.42: 0.367
17:19:30 [ INFO  ] distortionsRms: [tid=000] RMS for 5852.49: 0.198
17:19:30 [ INFO  ] distortionsRms: [tid=000] RMS for 5875.62: 0.126
17:19:30 [ INFO  ] distortionsRms: [tid=000] RMS for 5944.83: 0.243
17:19:30 [ INFO  ] distortionsRms: [tid=000] RMS for 6030.00: 0.201
17:19:30 [ INFO  ] distortionsRms: [tid=000] RMS for 6074.34: 0.288
17:19:30 [ INFO  ] distortionsRms: [tid=000] RMS for 6096.16: 0.172
17:19:30 [ INFO  ] distortionsRms: [tid=000] RMS for 6143.06: 0.288
17:19:30 [ INFO  ] distortionsRms: [tid=000] RMS for 6163.59: 0.260
17:19:30 [ INFO  ] distortionsRms: [tid=000] RMS for 6217.28: line not available
17:19:30 [ INFO  ] distortionsRms: [tid=000] RMS for 6266.50: line not available
17:19:30 [ INFO  ] vmifucalib: [tid=000] IDS RMS: 0.213 pixel
17:19:31 [ INFO  ] : [tid=000] Calculating product checksums
17:19:31 [ INFO  ] : [tid=000] Created product /home/mmarcano/Documents/VIMOS/NGC6652/data/NGC6652B4/2003-06-24T04:55:50/RawESOdata/quadrant4/ifu_arc_spectrum_extracted.fits
17:19:31 [ INFO  ] : [tid=000] Created product /home/mmarcano/Documents/VIMOS/NGC6652/data/NGC6652B4/2003-06-24T04:55:50/RawESOdata/quadrant4/ifu_flat_spectrum_extracted.fits
17:19:31 [ INFO  ] : [tid=000] Created product /home/mmarcano/Documents/VIMOS/NGC6652/data/NGC6652B4/2003-06-24T04:55:50/RawESOdata/quadrant4/ifu_ids.fits
17:19:31 [ INFO  ] : [tid=000] Created product /home/mmarcano/Documents/VIMOS/NGC6652/data/NGC6652B4/2003-06-24T04:55:50/RawESOdata/quadrant4/ifu_master_screen_flat.fits
17:19:31 [ INFO  ] : [tid=000] Created product /home/mmarcano/Documents/VIMOS/NGC6652/data/NGC6652B4/2003-06-24T04:55:50/RawESOdata/quadrant4/ifu_trace.fits
17:19:31 [ INFO  ] : [tid=000] Created product /home/mmarcano/Documents/VIMOS/NGC6652/data/NGC6652B4/2003-06-24T04:55:50/RawESOdata/quadrant4/ifu_transmission.fits
17:19:31 [ INFO  ] : [tid=000] 6 products created
17:19:31 [ INFO  ] : [tid=000] Recipe operation(s) took            8.9 seconds to complete.
17:19:31 [ INFO  ] : [tid=000] Total size of 4 raw input frames  =    70.55 MB

17:19:31 [ INFO  ] : [tid=000] => processing rate of     7.93 MB/sec 

