
Start time     : 2018-09-05T18:04:23
Program name   : esorex
Severity level : [ INFO  ] 

18:04:23 [ INFO  ] : [tid=000] This is EsoRex, version 3.13.1
18:04:23 [ INFO  ] : [tid=000] using the libraries: CPL = 7.1, CFITSIO = 3.37, WCSLIB = 4.25.1, FFTW (normal precision) = 3.3.3, FFTW (single precision) = 3.3.3, CPL FLOP counting is unavailable, enable with -DCPL_ADD_FLOPS, OPENMP = 201107
18:04:23 [ INFO  ] : [tid=000] Invocation command line was: /bin/esorex --output-dir=/home/mmarcano/Documents/VIMOS/NGC6652/data/NGC6652B5/2003-06-24T06:08:54/RawESOdata/quadrant4 --log-dir=/home/mmarcano/Documents/VIMOS/NGC6652/data/NGC6652B5/2003-06-24T06:08:54/RawESOdata/quadrant4 vmifuscience --CalibrateFlux=true /home/mmarcano/Documents/VIMOS/NGC6652/data/NGC6652B5/2003-06-24T06:08:54/RawESOdata/quadrant4/ifuscience.sof
18:04:24 [ INFO  ] vmifuscience: [tid=000] Loading input frames...
18:04:24 [ INFO  ] vmifuscience: [tid=000] Bias removal...
18:04:24 [ INFO  ] vmifuscience: [tid=000] Processing data from quadrant 4, HR_blue/Free, shutter ON...
18:04:24 [ INFO  ] vmifuscience: [tid=000] Processing spectra in pseudo-slit 2:
18:04:24 [ INFO  ] vmifuscience: [tid=000]   Load flat field tracing table...
18:04:24 [ INFO  ] vmifuscience: [tid=000]   Detect traceable spectra on science...
18:04:24 [ INFO  ] vmifuscience: [tid=000]     Detection threshold: 70.000000, Detected spectra: 90
18:04:24 [ INFO  ] vmifuscience: [tid=000]     90 spectra detected on scientific exposure.
18:04:24 [ INFO  ] vmifuscience: [tid=000]   Tracing detected spectra...
18:04:24 [ INFO  ] vmifuscience: [tid=000]   Identify traced spectra on science exposure...
18:04:24 [ INFO  ] vmifuscience: [tid=000]   Flat tracings alignment: offset: -3.110565, slope: 0.001239
18:04:24 [ INFO  ] vmifuscience: [tid=000]   Align flat field tracings to science exposure...
18:04:24 [ INFO  ] vmifuscience: [tid=000]   Extraction of scientific spectra...
18:04:26 [ INFO  ] vmifuscience: [tid=000]   Align wavelength calibration to detected sky lines...
18:04:26 [ INFO  ] ifuAlignSkylines: [tid=000]   Applying median shift of 0.218350 px
18:04:26 [ INFO  ] ifuAlignSkylines: [tid=000]   NOT applying individual shifts
18:04:26 [ INFO  ] vmifuscience: [tid=000]     Alignment: 0.22 CCD pixels
18:04:26 [ INFO  ] vmifuscience: [tid=000]   Resample scientific spectra at constant wavelength step (0.54 Angstrom)
18:04:26 [ INFO  ] vmifuscience: [tid=000] Apply transmission correction to extracted spectra...
18:04:26 [ INFO  ] vmifuscience: [tid=000] Applying spectro-photometric calibration ...
18:04:26 [ INFO  ] VmSpApplyPhot: [tid=000] Mean airmass: 1.0472
18:04:26 [ INFO  ] : [tid=000] Calculating product checksums
18:04:26 [ INFO  ] : [tid=000] Created product /home/mmarcano/Documents/VIMOS/NGC6652/data/NGC6652B5/2003-06-24T06:08:54/RawESOdata/quadrant4/ifu_fov.fits
18:04:26 [ INFO  ] : [tid=000] Created product /home/mmarcano/Documents/VIMOS/NGC6652/data/NGC6652B5/2003-06-24T06:08:54/RawESOdata/quadrant4/ifu_science_flux_reduced.fits
18:04:26 [ INFO  ] : [tid=000] Created product /home/mmarcano/Documents/VIMOS/NGC6652/data/NGC6652B5/2003-06-24T06:08:54/RawESOdata/quadrant4/ifu_science_reduced.fits
18:04:26 [ INFO  ] : [tid=000] Created product /home/mmarcano/Documents/VIMOS/NGC6652/data/NGC6652B5/2003-06-24T06:08:54/RawESOdata/quadrant4/ifu_sky_ids.fits
18:04:26 [ INFO  ] : [tid=000] Created product /home/mmarcano/Documents/VIMOS/NGC6652/data/NGC6652B5/2003-06-24T06:08:54/RawESOdata/quadrant4/ifu_sky_trace.fits
18:04:26 [ INFO  ] : [tid=000] 5 products created
18:04:26 [ INFO  ] : [tid=000] Recipe operation(s) took           3.05 seconds to complete.
18:04:26 [ INFO  ] : [tid=000] Size of single raw input frame  =    17.64 MB

18:04:26 [ INFO  ] : [tid=000] => processing rate of     5.78 MB/sec 

