
Start time     : 2018-09-19T17:29:59
Program name   : esorex
Severity level : [ INFO  ] 

17:29:59 [ INFO  ] : [tid=000] This is EsoRex, version 3.13.1
17:29:59 [ INFO  ] : [tid=000] using the libraries: CPL = 7.1, CFITSIO = 3.36, WCSLIB = 4.24, FFTW (normal precision) = 3.3.4-sse2, FFTW (single precision) = 3.3.4-sse2, CPL FLOP counting is unavailable, enable with -DCPL_ADD_FLOPS, OPENMP = 200805
17:29:59 [ INFO  ] : [tid=000] Invocation command line was: /home/mmarcano/Documents/VIMOS/NGC6652/esorex/bin/esorex --output-dir=/home/mmarcano/Documents/VIMOS/NGC6652/data/NGC6652B5/2003-06-24T06:08:54/RawESOdata/quadrant2 --log-dir=/home/mmarcano/Documents/VIMOS/NGC6652/data/NGC6652B5/2003-06-24T06:08:54/RawESOdata/quadrant2 vmifustandard /home/mmarcano/Documents/VIMOS/NGC6652/data/NGC6652B5/2003-06-24T06:08:54/RawESOdata/quadrant2/ifustandard.sof
17:29:59 [ INFO  ] vmifustandard: [tid=000] Loading input frames...
17:29:59 [ INFO  ] vmifustandard: [tid=000] Bias removal...
17:29:59 [ INFO  ] vmifustandard: [tid=000] Processing data from quadrant 2, HR_blue/Free, shutter ON...
17:29:59 [ INFO  ] vmifustandard: [tid=000] Processing data from quadrant 2...
17:29:59 [ INFO  ] vmifustandard: [tid=000] Processing spectra in pseudo-slit 2:
17:29:59 [ INFO  ] vmifustandard: [tid=000]   Load flat field tracing table...
17:29:59 [ INFO  ] vmifustandard: [tid=000]   Detect traceable spectra on standard star exposure...
17:29:59 [ INFO  ] vmifustandard: [tid=000]     38 spectra detected on standard star exposure.
17:29:59 [ INFO  ] vmifustandard: [tid=000]   Tracing detected spectra...
17:29:59 [ INFO  ] vmifustandard: [tid=000]   Identify traced spectra on standard star exposure...
17:29:59 [ INFO  ] vmifustandard: [tid=000]   Align flat field tracings to standard star exposure...
17:29:59 [ INFO  ] vmifustandard: [tid=000]   Simple extraction of standard star and sky spectra...
17:30:03 [ INFO  ] vmifustandard: [tid=000]   Align wavelength calibration to detected sky lines...
17:30:03 [ INFO  ] ifuAlignSkylines: [tid=000]   Applying median shift of 3.652849 px
17:30:03 [ INFO  ] ifuAlignSkylines: [tid=000]   NOT applying individual shifts
17:30:03 [ INFO  ] vmifustandard: [tid=000]     Alignment: 3.65 CCD pixels
17:30:03 [ INFO  ] vmifustandard: [tid=000]   Resample standard star spectra at constant wavelength step (0.54 Angstrom)
17:30:03 [ INFO  ] vmifustandard: [tid=000] Apply transmission correction to extracted spectra...
17:30:03 [ INFO  ] vmifustandard: [tid=000] Computing QC1 parameters...
17:30:03 [ INFO  ] createFitsTable: [tid=000] Table ifu_specphot_table.fits (SPH) created.
17:30:03 [ INFO  ] : [tid=000] Calculating product checksums
17:30:03 [ INFO  ] : [tid=000] Created product /home/mmarcano/Documents/VIMOS/NGC6652/data/NGC6652B5/2003-06-24T06:08:54/RawESOdata/quadrant2/ifu_science_sky.fits
17:30:03 [ INFO  ] : [tid=000] Created product /home/mmarcano/Documents/VIMOS/NGC6652/data/NGC6652B5/2003-06-24T06:08:54/RawESOdata/quadrant2/ifu_specphot_table.fits
17:30:03 [ INFO  ] : [tid=000] Created product /home/mmarcano/Documents/VIMOS/NGC6652/data/NGC6652B5/2003-06-24T06:08:54/RawESOdata/quadrant2/ifu_standard_extracted.fits
17:30:03 [ INFO  ] : [tid=000] Created product /home/mmarcano/Documents/VIMOS/NGC6652/data/NGC6652B5/2003-06-24T06:08:54/RawESOdata/quadrant2/ifu_standard_reduced.fits
17:30:03 [ INFO  ] : [tid=000] Created product /home/mmarcano/Documents/VIMOS/NGC6652/data/NGC6652B5/2003-06-24T06:08:54/RawESOdata/quadrant2/ifu_std_fov.fits
17:30:03 [ INFO  ] : [tid=000] 5 products created
17:30:03 [ INFO  ] : [tid=000] Recipe operation(s) took           4.87 seconds to complete.
17:30:03 [ INFO  ] : [tid=000] Size of single raw input frame  =    17.63 MB

17:30:03 [ INFO  ] : [tid=000] => processing rate of     3.62 MB/sec 

