
Start time     : 2018-10-24T14:42:54
Program name   : esorex
Severity level : [ INFO  ] 

14:42:54 [ INFO  ] : [tid=000] This is EsoRex, version 3.13.1
14:42:54 [ INFO  ] : [tid=000] using the libraries: CPL = 7.1, CFITSIO = 3.36, WCSLIB = 4.24, FFTW (normal precision) = 3.3.4-sse2, FFTW (single precision) = 3.3.4-sse2, CPL FLOP counting is unavailable, enable with -DCPL_ADD_FLOPS, OPENMP = 200805
14:42:54 [ INFO  ] : [tid=000] Invocation command line was: /home/mmarcano/Documents/VIMOS/NGC6652/esorex/bin/esorex --output-dir=/home/mmarcano/Documents/VIMOS/NGC6652/data/NGC6652A3/2003-06-04T04:00/RawESOdata/quadrant4 --log-dir=/home/mmarcano/Documents/VIMOS/NGC6652/data/NGC6652A3/2003-06-04T04:00/RawESOdata/quadrant4 vmifustandard /home/mmarcano/Documents/VIMOS/NGC6652/data/NGC6652A3/2003-06-04T04:00/RawESOdata/quadrant4/ifustandard.sof
14:42:54 [ INFO  ] vmifustandard: [tid=000] Loading input frames...
14:42:54 [ INFO  ] vmifustandard: [tid=000] Bias removal...
14:42:54 [ INFO  ] vmifustandard: [tid=000] Processing data from quadrant 4, HR_blue/Free, shutter ON...
14:42:54 [ INFO  ] vmifustandard: [tid=000] Processing data from quadrant 4...
14:42:54 [ INFO  ] vmifustandard: [tid=000] Processing spectra in pseudo-slit 2:
14:42:54 [ INFO  ] vmifustandard: [tid=000]   Load flat field tracing table...
14:42:54 [ INFO  ] vmifustandard: [tid=000]   Detect traceable spectra on standard star exposure...
14:42:54 [ INFO  ] vmifustandard: [tid=000]     20 spectra detected on standard star exposure.
14:42:54 [ INFO  ] vmifustandard: [tid=000]   Tracing detected spectra...
14:42:54 [ INFO  ] vmifustandard: [tid=000]   Identify traced spectra on standard star exposure...
14:42:54 [ INFO  ] vmifustandard: [tid=000]   Align flat field tracings to standard star exposure...
14:42:54 [ INFO  ] vmifustandard: [tid=000]   Simple extraction of standard star and sky spectra...
14:42:57 [ INFO  ] vmifustandard: [tid=000]   Align wavelength calibration to detected sky lines...
14:42:57 [ INFO  ] ifuAlignSkylines: [tid=000]   Applying median shift of -0.236814 px
14:42:57 [ INFO  ] ifuAlignSkylines: [tid=000]   NOT applying individual shifts
14:42:57 [ INFO  ] vmifustandard: [tid=000]     Alignment: -0.24 CCD pixels
14:42:57 [ INFO  ] vmifustandard: [tid=000]   Resample standard star spectra at constant wavelength step (0.54 Angstrom)
14:42:57 [ INFO  ] vmifustandard: [tid=000] Apply transmission correction to extracted spectra...
14:42:58 [ INFO  ] vmifustandard: [tid=000] Computing QC1 parameters...
14:42:58 [ INFO  ] createFitsTable: [tid=000] Table ifu_specphot_table.fits (SPH) created.
14:42:58 [ INFO  ] : [tid=000] Calculating product checksums
14:42:58 [ INFO  ] : [tid=000] Created product /home/mmarcano/Documents/VIMOS/NGC6652/data/NGC6652A3/2003-06-04T04:00/RawESOdata/quadrant4/ifu_science_sky.fits
14:42:58 [ INFO  ] : [tid=000] Created product /home/mmarcano/Documents/VIMOS/NGC6652/data/NGC6652A3/2003-06-04T04:00/RawESOdata/quadrant4/ifu_specphot_table.fits
14:42:58 [ INFO  ] : [tid=000] Created product /home/mmarcano/Documents/VIMOS/NGC6652/data/NGC6652A3/2003-06-04T04:00/RawESOdata/quadrant4/ifu_standard_extracted.fits
14:42:58 [ INFO  ] : [tid=000] Created product /home/mmarcano/Documents/VIMOS/NGC6652/data/NGC6652A3/2003-06-04T04:00/RawESOdata/quadrant4/ifu_standard_reduced.fits
14:42:58 [ INFO  ] : [tid=000] Created product /home/mmarcano/Documents/VIMOS/NGC6652/data/NGC6652A3/2003-06-04T04:00/RawESOdata/quadrant4/ifu_std_fov.fits
14:42:58 [ INFO  ] : [tid=000] 5 products created
14:42:58 [ INFO  ] : [tid=000] Recipe operation(s) took           3.97 seconds to complete.
14:42:58 [ INFO  ] : [tid=000] Size of single raw input frame  =    17.64 MB

14:42:58 [ INFO  ] : [tid=000] => processing rate of     4.44 MB/sec 

