
Start time     : 2018-09-20T19:47:56
Program name   : esorex
Severity level : [ INFO  ] 

19:47:56 [ INFO  ] : [tid=000] This is EsoRex, version 3.13.1
19:47:56 [ INFO  ] : [tid=000] using the libraries: CPL = 7.1, CFITSIO = 3.36, WCSLIB = 4.24, FFTW (normal precision) = 3.3.4-sse2, FFTW (single precision) = 3.3.4-sse2, CPL FLOP counting is unavailable, enable with -DCPL_ADD_FLOPS, OPENMP = 200805
19:47:56 [ INFO  ] : [tid=000] Invocation command line was: /home/mmarcano/Documents/VIMOS/NGC6652/esorex/bin/esorex --output-dir=/home/mmarcano/Documents/VIMOS/NGC6652/data/NGC6652B2/2003-06-22T03:35/RawESOdata/quadrant3 --log-dir=/home/mmarcano/Documents/VIMOS/NGC6652/data/NGC6652B2/2003-06-22T03:35/RawESOdata/quadrant3 vmifustandard /home/mmarcano/Documents/VIMOS/NGC6652/data/NGC6652B2/2003-06-22T03:35/RawESOdata/quadrant3/ifustandard.sof
19:47:56 [ INFO  ] vmifustandard: [tid=000] Loading input frames...
19:47:56 [ INFO  ] vmifustandard: [tid=000] Bias removal...
19:47:56 [ INFO  ] vmifustandard: [tid=000] Processing data from quadrant 3, HR_orange/GG435, shutter ON...
19:47:56 [ INFO  ] vmifustandard: [tid=000] Processing data from quadrant 3...
19:47:56 [ INFO  ] vmifustandard: [tid=000] Processing spectra in pseudo-slit 2:
19:47:56 [ INFO  ] vmifustandard: [tid=000]   Load flat field tracing table...
19:47:56 [ INFO  ] vmifustandard: [tid=000]   Detect traceable spectra on standard star exposure...
19:47:56 [ INFO  ] vmifustandard: [tid=000]     11 spectra detected on standard star exposure.
19:47:56 [ INFO  ] vmifustandard: [tid=000]   Tracing detected spectra...
19:47:56 [ INFO  ] vmifustandard: [tid=000]   Identify traced spectra on standard star exposure...
19:47:56 [ INFO  ] vmifustandard: [tid=000]   Align flat field tracings to standard star exposure...
19:47:56 [ INFO  ] vmifustandard: [tid=000]   Simple extraction of standard star and sky spectra...
19:48:00 [ INFO  ] vmifustandard: [tid=000]   Align wavelength calibration to detected sky lines...
19:48:00 [ INFO  ] ifuAlignSkylines: [tid=000]   Applying median shift of -0.002891 px
19:48:00 [ INFO  ] ifuAlignSkylines: [tid=000]   NOT applying individual shifts
19:48:00 [ INFO  ] vmifustandard: [tid=000]     Alignment: -0.00 CCD pixels
19:48:00 [ INFO  ] vmifustandard: [tid=000]   Resample standard star spectra at constant wavelength step (0.62 Angstrom)
19:48:00 [ INFO  ] vmifustandard: [tid=000] Apply transmission correction to extracted spectra...
19:48:00 [ INFO  ] vmifustandard: [tid=000] Computing QC1 parameters...
19:48:00 [ INFO  ] createFitsTable: [tid=000] Table ifu_specphot_table.fits (SPH) created.
19:48:00 [ INFO  ] : [tid=000] Calculating product checksums
19:48:00 [ INFO  ] : [tid=000] Created product /home/mmarcano/Documents/VIMOS/NGC6652/data/NGC6652B2/2003-06-22T03:35/RawESOdata/quadrant3/ifu_science_sky.fits
19:48:00 [ INFO  ] : [tid=000] Created product /home/mmarcano/Documents/VIMOS/NGC6652/data/NGC6652B2/2003-06-22T03:35/RawESOdata/quadrant3/ifu_specphot_table.fits
19:48:00 [ INFO  ] : [tid=000] Created product /home/mmarcano/Documents/VIMOS/NGC6652/data/NGC6652B2/2003-06-22T03:35/RawESOdata/quadrant3/ifu_standard_extracted.fits
19:48:00 [ INFO  ] : [tid=000] Created product /home/mmarcano/Documents/VIMOS/NGC6652/data/NGC6652B2/2003-06-22T03:35/RawESOdata/quadrant3/ifu_standard_reduced.fits
19:48:00 [ INFO  ] : [tid=000] Created product /home/mmarcano/Documents/VIMOS/NGC6652/data/NGC6652B2/2003-06-22T03:35/RawESOdata/quadrant3/ifu_std_fov.fits
19:48:00 [ INFO  ] : [tid=000] 5 products created
19:48:00 [ INFO  ] : [tid=000] Recipe operation(s) took           4.59 seconds to complete.
19:48:00 [ INFO  ] : [tid=000] Size of single raw input frame  =    17.64 MB

19:48:00 [ INFO  ] : [tid=000] => processing rate of     3.84 MB/sec 

