
Start time     : 2018-09-21T13:33:40
Program name   : esorex
Severity level : [ INFO  ] 

13:33:40 [ INFO  ] : [tid=000] This is EsoRex, version 3.13.1
13:33:40 [ INFO  ] : [tid=000] using the libraries: CPL = 7.1, CFITSIO = 3.36, WCSLIB = 4.24, FFTW (normal precision) = 3.3.4-sse2, FFTW (single precision) = 3.3.4-sse2, CPL FLOP counting is unavailable, enable with -DCPL_ADD_FLOPS, OPENMP = 200805
13:33:40 [ INFO  ] : [tid=000] Invocation command line was: /home/mmarcano/Documents/VIMOS/NGC6652/esorex/bin/esorex --output-dir=/home/mmarcano/Documents/VIMOS/NGC6652/data/NGC6652B2/2003-06-22T03:13/RawESOdata/quadrant4 --log-dir=/home/mmarcano/Documents/VIMOS/NGC6652/data/NGC6652B2/2003-06-22T03:13/RawESOdata/quadrant4 vmifucalib /home/mmarcano/Documents/VIMOS/NGC6652/data/NGC6652B2/2003-06-22T03:13/RawESOdata/quadrant4/calib.sof
13:33:40 [ INFO  ] vimos_print_banner: [tid=000] *****************************************
13:33:40 [ INFO  ] vimos_print_banner: [tid=000] Welcome to VIMOS Pipeline release 3.2.3
13:33:40 [ INFO  ] vimos_print_banner: [tid=000] *****************************************
13:33:40 [ INFO  ] vmifucalib: [tid=000] Loading the input frames...
13:33:54 [ INFO  ] vmifucalib: [tid=000] Processing data from quadrant 4, HR_orange/GG435, shutter ON...
13:33:54 [ INFO  ] vmifucalib: [tid=000] Bias removal...
13:33:54 [ INFO  ] vmifucalib: [tid=000] Combining 3 flat fields with method 'MinMax'
13:33:55 [ INFO  ] vmifucalib: [tid=000] Processing spectra in pseudo-slit 2:
13:33:55 [ INFO  ] vmifucalib: [tid=000]   Identify and trace flat field spectra...
13:33:55 [ INFO  ] ifuIdentifyUpgrade: [tid=000]   Cross-correlation offset with reference identification: 6.451787
13:33:55 [ INFO  ] vmifucalib: [tid=000]     352 out of 400 spectra were identified and traced.
13:33:55 [ INFO  ] vmifucalib: [tid=000]   Extract flat field spectra...
13:33:57 [ INFO  ] vmifucalib: [tid=000]   Extract arc lamp spectra...
13:34:01 [ INFO  ] vmifucalib: [tid=000]   Compute the wavelength calibration (blind)...
13:34:01 [ INFO  ] vmifucalib: [tid=000]     351 out of 352 extracted spectra were wavelength calibrated.
13:34:01 [ INFO  ] vmifucalib: [tid=000]   Resample flat field spectra at constant wavelength step (0.62 Angstrom)
13:34:01 [ INFO  ] vmifucalib: [tid=000]   Resample arc lamp spectra at constant wavelength step (0.62 Angstrom)
13:34:01 [ INFO  ] vmifucalib: [tid=000] Derive the relative transmission correction from extracted flat field spectra...
13:34:01 [ INFO  ] vmifucalib: [tid=000] Computing QC1 parameters...
13:34:01 [ INFO  ] vmifucalib: [tid=000] Flux of He 7065.19: 70550.16 +/- 11112.13 ADU/fiber/s
13:34:01 [ INFO  ] vmifucalib: [tid=000] Flux of Ne 7032.41: 112513.48 +/- 12922.76 ADU/fiber/s
13:34:01 [ INFO  ] vmifucalib: [tid=000] Flux of Ar 7383.98: 8727.95 +/- 8664.49 ADU/fiber/s
13:34:01 [ INFO  ] vmifucalib: [tid=000] Spectral resolution at 7245.17: 3159.89 +/- 172.67
13:34:01 [ INFO  ] vmifucalib: [tid=000] Spectral resolution at 6506.53: 3039.94 +/- 79.00
13:34:01 [ INFO  ] vmifucalib: [tid=000] Spectral resolution at 5852.49: 2803.61 +/- 90.96
13:34:01 [ INFO  ] distortionsRms: [tid=000] RMS for 5764.42: 0.241
13:34:01 [ INFO  ] distortionsRms: [tid=000] RMS for 5852.49: 0.295
13:34:01 [ INFO  ] distortionsRms: [tid=000] RMS for 5875.62: 0.166
13:34:01 [ INFO  ] distortionsRms: [tid=000] RMS for 5944.83: 0.318
13:34:01 [ INFO  ] distortionsRms: [tid=000] RMS for 6030.00: 0.049
13:34:01 [ INFO  ] distortionsRms: [tid=000] RMS for 6074.34: 0.240
13:34:01 [ INFO  ] distortionsRms: [tid=000] RMS for 6096.16: 0.205
13:34:01 [ INFO  ] distortionsRms: [tid=000] RMS for 6143.06: 0.284
13:34:01 [ INFO  ] distortionsRms: [tid=000] RMS for 6163.59: 0.150
13:34:01 [ INFO  ] distortionsRms: [tid=000] RMS for 6217.28: 0.055
13:34:01 [ INFO  ] distortionsRms: [tid=000] RMS for 6266.50: 0.267
13:34:01 [ INFO  ] distortionsRms: [tid=000] RMS for 6304.79: 0.160
13:34:01 [ INFO  ] distortionsRms: [tid=000] RMS for 6334.43: 0.027
13:34:01 [ INFO  ] distortionsRms: [tid=000] RMS for 6382.99: 0.262
13:34:01 [ INFO  ] distortionsRms: [tid=000] RMS for 6402.25: 0.233
13:34:01 [ INFO  ] distortionsRms: [tid=000] RMS for 6506.53: 0.283
13:34:01 [ INFO  ] distortionsRms: [tid=000] RMS for 6532.88: 0.093
13:34:01 [ INFO  ] distortionsRms: [tid=000] RMS for 6598.95: 0.231
13:34:01 [ INFO  ] distortionsRms: [tid=000] RMS for 6678.20: 0.027
13:34:01 [ INFO  ] distortionsRms: [tid=000] RMS for 6717.04: 0.115
13:34:01 [ INFO  ] vmifucalib: [tid=000] IDS RMS: 0.185 pixel
13:34:02 [ INFO  ] : [tid=000] Calculating product checksums
13:34:02 [ INFO  ] : [tid=000] Created product /home/mmarcano/Documents/VIMOS/NGC6652/data/NGC6652B2/2003-06-22T03:13/RawESOdata/quadrant4/ifu_arc_spectrum_extracted.fits
13:34:02 [ INFO  ] : [tid=000] Created product /home/mmarcano/Documents/VIMOS/NGC6652/data/NGC6652B2/2003-06-22T03:13/RawESOdata/quadrant4/ifu_flat_spectrum_extracted.fits
13:34:02 [ INFO  ] : [tid=000] Created product /home/mmarcano/Documents/VIMOS/NGC6652/data/NGC6652B2/2003-06-22T03:13/RawESOdata/quadrant4/ifu_ids.fits
13:34:02 [ INFO  ] : [tid=000] Created product /home/mmarcano/Documents/VIMOS/NGC6652/data/NGC6652B2/2003-06-22T03:13/RawESOdata/quadrant4/ifu_master_screen_flat.fits
13:34:02 [ INFO  ] : [tid=000] Created product /home/mmarcano/Documents/VIMOS/NGC6652/data/NGC6652B2/2003-06-22T03:13/RawESOdata/quadrant4/ifu_trace.fits
13:34:02 [ INFO  ] : [tid=000] Created product /home/mmarcano/Documents/VIMOS/NGC6652/data/NGC6652B2/2003-06-22T03:13/RawESOdata/quadrant4/ifu_transmission.fits
13:34:02 [ INFO  ] : [tid=000] 6 products created
13:34:02 [ INFO  ] : [tid=000] Recipe operation(s) took           22.3 seconds to complete.
13:34:02 [ INFO  ] : [tid=000] Total size of 4 raw input frames  =    70.55 MB

13:34:02 [ INFO  ] : [tid=000] => processing rate of     3.16 MB/sec 

