
Start time     : 2018-09-21T13:34:08
Program name   : esorex
Severity level : [ INFO  ] 

13:34:08 [ INFO  ] : [tid=000] This is EsoRex, version 3.13.1
13:34:08 [ INFO  ] : [tid=000] using the libraries: CPL = 7.1, CFITSIO = 3.36, WCSLIB = 4.24, FFTW (normal precision) = 3.3.4-sse2, FFTW (single precision) = 3.3.4-sse2, CPL FLOP counting is unavailable, enable with -DCPL_ADD_FLOPS, OPENMP = 200805
13:34:08 [ INFO  ] : [tid=000] Invocation command line was: /home/mmarcano/Documents/VIMOS/NGC6652/esorex/bin/esorex --output-dir=/home/mmarcano/Documents/VIMOS/NGC6652/data/NGC6652B2/2003-06-22T03:13/RawESOdata/quadrant4 --log-dir=/home/mmarcano/Documents/VIMOS/NGC6652/data/NGC6652B2/2003-06-22T03:13/RawESOdata/quadrant4 vmifuscience --CalibrateFlux=true /home/mmarcano/Documents/VIMOS/NGC6652/data/NGC6652B2/2003-06-22T03:13/RawESOdata/quadrant4/ifuscience.sof
13:34:08 [ INFO  ] vmifuscience: [tid=000] Loading input frames...
13:34:11 [ INFO  ] vmifuscience: [tid=000] Bias removal...
13:34:11 [ INFO  ] vmifuscience: [tid=000] Processing data from quadrant 4, HR_blue/Free, shutter ON...
13:34:11 [ INFO  ] vmifuscience: [tid=000] Processing spectra in pseudo-slit 2:
13:34:11 [ INFO  ] vmifuscience: [tid=000]   Load flat field tracing table...
13:34:11 [ INFO  ] vmifuscience: [tid=000]   Detect traceable spectra on science...
13:34:11 [ INFO  ] vmifuscience: [tid=000]     Detection threshold: 70.000000, Detected spectra: 59
13:34:11 [ INFO  ] vmifuscience: [tid=000]     59 spectra detected on scientific exposure.
13:34:11 [ INFO  ] vmifuscience: [tid=000]   Tracing detected spectra...
13:34:11 [ INFO  ] vmifuscience: [tid=000]   Identify traced spectra on science exposure...
13:34:11 [ INFO  ] vmifuscience: [tid=000]   Flat tracings alignment: offset: 21.992974, slope: -0.007131
13:34:11 [ INFO  ] vmifuscience: [tid=000]   Align flat field tracings to science exposure...
13:34:11 [ INFO  ] vmifuscience: [tid=000]   Extraction of scientific spectra...
13:34:14 [ INFO  ] vmifuscience: [tid=000]   Align wavelength calibration to detected sky lines...
13:34:14 [ INFO  ] ifuAlignSkylines: [tid=000]   Applying median shift of -2.339540 px
13:34:14 [ INFO  ] ifuAlignSkylines: [tid=000]   NOT applying individual shifts
13:34:14 [ INFO  ] vmifuscience: [tid=000]     Alignment: -2.34 CCD pixels
13:34:14 [ INFO  ] vmifuscience: [tid=000]   Resample scientific spectra at constant wavelength step (0.54 Angstrom)
13:34:14 [ INFO  ] vmifuscience: [tid=000] Apply transmission correction to extracted spectra...
13:34:14 [ INFO  ] vmifuscience: [tid=000] Applying spectro-photometric calibration ...
13:34:14 [ ERROR ] VmSpApplyPhot: [tid=000] Input table and input image are incompatible
13:34:14 [WARNING] vmifuscience: [tid=000] Spectro-photometric calibration failure: the corresponding product, IFU_SCIENCE_FLUX_REDUCED, will not be created
13:34:14 [ INFO  ] : [tid=000] Calculating product checksums
13:34:14 [ INFO  ] : [tid=000] Created product /home/mmarcano/Documents/VIMOS/NGC6652/data/NGC6652B2/2003-06-22T03:13/RawESOdata/quadrant4/ifu_fov.fits
13:34:14 [ INFO  ] : [tid=000] Created product /home/mmarcano/Documents/VIMOS/NGC6652/data/NGC6652B2/2003-06-22T03:13/RawESOdata/quadrant4/ifu_science_reduced.fits
13:34:14 [ INFO  ] : [tid=000] Created product /home/mmarcano/Documents/VIMOS/NGC6652/data/NGC6652B2/2003-06-22T03:13/RawESOdata/quadrant4/ifu_sky_ids.fits
13:34:14 [ INFO  ] : [tid=000] Created product /home/mmarcano/Documents/VIMOS/NGC6652/data/NGC6652B2/2003-06-22T03:13/RawESOdata/quadrant4/ifu_sky_trace.fits
13:34:14 [ INFO  ] : [tid=000] 4 products created
13:34:14 [ INFO  ] : [tid=000] Recipe operation(s) took           5.97 seconds to complete.
13:34:14 [ INFO  ] : [tid=000] Size of single raw input frame  =    17.64 MB

13:34:14 [ INFO  ] : [tid=000] => processing rate of     2.95 MB/sec 

