
Start time     : 2018-11-13T18:33:14
Program name   : esorex
Severity level : [ INFO  ] 

18:33:14 [ INFO  ] : [tid=000] This is EsoRex, version 3.13.1
18:33:14 [ INFO  ] : [tid=000] using the libraries: CPL = 7.1, CFITSIO = 3.36, WCSLIB = 4.24, FFTW (normal precision) = 3.3.4-sse2, FFTW (single precision) = 3.3.4-sse2, CPL FLOP counting is unavailable, enable with -DCPL_ADD_FLOPS, OPENMP = 200805
18:33:14 [ INFO  ] : [tid=000] Invocation command line was: /home/mmarcano/Documents/VIMOS/NGC6652/esorex/bin/esorex --output-dir=/home/mmarcano/Documents/VIMOS/NGC6652/data/NGC6652A1/2003-06-02T03:22/RawESOdata/quadrant4 --log-dir=/home/mmarcano/Documents/VIMOS/NGC6652/data/NGC6652A1/2003-06-02T03:22/RawESOdata/quadrant4 vmifucalib /home/mmarcano/Documents/VIMOS/NGC6652/data/NGC6652A1/2003-06-02T03:22/RawESOdata/quadrant4/calib.sof
18:33:14 [ INFO  ] vimos_print_banner: [tid=000] *****************************************
18:33:14 [ INFO  ] vimos_print_banner: [tid=000] Welcome to VIMOS Pipeline release 3.2.3
18:33:14 [ INFO  ] vimos_print_banner: [tid=000] *****************************************
18:33:14 [ INFO  ] vmifucalib: [tid=000] Loading the input frames...
18:33:14 [ INFO  ] vmifucalib: [tid=000] Processing data from quadrant 4, HR_blue/Free, shutter ON...
18:33:14 [ INFO  ] vmifucalib: [tid=000] Bias removal...
18:33:14 [ INFO  ] vmifucalib: [tid=000] Processing spectra in pseudo-slit 2:
18:33:14 [ INFO  ] vmifucalib: [tid=000]   Identify and trace flat field spectra...
18:33:14 [ INFO  ] ifuIdentifyUpgrade: [tid=000]   Cross-correlation offset with reference identification: 1.638219
18:33:15 [ INFO  ] vmifucalib: [tid=000]     340 out of 400 spectra were identified and traced.
18:33:15 [ INFO  ] vmifucalib: [tid=000]   Extract flat field spectra...
18:33:17 [ INFO  ] vmifucalib: [tid=000]   Extract arc lamp spectra...
18:33:20 [ INFO  ] vmifucalib: [tid=000]   Compute the wavelength calibration (blind)...
18:33:20 [ INFO  ] vmifucalib: [tid=000]     339 out of 340 extracted spectra were wavelength calibrated.
18:33:20 [ INFO  ] vmifucalib: [tid=000]   Resample flat field spectra at constant wavelength step (0.54 Angstrom)
18:33:20 [ INFO  ] vmifucalib: [tid=000]   Resample arc lamp spectra at constant wavelength step (0.54 Angstrom)
18:33:20 [ INFO  ] vmifucalib: [tid=000] Derive the relative transmission correction from extracted flat field spectra...
18:33:20 [ INFO  ] vmifucalib: [tid=000] Computing QC1 parameters...
18:33:20 [ INFO  ] vmifucalib: [tid=000] Flux of He 5015.68: 8573.00 +/- 606.79 ADU/fiber/s
18:33:20 [ INFO  ] vmifucalib: [tid=000] Flux of Ne 5944.83: 17050.50 +/- 3445.45 ADU/fiber/s
18:33:20 [WARNING] vmifucalib: [tid=000] No Ar lines in HR_blue spectral range: corresponding QC1 parameters are not computed.
18:33:20 [ INFO  ] vmifucalib: [tid=000] Spectral resolution at 6030.00: 2528.21 +/- 215.50
18:33:20 [ INFO  ] vmifucalib: [tid=000] Spectral resolution at 5015.67: 2749.99 +/- 74.56
18:33:20 [ INFO  ] vmifucalib: [tid=000] Spectral resolution at 4471.48: 2553.67 +/- 60.69
18:33:20 [ INFO  ] distortionsRms: [tid=000] RMS for 4026.19: line not available
18:33:20 [ INFO  ] distortionsRms: [tid=000] RMS for 4471.48: 0.072
18:33:20 [ INFO  ] distortionsRms: [tid=000] RMS for 4713.14: 0.240
18:33:20 [ INFO  ] distortionsRms: [tid=000] RMS for 4921.93: 0.200
18:33:20 [ INFO  ] distortionsRms: [tid=000] RMS for 5015.67: 0.087
18:33:20 [ INFO  ] distortionsRms: [tid=000] RMS for 5764.42: 0.258
18:33:20 [ INFO  ] distortionsRms: [tid=000] RMS for 5852.49: 0.186
18:33:20 [ INFO  ] distortionsRms: [tid=000] RMS for 5875.62: 0.166
18:33:20 [ INFO  ] distortionsRms: [tid=000] RMS for 5944.83: 0.152
18:33:20 [ INFO  ] distortionsRms: [tid=000] RMS for 6030.00: 0.180
18:33:20 [ INFO  ] distortionsRms: [tid=000] RMS for 6074.34: 0.242
18:33:20 [ INFO  ] distortionsRms: [tid=000] RMS for 6096.16: 0.194
18:33:20 [ INFO  ] distortionsRms: [tid=000] RMS for 6143.06: 0.184
18:33:20 [ INFO  ] distortionsRms: [tid=000] RMS for 6163.59: 0.182
18:33:20 [ INFO  ] distortionsRms: [tid=000] RMS for 6217.28: line not available
18:33:20 [ INFO  ] distortionsRms: [tid=000] RMS for 6266.50: line not available
18:33:20 [ INFO  ] vmifucalib: [tid=000] IDS RMS: 0.180 pixel
18:33:21 [ INFO  ] : [tid=000] Calculating product checksums
18:33:21 [ INFO  ] : [tid=000] Created product /home/mmarcano/Documents/VIMOS/NGC6652/data/NGC6652A1/2003-06-02T03:22/RawESOdata/quadrant4/ifu_arc_spectrum_extracted.fits
18:33:21 [ INFO  ] : [tid=000] Created product /home/mmarcano/Documents/VIMOS/NGC6652/data/NGC6652A1/2003-06-02T03:22/RawESOdata/quadrant4/ifu_flat_spectrum_extracted.fits
18:33:21 [ INFO  ] : [tid=000] Created product /home/mmarcano/Documents/VIMOS/NGC6652/data/NGC6652A1/2003-06-02T03:22/RawESOdata/quadrant4/ifu_ids.fits
18:33:21 [ INFO  ] : [tid=000] Created product /home/mmarcano/Documents/VIMOS/NGC6652/data/NGC6652A1/2003-06-02T03:22/RawESOdata/quadrant4/ifu_master_screen_flat.fits
18:33:21 [ INFO  ] : [tid=000] Created product /home/mmarcano/Documents/VIMOS/NGC6652/data/NGC6652A1/2003-06-02T03:22/RawESOdata/quadrant4/ifu_trace.fits
18:33:21 [ INFO  ] : [tid=000] Created product /home/mmarcano/Documents/VIMOS/NGC6652/data/NGC6652A1/2003-06-02T03:22/RawESOdata/quadrant4/ifu_transmission.fits
18:33:21 [ INFO  ] : [tid=000] 6 products created
18:33:21 [ INFO  ] : [tid=000] Recipe operation(s) took           7.71 seconds to complete.
18:33:21 [ INFO  ] : [tid=000] Total size of 2 raw input frames  =    35.28 MB

18:33:21 [ INFO  ] : [tid=000] => processing rate of     4.58 MB/sec 

