This file contains any messages produced by compilers while
running configure, to aid debugging if configure makes a mistake.

It was created by configure, which was
generated by GNU Autoconf 2.68.  Invocation command line was

  $ /home/mmarcano/Documents/VIMOS/NGC6652/esorex/vimos-kit-3.2.3/cfitsio/configure --prefix=/home/mmarcano/Documents/VIMOS/NGC6652/esorex --enable-sse2 --enable-ssse3 --enable-reentrant

## --------- ##
## Platform. ##
## --------- ##

hostname = krieger.ttu.edu
uname -m = x86_64
uname -r = 2.6.32-696.13.2.el6.x86_64
uname -s = Linux
uname -v = #1 SMP Thu Oct 5 17:13:40 CDT 2017

/usr/bin/uname -p = unknown
/bin/uname -X     = unknown

/bin/arch              = x86_64
/usr/bin/arch -k       = unknown
/usr/convex/getsysinfo = unknown
/usr/bin/hostinfo      = unknown
/bin/machine           = unknown
/usr/bin/oslevel       = unknown
/bin/universe          = unknown

PATH: /home/mmarcano/anaconda3/bin
PATH: /home/mmarcano/anaconda3/bin
PATH: /usr/local/snid-5.0/bin
PATH: /usr/local/sched/bin/
PATH: /usr/lib64/qt-3.3/bin
PATH: /usr/local/MATLAB/R2013a/bin/
PATH: /usr/local/karma/bin
PATH: /usr/local/casutools/bin
PATH: /usr/local/casa-release-4.5.2-el6/
PATH: /usr/local/astrometry/bin
PATH: /usr/local/bin
PATH: /bin
PATH: /usr/bin
PATH: /usr/local/sbin
PATH: /usr/sbin
PATH: /sbin
PATH: /home/mmarcano22/Documents/Computer/Montage/bin
PATH: /home/mmarcano22/.gem/ruby/2.3.0/bin
PATH: /home/mmarcano22/Documents/Computer/Montage/bin
PATH: /home/mmarcano22/.gem/ruby/2.3.0/bin


## ----------- ##
## Core tests. ##
## ----------- ##

configure:2086: checking build system type
configure:2100: result: x86_64-unknown-linux-gnu
configure:2120: checking host system type
configure:2133: result: x86_64-unknown-linux-gnu
configure:2153: checking target system type
configure:2166: result: x86_64-unknown-linux-gnu
configure:2441: checking for gcc
configure:2457: found /usr/bin/gcc
configure:2468: result: gcc
configure:2697: checking for C compiler version
configure:2706: gcc --version >&5
gcc (GCC) 4.4.7 20120313 (Red Hat 4.4.7-18)
Copyright (C) 2010 Free Software Foundation, Inc.
This is free software; see the source for copying conditions.  There is NO
warranty; not even for MERCHANTABILITY or FITNESS FOR A PARTICULAR PURPOSE.

configure:2717: $? = 0
configure:2706: gcc -v >&5
Using built-in specs.
Target: x86_64-redhat-linux
Configured with: ../configure --prefix=/usr --mandir=/usr/share/man --infodir=/usr/share/info --with-bugurl=http://bugzilla.redhat.com/bugzilla --enable-bootstrap --enable-shared --enable-threads=posix --enable-checking=release --with-system-zlib --enable-__cxa_atexit --disable-libunwind-exceptions --enable-gnu-unique-object --enable-languages=c,c++,objc,obj-c++,java,fortran,ada --enable-java-awt=gtk --disable-dssi --with-java-home=/usr/lib/jvm/java-1.5.0-gcj-1.5.0.0/jre --enable-libgcj-multifile --enable-java-maintainer-mode --with-ecj-jar=/usr/share/java/eclipse-ecj.jar --disable-libjava-multilib --with-ppl --with-cloog --with-tune=generic --with-arch_32=i686 --build=x86_64-redhat-linux
Thread model: posix
gcc version 4.4.7 20120313 (Red Hat 4.4.7-18) (GCC) 
configure:2717: $? = 0
configure:2706: gcc -V >&5
gcc: '-V' option must have argument
configure:2717: $? = 1
configure:2706: gcc -qversion >&5
gcc: unrecognized option '-qversion'
gcc: no input files
configure:2717: $? = 1
configure:2737: checking whether the C compiler works
configure:2759: gcc    conftest.c  >&5
configure:2763: $? = 0
configure:2811: result: yes
configure:2814: checking for C compiler default output file name
configure:2816: result: a.out
configure:2822: checking for suffix of executables
configure:2829: gcc -o conftest    conftest.c  >&5
configure:2833: $? = 0
configure:2855: result: 
configure:2877: checking whether we are cross compiling
configure:2885: gcc -o conftest    conftest.c  >&5
configure:2889: $? = 0
configure:2896: ./conftest
configure:2900: $? = 0
configure:2915: result: no
configure:2920: checking for suffix of object files
configure:2942: gcc -c   conftest.c >&5
configure:2946: $? = 0
configure:2967: result: o
configure:2971: checking whether we are using the GNU C compiler
configure:2990: gcc -c   conftest.c >&5
configure:2990: $? = 0
configure:2999: result: yes
configure:3008: checking whether gcc accepts -g
configure:3028: gcc -c -g  conftest.c >&5
configure:3028: $? = 0
configure:3069: result: yes
configure:3086: checking for gcc option to accept ISO C89
configure:3150: gcc  -c -g -O2  conftest.c >&5
configure:3150: $? = 0
configure:3163: result: none needed
configure:3196: checking for gfortran
configure:3212: found /usr/bin/gfortran
configure:3223: result: gfortran
configure:3268: checking for ar
configure:3284: found /usr/bin/ar
configure:3296: result: ar
configure:3353: checking for ranlib
configure:3369: found /usr/bin/ranlib
configure:3380: result: ranlib
configure:3409: checking how to run the C preprocessor
configure:3440: gcc -E  conftest.c
configure:3440: $? = 0
configure:3454: gcc -E  conftest.c
conftest.c:9:28: error: ac_nonexistent.h: No such file or directory
configure:3454: $? = 1
configure: failed program was:
| /* confdefs.h */
| #define PACKAGE_NAME ""
| #define PACKAGE_TARNAME ""
| #define PACKAGE_VERSION ""
| #define PACKAGE_STRING ""
| #define PACKAGE_BUGREPORT ""
| #define PACKAGE_URL ""
| /* end confdefs.h.  */
| #include <ac_nonexistent.h>
configure:3479: result: gcc -E
configure:3499: gcc -E  conftest.c
configure:3499: $? = 0
configure:3513: gcc -E  conftest.c
conftest.c:9:28: error: ac_nonexistent.h: No such file or directory
configure:3513: $? = 1
configure: failed program was:
| /* confdefs.h */
| #define PACKAGE_NAME ""
| #define PACKAGE_TARNAME ""
| #define PACKAGE_VERSION ""
| #define PACKAGE_STRING ""
| #define PACKAGE_BUGREPORT ""
| #define PACKAGE_URL ""
| /* end confdefs.h.  */
| #include <ac_nonexistent.h>
configure:3542: checking for grep that handles long lines and -e
configure:3600: result: /bin/grep
configure:3605: checking for egrep
configure:3667: result: /bin/grep -E
configure:3672: checking for ANSI C header files
configure:3692: gcc -c -g -O2  conftest.c >&5
configure:3692: $? = 0
configure:3765: gcc -o conftest -g -O2   conftest.c  >&5
configure:3765: $? = 0
configure:3765: ./conftest
configure:3765: $? = 0
configure:3776: result: yes
configure:3789: checking for sys/types.h
configure:3789: gcc -c -g -O2  conftest.c >&5
configure:3789: $? = 0
configure:3789: result: yes
configure:3789: checking for sys/stat.h
configure:3789: gcc -c -g -O2  conftest.c >&5
configure:3789: $? = 0
configure:3789: result: yes
configure:3789: checking for stdlib.h
configure:3789: gcc -c -g -O2  conftest.c >&5
configure:3789: $? = 0
configure:3789: result: yes
configure:3789: checking for string.h
configure:3789: gcc -c -g -O2  conftest.c >&5
configure:3789: $? = 0
configure:3789: result: yes
configure:3789: checking for memory.h
configure:3789: gcc -c -g -O2  conftest.c >&5
configure:3789: $? = 0
configure:3789: result: yes
configure:3789: checking for strings.h
configure:3789: gcc -c -g -O2  conftest.c >&5
configure:3789: $? = 0
configure:3789: result: yes
configure:3789: checking for inttypes.h
configure:3789: gcc -c -g -O2  conftest.c >&5
configure:3789: $? = 0
configure:3789: result: yes
configure:3789: checking for stdint.h
configure:3789: gcc -c -g -O2  conftest.c >&5
configure:3789: $? = 0
configure:3789: result: yes
configure:3789: checking for unistd.h
configure:3789: gcc -c -g -O2  conftest.c >&5
configure:3789: $? = 0
configure:3789: result: yes
configure:3804: checking for stdlib.h
configure:3804: result: yes
configure:3804: checking for string.h
configure:3804: result: yes
configure:3804: checking math.h usability
configure:3804: gcc -c -g -O2  conftest.c >&5
configure:3804: $? = 0
configure:3804: result: yes
configure:3804: checking math.h presence
configure:3804: gcc -E  conftest.c
configure:3804: $? = 0
configure:3804: result: yes
configure:3804: checking for math.h
configure:3804: result: yes
configure:3804: checking limits.h usability
configure:3804: gcc -c -g -O2  conftest.c >&5
configure:3804: $? = 0
configure:3804: result: yes
configure:3804: checking limits.h presence
configure:3804: gcc -E  conftest.c
configure:3804: $? = 0
configure:3804: result: yes
configure:3804: checking for limits.h
configure:3804: result: yes
configure:3827: gcc -c -g -O2  conftest.c >&5
configure:3827: $? = 0
configure:3851: checking whether gcc accepts -msse2 -mssse3
configure:3870: gcc -c -g -O2 -msse2 -mssse3  conftest.c >&5
configure:3870: $? = 0
configure:3876: result: yes
configure:4176: checking "whether ftruncate works"
configure:4192: gcc -o conftest -g -O2 -Dg77Fortran -fPIC   conftest.c  >&5
configure:4192: $? = 0
configure:4196: result: "yes"
configure:4210: checking "whether long long is defined"
configure:4226: gcc -c -g -O2 -Dg77Fortran -fPIC  conftest.c >&5
configure:4226: $? = 0
configure:4230: result: "yes"
configure:4251: checking "whether system V style IPC services are supported"
configure:4272: gcc -o conftest -g -O2 -Dg77Fortran -fPIC   conftest.c  >&5
configure:4272: $? = 0
configure:4277: result: "yes"
configure:4293: checking "do we have flock_t defined in sys/fcntl.h"
configure:4309: gcc -c -g -O2 -Dg77Fortran -fPIC  conftest.c >&5
conftest.c: In function 'main':
conftest.c:34: error: 'flock_t' undeclared (first use in this function)
conftest.c:34: error: (Each undeclared identifier is reported only once
conftest.c:34: error: for each function it appears in.)
conftest.c:34: error: expected ';' before 'filler'
configure:4309: $? = 1
configure: failed program was:
| /* confdefs.h */
| #define PACKAGE_NAME ""
| #define PACKAGE_TARNAME ""
| #define PACKAGE_VERSION ""
| #define PACKAGE_STRING ""
| #define PACKAGE_BUGREPORT ""
| #define PACKAGE_URL ""
| #define STDC_HEADERS 1
| #define HAVE_SYS_TYPES_H 1
| #define HAVE_SYS_STAT_H 1
| #define HAVE_STDLIB_H 1
| #define HAVE_STRING_H 1
| #define HAVE_MEMORY_H 1
| #define HAVE_STRINGS_H 1
| #define HAVE_INTTYPES_H 1
| #define HAVE_STDINT_H 1
| #define HAVE_UNISTD_H 1
| #define HAVE_STDLIB_H 1
| #define HAVE_STRING_H 1
| #define HAVE_MATH_H 1
| #define HAVE_LIMITS_H 1
| #define _LARGEFILE_SOURCE 1
| #define _FILE_OFFSET_BITS 64
| #define HAVE_FTRUNCATE 1
| #define HAVE_LONGLONG 1
| #define HAVE_SHMEM_SERVICES 1
| /* end confdefs.h.  */
| #include <sys/fcntl.h>
| 
| int
| main ()
| {
| 
| flock_t filler;
| 
|   ;
|   return 0;
| }
configure:4317: result: "no"
configure:4323: checking "do we have flock_t defined in sys/flock.h"
configure:4339: gcc -c -g -O2 -Dg77Fortran -fPIC  conftest.c >&5
conftest.c:28:23: error: sys/flock.h: No such file or directory
conftest.c: In function 'main':
conftest.c:34: error: 'flock_t' undeclared (first use in this function)
conftest.c:34: error: (Each undeclared identifier is reported only once
conftest.c:34: error: for each function it appears in.)
conftest.c:34: error: expected ';' before 'filler'
configure:4339: $? = 1
configure: failed program was:
| /* confdefs.h */
| #define PACKAGE_NAME ""
| #define PACKAGE_TARNAME ""
| #define PACKAGE_VERSION ""
| #define PACKAGE_STRING ""
| #define PACKAGE_BUGREPORT ""
| #define PACKAGE_URL ""
| #define STDC_HEADERS 1
| #define HAVE_SYS_TYPES_H 1
| #define HAVE_SYS_STAT_H 1
| #define HAVE_STDLIB_H 1
| #define HAVE_STRING_H 1
| #define HAVE_MEMORY_H 1
| #define HAVE_STRINGS_H 1
| #define HAVE_INTTYPES_H 1
| #define HAVE_STDINT_H 1
| #define HAVE_UNISTD_H 1
| #define HAVE_STDLIB_H 1
| #define HAVE_STRING_H 1
| #define HAVE_MATH_H 1
| #define HAVE_LIMITS_H 1
| #define _LARGEFILE_SOURCE 1
| #define _FILE_OFFSET_BITS 64
| #define HAVE_FTRUNCATE 1
| #define HAVE_LONGLONG 1
| #define HAVE_SHMEM_SERVICES 1
| /* end confdefs.h.  */
| #include <sys/flock.h>
| 
| int
| main ()
| {
| 
|    flock_t filler;
| 
|   ;
|   return 0;
| }
configure:4347: result: "no"
configure:4358: checking "do we have union semun defined"
configure:4376: gcc -c -g -O2 -Dg77Fortran -fPIC  conftest.c >&5
conftest.c: In function 'main':
conftest.c:36: error: storage size of 'filler' isn't known
configure:4376: $? = 1
configure: failed program was:
| /* confdefs.h */
| #define PACKAGE_NAME ""
| #define PACKAGE_TARNAME ""
| #define PACKAGE_VERSION ""
| #define PACKAGE_STRING ""
| #define PACKAGE_BUGREPORT ""
| #define PACKAGE_URL ""
| #define STDC_HEADERS 1
| #define HAVE_SYS_TYPES_H 1
| #define HAVE_SYS_STAT_H 1
| #define HAVE_STDLIB_H 1
| #define HAVE_STRING_H 1
| #define HAVE_MEMORY_H 1
| #define HAVE_STRINGS_H 1
| #define HAVE_INTTYPES_H 1
| #define HAVE_STDINT_H 1
| #define HAVE_UNISTD_H 1
| #define HAVE_STDLIB_H 1
| #define HAVE_STRING_H 1
| #define HAVE_MATH_H 1
| #define HAVE_LIMITS_H 1
| #define _LARGEFILE_SOURCE 1
| #define _FILE_OFFSET_BITS 64
| #define HAVE_FTRUNCATE 1
| #define HAVE_LONGLONG 1
| #define HAVE_SHMEM_SERVICES 1
| /* end confdefs.h.  */
| #include <sys/ipc.h>
| #include <sys/shm.h>
| #include <sys/sem.h>
| 
| int
| main ()
| {
| 
| union semun filler;
| 
|   ;
|   return 0;
| }
configure:4384: result: "no"
configure:4392: checking for library containing gethostbyname
configure:4423: gcc -o conftest -g -O2 -Dg77Fortran -fPIC   conftest.c  >&5
configure:4423: $? = 0
configure:4440: result: none required
configure:4450: checking for library containing connect
configure:4481: gcc -o conftest -g -O2 -Dg77Fortran -fPIC   conftest.c  >&5
configure:4481: $? = 0
configure:4498: result: none required
configure:4522: checking for main in -lpthread
configure:4541: gcc -o conftest -g -O2 -Dg77Fortran -fPIC   conftest.c -lpthread   >&5
configure:4541: $? = 0
configure:4550: result: yes
configure:4718: creating ./config.status

## ---------------------- ##
## Running config.status. ##
## ---------------------- ##

This file was extended by config.status, which was
generated by GNU Autoconf 2.68.  Invocation command line was

  CONFIG_FILES    = 
  CONFIG_HEADERS  = 
  CONFIG_LINKS    = 
  CONFIG_COMMANDS = 
  $ ./config.status 

on krieger.ttu.edu

config.status:766: creating Makefile
configure:5887: creating ./config.status

## ---------------------- ##
## Running config.status. ##
## ---------------------- ##

This file was extended by config.status, which was
generated by GNU Autoconf 2.68.  Invocation command line was

  CONFIG_FILES    = 
  CONFIG_HEADERS  = 
  CONFIG_LINKS    = 
  CONFIG_COMMANDS = 
  $ ./config.status 

on krieger.ttu.edu

config.status:767: creating Makefile
config.status:767: creating cfitsio.pc
configure:6907: result: 
configure:6909: result:     Congratulations, Makefile update was successful.
configure:6911: result:     You may want to run "make" now.
configure:6913: result: 

## ---------------- ##
## Cache variables. ##
## ---------------- ##

ac_cv_build=x86_64-unknown-linux-gnu
ac_cv_c_compiler_gnu=yes
ac_cv_env_CC_set=
ac_cv_env_CC_value=
ac_cv_env_CFLAGS_set=
ac_cv_env_CFLAGS_value=
ac_cv_env_CPPFLAGS_set=
ac_cv_env_CPPFLAGS_value=
ac_cv_env_CPP_set=
ac_cv_env_CPP_value=
ac_cv_env_LDFLAGS_set=
ac_cv_env_LDFLAGS_value=
ac_cv_env_LIBS_set=
ac_cv_env_LIBS_value=
ac_cv_env_build_alias_set=
ac_cv_env_build_alias_value=
ac_cv_env_host_alias_set=
ac_cv_env_host_alias_value=
ac_cv_env_target_alias_set=
ac_cv_env_target_alias_value=
ac_cv_header_inttypes_h=yes
ac_cv_header_limits_h=yes
ac_cv_header_math_h=yes
ac_cv_header_memory_h=yes
ac_cv_header_stdc=yes
ac_cv_header_stdint_h=yes
ac_cv_header_stdlib_h=yes
ac_cv_header_string_h=yes
ac_cv_header_strings_h=yes
ac_cv_header_sys_stat_h=yes
ac_cv_header_sys_types_h=yes
ac_cv_header_unistd_h=yes
ac_cv_host=x86_64-unknown-linux-gnu
ac_cv_lib_pthread_main=yes
ac_cv_objext=o
ac_cv_path_EGREP='/bin/grep -E'
ac_cv_path_GREP=/bin/grep
ac_cv_prog_AR=ar
ac_cv_prog_CPP='gcc -E'
ac_cv_prog_FC=gfortran
ac_cv_prog_ac_ct_CC=gcc
ac_cv_prog_ac_ct_RANLIB=ranlib
ac_cv_prog_cc_c89=
ac_cv_prog_cc_g=yes
ac_cv_search_connect='none required'
ac_cv_search_gethostbyname='none required'
ac_cv_target=x86_64-unknown-linux-gnu

## ----------------- ##
## Output variables. ##
## ----------------- ##

AR='ar'
ARCH='linux'
ARCHIVE='ar rv'
CC='gcc'
CFITSIO_MAJOR='3'
CFITSIO_MINOR='36'
CFITSIO_SHLIB='libcfitsio${SHLIB_SUFFIX}.${CFITSIO_SONAME}.${CFITSIO_MAJOR}.${CFITSIO_MINOR}'
CFITSIO_SHLIB_SONAME='libcfitsio${SHLIB_SUFFIX}.${CFITSIO_SONAME}'
CFITSIO_SONAME='2'
CFLAGS='-g -O2 -Dg77Fortran -fPIC'
CPP='gcc -E'
CPPFLAGS=''
DEFS='-DPACKAGE_NAME=\"\" -DPACKAGE_TARNAME=\"\" -DPACKAGE_VERSION=\"\" -DPACKAGE_STRING=\"\" -DPACKAGE_BUGREPORT=\"\" -DPACKAGE_URL=\"\" -DSTDC_HEADERS=1 -DHAVE_SYS_TYPES_H=1 -DHAVE_SYS_STAT_H=1 -DHAVE_STDLIB_H=1 -DHAVE_STRING_H=1 -DHAVE_MEMORY_H=1 -DHAVE_STRINGS_H=1 -DHAVE_INTTYPES_H=1 -DHAVE_STDINT_H=1 -DHAVE_UNISTD_H=1 -DHAVE_STDLIB_H=1 -DHAVE_STRING_H=1 -DHAVE_MATH_H=1 -DHAVE_LIMITS_H=1 -D_LARGEFILE_SOURCE=1 -D_FILE_OFFSET_BITS=64 -DHAVE_FTRUNCATE=1 -DHAVE_LONGLONG=1 -DHAVE_SHMEM_SERVICES=1 -DHAVE_NET_SERVICES=1 -D_REENTRANT=1 -DHAVE_LIBPTHREAD=1'
ECHO_C=''
ECHO_N='-n'
ECHO_T=''
EGREP='/bin/grep -E'
EXEEXT=''
F77_WRAPPERS='${FITSIO_SRC}'
FC='gfortran'
GCCVERSION='4.4.7'
GREP='/bin/grep'
INSTALL_ROOT='${prefix}'
LDFLAGS=''
LIBOBJS=''
LIBPRE=''
LIBS='-lpthread '
LTLIBOBJS=''
OBJEXT='o'
PACKAGE_BUGREPORT=''
PACKAGE_NAME=''
PACKAGE_STRING=''
PACKAGE_TARNAME=''
PACKAGE_URL=''
PACKAGE_VERSION=''
PATH_SEPARATOR=':'
RANLIB='ranlib'
SHELL='/bin/sh'
SHLIB_LD='gcc -shared -Wl,-soname,libcfitsio${SHLIB_SUFFIX}.${CFITSIO_SONAME}'
SHLIB_SUFFIX='.so'
SSE_FLAGS='-msse2 -mssse3'
ac_ct_CC='gcc'
bindir='${exec_prefix}/bin'
build='x86_64-unknown-linux-gnu'
build_alias=''
build_cpu='x86_64'
build_os='linux-gnu'
build_vendor='unknown'
datadir='${datarootdir}'
datarootdir='${prefix}/share'
docdir='${datarootdir}/doc/${PACKAGE}'
dvidir='${docdir}'
exec_prefix='${prefix}'
host='x86_64-unknown-linux-gnu'
host_alias=''
host_cpu='x86_64'
host_os='linux-gnu'
host_vendor='unknown'
htmldir='${docdir}'
includedir='${prefix}/include'
infodir='${datarootdir}/info'
libdir='${exec_prefix}/lib'
libexecdir='${exec_prefix}/libexec'
localedir='${datarootdir}/locale'
localstatedir='${prefix}/var'
mandir='${datarootdir}/man'
my_shmem='${SOURCES_SHMEM}'
oldincludedir='/usr/include'
pdfdir='${docdir}'
prefix='/home/mmarcano/Documents/VIMOS/NGC6652/esorex'
program_transform_name='s,x,x,'
psdir='${docdir}'
sbindir='${exec_prefix}/sbin'
sharedstatedir='${prefix}/com'
sysconfdir='${prefix}/etc'
target='x86_64-unknown-linux-gnu'
target_alias=''
target_cpu='x86_64'
target_os='linux-gnu'
target_vendor='unknown'

## ----------- ##
## confdefs.h. ##
## ----------- ##

/* confdefs.h */
#define PACKAGE_NAME ""
#define PACKAGE_TARNAME ""
#define PACKAGE_VERSION ""
#define PACKAGE_STRING ""
#define PACKAGE_BUGREPORT ""
#define PACKAGE_URL ""
#define STDC_HEADERS 1
#define HAVE_SYS_TYPES_H 1
#define HAVE_SYS_STAT_H 1
#define HAVE_STDLIB_H 1
#define HAVE_STRING_H 1
#define HAVE_MEMORY_H 1
#define HAVE_STRINGS_H 1
#define HAVE_INTTYPES_H 1
#define HAVE_STDINT_H 1
#define HAVE_UNISTD_H 1
#define HAVE_STDLIB_H 1
#define HAVE_STRING_H 1
#define HAVE_MATH_H 1
#define HAVE_LIMITS_H 1
#define _LARGEFILE_SOURCE 1
#define _FILE_OFFSET_BITS 64
#define HAVE_FTRUNCATE 1
#define HAVE_LONGLONG 1
#define HAVE_SHMEM_SERVICES 1
#define HAVE_NET_SERVICES 1
#define _REENTRANT 1
#define HAVE_LIBPTHREAD 1

configure: exit 0
