
Start time     : 2018-09-20T19:30:28
Program name   : esorex
Severity level : [ INFO  ] 

19:30:28 [ INFO  ] : [tid=000] This is EsoRex, version 3.13.1
19:30:28 [ INFO  ] : [tid=000] using the libraries: CPL = 7.1, CFITSIO = 3.36, WCSLIB = 4.24, FFTW (normal precision) = 3.3.4-sse2, FFTW (single precision) = 3.3.4-sse2, CPL FLOP counting is unavailable, enable with -DCPL_ADD_FLOPS, OPENMP = 200805
19:30:28 [ INFO  ] : [tid=000] Invocation command line was: /home/mmarcano/Documents/VIMOS/NGC6652/esorex/bin/esorex --output-dir=/home/mmarcano/Documents/VIMOS/NGC6652/data/NGC6652B2/2003-06-22T03:35/RawESOdata/quadrant1 --log-dir=/home/mmarcano/Documents/VIMOS/NGC6652/data/NGC6652B2/2003-06-22T03:35/RawESOdata/quadrant1 vmifustandard /home/mmarcano/Documents/VIMOS/NGC6652/data/NGC6652B2/2003-06-22T03:35/RawESOdata/quadrant1/ifustandard.sof
19:30:28 [ INFO  ] vmifustandard: [tid=000] Loading input frames...
19:30:29 [ INFO  ] vmifustandard: [tid=000] Bias removal...
19:30:29 [ INFO  ] vmifustandard: [tid=000] Processing data from quadrant 1, HR_blue/Free, shutter ON...
19:30:29 [ INFO  ] vmifustandard: [tid=000] Processing data from quadrant 1...
19:30:29 [ INFO  ] vmifustandard: [tid=000] Processing spectra in pseudo-slit 2:
19:30:29 [ INFO  ] vmifustandard: [tid=000]   Load flat field tracing table...
19:30:29 [ INFO  ] vmifustandard: [tid=000]   Detect traceable spectra on standard star exposure...
19:30:29 [ INFO  ] vmifustandard: [tid=000]     8 spectra detected on standard star exposure.
19:30:29 [ INFO  ] vmifustandard: [tid=000]   Tracing detected spectra...
19:30:29 [ INFO  ] vmifustandard: [tid=000]   Identify traced spectra on standard star exposure...
19:30:29 [ INFO  ] vmifustandard: [tid=000]   Align flat field tracings to standard star exposure...
19:30:29 [ INFO  ] vmifustandard: [tid=000]   Simple extraction of standard star and sky spectra...
19:30:33 [ INFO  ] vmifustandard: [tid=000]   Align wavelength calibration to detected sky lines...
19:30:33 [ INFO  ] ifuAlignSkylines: [tid=000]   Applying median shift of -3.257161 px
19:30:33 [ INFO  ] ifuAlignSkylines: [tid=000]   NOT applying individual shifts
19:30:33 [ INFO  ] vmifustandard: [tid=000]     Alignment: -3.26 CCD pixels
19:30:33 [ INFO  ] vmifustandard: [tid=000]   Resample standard star spectra at constant wavelength step (0.54 Angstrom)
19:30:33 [ INFO  ] vmifustandard: [tid=000] Apply transmission correction to extracted spectra...
19:30:33 [ INFO  ] vmifustandard: [tid=000] Computing QC1 parameters...
19:30:33 [ INFO  ] createFitsTable: [tid=000] Table ifu_specphot_table.fits (SPH) created.
19:30:34 [ INFO  ] : [tid=000] Calculating product checksums
19:30:34 [ INFO  ] : [tid=000] Created product /home/mmarcano/Documents/VIMOS/NGC6652/data/NGC6652B2/2003-06-22T03:35/RawESOdata/quadrant1/ifu_science_sky.fits
19:30:34 [ INFO  ] : [tid=000] Created product /home/mmarcano/Documents/VIMOS/NGC6652/data/NGC6652B2/2003-06-22T03:35/RawESOdata/quadrant1/ifu_specphot_table.fits
19:30:34 [ INFO  ] : [tid=000] Created product /home/mmarcano/Documents/VIMOS/NGC6652/data/NGC6652B2/2003-06-22T03:35/RawESOdata/quadrant1/ifu_standard_extracted.fits
19:30:34 [ INFO  ] : [tid=000] Created product /home/mmarcano/Documents/VIMOS/NGC6652/data/NGC6652B2/2003-06-22T03:35/RawESOdata/quadrant1/ifu_standard_reduced.fits
19:30:34 [ INFO  ] : [tid=000] Created product /home/mmarcano/Documents/VIMOS/NGC6652/data/NGC6652B2/2003-06-22T03:35/RawESOdata/quadrant1/ifu_std_fov.fits
19:30:34 [ INFO  ] : [tid=000] 5 products created
19:30:34 [ INFO  ] : [tid=000] Recipe operation(s) took           5.42 seconds to complete.
19:30:34 [ INFO  ] : [tid=000] Size of single raw input frame  =    17.63 MB

19:30:34 [ INFO  ] : [tid=000] => processing rate of     3.26 MB/sec 

