
Start time     : 2018-09-20T19:30:34
Program name   : esorex
Severity level : [ INFO  ] 

19:30:34 [ INFO  ] : [tid=000] This is EsoRex, version 3.13.1
19:30:34 [ INFO  ] : [tid=000] using the libraries: CPL = 7.1, CFITSIO = 3.36, WCSLIB = 4.24, FFTW (normal precision) = 3.3.4-sse2, FFTW (single precision) = 3.3.4-sse2, CPL FLOP counting is unavailable, enable with -DCPL_ADD_FLOPS, OPENMP = 200805
19:30:34 [ INFO  ] : [tid=000] Invocation command line was: /home/mmarcano/Documents/VIMOS/NGC6652/esorex/bin/esorex --output-dir=/home/mmarcano/Documents/VIMOS/NGC6652/data/NGC6652B2/2003-06-22T03:35/RawESOdata/quadrant1 --log-dir=/home/mmarcano/Documents/VIMOS/NGC6652/data/NGC6652B2/2003-06-22T03:35/RawESOdata/quadrant1 vmifuscience --CalibrateFlux=true /home/mmarcano/Documents/VIMOS/NGC6652/data/NGC6652B2/2003-06-22T03:35/RawESOdata/quadrant1/ifuscience.sof
19:30:34 [ INFO  ] vmifuscience: [tid=000] Loading input frames...
19:30:34 [ INFO  ] vmifuscience: [tid=000] Bias removal...
19:30:34 [ INFO  ] vmifuscience: [tid=000] Processing data from quadrant 1, HR_blue/Free, shutter ON...
19:30:34 [ INFO  ] vmifuscience: [tid=000] Processing spectra in pseudo-slit 2:
19:30:34 [ INFO  ] vmifuscience: [tid=000]   Load flat field tracing table...
19:30:34 [ INFO  ] vmifuscience: [tid=000]   Detect traceable spectra on science...
19:30:34 [ INFO  ] vmifuscience: [tid=000]     Detection threshold: 70.000000, Detected spectra: 135
19:30:34 [ INFO  ] vmifuscience: [tid=000]     135 spectra detected on scientific exposure.
19:30:34 [ INFO  ] vmifuscience: [tid=000]   Tracing detected spectra...
19:30:34 [ INFO  ] vmifuscience: [tid=000]   Identify traced spectra on science exposure...
19:30:34 [ INFO  ] vmifuscience: [tid=000]   Flat tracings alignment: offset: -2.670952, slope: 0.000173
19:30:34 [ INFO  ] vmifuscience: [tid=000]   Align flat field tracings to science exposure...
19:30:34 [ INFO  ] vmifuscience: [tid=000]   Extraction of scientific spectra...
19:30:37 [ INFO  ] vmifuscience: [tid=000]   Align wavelength calibration to detected sky lines...
19:30:37 [ INFO  ] ifuAlignSkylines: [tid=000]   Applying median shift of -0.028540 px
19:30:37 [ INFO  ] ifuAlignSkylines: [tid=000]   NOT applying individual shifts
19:30:37 [ INFO  ] vmifuscience: [tid=000]     Alignment: -0.03 CCD pixels
19:30:37 [ INFO  ] vmifuscience: [tid=000]   Resample scientific spectra at constant wavelength step (0.54 Angstrom)
19:30:37 [ INFO  ] vmifuscience: [tid=000] Apply transmission correction to extracted spectra...
19:30:37 [ INFO  ] vmifuscience: [tid=000] Applying spectro-photometric calibration ...
19:30:37 [ INFO  ] VmSpApplyPhot: [tid=000] Mean airmass: 1.0779
19:30:37 [ INFO  ] : [tid=000] Calculating product checksums
19:30:37 [ INFO  ] : [tid=000] Created product /home/mmarcano/Documents/VIMOS/NGC6652/data/NGC6652B2/2003-06-22T03:35/RawESOdata/quadrant1/ifu_fov.fits
19:30:37 [ INFO  ] : [tid=000] Created product /home/mmarcano/Documents/VIMOS/NGC6652/data/NGC6652B2/2003-06-22T03:35/RawESOdata/quadrant1/ifu_science_flux_reduced.fits
19:30:37 [ INFO  ] : [tid=000] Created product /home/mmarcano/Documents/VIMOS/NGC6652/data/NGC6652B2/2003-06-22T03:35/RawESOdata/quadrant1/ifu_science_reduced.fits
19:30:37 [ INFO  ] : [tid=000] Created product /home/mmarcano/Documents/VIMOS/NGC6652/data/NGC6652B2/2003-06-22T03:35/RawESOdata/quadrant1/ifu_sky_ids.fits
19:30:37 [ INFO  ] : [tid=000] Created product /home/mmarcano/Documents/VIMOS/NGC6652/data/NGC6652B2/2003-06-22T03:35/RawESOdata/quadrant1/ifu_sky_trace.fits
19:30:37 [ INFO  ] : [tid=000] 5 products created
19:30:37 [ INFO  ] : [tid=000] Recipe operation(s) took           3.33 seconds to complete.
19:30:37 [ INFO  ] : [tid=000] Size of single raw input frame  =    17.63 MB

19:30:37 [ INFO  ] : [tid=000] => processing rate of     5.30 MB/sec 

