
Start time     : 2018-09-21T13:54:42
Program name   : esorex
Severity level : [ INFO  ] 

13:54:42 [ INFO  ] : [tid=000] This is EsoRex, version 3.13.1
13:54:42 [ INFO  ] : [tid=000] using the libraries: CPL = 7.1, CFITSIO = 3.36, WCSLIB = 4.24, FFTW (normal precision) = 3.3.4-sse2, FFTW (single precision) = 3.3.4-sse2, CPL FLOP counting is unavailable, enable with -DCPL_ADD_FLOPS, OPENMP = 200805
13:54:42 [ INFO  ] : [tid=000] Invocation command line was: /home/mmarcano/Documents/VIMOS/NGC6652/esorex/bin/esorex --output-dir=/home/mmarcano/Documents/VIMOS/NGC6652/data/NGC6652B2/2003-06-22T03:13/RawESOdata/quadrant3 --log-dir=/home/mmarcano/Documents/VIMOS/NGC6652/data/NGC6652B2/2003-06-22T03:13/RawESOdata/quadrant3 vmifustandard /home/mmarcano/Documents/VIMOS/NGC6652/data/NGC6652B2/2003-06-22T03:13/RawESOdata/quadrant3/ifustandard.sof
13:54:42 [ INFO  ] vmifustandard: [tid=000] Loading input frames...
13:54:42 [ INFO  ] vmifustandard: [tid=000] Bias removal...
13:54:42 [ INFO  ] vmifustandard: [tid=000] Processing data from quadrant 3, HR_orange/GG435, shutter ON...
13:54:42 [ INFO  ] vmifustandard: [tid=000] Processing data from quadrant 3...
13:54:42 [ INFO  ] vmifustandard: [tid=000] Processing spectra in pseudo-slit 2:
13:54:42 [ INFO  ] vmifustandard: [tid=000]   Load flat field tracing table...
13:54:42 [ INFO  ] vmifustandard: [tid=000]   Detect traceable spectra on standard star exposure...
13:54:42 [ INFO  ] vmifustandard: [tid=000]     11 spectra detected on standard star exposure.
13:54:42 [ INFO  ] vmifustandard: [tid=000]   Tracing detected spectra...
13:54:42 [ INFO  ] vmifustandard: [tid=000]   Identify traced spectra on standard star exposure...
13:54:42 [ INFO  ] vmifustandard: [tid=000]   Align flat field tracings to standard star exposure...
13:54:42 [ INFO  ] vmifustandard: [tid=000]   Simple extraction of standard star and sky spectra...
13:54:46 [ INFO  ] vmifustandard: [tid=000]   Align wavelength calibration to detected sky lines...
13:54:46 [ INFO  ] ifuAlignSkylines: [tid=000]   Applying median shift of -0.002891 px
13:54:46 [ INFO  ] ifuAlignSkylines: [tid=000]   NOT applying individual shifts
13:54:46 [ INFO  ] vmifustandard: [tid=000]     Alignment: -0.00 CCD pixels
13:54:46 [ INFO  ] vmifustandard: [tid=000]   Resample standard star spectra at constant wavelength step (0.62 Angstrom)
13:54:46 [ INFO  ] vmifustandard: [tid=000] Apply transmission correction to extracted spectra...
13:54:46 [ INFO  ] vmifustandard: [tid=000] Computing QC1 parameters...
13:54:46 [ INFO  ] createFitsTable: [tid=000] Table ifu_specphot_table.fits (SPH) created.
13:54:47 [ INFO  ] : [tid=000] Calculating product checksums
13:54:47 [ INFO  ] : [tid=000] Created product /home/mmarcano/Documents/VIMOS/NGC6652/data/NGC6652B2/2003-06-22T03:13/RawESOdata/quadrant3/ifu_science_sky.fits
13:54:47 [ INFO  ] : [tid=000] Created product /home/mmarcano/Documents/VIMOS/NGC6652/data/NGC6652B2/2003-06-22T03:13/RawESOdata/quadrant3/ifu_specphot_table.fits
13:54:47 [ INFO  ] : [tid=000] Created product /home/mmarcano/Documents/VIMOS/NGC6652/data/NGC6652B2/2003-06-22T03:13/RawESOdata/quadrant3/ifu_standard_extracted.fits
13:54:47 [ INFO  ] : [tid=000] Created product /home/mmarcano/Documents/VIMOS/NGC6652/data/NGC6652B2/2003-06-22T03:13/RawESOdata/quadrant3/ifu_standard_reduced.fits
13:54:47 [ INFO  ] : [tid=000] Created product /home/mmarcano/Documents/VIMOS/NGC6652/data/NGC6652B2/2003-06-22T03:13/RawESOdata/quadrant3/ifu_std_fov.fits
13:54:47 [ INFO  ] : [tid=000] 5 products created
13:54:47 [ INFO  ] : [tid=000] Recipe operation(s) took            4.8 seconds to complete.
13:54:47 [ INFO  ] : [tid=000] Size of single raw input frame  =    17.64 MB

13:54:47 [ INFO  ] : [tid=000] => processing rate of     3.67 MB/sec 

