
Start time     : 2018-10-12T16:01:33
Program name   : esorex
Severity level : [ INFO  ] 

16:01:33 [ INFO  ] : [tid=000] This is EsoRex, version 3.13.1
16:01:33 [ INFO  ] : [tid=000] using the libraries: CPL = 7.1, CFITSIO = 3.36, WCSLIB = 4.24, FFTW (normal precision) = 3.3.4-sse2, FFTW (single precision) = 3.3.4-sse2, CPL FLOP counting is unavailable, enable with -DCPL_ADD_FLOPS, OPENMP = 200805
16:01:33 [ INFO  ] : [tid=000] Invocation command line was: /home/mmarcano/Documents/VIMOS/NGC6652/esorex/bin/esorex --output-dir=/home/mmarcano/Documents/VIMOS/NGC6652/data/NGC6652A1/2003-06-02T03:08/RawESOdata/quadrant2 --log-dir=/home/mmarcano/Documents/VIMOS/NGC6652/data/NGC6652A1/2003-06-02T03:08/RawESOdata/quadrant2 vmifustandard /home/mmarcano/Documents/VIMOS/NGC6652/data/NGC6652A1/2003-06-02T03:08/RawESOdata/quadrant2/ifustandard.sof
16:01:33 [ INFO  ] vmifustandard: [tid=000] Loading input frames...
16:01:33 [ INFO  ] vmifustandard: [tid=000] Bias removal...
16:01:33 [ INFO  ] vmifustandard: [tid=000] Processing data from quadrant 2, HR_blue/Free, shutter ON...
16:01:33 [ INFO  ] vmifustandard: [tid=000] Processing data from quadrant 2...
16:01:33 [ INFO  ] vmifustandard: [tid=000] Processing spectra in pseudo-slit 2:
16:01:33 [ INFO  ] vmifustandard: [tid=000]   Load flat field tracing table...
16:01:34 [ INFO  ] vmifustandard: [tid=000]   Detect traceable spectra on standard star exposure...
16:01:34 [ INFO  ] vmifustandard: [tid=000]     32 spectra detected on standard star exposure.
16:01:34 [ INFO  ] vmifustandard: [tid=000]   Tracing detected spectra...
16:01:34 [ INFO  ] vmifustandard: [tid=000]   Identify traced spectra on standard star exposure...
16:01:34 [ INFO  ] vmifustandard: [tid=000]   Align flat field tracings to standard star exposure...
16:01:34 [ INFO  ] vmifustandard: [tid=000]   Simple extraction of standard star and sky spectra...
16:01:39 [ INFO  ] vmifustandard: [tid=000]   Align wavelength calibration to detected sky lines...
16:01:39 [ INFO  ] ifuAlignSkylines: [tid=000]   Applying median shift of -0.507819 px
16:01:39 [ INFO  ] ifuAlignSkylines: [tid=000]   NOT applying individual shifts
16:01:39 [ INFO  ] vmifustandard: [tid=000]     Alignment: -0.51 CCD pixels
16:01:39 [ INFO  ] vmifustandard: [tid=000]   Resample standard star spectra at constant wavelength step (0.54 Angstrom)
16:01:40 [ INFO  ] vmifustandard: [tid=000] Apply transmission correction to extracted spectra...
16:01:40 [ INFO  ] vmifustandard: [tid=000] Computing QC1 parameters...
16:01:40 [ INFO  ] createFitsTable: [tid=000] Table ifu_specphot_table.fits (SPH) created.
16:01:40 [ INFO  ] : [tid=000] Calculating product checksums
16:01:40 [ INFO  ] : [tid=000] Created product /home/mmarcano/Documents/VIMOS/NGC6652/data/NGC6652A1/2003-06-02T03:08/RawESOdata/quadrant2/ifu_science_sky.fits
16:01:40 [ INFO  ] : [tid=000] Created product /home/mmarcano/Documents/VIMOS/NGC6652/data/NGC6652A1/2003-06-02T03:08/RawESOdata/quadrant2/ifu_specphot_table.fits
16:01:40 [ INFO  ] : [tid=000] Created product /home/mmarcano/Documents/VIMOS/NGC6652/data/NGC6652A1/2003-06-02T03:08/RawESOdata/quadrant2/ifu_standard_extracted.fits
16:01:40 [ INFO  ] : [tid=000] Created product /home/mmarcano/Documents/VIMOS/NGC6652/data/NGC6652A1/2003-06-02T03:08/RawESOdata/quadrant2/ifu_standard_reduced.fits
16:01:40 [ INFO  ] : [tid=000] Created product /home/mmarcano/Documents/VIMOS/NGC6652/data/NGC6652A1/2003-06-02T03:08/RawESOdata/quadrant2/ifu_std_fov.fits
16:01:40 [ INFO  ] : [tid=000] 5 products created
16:01:40 [ INFO  ] : [tid=000] Recipe operation(s) took           7.06 seconds to complete.
16:01:40 [ INFO  ] : [tid=000] Size of single raw input frame  =    17.63 MB

16:01:40 [ INFO  ] : [tid=000] => processing rate of     2.50 MB/sec 

