This file contains any messages produced by compilers while
running configure, to aid debugging if configure makes a mistake.

It was created by VIMOS Instrument Pipeline configure 3.2.3, which was
generated by GNU Autoconf 2.69.  Invocation command line was

  $ /home/mmarcano/Documents/VIMOS/NGC6652/esorex/vimos-kit-3.2.3/vimos-3.2.3/configure --prefix=/home/mmarcano/Documents/VIMOS/NGC6652/esorex

## --------- ##
## Platform. ##
## --------- ##

hostname = krieger.ttu.edu
uname -m = x86_64
uname -r = 2.6.32-696.13.2.el6.x86_64
uname -s = Linux
uname -v = #1 SMP Thu Oct 5 17:13:40 CDT 2017

/usr/bin/uname -p = unknown
/bin/uname -X     = unknown

/bin/arch              = x86_64
/usr/bin/arch -k       = unknown
/usr/convex/getsysinfo = unknown
/usr/bin/hostinfo      = unknown
/bin/machine           = unknown
/usr/bin/oslevel       = unknown
/bin/universe          = unknown

PATH: /home/mmarcano/anaconda3/bin
PATH: /home/mmarcano/anaconda3/bin
PATH: /usr/local/snid-5.0/bin
PATH: /usr/local/sched/bin/
PATH: /usr/lib64/qt-3.3/bin
PATH: /usr/local/MATLAB/R2013a/bin/
PATH: /usr/local/karma/bin
PATH: /usr/local/casutools/bin
PATH: /usr/local/casa-release-4.5.2-el6/
PATH: /usr/local/astrometry/bin
PATH: /usr/local/bin
PATH: /bin
PATH: /usr/bin
PATH: /usr/local/sbin
PATH: /usr/sbin
PATH: /sbin
PATH: /home/mmarcano22/Documents/Computer/Montage/bin
PATH: /home/mmarcano22/.gem/ruby/2.3.0/bin
PATH: /home/mmarcano22/Documents/Computer/Montage/bin
PATH: /home/mmarcano22/.gem/ruby/2.3.0/bin


## ----------- ##
## Core tests. ##
## ----------- ##

configure:2643: checking build system type
configure:2657: result: x86_64-unknown-linux-gnu
configure:2677: checking host system type
configure:2690: result: x86_64-unknown-linux-gnu
configure:2710: checking target system type
configure:2723: result: x86_64-unknown-linux-gnu
configure:2766: checking for a BSD-compatible install
configure:2834: result: /usr/bin/install -c
configure:2845: checking whether build environment is sane
configure:2900: result: yes
configure:3051: checking for a thread-safe mkdir -p
configure:3090: result: /bin/mkdir -p
configure:3097: checking for gawk
configure:3113: found /bin/gawk
configure:3124: result: gawk
configure:3135: checking whether make sets $(MAKE)
configure:3157: result: yes
configure:3186: checking whether make supports nested variables
configure:3203: result: yes
configure:3333: checking whether to enable maintainer-specific portions of Makefiles
configure:3342: result: yes
configure:3485: checking for style of include used by make
configure:3513: result: GNU
configure:3584: checking for gcc
configure:3600: found /usr/bin/gcc
configure:3611: result: gcc
configure:3840: checking for C compiler version
configure:3849: gcc --version >&5
gcc (GCC) 4.4.7 20120313 (Red Hat 4.4.7-18)
Copyright (C) 2010 Free Software Foundation, Inc.
This is free software; see the source for copying conditions.  There is NO
warranty; not even for MERCHANTABILITY or FITNESS FOR A PARTICULAR PURPOSE.

configure:3860: $? = 0
configure:3849: gcc -v >&5
Using built-in specs.
Target: x86_64-redhat-linux
Configured with: ../configure --prefix=/usr --mandir=/usr/share/man --infodir=/usr/share/info --with-bugurl=http://bugzilla.redhat.com/bugzilla --enable-bootstrap --enable-shared --enable-threads=posix --enable-checking=release --with-system-zlib --enable-__cxa_atexit --disable-libunwind-exceptions --enable-gnu-unique-object --enable-languages=c,c++,objc,obj-c++,java,fortran,ada --enable-java-awt=gtk --disable-dssi --with-java-home=/usr/lib/jvm/java-1.5.0-gcj-1.5.0.0/jre --enable-libgcj-multifile --enable-java-maintainer-mode --with-ecj-jar=/usr/share/java/eclipse-ecj.jar --disable-libjava-multilib --with-ppl --with-cloog --with-tune=generic --with-arch_32=i686 --build=x86_64-redhat-linux
Thread model: posix
gcc version 4.4.7 20120313 (Red Hat 4.4.7-18) (GCC) 
configure:3860: $? = 0
configure:3849: gcc -V >&5
gcc: '-V' option must have argument
configure:3860: $? = 1
configure:3849: gcc -qversion >&5
gcc: unrecognized option '-qversion'
gcc: no input files
configure:3860: $? = 1
configure:3880: checking whether the C compiler works
configure:3902: gcc    conftest.c  >&5
configure:3906: $? = 0
configure:3954: result: yes
configure:3957: checking for C compiler default output file name
configure:3959: result: a.out
configure:3965: checking for suffix of executables
configure:3972: gcc -o conftest    conftest.c  >&5
configure:3976: $? = 0
configure:3998: result: 
configure:4020: checking whether we are cross compiling
configure:4028: gcc -o conftest    conftest.c  >&5
configure:4032: $? = 0
configure:4039: ./conftest
configure:4043: $? = 0
configure:4058: result: no
configure:4063: checking for suffix of object files
configure:4085: gcc -c   conftest.c >&5
configure:4089: $? = 0
configure:4110: result: o
configure:4114: checking whether we are using the GNU C compiler
configure:4133: gcc -c   conftest.c >&5
configure:4133: $? = 0
configure:4142: result: yes
configure:4151: checking whether gcc accepts -g
configure:4171: gcc -c -g  conftest.c >&5
configure:4171: $? = 0
configure:4212: result: yes
configure:4229: checking for gcc option to accept ISO C89
configure:4292: gcc  -c -g -O2  conftest.c >&5
configure:4292: $? = 0
configure:4305: result: none needed
configure:4330: checking whether gcc understands -c and -o together
configure:4352: gcc -c conftest.c -o conftest2.o
configure:4355: $? = 0
configure:4352: gcc -c conftest.c -o conftest2.o
configure:4355: $? = 0
configure:4367: result: yes
configure:4386: checking dependency style of gcc
configure:4497: result: gcc3
configure:4517: checking how to run the C preprocessor
configure:4548: gcc -E  conftest.c
configure:4548: $? = 0
configure:4562: gcc -E  conftest.c
conftest.c:17:28: error: ac_nonexistent.h: No such file or directory
configure:4562: $? = 1
configure: failed program was:
| /* confdefs.h */
| #define PACKAGE_NAME "VIMOS Instrument Pipeline"
| #define PACKAGE_TARNAME "vimos"
| #define PACKAGE_VERSION "3.2.3"
| #define PACKAGE_STRING "VIMOS Instrument Pipeline 3.2.3"
| #define PACKAGE_BUGREPORT "usd-help@eso.org"
| #define PACKAGE_URL ""
| #define PACKAGE "vimos"
| #define VERSION "3.2.3"
| #define VIMOS_MAJOR_VERSION 3
| #define VIMOS_MINOR_VERSION 2
| #define VIMOS_MICRO_VERSION 3
| #define VIMOS_INTERFACE_AGE 0
| #define VIMOS_BINARY_VERSION 30203
| #define VIMOS_BINARY_AGE 203
| /* end confdefs.h.  */
| #include <ac_nonexistent.h>
configure:4587: result: gcc -E
configure:4607: gcc -E  conftest.c
configure:4607: $? = 0
configure:4621: gcc -E  conftest.c
conftest.c:17:28: error: ac_nonexistent.h: No such file or directory
configure:4621: $? = 1
configure: failed program was:
| /* confdefs.h */
| #define PACKAGE_NAME "VIMOS Instrument Pipeline"
| #define PACKAGE_TARNAME "vimos"
| #define PACKAGE_VERSION "3.2.3"
| #define PACKAGE_STRING "VIMOS Instrument Pipeline 3.2.3"
| #define PACKAGE_BUGREPORT "usd-help@eso.org"
| #define PACKAGE_URL ""
| #define PACKAGE "vimos"
| #define VERSION "3.2.3"
| #define VIMOS_MAJOR_VERSION 3
| #define VIMOS_MINOR_VERSION 2
| #define VIMOS_MICRO_VERSION 3
| #define VIMOS_INTERFACE_AGE 0
| #define VIMOS_BINARY_VERSION 30203
| #define VIMOS_BINARY_AGE 203
| /* end confdefs.h.  */
| #include <ac_nonexistent.h>
configure:4697: checking for gcc
configure:4724: result: gcc
configure:4953: checking for C compiler version
configure:4962: gcc --version >&5
gcc (GCC) 4.4.7 20120313 (Red Hat 4.4.7-18)
Copyright (C) 2010 Free Software Foundation, Inc.
This is free software; see the source for copying conditions.  There is NO
warranty; not even for MERCHANTABILITY or FITNESS FOR A PARTICULAR PURPOSE.

configure:4973: $? = 0
configure:4962: gcc -v >&5
Using built-in specs.
Target: x86_64-redhat-linux
Configured with: ../configure --prefix=/usr --mandir=/usr/share/man --infodir=/usr/share/info --with-bugurl=http://bugzilla.redhat.com/bugzilla --enable-bootstrap --enable-shared --enable-threads=posix --enable-checking=release --with-system-zlib --enable-__cxa_atexit --disable-libunwind-exceptions --enable-gnu-unique-object --enable-languages=c,c++,objc,obj-c++,java,fortran,ada --enable-java-awt=gtk --disable-dssi --with-java-home=/usr/lib/jvm/java-1.5.0-gcj-1.5.0.0/jre --enable-libgcj-multifile --enable-java-maintainer-mode --with-ecj-jar=/usr/share/java/eclipse-ecj.jar --disable-libjava-multilib --with-ppl --with-cloog --with-tune=generic --with-arch_32=i686 --build=x86_64-redhat-linux
Thread model: posix
gcc version 4.4.7 20120313 (Red Hat 4.4.7-18) (GCC) 
configure:4973: $? = 0
configure:4962: gcc -V >&5
gcc: '-V' option must have argument
configure:4973: $? = 1
configure:4962: gcc -qversion >&5
gcc: unrecognized option '-qversion'
gcc: no input files
configure:4973: $? = 1
configure:4977: checking whether we are using the GNU C compiler
configure:5005: result: yes
configure:5014: checking whether gcc accepts -g
configure:5075: result: yes
configure:5092: checking for gcc option to accept ISO C89
configure:5168: result: none needed
configure:5193: checking whether gcc understands -c and -o together
configure:5230: result: yes
configure:5249: checking dependency style of gcc
configure:5360: result: gcc3
configure:5433: checking for g++
configure:5449: found /usr/bin/g++
configure:5460: result: g++
configure:5487: checking for C++ compiler version
configure:5496: g++ --version >&5
g++ (GCC) 4.4.7 20120313 (Red Hat 4.4.7-18)
Copyright (C) 2010 Free Software Foundation, Inc.
This is free software; see the source for copying conditions.  There is NO
warranty; not even for MERCHANTABILITY or FITNESS FOR A PARTICULAR PURPOSE.

configure:5507: $? = 0
configure:5496: g++ -v >&5
Using built-in specs.
Target: x86_64-redhat-linux
Configured with: ../configure --prefix=/usr --mandir=/usr/share/man --infodir=/usr/share/info --with-bugurl=http://bugzilla.redhat.com/bugzilla --enable-bootstrap --enable-shared --enable-threads=posix --enable-checking=release --with-system-zlib --enable-__cxa_atexit --disable-libunwind-exceptions --enable-gnu-unique-object --enable-languages=c,c++,objc,obj-c++,java,fortran,ada --enable-java-awt=gtk --disable-dssi --with-java-home=/usr/lib/jvm/java-1.5.0-gcj-1.5.0.0/jre --enable-libgcj-multifile --enable-java-maintainer-mode --with-ecj-jar=/usr/share/java/eclipse-ecj.jar --disable-libjava-multilib --with-ppl --with-cloog --with-tune=generic --with-arch_32=i686 --build=x86_64-redhat-linux
Thread model: posix
gcc version 4.4.7 20120313 (Red Hat 4.4.7-18) (GCC) 
configure:5507: $? = 0
configure:5496: g++ -V >&5
g++: '-V' option must have argument
configure:5507: $? = 1
configure:5496: g++ -qversion >&5
g++: unrecognized option '-qversion'
g++: no input files
configure:5507: $? = 1
configure:5511: checking whether we are using the GNU C++ compiler
configure:5530: g++ -c   conftest.cpp >&5
configure:5530: $? = 0
configure:5539: result: yes
configure:5548: checking whether g++ accepts -g
configure:5568: g++ -c -g  conftest.cpp >&5
configure:5568: $? = 0
configure:5609: result: yes
configure:5634: checking dependency style of g++
configure:5745: result: gcc3
configure:5761: checking whether ln -s works
configure:5765: result: yes
configure:5784: checking whether debugging code should be created
configure:5791: result: no
configure:6121: checking for grep that handles long lines and -e
configure:6179: result: /bin/grep
configure:6184: checking for egrep
configure:6246: result: /bin/grep -E
configure:6263: checking whether strict compiler options should be used
configure:6270: result: no
configure:6395: checking whether gcc supports -std=c99
configure:6430: result: yes
configure:6446: checking for doxygen
configure:6464: found /usr/bin/doxygen
configure:6476: result: /usr/bin/doxygen
configure:6488: checking for latex
configure:6506: found /usr/bin/latex
configure:6518: result: /usr/bin/latex
configure:6647: checking how to print strings
configure:6674: result: printf
configure:6695: checking for a sed that does not truncate output
configure:6759: result: /bin/sed
configure:6777: checking for fgrep
configure:6839: result: /bin/grep -F
configure:6874: checking for ld used by gcc
configure:6941: result: /usr/bin/ld
configure:6948: checking if the linker (/usr/bin/ld) is GNU ld
configure:6963: result: yes
configure:6975: checking for BSD- or MS-compatible name lister (nm)
configure:7029: result: /usr/bin/nm -B
configure:7159: checking the name lister (/usr/bin/nm -B) interface
configure:7166: gcc -c -g -O2 -std=c99  conftest.c >&5
configure:7169: /usr/bin/nm -B "conftest.o"
configure:7172: output
0000000000000000 B some_variable
configure:7179: result: BSD nm
configure:7183: checking the maximum length of command line arguments
configure:7314: result: 1966080
configure:7362: checking how to convert x86_64-unknown-linux-gnu file names to x86_64-unknown-linux-gnu format
configure:7402: result: func_convert_file_noop
configure:7409: checking how to convert x86_64-unknown-linux-gnu file names to toolchain format
configure:7429: result: func_convert_file_noop
configure:7436: checking for /usr/bin/ld option to reload object files
configure:7443: result: -r
configure:7517: checking for objdump
configure:7533: found /usr/bin/objdump
configure:7544: result: objdump
configure:7576: checking how to recognize dependent libraries
configure:7776: result: pass_all
configure:7861: checking for dlltool
configure:7891: result: no
configure:7921: checking how to associate runtime and link libraries
configure:7948: result: printf %s\n
configure:8009: checking for ar
configure:8025: found /usr/bin/ar
configure:8036: result: ar
configure:8073: checking for archiver @FILE support
configure:8090: gcc -c -g -O2 -std=c99  conftest.c >&5
configure:8090: $? = 0
configure:8093: ar cru libconftest.a @conftest.lst >&5
configure:8096: $? = 0
configure:8101: ar cru libconftest.a @conftest.lst >&5
ar: conftest.o: No such file or directory
configure:8104: $? = 1
configure:8116: result: @
configure:8174: checking for strip
configure:8190: found /usr/bin/strip
configure:8201: result: strip
configure:8273: checking for ranlib
configure:8289: found /usr/bin/ranlib
configure:8300: result: ranlib
configure:8402: checking command to parse /usr/bin/nm -B output from gcc object
configure:8555: gcc -c -g -O2 -std=c99  conftest.c >&5
configure:8558: $? = 0
configure:8562: /usr/bin/nm -B conftest.o \| sed -n -e 's/^.*[ ]\([ABCDGIRSTW][ABCDGIRSTW]*\)[ ][ ]*\([_A-Za-z][_A-Za-z0-9]*\)$/\1 \2 \2/p' | sed '/ __gnu_lto/d' \> conftest.nm
configure:8565: $? = 0
configure:8631: gcc -o conftest -g -O2 -std=c99   conftest.c conftstm.o >&5
configure:8634: $? = 0
configure:8672: result: ok
configure:8719: checking for sysroot
configure:8749: result: no
configure:8756: checking for a working dd
configure:8794: result: /bin/dd
configure:8798: checking how to truncate binary pipes
configure:8813: result: /bin/dd bs=4096 count=1
configure:8949: gcc -c -g -O2 -std=c99  conftest.c >&5
configure:8952: $? = 0
configure:9142: checking for mt
configure:9172: result: no
configure:9192: checking if : is a manifest tool
configure:9198: : '-?'
configure:9206: result: no
configure:9879: checking for ANSI C header files
configure:9899: gcc -c -g -O2 -std=c99  conftest.c >&5
configure:9899: $? = 0
configure:9972: gcc -o conftest -g -O2 -std=c99   conftest.c  >&5
configure:9972: $? = 0
configure:9972: ./conftest
configure:9972: $? = 0
configure:9983: result: yes
configure:9996: checking for sys/types.h
configure:9996: gcc -c -g -O2 -std=c99  conftest.c >&5
configure:9996: $? = 0
configure:9996: result: yes
configure:9996: checking for sys/stat.h
configure:9996: gcc -c -g -O2 -std=c99  conftest.c >&5
configure:9996: $? = 0
configure:9996: result: yes
configure:9996: checking for stdlib.h
configure:9996: gcc -c -g -O2 -std=c99  conftest.c >&5
configure:9996: $? = 0
configure:9996: result: yes
configure:9996: checking for string.h
configure:9996: gcc -c -g -O2 -std=c99  conftest.c >&5
configure:9996: $? = 0
configure:9996: result: yes
configure:9996: checking for memory.h
configure:9996: gcc -c -g -O2 -std=c99  conftest.c >&5
configure:9996: $? = 0
configure:9996: result: yes
configure:9996: checking for strings.h
configure:9996: gcc -c -g -O2 -std=c99  conftest.c >&5
configure:9996: $? = 0
configure:9996: result: yes
configure:9996: checking for inttypes.h
configure:9996: gcc -c -g -O2 -std=c99  conftest.c >&5
configure:9996: $? = 0
configure:9996: result: yes
configure:9996: checking for stdint.h
configure:9996: gcc -c -g -O2 -std=c99  conftest.c >&5
configure:9996: $? = 0
configure:9996: result: yes
configure:9996: checking for unistd.h
configure:9996: gcc -c -g -O2 -std=c99  conftest.c >&5
configure:9996: $? = 0
configure:9996: result: yes
configure:10010: checking for dlfcn.h
configure:10010: gcc -c -g -O2 -std=c99  conftest.c >&5
configure:10010: $? = 0
configure:10010: result: yes
configure:10217: checking for objdir
configure:10232: result: .libs
configure:10496: checking if gcc supports -fno-rtti -fno-exceptions
configure:10514: gcc -c -g -O2 -std=c99  -fno-rtti -fno-exceptions conftest.c >&5
cc1: warning: command line option "-fno-rtti" is valid for C++/ObjC++ but not for C
configure:10518: $? = 0
configure:10531: result: no
configure:10889: checking for gcc option to produce PIC
configure:10896: result: -fPIC -DPIC
configure:10904: checking if gcc PIC flag -fPIC -DPIC works
configure:10922: gcc -c -g -O2 -std=c99  -fPIC -DPIC -DPIC conftest.c >&5
configure:10926: $? = 0
configure:10939: result: yes
configure:10968: checking if gcc static flag -static works
configure:10996: result: no
configure:11011: checking if gcc supports -c -o file.o
configure:11032: gcc -c -g -O2 -std=c99  -o out/conftest2.o conftest.c >&5
configure:11036: $? = 0
configure:11058: result: yes
configure:11066: checking if gcc supports -c -o file.o
configure:11113: result: yes
configure:11146: checking whether the gcc linker (/usr/bin/ld -m elf_x86_64) supports shared libraries
configure:12405: result: yes
configure:12442: checking whether -lc should be explicitly linked in
configure:12450: gcc -c -g -O2 -std=c99  conftest.c >&5
configure:12453: $? = 0
configure:12468: gcc -shared  -fPIC -DPIC conftest.o  -v -Wl,-soname -Wl,conftest -o conftest 2\>\&1 \| /bin/grep  -lc  \>/dev/null 2\>\&1
configure:12471: $? = 0
configure:12485: result: no
configure:12645: checking dynamic linker characteristics
configure:13226: gcc -o conftest -g -O2 -std=c99   -Wl,-rpath -Wl,/foo conftest.c  >&5
configure:13226: $? = 0
configure:13466: result: GNU/Linux ld.so
configure:13588: checking how to hardcode library paths into programs
configure:13613: result: immediate
configure:14161: checking whether stripping libraries is possible
configure:14166: result: yes
configure:14201: checking if libtool supports shared libraries
configure:14203: result: yes
configure:14206: checking whether to build shared libraries
configure:14231: result: yes
configure:14234: checking whether to build static libraries
configure:14238: result: no
configure:14261: checking how to run the C++ preprocessor
configure:14288: g++ -E  conftest.cpp
configure:14288: $? = 0
configure:14302: g++ -E  conftest.cpp
conftest.cpp:29:28: error: ac_nonexistent.h: No such file or directory
configure:14302: $? = 1
configure: failed program was:
| /* confdefs.h */
| #define PACKAGE_NAME "VIMOS Instrument Pipeline"
| #define PACKAGE_TARNAME "vimos"
| #define PACKAGE_VERSION "3.2.3"
| #define PACKAGE_STRING "VIMOS Instrument Pipeline 3.2.3"
| #define PACKAGE_BUGREPORT "usd-help@eso.org"
| #define PACKAGE_URL ""
| #define PACKAGE "vimos"
| #define VERSION "3.2.3"
| #define VIMOS_MAJOR_VERSION 3
| #define VIMOS_MINOR_VERSION 2
| #define VIMOS_MICRO_VERSION 3
| #define VIMOS_INTERFACE_AGE 0
| #define VIMOS_BINARY_VERSION 30203
| #define VIMOS_BINARY_AGE 203
| #define STDC_HEADERS 1
| #define HAVE_SYS_TYPES_H 1
| #define HAVE_SYS_STAT_H 1
| #define HAVE_STDLIB_H 1
| #define HAVE_STRING_H 1
| #define HAVE_MEMORY_H 1
| #define HAVE_STRINGS_H 1
| #define HAVE_INTTYPES_H 1
| #define HAVE_STDINT_H 1
| #define HAVE_UNISTD_H 1
| #define HAVE_DLFCN_H 1
| #define LT_OBJDIR ".libs/"
| /* end confdefs.h.  */
| #include <ac_nonexistent.h>
configure:14327: result: g++ -E
configure:14347: g++ -E  conftest.cpp
configure:14347: $? = 0
configure:14361: g++ -E  conftest.cpp
conftest.cpp:29:28: error: ac_nonexistent.h: No such file or directory
configure:14361: $? = 1
configure: failed program was:
| /* confdefs.h */
| #define PACKAGE_NAME "VIMOS Instrument Pipeline"
| #define PACKAGE_TARNAME "vimos"
| #define PACKAGE_VERSION "3.2.3"
| #define PACKAGE_STRING "VIMOS Instrument Pipeline 3.2.3"
| #define PACKAGE_BUGREPORT "usd-help@eso.org"
| #define PACKAGE_URL ""
| #define PACKAGE "vimos"
| #define VERSION "3.2.3"
| #define VIMOS_MAJOR_VERSION 3
| #define VIMOS_MINOR_VERSION 2
| #define VIMOS_MICRO_VERSION 3
| #define VIMOS_INTERFACE_AGE 0
| #define VIMOS_BINARY_VERSION 30203
| #define VIMOS_BINARY_AGE 203
| #define STDC_HEADERS 1
| #define HAVE_SYS_TYPES_H 1
| #define HAVE_SYS_STAT_H 1
| #define HAVE_STDLIB_H 1
| #define HAVE_STRING_H 1
| #define HAVE_MEMORY_H 1
| #define HAVE_STRINGS_H 1
| #define HAVE_INTTYPES_H 1
| #define HAVE_STDINT_H 1
| #define HAVE_UNISTD_H 1
| #define HAVE_DLFCN_H 1
| #define LT_OBJDIR ".libs/"
| /* end confdefs.h.  */
| #include <ac_nonexistent.h>
configure:14523: checking for ld used by g++
configure:14590: result: /usr/bin/ld -m elf_x86_64
configure:14597: checking if the linker (/usr/bin/ld -m elf_x86_64) is GNU ld
configure:14612: result: yes
configure:14667: checking whether the g++ linker (/usr/bin/ld -m elf_x86_64) supports shared libraries
configure:15740: result: yes
configure:15776: g++ -c -g -O2  conftest.cpp >&5
configure:15779: $? = 0
configure:16260: checking for g++ option to produce PIC
configure:16267: result: -fPIC -DPIC
configure:16275: checking if g++ PIC flag -fPIC -DPIC works
configure:16293: g++ -c -g -O2  -fPIC -DPIC -DPIC conftest.cpp >&5
configure:16297: $? = 0
configure:16310: result: yes
configure:16333: checking if g++ static flag -static works
configure:16361: result: no
configure:16373: checking if g++ supports -c -o file.o
configure:16394: g++ -c -g -O2  -o out/conftest2.o conftest.cpp >&5
configure:16398: $? = 0
configure:16420: result: yes
configure:16425: checking if g++ supports -c -o file.o
configure:16472: result: yes
configure:16502: checking whether the g++ linker (/usr/bin/ld -m elf_x86_64) supports shared libraries
configure:16542: result: yes
configure:16683: checking dynamic linker characteristics
configure:17431: result: GNU/Linux ld.so
configure:17496: checking how to hardcode library paths into programs
configure:17521: result: immediate
configure:17585: checking for pow in -lm
configure:17610: gcc -o conftest -g -O2 -std=c99   conftest.c -lm   >&5
conftest.c:36: warning: conflicting types for built-in function 'pow'
configure:17610: $? = 0
configure:17619: result: yes
configure:17625: checking for socket in -lsocket
configure:17650: gcc -o conftest -g -O2 -std=c99   conftest.c -lsocket   -lm >&5
/usr/bin/ld: cannot find -lsocket
collect2: ld returned 1 exit status
configure:17650: $? = 1
configure: failed program was:
| /* confdefs.h */
| #define PACKAGE_NAME "VIMOS Instrument Pipeline"
| #define PACKAGE_TARNAME "vimos"
| #define PACKAGE_VERSION "3.2.3"
| #define PACKAGE_STRING "VIMOS Instrument Pipeline 3.2.3"
| #define PACKAGE_BUGREPORT "usd-help@eso.org"
| #define PACKAGE_URL ""
| #define PACKAGE "vimos"
| #define VERSION "3.2.3"
| #define VIMOS_MAJOR_VERSION 3
| #define VIMOS_MINOR_VERSION 2
| #define VIMOS_MICRO_VERSION 3
| #define VIMOS_INTERFACE_AGE 0
| #define VIMOS_BINARY_VERSION 30203
| #define VIMOS_BINARY_AGE 203
| #define STDC_HEADERS 1
| #define HAVE_SYS_TYPES_H 1
| #define HAVE_SYS_STAT_H 1
| #define HAVE_STDLIB_H 1
| #define HAVE_STRING_H 1
| #define HAVE_MEMORY_H 1
| #define HAVE_STRINGS_H 1
| #define HAVE_INTTYPES_H 1
| #define HAVE_STDINT_H 1
| #define HAVE_UNISTD_H 1
| #define HAVE_DLFCN_H 1
| #define LT_OBJDIR ".libs/"
| /* end confdefs.h.  */
| 
| /* Override any GCC internal prototype to avoid an error.
|    Use char because int might match the return type of a GCC
|    builtin and then its argument prototype would still apply.  */
| #ifdef __cplusplus
| extern "C"
| #endif
| char socket ();
| int
| main ()
| {
| return socket ();
|   ;
|   return 0;
| }
configure:17659: result: no
configure:17665: checking for inet_ntoa in -lnsl
configure:17690: gcc -o conftest -g -O2 -std=c99   conftest.c -lnsl   -lm >&5
configure:17690: $? = 0
configure:17699: result: yes
configure:17707: checking for ANSI C header files
configure:17811: result: yes
configure:17822: checking limits.h usability
configure:17822: gcc -c -g -O2 -std=c99  conftest.c >&5
configure:17822: $? = 0
configure:17822: result: yes
configure:17822: checking limits.h presence
configure:17822: gcc -E  conftest.c
configure:17822: $? = 0
configure:17822: result: yes
configure:17822: checking for limits.h
configure:17822: result: yes
configure:17822: checking for string.h
configure:17822: result: yes
configure:17834: checking for an ANSI C-conforming const
configure:17900: gcc -c -g -O2 -std=c99  conftest.c >&5
configure:17900: $? = 0
configure:17907: result: yes
configure:17915: checking for inline
configure:17931: gcc -c -g -O2 -std=c99  conftest.c >&5
configure:17931: $? = 0
configure:17939: result: inline
configure:17958: checking for size_t
configure:17958: gcc -c -g -O2 -std=c99  conftest.c >&5
configure:17958: $? = 0
configure:17958: gcc -c -g -O2 -std=c99  conftest.c >&5
conftest.c: In function 'main':
conftest.c:68: error: expected expression before ')' token
configure:17958: $? = 1
configure: failed program was:
| /* confdefs.h */
| #define PACKAGE_NAME "VIMOS Instrument Pipeline"
| #define PACKAGE_TARNAME "vimos"
| #define PACKAGE_VERSION "3.2.3"
| #define PACKAGE_STRING "VIMOS Instrument Pipeline 3.2.3"
| #define PACKAGE_BUGREPORT "usd-help@eso.org"
| #define PACKAGE_URL ""
| #define PACKAGE "vimos"
| #define VERSION "3.2.3"
| #define VIMOS_MAJOR_VERSION 3
| #define VIMOS_MINOR_VERSION 2
| #define VIMOS_MICRO_VERSION 3
| #define VIMOS_INTERFACE_AGE 0
| #define VIMOS_BINARY_VERSION 30203
| #define VIMOS_BINARY_AGE 203
| #define STDC_HEADERS 1
| #define HAVE_SYS_TYPES_H 1
| #define HAVE_SYS_STAT_H 1
| #define HAVE_STDLIB_H 1
| #define HAVE_STRING_H 1
| #define HAVE_MEMORY_H 1
| #define HAVE_STRINGS_H 1
| #define HAVE_INTTYPES_H 1
| #define HAVE_STDINT_H 1
| #define HAVE_UNISTD_H 1
| #define HAVE_DLFCN_H 1
| #define LT_OBJDIR ".libs/"
| #define STDC_HEADERS 1
| #define HAVE_LIMITS_H 1
| #define HAVE_STRING_H 1
| /* end confdefs.h.  */
| #include <stdio.h>
| #ifdef HAVE_SYS_TYPES_H
| # include <sys/types.h>
| #endif
| #ifdef HAVE_SYS_STAT_H
| # include <sys/stat.h>
| #endif
| #ifdef STDC_HEADERS
| # include <stdlib.h>
| # include <stddef.h>
| #else
| # ifdef HAVE_STDLIB_H
| #  include <stdlib.h>
| # endif
| #endif
| #ifdef HAVE_STRING_H
| # if !defined STDC_HEADERS && defined HAVE_MEMORY_H
| #  include <memory.h>
| # endif
| # include <string.h>
| #endif
| #ifdef HAVE_STRINGS_H
| # include <strings.h>
| #endif
| #ifdef HAVE_INTTYPES_H
| # include <inttypes.h>
| #endif
| #ifdef HAVE_STDINT_H
| # include <stdint.h>
| #endif
| #ifdef HAVE_UNISTD_H
| # include <unistd.h>
| #endif
| int
| main ()
| {
| if (sizeof ((size_t)))
| 	    return 0;
|   ;
|   return 0;
| }
configure:17958: result: yes
configure:17974: checking for floor
configure:17974: gcc -o conftest -g -O2 -std=c99   conftest.c  -lm -lnsl >&5
conftest.c:55: warning: conflicting types for built-in function 'floor'
configure:17974: $? = 0
configure:17974: result: yes
configure:17974: checking for pow
configure:17974: gcc -o conftest -g -O2 -std=c99   conftest.c  -lm -lnsl >&5
conftest.c:56: warning: conflicting types for built-in function 'pow'
configure:17974: $? = 0
configure:17974: result: yes
configure:17974: checking for sqrt
configure:17974: gcc -o conftest -g -O2 -std=c99   conftest.c  -lm -lnsl >&5
conftest.c:57: warning: conflicting types for built-in function 'sqrt'
configure:17974: $? = 0
configure:17974: result: yes
configure:17996: checking whether strdup is declared
configure:17996: gcc -c -g -O2 -std=c99  conftest.c >&5
conftest.c: In function 'main':
conftest.c:44: error: 'strdup' undeclared (first use in this function)
conftest.c:44: error: (Each undeclared identifier is reported only once
conftest.c:44: error: for each function it appears in.)
configure:17996: $? = 1
configure: failed program was:
| /* confdefs.h */
| #define PACKAGE_NAME "VIMOS Instrument Pipeline"
| #define PACKAGE_TARNAME "vimos"
| #define PACKAGE_VERSION "3.2.3"
| #define PACKAGE_STRING "VIMOS Instrument Pipeline 3.2.3"
| #define PACKAGE_BUGREPORT "usd-help@eso.org"
| #define PACKAGE_URL ""
| #define PACKAGE "vimos"
| #define VERSION "3.2.3"
| #define VIMOS_MAJOR_VERSION 3
| #define VIMOS_MINOR_VERSION 2
| #define VIMOS_MICRO_VERSION 3
| #define VIMOS_INTERFACE_AGE 0
| #define VIMOS_BINARY_VERSION 30203
| #define VIMOS_BINARY_AGE 203
| #define STDC_HEADERS 1
| #define HAVE_SYS_TYPES_H 1
| #define HAVE_SYS_STAT_H 1
| #define HAVE_STDLIB_H 1
| #define HAVE_STRING_H 1
| #define HAVE_MEMORY_H 1
| #define HAVE_STRINGS_H 1
| #define HAVE_INTTYPES_H 1
| #define HAVE_STDINT_H 1
| #define HAVE_UNISTD_H 1
| #define HAVE_DLFCN_H 1
| #define LT_OBJDIR ".libs/"
| #define STDC_HEADERS 1
| #define HAVE_LIMITS_H 1
| #define HAVE_STRING_H 1
| #define HAVE_FLOOR 1
| #define HAVE_POW 1
| #define HAVE_SQRT 1
| /* end confdefs.h.  */
| #include <string.h>
| 
| int
| main ()
| {
| #ifndef strdup
| #ifdef __cplusplus
|   (void) strdup;
| #else
|   (void) strdup;
| #endif
| #endif
| 
|   ;
|   return 0;
| }
configure:17996: result: no
configure:18009: checking for strdup
configure:18009: gcc -o conftest -g -O2 -std=c99 -pedantic-errors   conftest.c  -lm -lnsl >&5
configure:18009: $? = 0
configure:18009: result: yes
configure:18043: checking for special C compiler options needed for large files
configure:18088: result: no
configure:18094: checking for _FILE_OFFSET_BITS value needed for large files
configure:18119: gcc -c -g -O2 -std=c99  conftest.c >&5
configure:18119: $? = 0
configure:18151: result: no
configure:18243: checking whether gcc supports -pthread
configure:18278: result: yes
configure:18290: checking for pthread_create in -lpthread
configure:18315: gcc -o conftest -g -O2 -std=c99   conftest.c -lpthread   -lm -lnsl >&5
configure:18315: $? = 0
configure:18324: result: yes
configure:18333: checking pthread.h usability
configure:18333: gcc -c -g -O2 -std=c99  conftest.c >&5
configure:18333: $? = 0
configure:18333: result: yes
configure:18333: checking pthread.h presence
configure:18333: gcc -E  conftest.c
configure:18333: $? = 0
configure:18333: result: yes
configure:18333: checking for pthread.h
configure:18333: result: yes
configure:18454: checking for cfitsio
configure:18528: gcc -c -I/home/mmarcano/Documents/VIMOS/NGC6652/esorex/include/cfitsio -I/home/mmarcano/Documents/VIMOS/NGC6652/esorex/include  conftest.c >&5
configure:18528: $? = 0
configure:18554: gcc -o conftest -I/home/mmarcano/Documents/VIMOS/NGC6652/esorex/include/cfitsio -I/home/mmarcano/Documents/VIMOS/NGC6652/esorex/include  -L/home/mmarcano/Documents/VIMOS/NGC6652/esorex/lib64 -L/home/mmarcano/Documents/VIMOS/NGC6652/esorex/lib conftest.c -lcfitsio -lpthread -lm  >&5
configure:18554: $? = 0
configure:18597: result: yes
configure:18729: checking whether cfitsio provides fits_hdu_getoff()
configure:18749: gcc -c -I/home/mmarcano/Documents/VIMOS/NGC6652/esorex/include/cfitsio -I/home/mmarcano/Documents/VIMOS/NGC6652/esorex/include  conftest.c >&5
configure:18749: $? = 0
configure:18756: result: yes
configure:18759: checking whether cfitsio provides fits_get_hduaddrll()
configure:18779: gcc -c -I/home/mmarcano/Documents/VIMOS/NGC6652/esorex/include/cfitsio -I/home/mmarcano/Documents/VIMOS/NGC6652/esorex/include  conftest.c >&5
configure:18779: $? = 0
configure:18786: result: yes
configure:18804: checking whether cfitsio was compiled with thread support
configure:18838: gcc -o conftest -I/home/mmarcano/Documents/VIMOS/NGC6652/esorex/include/cfitsio -I/home/mmarcano/Documents/VIMOS/NGC6652/esorex/include  -L/home/mmarcano/Documents/VIMOS/NGC6652/esorex/lib64 -L/home/mmarcano/Documents/VIMOS/NGC6652/esorex/lib conftest.c -lcfitsio -lpthread -lm  >&5
configure:18838: $? = 0
configure:18846: result: yes
configure:18908: checking for pkg-config
configure:18924: found /usr/bin/pkg-config
configure:18935: result: pkg-config
configure:19000: checking for libcext
configure:19089: gcc -c -I/home/mmarcano/Documents/VIMOS/NGC6652/esorex/include/cext -I/home/mmarcano/Documents/VIMOS/NGC6652/esorex/include  conftest.c >&5
configure:19089: $? = 0
configure:19114: gcc -o conftest -I/home/mmarcano/Documents/VIMOS/NGC6652/esorex/include/cext -I/home/mmarcano/Documents/VIMOS/NGC6652/esorex/include  -L/home/mmarcano/Documents/VIMOS/NGC6652/esorex/lib64 -L/home/mmarcano/Documents/VIMOS/NGC6652/esorex/lib conftest.c -lcext -lpthread >&5
configure:19114: $? = 0
configure:19156: result: yes
configure:19224: checking for CPL
configure:19305: gcc -c -I/home/mmarcano/Documents/VIMOS/NGC6652/esorex/include/cpl -I/home/mmarcano/Documents/VIMOS/NGC6652/esorex/include  conftest.c >&5
configure:19305: $? = 0
configure:19330: gcc -o conftest -I/home/mmarcano/Documents/VIMOS/NGC6652/esorex/include/cpl -I/home/mmarcano/Documents/VIMOS/NGC6652/esorex/include  -L/home/mmarcano/Documents/VIMOS/NGC6652/esorex/lib64 -L/home/mmarcano/Documents/VIMOS/NGC6652/esorex/lib conftest.c -lcplcore >&5
configure:19330: $? = 0
configure:19372: result: yes
configure:19673: checking pkg-config is at least version 0.9.0
configure:19676: result: yes
configure:19686: checking for gsl
configure:19703: checking for GSL
configure:19710: $PKG_CONFIG --exists --print-errors "gsl"
configure:19713: $? = 0
configure:19727: $PKG_CONFIG --exists --print-errors "gsl"
configure:19730: $? = 0
configure:19770: result: yes
configure:19798: checking for GSL
configure:19871: gcc -o conftest -I/home/mmarcano/Documents/VIMOS/NGC6652/esorex/include  -L/home/mmarcano/Documents/VIMOS/NGC6652/esorex/lib -L/home/mmarcano/Documents/VIMOS/NGC6652/esorex/lib64 -L/home/mmarcano/Documents/VIMOS/NGC6652/esorex/lib32 conftest.c -lgsl -lgslcblas >&5
configure:19871: $? = 0
configure:19873: result: yes
configure:19918: checking HDRL in mosca/hdrl
configure:19934: result: ok
configure:20040: checking for extra includes
configure:20063: result: no
configure:20068: checking for extra libs
configure:20091: result: no
configure:20177: checking whether an online support should be enabled
configure:20184: result: no
configure:20216: checking if malloc debugging is wanted
configure:20234: result: no
configure:20254: checking whether getpwuid is declared
configure:20254: gcc -c -g -O2 -std=c99  conftest.c >&5
configure:20254: $? = 0
configure:20254: result: yes
configure:20267: checking for getpwuid
configure:20267: gcc -o conftest -g -O2 -std=c99 -pedantic-errors   conftest.c  -lm -lnsl >&5
configure:20267: $? = 0
configure:20267: result: yes
configure:20304: checking whether getuid is declared
configure:20304: gcc -c -g -O2 -std=c99  conftest.c >&5
configure:20304: $? = 0
configure:20304: result: yes
configure:20317: checking for getuid
configure:20317: gcc -o conftest -g -O2 -std=c99 -pedantic-errors   conftest.c  -lm -lnsl >&5
configure:20317: $? = 0
configure:20317: result: yes
configure:20490: checking that generated files are newer than configure
configure:20496: result: done
configure:20535: creating ./config.status

## ---------------------- ##
## Running config.status. ##
## ---------------------- ##

This file was extended by VIMOS Instrument Pipeline config.status 3.2.3, which was
generated by GNU Autoconf 2.69.  Invocation command line was

  CONFIG_FILES    = 
  CONFIG_HEADERS  = 
  CONFIG_LINKS    = 
  CONFIG_COMMANDS = 
  $ ./config.status 

on krieger.ttu.edu

config.status:1270: creating Makefile
config.status:1270: creating doxygen/Doxyfile
config.status:1270: creating mosca/Makefile
config.status:1270: creating mosca/libmosca/Makefile
config.status:1270: creating mosca/libmosca/tests/Makefile
config.status:1270: creating irplib/Makefile
config.status:1270: creating irplib/tests/Makefile
config.status:1270: creating config/Makefile
config.status:1270: creating external/Makefile
config.status:1270: creating vimos/Makefile
config.status:1270: creating recipes/Makefile
config.status:1270: creating tests/Makefile
config.status:1270: creating regtests/Makefile
config.status:1270: creating regtests/tests/Makefile
config.status:1270: creating reflex/Makefile
config.status:1270: creating reflex/vimos_ifu.xml
config.status:1270: creating reflex/vimos_mos.xml
config.status:1270: creating config.h
config.status:1499: executing depfiles commands
config.status:1499: executing libtool commands
configure:23025: === configuring in mosca/hdrl (/home/mmarcano/Documents/VIMOS/NGC6652/esorex/vimos-kit-3.2.3/vimos-3.2.3/mosca/hdrl)
configure:23088: running /bin/sh ./configure --disable-option-checking '--prefix=/home/mmarcano/Documents/VIMOS/NGC6652/esorex'  'CFITSIODIR=/home/mmarcano/Documents/VIMOS/NGC6652/esorex' 'PKG_CONFIG=/usr/bin/pkg-config' 'SEXBINPATH=/home/mmarcano/Documents/VIMOS/NGC6652/esorex/lib/vimos-3.2.3/bin' 'PSFEXBINPATH=/home/mmarcano/Documents/VIMOS/NGC6652/esorex/lib/vimos-3.2.3/bin' --cache-file=/dev/null --srcdir=.
configure:23025: === configuring in libpil (/home/mmarcano/Documents/VIMOS/NGC6652/esorex/vimos-kit-3.2.3/vimos-3.2.3/libpil)
configure:23088: running /bin/sh ./configure --disable-option-checking '--prefix=/home/mmarcano/Documents/VIMOS/NGC6652/esorex'  'CFITSIODIR=/home/mmarcano/Documents/VIMOS/NGC6652/esorex' 'PKG_CONFIG=/usr/bin/pkg-config' 'SEXBINPATH=/home/mmarcano/Documents/VIMOS/NGC6652/esorex/lib/vimos-3.2.3/bin' 'PSFEXBINPATH=/home/mmarcano/Documents/VIMOS/NGC6652/esorex/lib/vimos-3.2.3/bin' --cache-file=/dev/null --srcdir=.
configure:23025: === configuring in external/libwcs (/home/mmarcano/Documents/VIMOS/NGC6652/esorex/vimos-kit-3.2.3/vimos-3.2.3/external/libwcs)
configure:23088: running /bin/sh ./configure --disable-option-checking '--prefix=/home/mmarcano/Documents/VIMOS/NGC6652/esorex'  'CFITSIODIR=/home/mmarcano/Documents/VIMOS/NGC6652/esorex' 'PKG_CONFIG=/usr/bin/pkg-config' 'SEXBINPATH=/home/mmarcano/Documents/VIMOS/NGC6652/esorex/lib/vimos-3.2.3/bin' 'PSFEXBINPATH=/home/mmarcano/Documents/VIMOS/NGC6652/esorex/lib/vimos-3.2.3/bin' --cache-file=/dev/null --srcdir=.
configure:23025: === configuring in external/sextractor (/home/mmarcano/Documents/VIMOS/NGC6652/esorex/vimos-kit-3.2.3/vimos-3.2.3/external/sextractor)
configure:23088: running /bin/sh ./configure --disable-option-checking '--prefix=/home/mmarcano/Documents/VIMOS/NGC6652/esorex'  'CFITSIODIR=/home/mmarcano/Documents/VIMOS/NGC6652/esorex' 'PKG_CONFIG=/usr/bin/pkg-config' 'SEXBINPATH=/home/mmarcano/Documents/VIMOS/NGC6652/esorex/lib/vimos-3.2.3/bin' 'PSFEXBINPATH=/home/mmarcano/Documents/VIMOS/NGC6652/esorex/lib/vimos-3.2.3/bin' --cache-file=/dev/null --srcdir=.
configure:23025: === configuring in external/psfex (/home/mmarcano/Documents/VIMOS/NGC6652/esorex/vimos-kit-3.2.3/vimos-3.2.3/external/psfex)
configure:23088: running /bin/sh ./configure --disable-option-checking '--prefix=/home/mmarcano/Documents/VIMOS/NGC6652/esorex'  'CFITSIODIR=/home/mmarcano/Documents/VIMOS/NGC6652/esorex' 'PKG_CONFIG=/usr/bin/pkg-config' 'SEXBINPATH=/home/mmarcano/Documents/VIMOS/NGC6652/esorex/lib/vimos-3.2.3/bin' 'PSFEXBINPATH=/home/mmarcano/Documents/VIMOS/NGC6652/esorex/lib/vimos-3.2.3/bin' --cache-file=/dev/null --srcdir=.

## ---------------- ##
## Cache variables. ##
## ---------------- ##

ac_cv_build=x86_64-unknown-linux-gnu
ac_cv_c_compiler_gnu=yes
ac_cv_c_const=yes
ac_cv_c_inline=inline
ac_cv_cxx_compiler_gnu=yes
ac_cv_env_CCC_set=
ac_cv_env_CCC_value=
ac_cv_env_CC_set=
ac_cv_env_CC_value=
ac_cv_env_CFITSIODIR_set=set
ac_cv_env_CFITSIODIR_value=/home/mmarcano/Documents/VIMOS/NGC6652/esorex
ac_cv_env_CFLAGS_set=
ac_cv_env_CFLAGS_value=
ac_cv_env_CPPFLAGS_set=
ac_cv_env_CPPFLAGS_value=
ac_cv_env_CPP_set=
ac_cv_env_CPP_value=
ac_cv_env_CXXCPP_set=
ac_cv_env_CXXCPP_value=
ac_cv_env_CXXFLAGS_set=
ac_cv_env_CXXFLAGS_value=
ac_cv_env_CXX_set=
ac_cv_env_CXX_value=
ac_cv_env_DOXYGEN_set=
ac_cv_env_DOXYGEN_value=
ac_cv_env_GSL_CFLAGS_set=
ac_cv_env_GSL_CFLAGS_value=
ac_cv_env_GSL_LIBS_set=
ac_cv_env_GSL_LIBS_value=
ac_cv_env_LATEX_set=
ac_cv_env_LATEX_value=
ac_cv_env_LDFLAGS_set=
ac_cv_env_LDFLAGS_value=
ac_cv_env_LIBS_set=
ac_cv_env_LIBS_value=
ac_cv_env_LT_SYS_LIBRARY_PATH_set=
ac_cv_env_LT_SYS_LIBRARY_PATH_value=
ac_cv_env_PKGCONFIG_set=
ac_cv_env_PKGCONFIG_value=
ac_cv_env_PKG_CONFIG_LIBDIR_set=
ac_cv_env_PKG_CONFIG_LIBDIR_value=
ac_cv_env_PKG_CONFIG_PATH_set=
ac_cv_env_PKG_CONFIG_PATH_value=
ac_cv_env_PKG_CONFIG_set=set
ac_cv_env_PKG_CONFIG_value=/usr/bin/pkg-config
ac_cv_env_build_alias_set=
ac_cv_env_build_alias_value=
ac_cv_env_host_alias_set=
ac_cv_env_host_alias_value=
ac_cv_env_target_alias_set=
ac_cv_env_target_alias_value=
ac_cv_func_floor=yes
ac_cv_func_getpwuid=yes
ac_cv_func_getuid=yes
ac_cv_func_pow=yes
ac_cv_func_sqrt=yes
ac_cv_func_strdup=yes
ac_cv_have_decl_getpwuid=yes
ac_cv_have_decl_getuid=yes
ac_cv_have_decl_strdup=no
ac_cv_header_dlfcn_h=yes
ac_cv_header_inttypes_h=yes
ac_cv_header_limits_h=yes
ac_cv_header_memory_h=yes
ac_cv_header_pthread_h=yes
ac_cv_header_stdc=yes
ac_cv_header_stdint_h=yes
ac_cv_header_stdlib_h=yes
ac_cv_header_string_h=yes
ac_cv_header_strings_h=yes
ac_cv_header_sys_stat_h=yes
ac_cv_header_sys_types_h=yes
ac_cv_header_unistd_h=yes
ac_cv_host=x86_64-unknown-linux-gnu
ac_cv_lib_m_pow=yes
ac_cv_lib_nsl_inet_ntoa=yes
ac_cv_lib_pthread_pthread_create=yes
ac_cv_lib_socket_socket=no
ac_cv_objext=o
ac_cv_path_DOXYGEN=/usr/bin/doxygen
ac_cv_path_EGREP='/bin/grep -E'
ac_cv_path_FGREP='/bin/grep -F'
ac_cv_path_GREP=/bin/grep
ac_cv_path_LATEX=/usr/bin/latex
ac_cv_path_SED=/bin/sed
ac_cv_path_install='/usr/bin/install -c'
ac_cv_path_lt_DD=/bin/dd
ac_cv_path_mkdir=/bin/mkdir
ac_cv_prog_AWK=gawk
ac_cv_prog_CPP='gcc -E'
ac_cv_prog_CXXCPP='g++ -E'
ac_cv_prog_PKGCONFIG=pkg-config
ac_cv_prog_ac_ct_AR=ar
ac_cv_prog_ac_ct_CC=gcc
ac_cv_prog_ac_ct_CXX=g++
ac_cv_prog_ac_ct_OBJDUMP=objdump
ac_cv_prog_ac_ct_RANLIB=ranlib
ac_cv_prog_ac_ct_STRIP=strip
ac_cv_prog_cc_c89=
ac_cv_prog_cc_g=yes
ac_cv_prog_cxx_g=yes
ac_cv_prog_make_make_set=yes
ac_cv_sys_file_offset_bits=no
ac_cv_sys_largefile_CC=no
ac_cv_target=x86_64-unknown-linux-gnu
ac_cv_type_size_t=yes
am_cv_CC_dependencies_compiler_type=gcc3
am_cv_CXX_dependencies_compiler_type=gcc3
am_cv_make_support_nested_variables=yes
am_cv_prog_cc_c_o=yes
cpl_cv_cfitsio_is_thread_safe=yes
eso_cv_enable_debug=no
eso_cv_enable_strict=no
eso_cv_prog_cc_pthread=yes
eso_cv_prog_cc_std_c99=yes
eso_cv_threads_posix=yes
eso_cv_threads_posix_flags=yes
eso_cv_threads_posix_header=yes
eso_cv_threads_posix_lib=yes
eso_cv_with_extra_includes=NONE
eso_cv_with_extra_libs=NONE
lt_cv_ar_at_file=@
lt_cv_archive_cmds_need_lc=no
lt_cv_deplibs_check_method=pass_all
lt_cv_file_magic_cmd='$MAGIC_CMD'
lt_cv_file_magic_test_file=
lt_cv_ld_reload_flag=-r
lt_cv_nm_interface='BSD nm'
lt_cv_objdir=.libs
lt_cv_path_LD=/usr/bin/ld
lt_cv_path_LDCXX='/usr/bin/ld -m elf_x86_64'
lt_cv_path_NM='/usr/bin/nm -B'
lt_cv_path_mainfest_tool=no
lt_cv_prog_compiler_c_o=yes
lt_cv_prog_compiler_c_o_CXX=yes
lt_cv_prog_compiler_pic='-fPIC -DPIC'
lt_cv_prog_compiler_pic_CXX='-fPIC -DPIC'
lt_cv_prog_compiler_pic_works=yes
lt_cv_prog_compiler_pic_works_CXX=yes
lt_cv_prog_compiler_rtti_exceptions=no
lt_cv_prog_compiler_static_works=no
lt_cv_prog_compiler_static_works_CXX=no
lt_cv_prog_gnu_ld=yes
lt_cv_prog_gnu_ldcxx=yes
lt_cv_sharedlib_from_linklib_cmd='printf %s\n'
lt_cv_shlibpath_overrides_runpath=no
lt_cv_sys_global_symbol_pipe='sed -n -e '\''s/^.*[	 ]\([ABCDGIRSTW][ABCDGIRSTW]*\)[	 ][	 ]*\([_A-Za-z][_A-Za-z0-9]*\)$/\1 \2 \2/p'\'' | sed '\''/ __gnu_lto/d'\'''
lt_cv_sys_global_symbol_to_c_name_address='sed -n -e '\''s/^: \(.*\) .*$/  {"\1", (void *) 0},/p'\'' -e '\''s/^[ABCDGIRSTW][ABCDGIRSTW]* .* \(.*\)$/  {"\1", (void *) \&\1},/p'\'''
lt_cv_sys_global_symbol_to_c_name_address_lib_prefix='sed -n -e '\''s/^: \(.*\) .*$/  {"\1", (void *) 0},/p'\'' -e '\''s/^[ABCDGIRSTW][ABCDGIRSTW]* .* \(lib.*\)$/  {"\1", (void *) \&\1},/p'\'' -e '\''s/^[ABCDGIRSTW][ABCDGIRSTW]* .* \(.*\)$/  {"lib\1", (void *) \&\1},/p'\'''
lt_cv_sys_global_symbol_to_cdecl='sed -n -e '\''s/^T .* \(.*\)$/extern int \1();/p'\'' -e '\''s/^[ABCDGIRSTW][ABCDGIRSTW]* .* \(.*\)$/extern char \1;/p'\'''
lt_cv_sys_global_symbol_to_import=
lt_cv_sys_max_cmd_len=1966080
lt_cv_to_host_file_cmd=func_convert_file_noop
lt_cv_to_tool_file_cmd=func_convert_file_noop
lt_cv_truncate_bin='/bin/dd bs=4096 count=1'
pkg_cv_GSL_CFLAGS='-I/home/mmarcano/Documents/VIMOS/NGC6652/esorex/include  '
pkg_cv_GSL_LIBS='-L/home/mmarcano/Documents/VIMOS/NGC6652/esorex/lib -lgsl -lgslcblas -lm  '
vimos_cv_enable_online=no

## ----------------- ##
## Output variables. ##
## ----------------- ##

ACLOCAL='${SHELL} /home/mmarcano/Documents/VIMOS/NGC6652/esorex/vimos-kit-3.2.3/vimos-3.2.3/admin/missing aclocal-1.15'
AMDEPBACKSLASH='\'
AMDEP_FALSE='#'
AMDEP_TRUE=''
AMTAR='$${TAR-tar}'
AM_BACKSLASH='\'
AM_DEFAULT_V='$(AM_DEFAULT_VERBOSITY)'
AM_DEFAULT_VERBOSITY='1'
AM_V='$(V)'
AR='ar'
AUTOCONF='${SHELL} /home/mmarcano/Documents/VIMOS/NGC6652/esorex/vimos-kit-3.2.3/vimos-3.2.3/admin/missing autoconf'
AUTOHEADER='${SHELL} /home/mmarcano/Documents/VIMOS/NGC6652/esorex/vimos-kit-3.2.3/vimos-3.2.3/admin/missing autoheader'
AUTOMAKE='${SHELL} /home/mmarcano/Documents/VIMOS/NGC6652/esorex/vimos-kit-3.2.3/vimos-3.2.3/admin/missing automake-1.15'
AWK='gawk'
CC='gcc'
CCDEPMODE='depmode=gcc3'
CFITSIODIR='/home/mmarcano/Documents/VIMOS/NGC6652/esorex'
CFITSIO_CFLAGS='-I/home/mmarcano/Documents/VIMOS/NGC6652/esorex/include/cfitsio -I/home/mmarcano/Documents/VIMOS/NGC6652/esorex/include'
CFITSIO_INCLUDES='-I/home/mmarcano/Documents/VIMOS/NGC6652/esorex/include/cfitsio -I/home/mmarcano/Documents/VIMOS/NGC6652/esorex/include'
CFITSIO_LDFLAGS='-L/home/mmarcano/Documents/VIMOS/NGC6652/esorex/lib64 -L/home/mmarcano/Documents/VIMOS/NGC6652/esorex/lib'
CFLAGS='-g -O2 -std=c99'
CPL_CFLAGS='-I/home/mmarcano/Documents/VIMOS/NGC6652/esorex/include/cpl -I/home/mmarcano/Documents/VIMOS/NGC6652/esorex/include'
CPL_INCLUDES='-I/home/mmarcano/Documents/VIMOS/NGC6652/esorex/include/cpl -I/home/mmarcano/Documents/VIMOS/NGC6652/esorex/include'
CPL_LDFLAGS='-L/home/mmarcano/Documents/VIMOS/NGC6652/esorex/lib64 -L/home/mmarcano/Documents/VIMOS/NGC6652/esorex/lib'
CPP='gcc -E'
CPPFLAGS=''
CXX='g++'
CXXCPP='g++ -E'
CXXDEPMODE='depmode=gcc3'
CXXFLAGS='-g -O2'
CX_CFLAGS='-I/home/mmarcano/Documents/VIMOS/NGC6652/esorex/include/cext -I/home/mmarcano/Documents/VIMOS/NGC6652/esorex/include'
CX_INCLUDES='-I/home/mmarcano/Documents/VIMOS/NGC6652/esorex/include/cext -I/home/mmarcano/Documents/VIMOS/NGC6652/esorex/include'
CX_LDFLAGS='-L/home/mmarcano/Documents/VIMOS/NGC6652/esorex/lib64 -L/home/mmarcano/Documents/VIMOS/NGC6652/esorex/lib'
CYGPATH_W='echo'
DEFS='-DHAVE_CONFIG_H'
DEPDIR='.deps'
DLLTOOL='false'
DOXYGEN='/usr/bin/doxygen'
DSYMUTIL=''
DUMPBIN=''
ECHO_C=''
ECHO_N='-n'
ECHO_T=''
EGREP='/bin/grep -E'
ESO_DEBUG_FLAGS='-DNDEBUG'
EXEEXT=''
FGREP='/bin/grep -F'
GREP='/bin/grep'
GSL_CFLAGS='-I/home/mmarcano/Documents/VIMOS/NGC6652/esorex/include  '
GSL_INCLUDES='-I/home/mmarcano/Documents/VIMOS/NGC6652/esorex/include'
GSL_LDFLAGS='-L/home/mmarcano/Documents/VIMOS/NGC6652/esorex/lib -L/home/mmarcano/Documents/VIMOS/NGC6652/esorex/lib64 -L/home/mmarcano/Documents/VIMOS/NGC6652/esorex/lib32'
GSL_LIBS='-lgsl -lgslcblas'
HDRL_INCLUDES='-I$(top_srcdir)/mosca/hdrl'
HDRL_INTERNAL_CFLAGS=''
HDRL_LDFLAGS='-L$(top_builddir)/mosca/hdrl -L/home/mmarcano/Documents/VIMOS/NGC6652/esorex/lib -L/home/mmarcano/Documents/VIMOS/NGC6652/esorex/lib64 -L/home/mmarcano/Documents/VIMOS/NGC6652/esorex/lib32'
HDRL_LIBS='-lhdrl -lcplcore -lcpldrs -lcplui -lcpldfs -lcext -lm -lgsl -lgslcblas'
INSTALL_DATA='${INSTALL} -m 644'
INSTALL_PROGRAM='${INSTALL}'
INSTALL_SCRIPT='${INSTALL}'
INSTALL_STRIP_PROGRAM='$(install_sh) -c -s'
IRPLIB_INCLUDES='-I$(top_srcdir)/irplib'
LATEX='/usr/bin/latex'
LD='/usr/bin/ld -m elf_x86_64'
LDFLAGS=''
LIBCEXT='-lcext -lpthread'
LIBCFITSIO='-lcfitsio -lpthread -lm '
LIBCPLCORE='-lcplcore'
LIBCPLDFS='-lcpldfs'
LIBCPLDRS='-lcpldrs'
LIBCPLUI='-lcplui'
LIBHDRL='$(top_builddir)/mosca/hdrl/libhdrl.la'
LIBIRPLIB='$(top_builddir)/irplib/libirplib.la'
LIBMOSCA='$(top_builddir)/mosca/libmosca/libmosca.la'
LIBOBJS=''
LIBPIL='$(top_builddir)/libpil/pil/libpil.la'
LIBPIL_INCLUDES='-I$(top_srcdir)/libpil/pil -I$(top_srcdir)/libpil/kazlib'
LIBPIL_LDFLAGS='-L$(top_builddir)/libpil/pil -L$(top_builddir)/libpil/kazlib'
LIBPTHREAD='-lpthread'
LIBS=' -lm -lnsl'
LIBTOOL='$(SHELL) $(top_builddir)/libtool'
LIBTOOL_DEPS='admin/ltmain.sh'
LIBVIMOS='$(top_builddir)/vimos/libvimos.la'
LIBVIMOSWCS='$(top_builddir)/external/libwcs/libvimoswcs.la'
LIBVIMOSWCS_INCLUDES='-I$(top_srcdir)/external/libwcs'
LIBVIMOSWCS_LDFLAGS='-L$(top_builddir)/external/libwcs'
LIPO=''
LN_S='ln -s'
LTLIBOBJS=''
LT_AGE='0'
LT_CURRENT='0'
LT_REVISION='0'
LT_SYS_LIBRARY_PATH=''
MAINT=''
MAINTAINER_MODE_FALSE='#'
MAINTAINER_MODE_TRUE=''
MAKEINFO='${SHELL} /home/mmarcano/Documents/VIMOS/NGC6652/esorex/vimos-kit-3.2.3/vimos-3.2.3/admin/missing makeinfo'
MANIFEST_TOOL=':'
MKDIR_P='/bin/mkdir -p'
MOSCA_INCLUDES='-I$(top_srcdir)/mosca/libmosca'
NM='/usr/bin/nm -B'
NMEDIT=''
OBJDUMP='objdump'
OBJEXT='o'
ONLINE_MODE_FALSE=''
ONLINE_MODE_TRUE='#'
OTOOL64=''
OTOOL=''
PACKAGE='vimos'
PACKAGE_BUGREPORT='usd-help@eso.org'
PACKAGE_NAME='VIMOS Instrument Pipeline'
PACKAGE_STRING='VIMOS Instrument Pipeline 3.2.3'
PACKAGE_TARNAME='vimos'
PACKAGE_URL=''
PACKAGE_VERSION='3.2.3'
PATH_SEPARATOR=':'
PKGCONFIG='pkg-config'
PKG_CONFIG='/usr/bin/pkg-config'
PKG_CONFIG_LIBDIR=''
PKG_CONFIG_PATH='/lib/pkgconfig:/lib64/pkgconfig:/home/mmarcano/Documents/VIMOS/NGC6652/esorex/lib/pkgconfig/:/home/mmarcano/Documents/VIMOS/NGC6652/esorex/lib64/pkgconfig/:'
PSFEXDIR=''
PSFEX_CONFIG=''
PTHREAD_CFLAGS='-pthread'
RANLIB='ranlib'
SED='/bin/sed'
SET_MAKE=''
SHELL='/bin/sh'
STRIP='strip'
VERSION='3.2.3'
VIMOS_BINARY_AGE='203'
VIMOS_BINARY_VERSION='30203'
VIMOS_INCLUDES='-I$(top_srcdir)/vimos'
VIMOS_INTERFACE_AGE='0'
VIMOS_LDFLAGS='-L$(top_builddir)/vimos'
VIMOS_MAJOR_VERSION='3'
VIMOS_MICRO_VERSION='3'
VIMOS_MINOR_VERSION='2'
VIMOS_VERSION='3.2.3'
ac_ct_AR='ar'
ac_ct_CC='gcc'
ac_ct_CXX='g++'
ac_ct_DUMPBIN=''
all_includes='$(VIMOS_INCLUDES) $(MOSCA_INCLUDES) $(LIBPIL_INCLUDES) $(LIBVIMOSWCS_INCLUDES) $(CFITSIO_INCLUDES) $(IRPLIB_INCLUDES) $(CPL_INCLUDES) $(CX_INCLUDES) $(EXTRA_INCLUDES)'
all_ldflags='$(VIMOS_LDFLAGS) $(LIBPIL_LDFLAGS) $(LIBVIMOSWCS_LDFLAGS) $(CFITSIO_LDFLAGS) $(CPL_LDFLAGS) $(CX_LDFLAGS) $(EXTRA_LDFLAGS)'
am__EXEEXT_FALSE=''
am__EXEEXT_TRUE='#'
am__fastdepCC_FALSE='#'
am__fastdepCC_TRUE=''
am__fastdepCXX_FALSE='#'
am__fastdepCXX_TRUE=''
am__include='include'
am__isrc=''
am__leading_dot='.'
am__nodep='_no'
am__quote=''
am__tar='$${TAR-tar} chof - "$$tardir"'
am__untar='$${TAR-tar} xf -'
apidocdir='${pipedocsdir}/html'
bindir='${exec_prefix}/bin'
build='x86_64-unknown-linux-gnu'
build_alias=''
build_cpu='x86_64'
build_os='linux-gnu'
build_vendor='unknown'
configdir='${prefix}/share/esopipes/${PACKAGE}-${VERSION}/config'
datadir='${datarootdir}'
datarootdir='${prefix}/share'
docdir='${datarootdir}/doc/${PACKAGE_TARNAME}'
dvidir='${docdir}'
exec_prefix='${prefix}'
host='x86_64-unknown-linux-gnu'
host_alias=''
host_cpu='x86_64'
host_os='linux-gnu'
host_vendor='unknown'
htmldir='${pipedocsdir}/html'
includedir='${prefix}/include'
infodir='${datarootdir}/info'
install_sh='${SHELL} /home/mmarcano/Documents/VIMOS/NGC6652/esorex/vimos-kit-3.2.3/vimos-3.2.3/admin/install-sh'
libdir='${exec_prefix}/lib'
libexecdir='${exec_prefix}/libexec'
localedir='${datarootdir}/locale'
localstatedir='${prefix}/var'
mandir='${datarootdir}/man'
mkdir_p='$(MKDIR_P)'
oldincludedir='/usr/include'
pdfdir='${docdir}'
pipedocsdir='${datadir}/doc/esopipes/${PACKAGE}-${VERSION}/'
plugindir='${libdir}/esopipes-plugins/${PACKAGE}-${VERSION}'
prefix='/home/mmarcano/Documents/VIMOS/NGC6652/esorex'
privatelibdir='${libdir}/${PACKAGE}-${VERSION}'
program_transform_name='s,x,x,'
psdir='${docdir}'
sbindir='${exec_prefix}/sbin'
sext_bindir='/home/mmarcano/Documents/VIMOS/NGC6652/esorex/lib/vimos-3.2.3/bin'
sharedstatedir='${prefix}/com'
subdirs=' mosca/hdrl libpil external/libwcs external/sextractor external/psfex'
sysconfdir='${prefix}/etc'
target='x86_64-unknown-linux-gnu'
target_alias=''
target_cpu='x86_64'
target_os='linux-gnu'
target_vendor='unknown'
wkfcopydir='${datadir}/reflex/workflows/${PACKAGE}-${VERSION}'
wkfextradir='${datadir}/esopipes/${PACKAGE}-${VERSION}/reflex'

## ----------- ##
## confdefs.h. ##
## ----------- ##

/* confdefs.h */
#define PACKAGE_NAME "VIMOS Instrument Pipeline"
#define PACKAGE_TARNAME "vimos"
#define PACKAGE_VERSION "3.2.3"
#define PACKAGE_STRING "VIMOS Instrument Pipeline 3.2.3"
#define PACKAGE_BUGREPORT "usd-help@eso.org"
#define PACKAGE_URL ""
#define PACKAGE "vimos"
#define VERSION "3.2.3"
#define VIMOS_MAJOR_VERSION 3
#define VIMOS_MINOR_VERSION 2
#define VIMOS_MICRO_VERSION 3
#define VIMOS_INTERFACE_AGE 0
#define VIMOS_BINARY_VERSION 30203
#define VIMOS_BINARY_AGE 203
#define STDC_HEADERS 1
#define HAVE_SYS_TYPES_H 1
#define HAVE_SYS_STAT_H 1
#define HAVE_STDLIB_H 1
#define HAVE_STRING_H 1
#define HAVE_MEMORY_H 1
#define HAVE_STRINGS_H 1
#define HAVE_INTTYPES_H 1
#define HAVE_STDINT_H 1
#define HAVE_UNISTD_H 1
#define HAVE_DLFCN_H 1
#define LT_OBJDIR ".libs/"
#define STDC_HEADERS 1
#define HAVE_LIMITS_H 1
#define HAVE_STRING_H 1
#define HAVE_FLOOR 1
#define HAVE_POW 1
#define HAVE_SQRT 1
#define HAVE_PTHREAD_H 1
#define HAVE_FITS_GET_HDUOFF 1
#define HAVE_LIBGSL 1
#define HAVE_GSL 1
#define HAVE_GSL 1
#define HAVE_LIBGSL 1
#define VIMOS_PLUGIN_DIR "esopipes-plugins"
#define VIMOS_PLUGIN_PATH "NONE/lib/esopipes-plugins"
#define VIMOS_SEXTRACTOR_PATH "/home/mmarcano/Documents/VIMOS/NGC6652/esorex/lib/vimos-3.2.3/bin"
#define VIMOS_SEXTRACTOR_CONFIG "/home/mmarcano/Documents/VIMOS/NGC6652/esorex/share/esopipes/vimos-3.2.3/config"
#define HAVE_GETPWUID 1
#define HAVE_GETUID 1

configure: exit 0
