
Start time     : 2018-09-05T16:42:59
Program name   : esorex
Severity level : [ INFO  ] 

16:42:59 [ INFO  ] : [tid=000] This is EsoRex, version 3.13.1
16:42:59 [ INFO  ] : [tid=000] using the libraries: CPL = 7.1, CFITSIO = 3.37, WCSLIB = 4.25.1, FFTW (normal precision) = 3.3.3, FFTW (single precision) = 3.3.3, CPL FLOP counting is unavailable, enable with -DCPL_ADD_FLOPS, OPENMP = 201107
16:42:59 [ INFO  ] : [tid=000] Invocation command line was: /bin/esorex --output-dir=/home/mmarcano/Documents/VIMOS/NGC6652/data/NGC6652B5/2003-06-24T05:47:09/RawESOdata/quadrant2 --log-dir=/home/mmarcano/Documents/VIMOS/NGC6652/data/NGC6652B5/2003-06-24T05:47:09/RawESOdata/quadrant2 vmifuscience --CalibrateFlux=true /home/mmarcano/Documents/VIMOS/NGC6652/data/NGC6652B5/2003-06-24T05:47:09/RawESOdata/quadrant2/ifuscience.sof
16:42:59 [ INFO  ] vmifuscience: [tid=000] Loading input frames...
16:43:00 [ INFO  ] vmifuscience: [tid=000] Bias removal...
16:43:00 [ INFO  ] vmifuscience: [tid=000] Processing data from quadrant 2, HR_blue/Free, shutter ON...
16:43:00 [ INFO  ] vmifuscience: [tid=000] Processing spectra in pseudo-slit 2:
16:43:00 [ INFO  ] vmifuscience: [tid=000]   Load flat field tracing table...
16:43:00 [ INFO  ] vmifuscience: [tid=000]   Detect traceable spectra on science...
16:43:00 [ INFO  ] vmifuscience: [tid=000]     Detection threshold: 70.000000, Detected spectra: 73
16:43:00 [ INFO  ] vmifuscience: [tid=000]     73 spectra detected on scientific exposure.
16:43:00 [ INFO  ] vmifuscience: [tid=000]   Tracing detected spectra...
16:43:00 [ INFO  ] vmifuscience: [tid=000]   Identify traced spectra on science exposure...
16:43:00 [ INFO  ] vmifuscience: [tid=000]   Flat tracings alignment: offset: 2.728105, slope: -0.000615
16:43:00 [ INFO  ] vmifuscience: [tid=000]   Align flat field tracings to science exposure...
16:43:00 [ INFO  ] vmifuscience: [tid=000]   Extraction of scientific spectra...
16:43:02 [ INFO  ] vmifuscience: [tid=000]   Align wavelength calibration to detected sky lines...
16:43:02 [ INFO  ] ifuAlignSkylines: [tid=000]   Applying median shift of 0.298845 px
16:43:02 [ INFO  ] ifuAlignSkylines: [tid=000]   NOT applying individual shifts
16:43:02 [ INFO  ] vmifuscience: [tid=000]     Alignment: 0.30 CCD pixels
16:43:02 [ INFO  ] vmifuscience: [tid=000]   Resample scientific spectra at constant wavelength step (0.54 Angstrom)
16:43:02 [ INFO  ] vmifuscience: [tid=000] Apply transmission correction to extracted spectra...
16:43:02 [ INFO  ] vmifuscience: [tid=000] Applying spectro-photometric calibration ...
16:43:02 [ INFO  ] VmSpApplyPhot: [tid=000] Mean airmass: 1.0277
16:43:03 [ INFO  ] : [tid=000] Calculating product checksums
16:43:03 [ INFO  ] : [tid=000] Created product /home/mmarcano/Documents/VIMOS/NGC6652/data/NGC6652B5/2003-06-24T05:47:09/RawESOdata/quadrant2/ifu_fov.fits
16:43:03 [ INFO  ] : [tid=000] Created product /home/mmarcano/Documents/VIMOS/NGC6652/data/NGC6652B5/2003-06-24T05:47:09/RawESOdata/quadrant2/ifu_science_flux_reduced.fits
16:43:03 [ INFO  ] : [tid=000] Created product /home/mmarcano/Documents/VIMOS/NGC6652/data/NGC6652B5/2003-06-24T05:47:09/RawESOdata/quadrant2/ifu_science_reduced.fits
16:43:03 [ INFO  ] : [tid=000] Created product /home/mmarcano/Documents/VIMOS/NGC6652/data/NGC6652B5/2003-06-24T05:47:09/RawESOdata/quadrant2/ifu_sky_ids.fits
16:43:03 [ INFO  ] : [tid=000] Created product /home/mmarcano/Documents/VIMOS/NGC6652/data/NGC6652B5/2003-06-24T05:47:09/RawESOdata/quadrant2/ifu_sky_trace.fits
16:43:03 [ INFO  ] : [tid=000] 5 products created
16:43:03 [ INFO  ] : [tid=000] Recipe operation(s) took           4.04 seconds to complete.
16:43:03 [ INFO  ] : [tid=000] Size of single raw input frame  =    17.63 MB

16:43:03 [ INFO  ] : [tid=000] => processing rate of     4.36 MB/sec 

