
Start time     : 2018-09-20T20:00:26
Program name   : esorex
Severity level : [ INFO  ] 

20:00:26 [ INFO  ] : [tid=000] This is EsoRex, version 3.13.1
20:00:26 [ INFO  ] : [tid=000] using the libraries: CPL = 7.1, CFITSIO = 3.36, WCSLIB = 4.24, FFTW (normal precision) = 3.3.4-sse2, FFTW (single precision) = 3.3.4-sse2, CPL FLOP counting is unavailable, enable with -DCPL_ADD_FLOPS, OPENMP = 200805
20:00:26 [ INFO  ] : [tid=000] Invocation command line was: /home/mmarcano/Documents/VIMOS/NGC6652/esorex/bin/esorex --output-dir=/home/mmarcano/Documents/VIMOS/NGC6652/data/NGC6652B2/2003-06-22T03:35/RawESOdata/quadrant4 --log-dir=/home/mmarcano/Documents/VIMOS/NGC6652/data/NGC6652B2/2003-06-22T03:35/RawESOdata/quadrant4 vmifustandard /home/mmarcano/Documents/VIMOS/NGC6652/data/NGC6652B2/2003-06-22T03:35/RawESOdata/quadrant4/ifustandard.sof
20:00:26 [ INFO  ] vmifustandard: [tid=000] Loading input frames...
20:00:26 [ INFO  ] vmifustandard: [tid=000] Bias removal...
20:00:26 [ INFO  ] vmifustandard: [tid=000] Processing data from quadrant 4, HR_orange/GG435, shutter ON...
20:00:26 [ INFO  ] vmifustandard: [tid=000] Processing data from quadrant 4...
20:00:26 [ INFO  ] vmifustandard: [tid=000] Processing spectra in pseudo-slit 2:
20:00:26 [ INFO  ] vmifustandard: [tid=000]   Load flat field tracing table...
20:00:26 [ INFO  ] vmifustandard: [tid=000]   Detect traceable spectra on standard star exposure...
20:00:26 [ INFO  ] vmifustandard: [tid=000]     3 spectra detected on standard star exposure.
20:00:26 [ INFO  ] vmifustandard: [tid=000]   Tracing detected spectra...
20:00:26 [ INFO  ] vmifustandard: [tid=000]   Identify traced spectra on standard star exposure...
20:00:26 [ INFO  ] vmifustandard: [tid=000]   Align flat field tracings to standard star exposure...
20:00:26 [ INFO  ] vmifustandard: [tid=000]   Simple extraction of standard star and sky spectra...
20:00:30 [ INFO  ] vmifustandard: [tid=000]   Align wavelength calibration to detected sky lines...
20:00:30 [ INFO  ] ifuAlignSkylines: [tid=000]   Applying median shift of -0.124677 px
20:00:30 [ INFO  ] ifuAlignSkylines: [tid=000]   NOT applying individual shifts
20:00:30 [ INFO  ] vmifustandard: [tid=000]     Alignment: -0.12 CCD pixels
20:00:30 [ INFO  ] vmifustandard: [tid=000]   Resample standard star spectra at constant wavelength step (0.62 Angstrom)
20:00:30 [ INFO  ] vmifustandard: [tid=000] Apply transmission correction to extracted spectra...
20:00:30 [WARNING] vmifustandard: [tid=000] No calibration is possible with given input data
20:00:30 [ INFO  ] vmifustandard: [tid=000] Computing QC1 parameters...
20:00:30 [ INFO  ] createFitsTable: [tid=000] Table ifu_specphot_table.fits (SPH) created.
20:00:30 [ INFO  ] : [tid=000] Calculating product checksums
20:00:30 [ INFO  ] : [tid=000] Created product /home/mmarcano/Documents/VIMOS/NGC6652/data/NGC6652B2/2003-06-22T03:35/RawESOdata/quadrant4/ifu_science_sky.fits
20:00:30 [ INFO  ] : [tid=000] Created product /home/mmarcano/Documents/VIMOS/NGC6652/data/NGC6652B2/2003-06-22T03:35/RawESOdata/quadrant4/ifu_specphot_table.fits
20:00:30 [ INFO  ] : [tid=000] Created product /home/mmarcano/Documents/VIMOS/NGC6652/data/NGC6652B2/2003-06-22T03:35/RawESOdata/quadrant4/ifu_standard_extracted.fits
20:00:30 [ INFO  ] : [tid=000] Created product /home/mmarcano/Documents/VIMOS/NGC6652/data/NGC6652B2/2003-06-22T03:35/RawESOdata/quadrant4/ifu_standard_reduced.fits
20:00:30 [ INFO  ] : [tid=000] Created product /home/mmarcano/Documents/VIMOS/NGC6652/data/NGC6652B2/2003-06-22T03:35/RawESOdata/quadrant4/ifu_std_fov.fits
20:00:30 [ INFO  ] : [tid=000] 5 products created
20:00:30 [ INFO  ] : [tid=000] Recipe operation(s) took           4.46 seconds to complete.
20:00:30 [ INFO  ] : [tid=000] Size of single raw input frame  =    17.64 MB

20:00:30 [ INFO  ] : [tid=000] => processing rate of     3.95 MB/sec 

