
Start time     : 2018-09-20T20:00:30
Program name   : esorex
Severity level : [ INFO  ] 

20:00:30 [ INFO  ] : [tid=000] This is EsoRex, version 3.13.1
20:00:30 [ INFO  ] : [tid=000] using the libraries: CPL = 7.1, CFITSIO = 3.36, WCSLIB = 4.24, FFTW (normal precision) = 3.3.4-sse2, FFTW (single precision) = 3.3.4-sse2, CPL FLOP counting is unavailable, enable with -DCPL_ADD_FLOPS, OPENMP = 200805
20:00:30 [ INFO  ] : [tid=000] Invocation command line was: /home/mmarcano/Documents/VIMOS/NGC6652/esorex/bin/esorex --output-dir=/home/mmarcano/Documents/VIMOS/NGC6652/data/NGC6652B2/2003-06-22T03:35/RawESOdata/quadrant4 --log-dir=/home/mmarcano/Documents/VIMOS/NGC6652/data/NGC6652B2/2003-06-22T03:35/RawESOdata/quadrant4 vmifuscience --CalibrateFlux=true /home/mmarcano/Documents/VIMOS/NGC6652/data/NGC6652B2/2003-06-22T03:35/RawESOdata/quadrant4/ifuscience.sof
20:00:30 [ INFO  ] vmifuscience: [tid=000] Loading input frames...
20:00:31 [ INFO  ] vmifuscience: [tid=000] Bias removal...
20:00:31 [ INFO  ] vmifuscience: [tid=000] Processing data from quadrant 4, HR_blue/Free, shutter ON...
20:00:31 [ INFO  ] vmifuscience: [tid=000] Processing spectra in pseudo-slit 2:
20:00:31 [ INFO  ] vmifuscience: [tid=000]   Load flat field tracing table...
20:00:31 [ INFO  ] vmifuscience: [tid=000]   Detect traceable spectra on science...
20:00:31 [ INFO  ] vmifuscience: [tid=000]     Detection threshold: 70.000000, Detected spectra: 52
20:00:31 [ INFO  ] vmifuscience: [tid=000]     52 spectra detected on scientific exposure.
20:00:31 [ INFO  ] vmifuscience: [tid=000]   Tracing detected spectra...
20:00:31 [ INFO  ] vmifuscience: [tid=000]   Identify traced spectra on science exposure...
20:00:31 [ INFO  ] vmifuscience: [tid=000]   Flat tracings alignment: offset: 21.446416, slope: -0.006835
20:00:31 [ INFO  ] vmifuscience: [tid=000]   Align flat field tracings to science exposure...
20:00:31 [ INFO  ] vmifuscience: [tid=000]   Extraction of scientific spectra...
20:00:34 [ INFO  ] vmifuscience: [tid=000]   Align wavelength calibration to detected sky lines...
20:00:34 [ INFO  ] ifuAlignSkylines: [tid=000]   Applying median shift of -2.697795 px
20:00:34 [ INFO  ] ifuAlignSkylines: [tid=000]   NOT applying individual shifts
20:00:34 [ INFO  ] vmifuscience: [tid=000]     Alignment: -2.70 CCD pixels
20:00:34 [ INFO  ] vmifuscience: [tid=000]   Resample scientific spectra at constant wavelength step (0.54 Angstrom)
20:00:34 [ INFO  ] vmifuscience: [tid=000] Apply transmission correction to extracted spectra...
20:00:34 [ INFO  ] vmifuscience: [tid=000] Applying spectro-photometric calibration ...
20:00:34 [ ERROR ] VmSpApplyPhot: [tid=000] Input table and input image are incompatible
20:00:34 [WARNING] vmifuscience: [tid=000] Spectro-photometric calibration failure: the corresponding product, IFU_SCIENCE_FLUX_REDUCED, will not be created
20:00:34 [ INFO  ] : [tid=000] Calculating product checksums
20:00:34 [ INFO  ] : [tid=000] Created product /home/mmarcano/Documents/VIMOS/NGC6652/data/NGC6652B2/2003-06-22T03:35/RawESOdata/quadrant4/ifu_fov.fits
20:00:34 [ INFO  ] : [tid=000] Created product /home/mmarcano/Documents/VIMOS/NGC6652/data/NGC6652B2/2003-06-22T03:35/RawESOdata/quadrant4/ifu_science_reduced.fits
20:00:34 [ INFO  ] : [tid=000] Created product /home/mmarcano/Documents/VIMOS/NGC6652/data/NGC6652B2/2003-06-22T03:35/RawESOdata/quadrant4/ifu_sky_ids.fits
20:00:34 [ INFO  ] : [tid=000] Created product /home/mmarcano/Documents/VIMOS/NGC6652/data/NGC6652B2/2003-06-22T03:35/RawESOdata/quadrant4/ifu_sky_trace.fits
20:00:34 [ INFO  ] : [tid=000] 4 products created
20:00:34 [ INFO  ] : [tid=000] Recipe operation(s) took           3.46 seconds to complete.
20:00:34 [ INFO  ] : [tid=000] Size of single raw input frame  =    17.64 MB

20:00:34 [ INFO  ] : [tid=000] => processing rate of     5.10 MB/sec 

