
Start time     : 2018-07-10T17:51:03
Program name   : esorex
Severity level : [ INFO  ] 

17:51:03 [ INFO  ] : [tid=000] This is EsoRex, version 3.13.1
17:51:03 [ INFO  ] : [tid=000] using the libraries: CPL = 7.1, CFITSIO = 3.36, WCSLIB = 4.24, FFTW (normal precision) = 3.3.4-sse2, FFTW (single precision) = 3.3.4-sse2, CPL FLOP counting is unavailable, enable with -DCPL_ADD_FLOPS, OPENMP = 200805
17:51:03 [ INFO  ] : [tid=000] Invocation command line was: ../esorex/bin/esorex vmifustandard ../data/grism4/ifustandard.sof
17:51:03 [ INFO  ] vmifustandard: [tid=000] Loading input frames...
17:51:04 [ INFO  ] vmifustandard: [tid=000] Bias removal...
17:51:04 [ INFO  ] vmifustandard: [tid=000] Processing data from quadrant 1, HR_blue/Free, shutter ON...
17:51:04 [ INFO  ] vmifustandard: [tid=000] Processing data from quadrant 1...
17:51:04 [ INFO  ] vmifustandard: [tid=000] Processing spectra in pseudo-slit 2:
17:51:04 [ INFO  ] vmifustandard: [tid=000]   Load flat field tracing table...
17:51:04 [ INFO  ] vmifustandard: [tid=000]   Detect traceable spectra on standard star exposure...
17:51:04 [ INFO  ] vmifustandard: [tid=000]     36 spectra detected on standard star exposure.
17:51:04 [ INFO  ] vmifustandard: [tid=000]   Tracing detected spectra...
17:51:04 [ INFO  ] vmifustandard: [tid=000]   Identify traced spectra on standard star exposure...
17:51:04 [ INFO  ] vmifustandard: [tid=000]   Align flat field tracings to standard star exposure...
17:51:04 [ INFO  ] vmifustandard: [tid=000]   Simple extraction of standard star and sky spectra...
17:51:08 [ INFO  ] vmifustandard: [tid=000]   Align wavelength calibration to detected sky lines...
17:51:08 [ INFO  ] ifuAlignSkylines: [tid=000]   Applying median shift of -1.105461 px
17:51:08 [ INFO  ] ifuAlignSkylines: [tid=000]   NOT applying individual shifts
17:51:08 [ INFO  ] vmifustandard: [tid=000]     Alignment: -1.11 CCD pixels
17:51:08 [ INFO  ] vmifustandard: [tid=000]   Resample standard star spectra at constant wavelength step (0.54 Angstrom)
17:51:08 [ INFO  ] vmifustandard: [tid=000] Apply transmission correction to extracted spectra...
17:51:08 [ INFO  ] vmifustandard: [tid=000] Computing QC1 parameters...
17:51:08 [ INFO  ] createFitsTable: [tid=000] Table ifu_specphot_table.fits (SPH) created.
17:51:09 [ INFO  ] : [tid=000] Calculating product checksums
17:51:09 [ INFO  ] : [tid=000] Created product ifu_science_sky.fits (in place)
17:51:09 [ INFO  ] : [tid=000] Created product ifu_specphot_table.fits (in place)
17:51:09 [ INFO  ] : [tid=000] Created product ifu_standard_extracted.fits (in place)
17:51:09 [ INFO  ] : [tid=000] Created product ifu_standard_reduced.fits (in place)
17:51:09 [ INFO  ] : [tid=000] Created product ifu_std_fov.fits (in place)
17:51:09 [ INFO  ] : [tid=000] 5 products created
17:51:09 [ INFO  ] : [tid=000] Recipe operation(s) took           5.19 seconds to complete.
17:51:09 [ INFO  ] : [tid=000] Size of single raw input frame  =    17.63 MB

17:51:09 [ INFO  ] : [tid=000] => processing rate of     3.40 MB/sec 

