This file contains any messages produced by compilers while
running configure, to aid debugging if configure makes a mistake.

It was created by kazlib configure 1.20, which was
generated by GNU Autoconf 2.69.  Invocation command line was

  $ ./configure --disable-option-checking --prefix=/home/mmarcano/Documents/VIMOS/NGC6652/esorex CFITSIODIR=/home/mmarcano/Documents/VIMOS/NGC6652/esorex PKG_CONFIG=/usr/bin/pkg-config SEXBINPATH=/home/mmarcano/Documents/VIMOS/NGC6652/esorex/lib/vimos-3.2.3/bin PSFEXBINPATH=/home/mmarcano/Documents/VIMOS/NGC6652/esorex/lib/vimos-3.2.3/bin --enable-kazlib-convenience --cache-file=/dev/null --srcdir=.

## --------- ##
## Platform. ##
## --------- ##

hostname = krieger.ttu.edu
uname -m = x86_64
uname -r = 2.6.32-696.13.2.el6.x86_64
uname -s = Linux
uname -v = #1 SMP Thu Oct 5 17:13:40 CDT 2017

/usr/bin/uname -p = unknown
/bin/uname -X     = unknown

/bin/arch              = x86_64
/usr/bin/arch -k       = unknown
/usr/convex/getsysinfo = unknown
/usr/bin/hostinfo      = unknown
/bin/machine           = unknown
/usr/bin/oslevel       = unknown
/bin/universe          = unknown

PATH: /home/mmarcano/anaconda3/bin
PATH: /home/mmarcano/anaconda3/bin
PATH: /usr/local/snid-5.0/bin
PATH: /usr/local/sched/bin/
PATH: /usr/lib64/qt-3.3/bin
PATH: /usr/local/MATLAB/R2013a/bin/
PATH: /usr/local/karma/bin
PATH: /usr/local/casutools/bin
PATH: /usr/local/casa-release-4.5.2-el6/
PATH: /usr/local/astrometry/bin
PATH: /usr/local/bin
PATH: /bin
PATH: /usr/bin
PATH: /usr/local/sbin
PATH: /usr/sbin
PATH: /sbin
PATH: /home/mmarcano22/Documents/Computer/Montage/bin
PATH: /home/mmarcano22/.gem/ruby/2.3.0/bin
PATH: /home/mmarcano22/Documents/Computer/Montage/bin
PATH: /home/mmarcano22/.gem/ruby/2.3.0/bin


## ----------- ##
## Core tests. ##
## ----------- ##

configure:2340: checking for a BSD-compatible install
configure:2408: result: /usr/bin/install -c
configure:2419: checking whether build environment is sane
configure:2474: result: yes
configure:2625: checking for a thread-safe mkdir -p
configure:2664: result: /bin/mkdir -p
configure:2671: checking for gawk
configure:2687: found /bin/gawk
configure:2698: result: gawk
configure:2709: checking whether make sets $(MAKE)
configure:2731: result: yes
configure:2760: checking whether make supports nested variables
configure:2777: result: yes
configure:2907: checking whether to enable maintainer-specific portions of Makefiles
configure:2916: result: no
configure:3004: checking for gcc
configure:3020: found /usr/bin/gcc
configure:3031: result: gcc
configure:3260: checking for C compiler version
configure:3269: gcc --version >&5
gcc (GCC) 4.4.7 20120313 (Red Hat 4.4.7-18)
Copyright (C) 2010 Free Software Foundation, Inc.
This is free software; see the source for copying conditions.  There is NO
warranty; not even for MERCHANTABILITY or FITNESS FOR A PARTICULAR PURPOSE.

configure:3280: $? = 0
configure:3269: gcc -v >&5
Using built-in specs.
Target: x86_64-redhat-linux
Configured with: ../configure --prefix=/usr --mandir=/usr/share/man --infodir=/usr/share/info --with-bugurl=http://bugzilla.redhat.com/bugzilla --enable-bootstrap --enable-shared --enable-threads=posix --enable-checking=release --with-system-zlib --enable-__cxa_atexit --disable-libunwind-exceptions --enable-gnu-unique-object --enable-languages=c,c++,objc,obj-c++,java,fortran,ada --enable-java-awt=gtk --disable-dssi --with-java-home=/usr/lib/jvm/java-1.5.0-gcj-1.5.0.0/jre --enable-libgcj-multifile --enable-java-maintainer-mode --with-ecj-jar=/usr/share/java/eclipse-ecj.jar --disable-libjava-multilib --with-ppl --with-cloog --with-tune=generic --with-arch_32=i686 --build=x86_64-redhat-linux
Thread model: posix
gcc version 4.4.7 20120313 (Red Hat 4.4.7-18) (GCC) 
configure:3280: $? = 0
configure:3269: gcc -V >&5
gcc: '-V' option must have argument
configure:3280: $? = 1
configure:3269: gcc -qversion >&5
gcc: unrecognized option '-qversion'
gcc: no input files
configure:3280: $? = 1
configure:3300: checking whether the C compiler works
configure:3322: gcc    conftest.c  >&5
configure:3326: $? = 0
configure:3374: result: yes
configure:3377: checking for C compiler default output file name
configure:3379: result: a.out
configure:3385: checking for suffix of executables
configure:3392: gcc -o conftest    conftest.c  >&5
configure:3396: $? = 0
configure:3418: result: 
configure:3440: checking whether we are cross compiling
configure:3448: gcc -o conftest    conftest.c  >&5
configure:3452: $? = 0
configure:3459: ./conftest
configure:3463: $? = 0
configure:3478: result: no
configure:3483: checking for suffix of object files
configure:3505: gcc -c   conftest.c >&5
configure:3509: $? = 0
configure:3530: result: o
configure:3534: checking whether we are using the GNU C compiler
configure:3553: gcc -c   conftest.c >&5
configure:3553: $? = 0
configure:3562: result: yes
configure:3571: checking whether gcc accepts -g
configure:3591: gcc -c -g  conftest.c >&5
configure:3591: $? = 0
configure:3632: result: yes
configure:3649: checking for gcc option to accept ISO C89
configure:3712: gcc  -c -g -O2  conftest.c >&5
configure:3712: $? = 0
configure:3725: result: none needed
configure:3750: checking whether gcc understands -c and -o together
configure:3772: gcc -c conftest.c -o conftest2.o
configure:3775: $? = 0
configure:3772: gcc -c conftest.c -o conftest2.o
configure:3775: $? = 0
configure:3787: result: yes
configure:3815: checking for style of include used by make
configure:3843: result: GNU
configure:3869: checking dependency style of gcc
configure:3980: result: gcc3
configure:4000: checking how to run the C preprocessor
configure:4031: gcc -E  conftest.c
configure:4031: $? = 0
configure:4045: gcc -E  conftest.c
conftest.c:11:28: error: ac_nonexistent.h: No such file or directory
configure:4045: $? = 1
configure: failed program was:
| /* confdefs.h */
| #define PACKAGE_NAME "kazlib"
| #define PACKAGE_TARNAME "kazlib"
| #define PACKAGE_VERSION "1.20"
| #define PACKAGE_STRING "kazlib 1.20"
| #define PACKAGE_BUGREPORT ""
| #define PACKAGE_URL ""
| #define PACKAGE "kazlib"
| #define VERSION "1.20"
| /* end confdefs.h.  */
| #include <ac_nonexistent.h>
configure:4070: result: gcc -E
configure:4090: gcc -E  conftest.c
configure:4090: $? = 0
configure:4104: gcc -E  conftest.c
conftest.c:11:28: error: ac_nonexistent.h: No such file or directory
configure:4104: $? = 1
configure: failed program was:
| /* confdefs.h */
| #define PACKAGE_NAME "kazlib"
| #define PACKAGE_TARNAME "kazlib"
| #define PACKAGE_VERSION "1.20"
| #define PACKAGE_STRING "kazlib 1.20"
| #define PACKAGE_BUGREPORT ""
| #define PACKAGE_URL ""
| #define PACKAGE "kazlib"
| #define VERSION "1.20"
| /* end confdefs.h.  */
| #include <ac_nonexistent.h>
configure:4138: checking whether gcc supports -Wall
configure:4173: result: yes
configure:4188: checking whether gcc supports -Wmissing-prototypes
configure:4223: result: yes
configure:4238: checking whether gcc supports -ansi
configure:4273: result: yes
configure:4288: checking whether gcc supports -pedantic
configure:4323: result: yes
configure:4427: checking build system type
configure:4441: result: x86_64-unknown-linux-gnu
configure:4461: checking host system type
configure:4474: result: x86_64-unknown-linux-gnu
configure:4515: checking how to print strings
configure:4542: result: printf
configure:4563: checking for a sed that does not truncate output
configure:4627: result: /bin/sed
configure:4645: checking for grep that handles long lines and -e
configure:4703: result: /bin/grep
configure:4708: checking for egrep
configure:4770: result: /bin/grep -E
configure:4775: checking for fgrep
configure:4837: result: /bin/grep -F
configure:4872: checking for ld used by gcc
configure:4939: result: /usr/bin/ld
configure:4946: checking if the linker (/usr/bin/ld) is GNU ld
configure:4961: result: yes
configure:4973: checking for BSD- or MS-compatible name lister (nm)
configure:5027: result: /usr/bin/nm -B
configure:5157: checking the name lister (/usr/bin/nm -B) interface
configure:5164: gcc -c -g -O2 -Wall -fPIC -Wmissing-prototypes -ansi -pedantic  conftest.c >&5
configure:5167: /usr/bin/nm -B "conftest.o"
configure:5170: output
0000000000000000 B some_variable
configure:5177: result: BSD nm
configure:5180: checking whether ln -s works
configure:5184: result: yes
configure:5192: checking the maximum length of command line arguments
configure:5323: result: 1966080
configure:5371: checking how to convert x86_64-unknown-linux-gnu file names to x86_64-unknown-linux-gnu format
configure:5411: result: func_convert_file_noop
configure:5418: checking how to convert x86_64-unknown-linux-gnu file names to toolchain format
configure:5438: result: func_convert_file_noop
configure:5445: checking for /usr/bin/ld option to reload object files
configure:5452: result: -r
configure:5526: checking for objdump
configure:5542: found /usr/bin/objdump
configure:5553: result: objdump
configure:5585: checking how to recognize dependent libraries
configure:5785: result: pass_all
configure:5870: checking for dlltool
configure:5900: result: no
configure:5930: checking how to associate runtime and link libraries
configure:5957: result: printf %s\n
configure:6018: checking for ar
configure:6034: found /usr/bin/ar
configure:6045: result: ar
configure:6082: checking for archiver @FILE support
configure:6099: gcc -c -g -O2 -Wall -fPIC -Wmissing-prototypes -ansi -pedantic  conftest.c >&5
configure:6099: $? = 0
configure:6102: ar cru libconftest.a @conftest.lst >&5
configure:6105: $? = 0
configure:6110: ar cru libconftest.a @conftest.lst >&5
ar: conftest.o: No such file or directory
configure:6113: $? = 1
configure:6125: result: @
configure:6183: checking for strip
configure:6199: found /usr/bin/strip
configure:6210: result: strip
configure:6282: checking for ranlib
configure:6298: found /usr/bin/ranlib
configure:6309: result: ranlib
configure:6411: checking command to parse /usr/bin/nm -B output from gcc object
configure:6564: gcc -c -g -O2 -Wall -fPIC -Wmissing-prototypes -ansi -pedantic  conftest.c >&5
configure:6567: $? = 0
configure:6571: /usr/bin/nm -B conftest.o \| sed -n -e 's/^.*[ ]\([ABCDGIRSTW][ABCDGIRSTW]*\)[ ][ ]*\([_A-Za-z][_A-Za-z0-9]*\)$/\1 \2 \2/p' | sed '/ __gnu_lto/d' \> conftest.nm
configure:6574: $? = 0
configure:6640: gcc -o conftest -g -O2 -Wall -fPIC -Wmissing-prototypes -ansi -pedantic   conftest.c conftstm.o >&5
conftest.c:29: warning: ISO C forbids conversion of function pointer to object pointer type
configure:6643: $? = 0
configure:6681: result: ok
configure:6728: checking for sysroot
configure:6758: result: no
configure:6765: checking for a working dd
configure:6803: result: /bin/dd
configure:6807: checking how to truncate binary pipes
configure:6822: result: /bin/dd bs=4096 count=1
configure:6958: gcc -c -g -O2 -Wall -fPIC -Wmissing-prototypes -ansi -pedantic  conftest.c >&5
configure:6961: $? = 0
configure:7151: checking for mt
configure:7181: result: no
configure:7201: checking if : is a manifest tool
configure:7207: : '-?'
configure:7215: result: no
configure:7888: checking for ANSI C header files
configure:7908: gcc -c -g -O2 -Wall -fPIC -Wmissing-prototypes -ansi -pedantic  conftest.c >&5
configure:7908: $? = 0
configure:7981: gcc -o conftest -g -O2 -Wall -fPIC -Wmissing-prototypes -ansi -pedantic   conftest.c  >&5
configure:7981: $? = 0
configure:7981: ./conftest
configure:7981: $? = 0
configure:7992: result: yes
configure:8005: checking for sys/types.h
configure:8005: gcc -c -g -O2 -Wall -fPIC -Wmissing-prototypes -ansi -pedantic  conftest.c >&5
configure:8005: $? = 0
configure:8005: result: yes
configure:8005: checking for sys/stat.h
configure:8005: gcc -c -g -O2 -Wall -fPIC -Wmissing-prototypes -ansi -pedantic  conftest.c >&5
configure:8005: $? = 0
configure:8005: result: yes
configure:8005: checking for stdlib.h
configure:8005: gcc -c -g -O2 -Wall -fPIC -Wmissing-prototypes -ansi -pedantic  conftest.c >&5
configure:8005: $? = 0
configure:8005: result: yes
configure:8005: checking for string.h
configure:8005: gcc -c -g -O2 -Wall -fPIC -Wmissing-prototypes -ansi -pedantic  conftest.c >&5
configure:8005: $? = 0
configure:8005: result: yes
configure:8005: checking for memory.h
configure:8005: gcc -c -g -O2 -Wall -fPIC -Wmissing-prototypes -ansi -pedantic  conftest.c >&5
configure:8005: $? = 0
configure:8005: result: yes
configure:8005: checking for strings.h
configure:8005: gcc -c -g -O2 -Wall -fPIC -Wmissing-prototypes -ansi -pedantic  conftest.c >&5
configure:8005: $? = 0
configure:8005: result: yes
configure:8005: checking for inttypes.h
configure:8005: gcc -c -g -O2 -Wall -fPIC -Wmissing-prototypes -ansi -pedantic  conftest.c >&5
configure:8005: $? = 0
configure:8005: result: yes
configure:8005: checking for stdint.h
configure:8005: gcc -c -g -O2 -Wall -fPIC -Wmissing-prototypes -ansi -pedantic  conftest.c >&5
configure:8005: $? = 0
configure:8005: result: yes
configure:8005: checking for unistd.h
configure:8005: gcc -c -g -O2 -Wall -fPIC -Wmissing-prototypes -ansi -pedantic  conftest.c >&5
configure:8005: $? = 0
configure:8005: result: yes
configure:8019: checking for dlfcn.h
configure:8019: gcc -c -g -O2 -Wall -fPIC -Wmissing-prototypes -ansi -pedantic  conftest.c >&5
configure:8019: $? = 0
configure:8019: result: yes
configure:8215: checking for objdir
configure:8230: result: .libs
configure:8490: checking if gcc supports -fno-rtti -fno-exceptions
configure:8508: gcc -c -g -O2 -Wall -fPIC -Wmissing-prototypes -ansi -pedantic  -fno-rtti -fno-exceptions conftest.c >&5
cc1: warning: command line option "-fno-rtti" is valid for C++/ObjC++ but not for C
configure:8512: $? = 0
configure:8525: result: no
configure:8883: checking for gcc option to produce PIC
configure:8890: result: -fPIC -DPIC
configure:8898: checking if gcc PIC flag -fPIC -DPIC works
configure:8916: gcc -c -g -O2 -Wall -fPIC -Wmissing-prototypes -ansi -pedantic  -fPIC -DPIC -DPIC conftest.c >&5
configure:8920: $? = 0
configure:8933: result: yes
configure:8962: checking if gcc static flag -static works
configure:8990: result: no
configure:9005: checking if gcc supports -c -o file.o
configure:9026: gcc -c -g -O2 -Wall -fPIC -Wmissing-prototypes -ansi -pedantic  -o out/conftest2.o conftest.c >&5
configure:9030: $? = 0
configure:9052: result: yes
configure:9060: checking if gcc supports -c -o file.o
configure:9107: result: yes
configure:9140: checking whether the gcc linker (/usr/bin/ld -m elf_x86_64) supports shared libraries
configure:10399: result: yes
configure:10639: checking dynamic linker characteristics
configure:11220: gcc -o conftest -g -O2 -Wall -fPIC -Wmissing-prototypes -ansi -pedantic   -Wl,-rpath -Wl,/foo conftest.c  >&5
configure:11220: $? = 0
configure:11460: result: GNU/Linux ld.so
configure:11582: checking how to hardcode library paths into programs
configure:11607: result: immediate
configure:12155: checking whether stripping libraries is possible
configure:12160: result: yes
configure:12195: checking if libtool supports shared libraries
configure:12197: result: yes
configure:12200: checking whether to build shared libraries
configure:12225: result: no
configure:12228: checking whether to build static libraries
configure:12232: result: yes
configure:12275: checking for latex
configure:12293: found /usr/bin/latex
configure:12305: result: /usr/bin/latex
configure:12317: checking for makeindex
configure:12335: found /usr/bin/makeindex
configure:12347: result: /usr/bin/makeindex
configure:12373: checking limits.h usability
configure:12373: gcc -c -g -O2 -Wall -fPIC -Wmissing-prototypes -ansi -pedantic  conftest.c >&5
configure:12373: $? = 0
configure:12373: result: yes
configure:12373: checking limits.h presence
configure:12373: gcc -E  conftest.c
configure:12373: $? = 0
configure:12373: result: yes
configure:12373: checking for limits.h
configure:12373: result: yes
configure:12373: checking stddef.h usability
configure:12373: gcc -c -g -O2 -Wall -fPIC -Wmissing-prototypes -ansi -pedantic  conftest.c >&5
configure:12373: $? = 0
configure:12373: result: yes
configure:12373: checking stddef.h presence
configure:12373: gcc -E  conftest.c
configure:12373: $? = 0
configure:12373: result: yes
configure:12373: checking for stddef.h
configure:12373: result: yes
configure:12383: checking pthread.h usability
configure:12383: gcc -c -g -O2 -Wall -fPIC -Wmissing-prototypes -ansi -pedantic  conftest.c >&5
configure:12383: $? = 0
configure:12383: result: yes
configure:12383: checking pthread.h presence
configure:12383: gcc -E  conftest.c
configure:12383: $? = 0
configure:12383: result: yes
configure:12383: checking for pthread.h
configure:12383: result: yes
configure:12393: checking for an ANSI C-conforming const
configure:12459: gcc -c -g -O2 -Wall -fPIC -Wmissing-prototypes -ansi -pedantic  conftest.c >&5
configure:12459: $? = 0
configure:12466: result: yes
configure:12474: checking for size_t
configure:12474: gcc -c -g -O2 -Wall -fPIC -Wmissing-prototypes -ansi -pedantic  conftest.c >&5
configure:12474: $? = 0
configure:12474: gcc -c -g -O2 -Wall -fPIC -Wmissing-prototypes -ansi -pedantic  conftest.c >&5
conftest.c: In function 'main':
conftest.c:61: error: expected expression before ')' token
configure:12474: $? = 1
configure: failed program was:
| /* confdefs.h */
| #define PACKAGE_NAME "kazlib"
| #define PACKAGE_TARNAME "kazlib"
| #define PACKAGE_VERSION "1.20"
| #define PACKAGE_STRING "kazlib 1.20"
| #define PACKAGE_BUGREPORT ""
| #define PACKAGE_URL ""
| #define PACKAGE "kazlib"
| #define VERSION "1.20"
| #define STDC_HEADERS 1
| #define HAVE_SYS_TYPES_H 1
| #define HAVE_SYS_STAT_H 1
| #define HAVE_STDLIB_H 1
| #define HAVE_STRING_H 1
| #define HAVE_MEMORY_H 1
| #define HAVE_STRINGS_H 1
| #define HAVE_INTTYPES_H 1
| #define HAVE_STDINT_H 1
| #define HAVE_UNISTD_H 1
| #define HAVE_DLFCN_H 1
| #define LT_OBJDIR ".libs/"
| #define HAVE_LIMITS_H 1
| #define HAVE_STDDEF_H 1
| /* end confdefs.h.  */
| #include <stdio.h>
| #ifdef HAVE_SYS_TYPES_H
| # include <sys/types.h>
| #endif
| #ifdef HAVE_SYS_STAT_H
| # include <sys/stat.h>
| #endif
| #ifdef STDC_HEADERS
| # include <stdlib.h>
| # include <stddef.h>
| #else
| # ifdef HAVE_STDLIB_H
| #  include <stdlib.h>
| # endif
| #endif
| #ifdef HAVE_STRING_H
| # if !defined STDC_HEADERS && defined HAVE_MEMORY_H
| #  include <memory.h>
| # endif
| # include <string.h>
| #endif
| #ifdef HAVE_STRINGS_H
| # include <strings.h>
| #endif
| #ifdef HAVE_INTTYPES_H
| # include <inttypes.h>
| #endif
| #ifdef HAVE_STDINT_H
| # include <stdint.h>
| #endif
| #ifdef HAVE_UNISTD_H
| # include <unistd.h>
| #endif
| int
| main ()
| {
| if (sizeof ((size_t)))
| 	    return 0;
|   ;
|   return 0;
| }
configure:12474: result: yes
configure:12490: checking for strchr
configure:12490: gcc -o conftest -g -O2 -Wall -fPIC -Wmissing-prototypes -ansi -pedantic   conftest.c  >&5
conftest.c:48: warning: conflicting types for built-in function 'strchr'
configure:12490: $? = 0
configure:12490: result: yes
configure:12490: checking for vprintf
configure:12490: gcc -o conftest -g -O2 -Wall -fPIC -Wmissing-prototypes -ansi -pedantic   conftest.c  >&5
conftest.c:49: warning: conflicting types for built-in function 'vprintf'
configure:12490: $? = 0
configure:12490: result: yes
configure:12577: checking whether exceptions should be compiled
configure:12588: result: no
configure:12704: checking that generated files are newer than configure
configure:12710: result: done
configure:12741: creating ./config.status

## ---------------------- ##
## Running config.status. ##
## ---------------------- ##

This file was extended by kazlib config.status 1.20, which was
generated by GNU Autoconf 2.69.  Invocation command line was

  CONFIG_FILES    = 
  CONFIG_HEADERS  = 
  CONFIG_LINKS    = 
  CONFIG_COMMANDS = 
  $ ./config.status 

on krieger.ttu.edu

config.status:1098: creating Makefile
config.status:1098: creating config.h
config.status:1327: executing depfiles commands
config.status:1327: executing libtool commands

## ---------------- ##
## Cache variables. ##
## ---------------- ##

ac_cv_build=x86_64-unknown-linux-gnu
ac_cv_c_compiler_gnu=yes
ac_cv_c_const=yes
ac_cv_env_CC_set=
ac_cv_env_CC_value=
ac_cv_env_CFLAGS_set=
ac_cv_env_CFLAGS_value=
ac_cv_env_CPPFLAGS_set=
ac_cv_env_CPPFLAGS_value=
ac_cv_env_CPP_set=
ac_cv_env_CPP_value=
ac_cv_env_LATEX_set=
ac_cv_env_LATEX_value=
ac_cv_env_LDFLAGS_set=
ac_cv_env_LDFLAGS_value=
ac_cv_env_LIBS_set=
ac_cv_env_LIBS_value=
ac_cv_env_LT_SYS_LIBRARY_PATH_set=
ac_cv_env_LT_SYS_LIBRARY_PATH_value=
ac_cv_env_MAKEINDEX_set=
ac_cv_env_MAKEINDEX_value=
ac_cv_env_build_alias_set=
ac_cv_env_build_alias_value=
ac_cv_env_host_alias_set=
ac_cv_env_host_alias_value=
ac_cv_env_target_alias_set=
ac_cv_env_target_alias_value=
ac_cv_func_strchr=yes
ac_cv_func_vprintf=yes
ac_cv_header_dlfcn_h=yes
ac_cv_header_inttypes_h=yes
ac_cv_header_limits_h=yes
ac_cv_header_memory_h=yes
ac_cv_header_pthread_h=yes
ac_cv_header_stdc=yes
ac_cv_header_stddef_h=yes
ac_cv_header_stdint_h=yes
ac_cv_header_stdlib_h=yes
ac_cv_header_string_h=yes
ac_cv_header_strings_h=yes
ac_cv_header_sys_stat_h=yes
ac_cv_header_sys_types_h=yes
ac_cv_header_unistd_h=yes
ac_cv_host=x86_64-unknown-linux-gnu
ac_cv_objext=o
ac_cv_path_EGREP='/bin/grep -E'
ac_cv_path_FGREP='/bin/grep -F'
ac_cv_path_GREP=/bin/grep
ac_cv_path_LATEX=/usr/bin/latex
ac_cv_path_MAKEINDEX=/usr/bin/makeindex
ac_cv_path_SED=/bin/sed
ac_cv_path_install='/usr/bin/install -c'
ac_cv_path_lt_DD=/bin/dd
ac_cv_path_mkdir=/bin/mkdir
ac_cv_prog_AWK=gawk
ac_cv_prog_CPP='gcc -E'
ac_cv_prog_ac_ct_AR=ar
ac_cv_prog_ac_ct_CC=gcc
ac_cv_prog_ac_ct_OBJDUMP=objdump
ac_cv_prog_ac_ct_RANLIB=ranlib
ac_cv_prog_ac_ct_STRIP=strip
ac_cv_prog_cc_c89=
ac_cv_prog_cc_g=yes
ac_cv_prog_make_make_set=yes
ac_cv_type_size_t=yes
am_cv_CC_dependencies_compiler_type=gcc3
am_cv_make_support_nested_variables=yes
am_cv_prog_cc_c_o=yes
kazlib_cv_prog_cc_Wall=yes
kazlib_cv_prog_cc_Wmissing_prototypes=yes
kazlib_cv_prog_cc_ansi=yes
kazlib_cv_prog_cc_pedantic=yes
lt_cv_ar_at_file=@
lt_cv_deplibs_check_method=pass_all
lt_cv_file_magic_cmd='$MAGIC_CMD'
lt_cv_file_magic_test_file=
lt_cv_ld_reload_flag=-r
lt_cv_nm_interface='BSD nm'
lt_cv_objdir=.libs
lt_cv_path_LD=/usr/bin/ld
lt_cv_path_NM='/usr/bin/nm -B'
lt_cv_path_mainfest_tool=no
lt_cv_prog_compiler_c_o=yes
lt_cv_prog_compiler_pic='-fPIC -DPIC'
lt_cv_prog_compiler_pic_works=yes
lt_cv_prog_compiler_rtti_exceptions=no
lt_cv_prog_compiler_static_works=no
lt_cv_prog_gnu_ld=yes
lt_cv_sharedlib_from_linklib_cmd='printf %s\n'
lt_cv_shlibpath_overrides_runpath=no
lt_cv_sys_global_symbol_pipe='sed -n -e '\''s/^.*[	 ]\([ABCDGIRSTW][ABCDGIRSTW]*\)[	 ][	 ]*\([_A-Za-z][_A-Za-z0-9]*\)$/\1 \2 \2/p'\'' | sed '\''/ __gnu_lto/d'\'''
lt_cv_sys_global_symbol_to_c_name_address='sed -n -e '\''s/^: \(.*\) .*$/  {"\1", (void *) 0},/p'\'' -e '\''s/^[ABCDGIRSTW][ABCDGIRSTW]* .* \(.*\)$/  {"\1", (void *) \&\1},/p'\'''
lt_cv_sys_global_symbol_to_c_name_address_lib_prefix='sed -n -e '\''s/^: \(.*\) .*$/  {"\1", (void *) 0},/p'\'' -e '\''s/^[ABCDGIRSTW][ABCDGIRSTW]* .* \(lib.*\)$/  {"\1", (void *) \&\1},/p'\'' -e '\''s/^[ABCDGIRSTW][ABCDGIRSTW]* .* \(.*\)$/  {"lib\1", (void *) \&\1},/p'\'''
lt_cv_sys_global_symbol_to_cdecl='sed -n -e '\''s/^T .* \(.*\)$/extern int \1();/p'\'' -e '\''s/^[ABCDGIRSTW][ABCDGIRSTW]* .* \(.*\)$/extern char \1;/p'\'''
lt_cv_sys_global_symbol_to_import=
lt_cv_sys_max_cmd_len=1966080
lt_cv_to_host_file_cmd=func_convert_file_noop
lt_cv_to_tool_file_cmd=func_convert_file_noop
lt_cv_truncate_bin='/bin/dd bs=4096 count=1'

## ----------------- ##
## Output variables. ##
## ----------------- ##

ACLOCAL='${SHELL} /home/mmarcano/Documents/VIMOS/NGC6652/esorex/vimos-kit-3.2.3/vimos-3.2.3/libpil/kazlib/admin/missing aclocal-1.15'
AMDEPBACKSLASH='\'
AMDEP_FALSE='#'
AMDEP_TRUE=''
AMTAR='$${TAR-tar}'
AM_BACKSLASH='\'
AM_DEFAULT_V='$(AM_DEFAULT_VERBOSITY)'
AM_DEFAULT_VERBOSITY='1'
AM_V='$(V)'
AR='ar'
AUTOCONF='${SHELL} /home/mmarcano/Documents/VIMOS/NGC6652/esorex/vimos-kit-3.2.3/vimos-3.2.3/libpil/kazlib/admin/missing autoconf'
AUTOHEADER='${SHELL} /home/mmarcano/Documents/VIMOS/NGC6652/esorex/vimos-kit-3.2.3/vimos-3.2.3/libpil/kazlib/admin/missing autoheader'
AUTOMAKE='${SHELL} /home/mmarcano/Documents/VIMOS/NGC6652/esorex/vimos-kit-3.2.3/vimos-3.2.3/libpil/kazlib/admin/missing automake-1.15'
AWK='gawk'
CC='gcc'
CCDEPMODE='depmode=gcc3'
CFLAGS='-g -O2 -Wall -fPIC -Wmissing-prototypes -ansi -pedantic'
CPP='gcc -E'
CPPFLAGS=''
CYGPATH_W='echo'
DEFS='-DHAVE_CONFIG_H'
DEPDIR='.deps'
DLLTOOL='false'
DSYMUTIL=''
DUMPBIN=''
ECHO_C=''
ECHO_N='-n'
ECHO_T=''
EGREP='/bin/grep -E'
EXCEPTIONS=''
EXEEXT=''
FGREP='/bin/grep -F'
GREP='/bin/grep'
INSTALL_DATA='${INSTALL} -m 644'
INSTALL_PROGRAM='${INSTALL}'
INSTALL_SCRIPT='${INSTALL}'
INSTALL_STRIP_PROGRAM='$(install_sh) -c -s'
KAZLIB_CONVENIENCE_FALSE='#'
KAZLIB_CONVENIENCE_TRUE=''
LATEX='/usr/bin/latex'
LD='/usr/bin/ld -m elf_x86_64'
LDFLAGS=''
LIBOBJS=''
LIBS=''
LIBTOOL='$(SHELL) $(top_builddir)/libtool'
LIBTOOL_DEPS='admin/ltmain.sh'
LIPO=''
LN_S='ln -s'
LTLIBOBJS=''
LT_SYS_LIBRARY_PATH=''
MAINT='#'
MAINTAINER_MODE_FALSE=''
MAINTAINER_MODE_TRUE='#'
MAKEINDEX='/usr/bin/makeindex'
MAKEINFO='${SHELL} /home/mmarcano/Documents/VIMOS/NGC6652/esorex/vimos-kit-3.2.3/vimos-3.2.3/libpil/kazlib/admin/missing makeinfo'
MANIFEST_TOOL=':'
MKDIR_P='/bin/mkdir -p'
NM='/usr/bin/nm -B'
NMEDIT=''
OBJDUMP='objdump'
OBJEXT='o'
OTOOL64=''
OTOOL=''
PACKAGE='kazlib'
PACKAGE_BUGREPORT=''
PACKAGE_NAME='kazlib'
PACKAGE_STRING='kazlib 1.20'
PACKAGE_TARNAME='kazlib'
PACKAGE_URL=''
PACKAGE_VERSION='1.20'
PATH_SEPARATOR=':'
RANLIB='ranlib'
SED='/bin/sed'
SET_MAKE=''
SHELL='/bin/sh'
STRIP='strip'
VERSION='1.20'
ac_ct_AR='ar'
ac_ct_CC='gcc'
ac_ct_DUMPBIN=''
am__EXEEXT_FALSE=''
am__EXEEXT_TRUE='#'
am__fastdepCC_FALSE='#'
am__fastdepCC_TRUE=''
am__include='include'
am__isrc=''
am__leading_dot='.'
am__nodep='_no'
am__quote=''
am__tar='$${TAR-tar} chof - "$$tardir"'
am__untar='$${TAR-tar} xf -'
bindir='${exec_prefix}/bin'
build='x86_64-unknown-linux-gnu'
build_alias=''
build_cpu='x86_64'
build_os='linux-gnu'
build_vendor='unknown'
datadir='${datarootdir}'
datarootdir='${prefix}/share'
docdir='${datarootdir}/doc/${PACKAGE_TARNAME}'
dvidir='${docdir}'
exec_prefix='${prefix}'
host='x86_64-unknown-linux-gnu'
host_alias=''
host_cpu='x86_64'
host_os='linux-gnu'
host_vendor='unknown'
htmldir='${docdir}'
includedir='${prefix}/include'
infodir='${datarootdir}/info'
install_sh='${SHELL} /home/mmarcano/Documents/VIMOS/NGC6652/esorex/vimos-kit-3.2.3/vimos-3.2.3/libpil/kazlib/admin/install-sh'
libdir='${exec_prefix}/lib'
libexecdir='${exec_prefix}/libexec'
localedir='${datarootdir}/locale'
localstatedir='${prefix}/var'
mandir='${datarootdir}/man'
mkdir_p='$(MKDIR_P)'
oldincludedir='/usr/include'
pdfdir='${docdir}'
prefix='/home/mmarcano/Documents/VIMOS/NGC6652/esorex'
program_transform_name='s,x,x,'
psdir='${docdir}'
sbindir='${exec_prefix}/sbin'
sharedstatedir='${prefix}/com'
sysconfdir='${prefix}/etc'
target_alias=''

## ----------- ##
## confdefs.h. ##
## ----------- ##

/* confdefs.h */
#define PACKAGE_NAME "kazlib"
#define PACKAGE_TARNAME "kazlib"
#define PACKAGE_VERSION "1.20"
#define PACKAGE_STRING "kazlib 1.20"
#define PACKAGE_BUGREPORT ""
#define PACKAGE_URL ""
#define PACKAGE "kazlib"
#define VERSION "1.20"
#define STDC_HEADERS 1
#define HAVE_SYS_TYPES_H 1
#define HAVE_SYS_STAT_H 1
#define HAVE_STDLIB_H 1
#define HAVE_STRING_H 1
#define HAVE_MEMORY_H 1
#define HAVE_STRINGS_H 1
#define HAVE_INTTYPES_H 1
#define HAVE_STDINT_H 1
#define HAVE_UNISTD_H 1
#define HAVE_DLFCN_H 1
#define LT_OBJDIR ".libs/"
#define HAVE_LIMITS_H 1
#define HAVE_STDDEF_H 1
#define HAVE_STRCHR 1
#define HAVE_VPRINTF 1
#define KAZLIB_RCSID 1
#define NDEBUG 1

configure: exit 0
