
Start time     : 2018-10-24T14:41:12
Program name   : esorex
Severity level : [ INFO  ] 

14:41:12 [ INFO  ] : [tid=000] This is EsoRex, version 3.13.1
14:41:12 [ INFO  ] : [tid=000] using the libraries: CPL = 7.1, CFITSIO = 3.36, WCSLIB = 4.24, FFTW (normal precision) = 3.3.4-sse2, FFTW (single precision) = 3.3.4-sse2, CPL FLOP counting is unavailable, enable with -DCPL_ADD_FLOPS, OPENMP = 200805
14:41:12 [ INFO  ] : [tid=000] Invocation command line was: /home/mmarcano/Documents/VIMOS/NGC6652/esorex/bin/esorex --output-dir=/home/mmarcano/Documents/VIMOS/NGC6652/data/NGC6652A3/2003-06-04T04:00/RawESOdata/quadrant2 --log-dir=/home/mmarcano/Documents/VIMOS/NGC6652/data/NGC6652A3/2003-06-04T04:00/RawESOdata/quadrant2 vmifuscience --CalibrateFlux=true /home/mmarcano/Documents/VIMOS/NGC6652/data/NGC6652A3/2003-06-04T04:00/RawESOdata/quadrant2/ifuscience.sof
14:41:12 [ INFO  ] vmifuscience: [tid=000] Loading input frames...
14:41:12 [ INFO  ] vmifuscience: [tid=000] Bias removal...
14:41:12 [ INFO  ] vmifuscience: [tid=000] Processing data from quadrant 2, HR_blue/Free, shutter ON...
14:41:12 [ INFO  ] vmifuscience: [tid=000] Processing spectra in pseudo-slit 2:
14:41:12 [ INFO  ] vmifuscience: [tid=000]   Load flat field tracing table...
14:41:12 [ INFO  ] vmifuscience: [tid=000]   Detect traceable spectra on science...
14:41:12 [ INFO  ] vmifuscience: [tid=000]     Detection threshold: 70.000000, Detected spectra: 4
14:41:12 [ INFO  ] vmifuscience: [tid=000]     Detection threshold: 67.000000, Detected spectra: 4
14:41:12 [ INFO  ] vmifuscience: [tid=000]     Detection threshold: 64.000000, Detected spectra: 6
14:41:12 [ INFO  ] vmifuscience: [tid=000]     Detection threshold: 61.000000, Detected spectra: 9
14:41:12 [ INFO  ] vmifuscience: [tid=000]     Detection threshold: 58.000000, Detected spectra: 15
14:41:12 [ INFO  ] vmifuscience: [tid=000]     Detection threshold: 55.000000, Detected spectra: 20
14:41:12 [ INFO  ] vmifuscience: [tid=000]     Detection threshold: 52.000000, Detected spectra: 25
14:41:12 [ INFO  ] vmifuscience: [tid=000]     Detection threshold: 49.000000, Detected spectra: 40
14:41:12 [ INFO  ] vmifuscience: [tid=000]     Detection threshold: 46.000000, Detected spectra: 52
14:41:12 [ INFO  ] vmifuscience: [tid=000]     52 spectra detected on scientific exposure.
14:41:12 [ INFO  ] vmifuscience: [tid=000]   Tracing detected spectra...
14:41:12 [ INFO  ] vmifuscience: [tid=000]   Identify traced spectra on science exposure...
14:41:12 [ INFO  ] vmifuscience: [tid=000]   Flat tracings alignment: offset: 0.321783, slope: -0.000020
14:41:12 [ INFO  ] vmifuscience: [tid=000]   Align flat field tracings to science exposure...
14:41:12 [ INFO  ] vmifuscience: [tid=000]   Extraction of scientific spectra...
14:41:15 [ INFO  ] vmifuscience: [tid=000]   Align wavelength calibration to detected sky lines...
14:41:15 [ INFO  ] ifuAlignSkylines: [tid=000]   Applying median shift of 3.589083 px
14:41:15 [ INFO  ] ifuAlignSkylines: [tid=000]   NOT applying individual shifts
14:41:15 [ INFO  ] vmifuscience: [tid=000]     Alignment: 3.59 CCD pixels
14:41:15 [ INFO  ] vmifuscience: [tid=000]   Resample scientific spectra at constant wavelength step (0.54 Angstrom)
14:41:15 [ INFO  ] vmifuscience: [tid=000] Apply transmission correction to extracted spectra...
14:41:15 [ INFO  ] vmifuscience: [tid=000] Applying spectro-photometric calibration ...
14:41:15 [ INFO  ] VmSpApplyPhot: [tid=000] Mean airmass: 1.1800
14:41:15 [ INFO  ] : [tid=000] Calculating product checksums
14:41:15 [ INFO  ] : [tid=000] Created product /home/mmarcano/Documents/VIMOS/NGC6652/data/NGC6652A3/2003-06-04T04:00/RawESOdata/quadrant2/ifu_fov.fits
14:41:15 [ INFO  ] : [tid=000] Created product /home/mmarcano/Documents/VIMOS/NGC6652/data/NGC6652A3/2003-06-04T04:00/RawESOdata/quadrant2/ifu_science_flux_reduced.fits
14:41:15 [ INFO  ] : [tid=000] Created product /home/mmarcano/Documents/VIMOS/NGC6652/data/NGC6652A3/2003-06-04T04:00/RawESOdata/quadrant2/ifu_science_reduced.fits
14:41:15 [ INFO  ] : [tid=000] Created product /home/mmarcano/Documents/VIMOS/NGC6652/data/NGC6652A3/2003-06-04T04:00/RawESOdata/quadrant2/ifu_sky_ids.fits
14:41:15 [ INFO  ] : [tid=000] Created product /home/mmarcano/Documents/VIMOS/NGC6652/data/NGC6652A3/2003-06-04T04:00/RawESOdata/quadrant2/ifu_sky_trace.fits
14:41:15 [ INFO  ] : [tid=000] 5 products created
14:41:15 [ INFO  ] : [tid=000] Recipe operation(s) took           3.37 seconds to complete.
14:41:15 [ INFO  ] : [tid=000] Size of single raw input frame  =    17.63 MB

14:41:15 [ INFO  ] : [tid=000] => processing rate of     5.23 MB/sec 

