
Start time     : 2018-10-24T14:41:00
Program name   : esorex
Severity level : [ INFO  ] 

14:41:00 [ INFO  ] : [tid=000] This is EsoRex, version 3.13.1
14:41:00 [ INFO  ] : [tid=000] using the libraries: CPL = 7.1, CFITSIO = 3.36, WCSLIB = 4.24, FFTW (normal precision) = 3.3.4-sse2, FFTW (single precision) = 3.3.4-sse2, CPL FLOP counting is unavailable, enable with -DCPL_ADD_FLOPS, OPENMP = 200805
14:41:00 [ INFO  ] : [tid=000] Invocation command line was: /home/mmarcano/Documents/VIMOS/NGC6652/esorex/bin/esorex --output-dir=/home/mmarcano/Documents/VIMOS/NGC6652/data/NGC6652A3/2003-06-04T04:00/RawESOdata/quadrant2 --log-dir=/home/mmarcano/Documents/VIMOS/NGC6652/data/NGC6652A3/2003-06-04T04:00/RawESOdata/quadrant2 vmifucalib /home/mmarcano/Documents/VIMOS/NGC6652/data/NGC6652A3/2003-06-04T04:00/RawESOdata/quadrant2/calib.sof
14:41:00 [ INFO  ] vimos_print_banner: [tid=000] *****************************************
14:41:00 [ INFO  ] vimos_print_banner: [tid=000] Welcome to VIMOS Pipeline release 3.2.3
14:41:00 [ INFO  ] vimos_print_banner: [tid=000] *****************************************
14:41:00 [ INFO  ] vmifucalib: [tid=000] Loading the input frames...
14:41:00 [ INFO  ] vmifucalib: [tid=000] Processing data from quadrant 2, HR_blue/Free, shutter ON...
14:41:00 [ INFO  ] vmifucalib: [tid=000] Bias removal...
14:41:00 [ INFO  ] vmifucalib: [tid=000] Processing spectra in pseudo-slit 2:
14:41:00 [ INFO  ] vmifucalib: [tid=000]   Identify and trace flat field spectra...
14:41:01 [ INFO  ] ifuIdentifyUpgrade: [tid=000]   Cross-correlation offset with reference identification: 0.118953
14:41:01 [ INFO  ] vmifucalib: [tid=000]     358 out of 400 spectra were identified and traced.
14:41:01 [ INFO  ] vmifucalib: [tid=000]   Extract flat field spectra...
14:41:03 [ INFO  ] vmifucalib: [tid=000]   Extract arc lamp spectra...
14:41:06 [ INFO  ] vmifucalib: [tid=000]   Compute the wavelength calibration (blind)...
14:41:06 [ INFO  ] vmifucalib: [tid=000]     356 out of 358 extracted spectra were wavelength calibrated.
14:41:06 [ INFO  ] vmifucalib: [tid=000]   Resample flat field spectra at constant wavelength step (0.54 Angstrom)
14:41:06 [ INFO  ] vmifucalib: [tid=000]   Resample arc lamp spectra at constant wavelength step (0.54 Angstrom)
14:41:06 [ INFO  ] vmifucalib: [tid=000] Derive the relative transmission correction from extracted flat field spectra...
14:41:06 [ INFO  ] vmifucalib: [tid=000] Computing QC1 parameters...
14:41:06 [ INFO  ] vmifucalib: [tid=000] Flux of He 5015.68: 10037.31 +/- 1953.79 ADU/fiber/s
14:41:06 [ INFO  ] vmifucalib: [tid=000] Flux of Ne 5944.83: 17641.04 +/- 3667.56 ADU/fiber/s
14:41:06 [WARNING] vmifucalib: [tid=000] No Ar lines in HR_blue spectral range: corresponding QC1 parameters are not computed.
14:41:06 [ INFO  ] vmifucalib: [tid=000] Spectral resolution at 6030.00: 3115.31 +/- 166.26
14:41:06 [ INFO  ] vmifucalib: [tid=000] Spectral resolution at 5015.67: 2762.54 +/- 152.39
14:41:06 [ INFO  ] vmifucalib: [tid=000] Spectral resolution at 4471.48: 2639.60 +/- 108.06
14:41:06 [ INFO  ] distortionsRms: [tid=000] RMS for 4026.19: line not available
14:41:06 [ INFO  ] distortionsRms: [tid=000] RMS for 4471.48: 0.097
14:41:06 [ INFO  ] distortionsRms: [tid=000] RMS for 4713.14: 0.230
14:41:06 [ INFO  ] distortionsRms: [tid=000] RMS for 4921.93: 0.195
14:41:06 [ INFO  ] distortionsRms: [tid=000] RMS for 5015.67: 0.078
14:41:06 [ INFO  ] distortionsRms: [tid=000] RMS for 5764.42: 0.305
14:41:06 [ INFO  ] distortionsRms: [tid=000] RMS for 5852.49: 0.211
14:41:06 [ INFO  ] distortionsRms: [tid=000] RMS for 5875.62: 0.173
14:41:06 [ INFO  ] distortionsRms: [tid=000] RMS for 5944.83: 0.244
14:41:06 [ INFO  ] distortionsRms: [tid=000] RMS for 6030.00: 0.227
14:41:06 [ INFO  ] distortionsRms: [tid=000] RMS for 6074.34: 0.287
14:41:06 [ INFO  ] distortionsRms: [tid=000] RMS for 6096.16: 0.163
14:41:06 [ INFO  ] distortionsRms: [tid=000] RMS for 6143.06: 0.265
14:41:06 [ INFO  ] distortionsRms: [tid=000] RMS for 6163.59: 0.252
14:41:06 [ INFO  ] distortionsRms: [tid=000] RMS for 6217.28: 0.060
14:41:06 [ INFO  ] distortionsRms: [tid=000] RMS for 6266.50: line not available
14:41:06 [ INFO  ] vmifucalib: [tid=000] IDS RMS: 0.207 pixel
14:41:07 [ INFO  ] : [tid=000] Calculating product checksums
14:41:07 [ INFO  ] : [tid=000] Created product /home/mmarcano/Documents/VIMOS/NGC6652/data/NGC6652A3/2003-06-04T04:00/RawESOdata/quadrant2/ifu_arc_spectrum_extracted.fits
14:41:07 [ INFO  ] : [tid=000] Created product /home/mmarcano/Documents/VIMOS/NGC6652/data/NGC6652A3/2003-06-04T04:00/RawESOdata/quadrant2/ifu_flat_spectrum_extracted.fits
14:41:07 [ INFO  ] : [tid=000] Created product /home/mmarcano/Documents/VIMOS/NGC6652/data/NGC6652A3/2003-06-04T04:00/RawESOdata/quadrant2/ifu_ids.fits
14:41:07 [ INFO  ] : [tid=000] Created product /home/mmarcano/Documents/VIMOS/NGC6652/data/NGC6652A3/2003-06-04T04:00/RawESOdata/quadrant2/ifu_master_screen_flat.fits
14:41:07 [ INFO  ] : [tid=000] Created product /home/mmarcano/Documents/VIMOS/NGC6652/data/NGC6652A3/2003-06-04T04:00/RawESOdata/quadrant2/ifu_trace.fits
14:41:07 [ INFO  ] : [tid=000] Created product /home/mmarcano/Documents/VIMOS/NGC6652/data/NGC6652A3/2003-06-04T04:00/RawESOdata/quadrant2/ifu_transmission.fits
14:41:07 [ INFO  ] : [tid=000] 6 products created
14:41:07 [ INFO  ] : [tid=000] Recipe operation(s) took           7.24 seconds to complete.
14:41:07 [ INFO  ] : [tid=000] Total size of 2 raw input frames  =    35.27 MB

14:41:07 [ INFO  ] : [tid=000] => processing rate of     4.87 MB/sec 

