
Start time     : 2018-09-19T11:53:28
Program name   : esorex
Severity level : [ INFO  ] 

11:53:28 [ INFO  ] : [tid=000] This is EsoRex, version 3.13.1
11:53:28 [ INFO  ] : [tid=000] using the libraries: CPL = 7.1, CFITSIO = 3.36, WCSLIB = 4.24, FFTW (normal precision) = 3.3.4-sse2, FFTW (single precision) = 3.3.4-sse2, CPL FLOP counting is unavailable, enable with -DCPL_ADD_FLOPS, OPENMP = 200805
11:53:28 [ INFO  ] : [tid=000] Invocation command line was: /home/mmarcano/Documents/VIMOS/NGC6652/esorex/bin/esorex --output-dir=/home/mmarcano/Documents/VIMOS/NGC6652/data/NGC6652B4/2003-06-24T04:24:10/RawESOdata/quadrant3 --log-dir=/home/mmarcano/Documents/VIMOS/NGC6652/data/NGC6652B4/2003-06-24T04:24:10/RawESOdata/quadrant3 vmifustandard /home/mmarcano/Documents/VIMOS/NGC6652/data/NGC6652B4/2003-06-24T04:24:10/RawESOdata/quadrant3/ifustandard.sof
11:53:28 [ INFO  ] vmifustandard: [tid=000] Loading input frames...
11:53:28 [ INFO  ] vmifustandard: [tid=000] Bias removal...
11:53:28 [ INFO  ] vmifustandard: [tid=000] Processing data from quadrant 3, HR_blue/Free, shutter ON...
11:53:28 [ INFO  ] vmifustandard: [tid=000] Processing data from quadrant 3...
11:53:28 [ INFO  ] vmifustandard: [tid=000] Processing spectra in pseudo-slit 2:
11:53:28 [ INFO  ] vmifustandard: [tid=000]   Load flat field tracing table...
11:53:29 [ INFO  ] vmifustandard: [tid=000]   Detect traceable spectra on standard star exposure...
11:53:29 [ INFO  ] vmifustandard: [tid=000]     34 spectra detected on standard star exposure.
11:53:29 [ INFO  ] vmifustandard: [tid=000]   Tracing detected spectra...
11:53:29 [ INFO  ] vmifustandard: [tid=000]   Identify traced spectra on standard star exposure...
11:53:29 [ INFO  ] vmifustandard: [tid=000]   Align flat field tracings to standard star exposure...
11:53:29 [ INFO  ] vmifustandard: [tid=000]   Simple extraction of standard star and sky spectra...
11:53:33 [ INFO  ] vmifustandard: [tid=000]   Align wavelength calibration to detected sky lines...
11:53:33 [ INFO  ] ifuAlignSkylines: [tid=000]   Applying median shift of 3.770949 px
11:53:33 [ INFO  ] ifuAlignSkylines: [tid=000]   NOT applying individual shifts
11:53:33 [ INFO  ] vmifustandard: [tid=000]     Alignment: 3.77 CCD pixels
11:53:33 [ INFO  ] vmifustandard: [tid=000]   Resample standard star spectra at constant wavelength step (0.54 Angstrom)
11:53:33 [ INFO  ] vmifustandard: [tid=000] Apply transmission correction to extracted spectra...
11:53:33 [ INFO  ] vmifustandard: [tid=000] Computing QC1 parameters...
11:53:33 [ INFO  ] createFitsTable: [tid=000] Table ifu_specphot_table.fits (SPH) created.
11:53:33 [ INFO  ] : [tid=000] Calculating product checksums
11:53:33 [ INFO  ] : [tid=000] Created product /home/mmarcano/Documents/VIMOS/NGC6652/data/NGC6652B4/2003-06-24T04:24:10/RawESOdata/quadrant3/ifu_science_sky.fits
11:53:33 [ INFO  ] : [tid=000] Created product /home/mmarcano/Documents/VIMOS/NGC6652/data/NGC6652B4/2003-06-24T04:24:10/RawESOdata/quadrant3/ifu_specphot_table.fits
11:53:33 [ INFO  ] : [tid=000] Created product /home/mmarcano/Documents/VIMOS/NGC6652/data/NGC6652B4/2003-06-24T04:24:10/RawESOdata/quadrant3/ifu_standard_extracted.fits
11:53:33 [ INFO  ] : [tid=000] Created product /home/mmarcano/Documents/VIMOS/NGC6652/data/NGC6652B4/2003-06-24T04:24:10/RawESOdata/quadrant3/ifu_standard_reduced.fits
11:53:33 [ INFO  ] : [tid=000] Created product /home/mmarcano/Documents/VIMOS/NGC6652/data/NGC6652B4/2003-06-24T04:24:10/RawESOdata/quadrant3/ifu_std_fov.fits
11:53:33 [ INFO  ] : [tid=000] 5 products created
11:53:33 [ INFO  ] : [tid=000] Recipe operation(s) took           4.82 seconds to complete.
11:53:33 [ INFO  ] : [tid=000] Size of single raw input frame  =    17.64 MB

11:53:33 [ INFO  ] : [tid=000] => processing rate of     3.66 MB/sec 

