This file contains any messages produced by compilers while
running configure, to aid debugging if configure makes a mistake.

It was created by C Extension Library configure 1.2.2, which was
generated by GNU Autoconf 2.69.  Invocation command line was

  $ ./configure --disable-option-checking --prefix=/home/mmarcano/Documents/VIMOS/NGC6652/esorex --with-wcslib=/home/mmarcano/Documents/VIMOS/NGC6652/esorex CPPFLAGS=-DCX_DISABLE_ASSERT -DL2_CACHE_BYTES=0 CFITSIODIR=/home/mmarcano/Documents/VIMOS/NGC6652/esorex FFTWDIR=/home/mmarcano/Documents/VIMOS/NGC6652/esorex --enable-ltdl-convenience htmldir=${docdir} --cache-file=/dev/null --srcdir=.

## --------- ##
## Platform. ##
## --------- ##

hostname = krieger.ttu.edu
uname -m = x86_64
uname -r = 2.6.32-696.13.2.el6.x86_64
uname -s = Linux
uname -v = #1 SMP Thu Oct 5 17:13:40 CDT 2017

/usr/bin/uname -p = unknown
/bin/uname -X     = unknown

/bin/arch              = x86_64
/usr/bin/arch -k       = unknown
/usr/convex/getsysinfo = unknown
/usr/bin/hostinfo      = unknown
/bin/machine           = unknown
/usr/bin/oslevel       = unknown
/bin/universe          = unknown

PATH: /home/mmarcano/anaconda3/bin
PATH: /home/mmarcano/anaconda3/bin
PATH: /usr/local/snid-5.0/bin
PATH: /usr/local/sched/bin/
PATH: /usr/lib64/qt-3.3/bin
PATH: /usr/local/MATLAB/R2013a/bin/
PATH: /usr/local/karma/bin
PATH: /usr/local/casutools/bin
PATH: /usr/local/casa-release-4.5.2-el6/
PATH: /usr/local/astrometry/bin
PATH: /usr/local/bin
PATH: /bin
PATH: /usr/bin
PATH: /usr/local/sbin
PATH: /usr/sbin
PATH: /sbin
PATH: /home/mmarcano22/Documents/Computer/Montage/bin
PATH: /home/mmarcano22/.gem/ruby/2.3.0/bin
PATH: /home/mmarcano22/Documents/Computer/Montage/bin
PATH: /home/mmarcano22/.gem/ruby/2.3.0/bin


## ----------- ##
## Core tests. ##
## ----------- ##

configure:2640: checking for a BSD-compatible install
configure:2708: result: /usr/bin/install -c
configure:2719: checking whether build environment is sane
configure:2774: result: yes
configure:2925: checking for a thread-safe mkdir -p
configure:2964: result: /bin/mkdir -p
configure:2971: checking for gawk
configure:2987: found /bin/gawk
configure:2998: result: gawk
configure:3009: checking whether make sets $(MAKE)
configure:3031: result: yes
configure:3060: checking whether make supports nested variables
configure:3077: result: yes
configure:3205: checking whether to enable maintainer-specific portions of Makefiles
configure:3214: result: no
configure:3319: checking for gcc
configure:3335: found /usr/bin/gcc
configure:3346: result: gcc
configure:3575: checking for C compiler version
configure:3584: gcc --version >&5
gcc (GCC) 4.4.7 20120313 (Red Hat 4.4.7-18)
Copyright (C) 2010 Free Software Foundation, Inc.
This is free software; see the source for copying conditions.  There is NO
warranty; not even for MERCHANTABILITY or FITNESS FOR A PARTICULAR PURPOSE.

configure:3595: $? = 0
configure:3584: gcc -v >&5
Using built-in specs.
Target: x86_64-redhat-linux
Configured with: ../configure --prefix=/usr --mandir=/usr/share/man --infodir=/usr/share/info --with-bugurl=http://bugzilla.redhat.com/bugzilla --enable-bootstrap --enable-shared --enable-threads=posix --enable-checking=release --with-system-zlib --enable-__cxa_atexit --disable-libunwind-exceptions --enable-gnu-unique-object --enable-languages=c,c++,objc,obj-c++,java,fortran,ada --enable-java-awt=gtk --disable-dssi --with-java-home=/usr/lib/jvm/java-1.5.0-gcj-1.5.0.0/jre --enable-libgcj-multifile --enable-java-maintainer-mode --with-ecj-jar=/usr/share/java/eclipse-ecj.jar --disable-libjava-multilib --with-ppl --with-cloog --with-tune=generic --with-arch_32=i686 --build=x86_64-redhat-linux
Thread model: posix
gcc version 4.4.7 20120313 (Red Hat 4.4.7-18) (GCC) 
configure:3595: $? = 0
configure:3584: gcc -V >&5
gcc: '-V' option must have argument
configure:3595: $? = 1
configure:3584: gcc -qversion >&5
gcc: unrecognized option '-qversion'
gcc: no input files
configure:3595: $? = 1
configure:3615: checking whether the C compiler works
configure:3637: gcc  -DCX_DISABLE_ASSERT -DL2_CACHE_BYTES=0  conftest.c  >&5
configure:3641: $? = 0
configure:3689: result: yes
configure:3692: checking for C compiler default output file name
configure:3694: result: a.out
configure:3700: checking for suffix of executables
configure:3707: gcc -o conftest  -DCX_DISABLE_ASSERT -DL2_CACHE_BYTES=0  conftest.c  >&5
configure:3711: $? = 0
configure:3733: result: 
configure:3755: checking whether we are cross compiling
configure:3763: gcc -o conftest  -DCX_DISABLE_ASSERT -DL2_CACHE_BYTES=0  conftest.c  >&5
configure:3767: $? = 0
configure:3774: ./conftest
configure:3778: $? = 0
configure:3793: result: no
configure:3798: checking for suffix of object files
configure:3820: gcc -c  -DCX_DISABLE_ASSERT -DL2_CACHE_BYTES=0 conftest.c >&5
configure:3824: $? = 0
configure:3845: result: o
configure:3849: checking whether we are using the GNU C compiler
configure:3868: gcc -c  -DCX_DISABLE_ASSERT -DL2_CACHE_BYTES=0 conftest.c >&5
configure:3868: $? = 0
configure:3877: result: yes
configure:3886: checking whether gcc accepts -g
configure:3906: gcc -c -g -DCX_DISABLE_ASSERT -DL2_CACHE_BYTES=0 conftest.c >&5
configure:3906: $? = 0
configure:3947: result: yes
configure:3964: checking for gcc option to accept ISO C89
configure:4027: gcc  -c -g -O2 -DCX_DISABLE_ASSERT -DL2_CACHE_BYTES=0 conftest.c >&5
configure:4027: $? = 0
configure:4040: result: none needed
configure:4065: checking whether gcc understands -c and -o together
configure:4087: gcc -c conftest.c -o conftest2.o
configure:4090: $? = 0
configure:4087: gcc -c conftest.c -o conftest2.o
configure:4090: $? = 0
configure:4102: result: yes
configure:4130: checking for style of include used by make
configure:4158: result: GNU
configure:4184: checking dependency style of gcc
configure:4295: result: gcc3
configure:4316: checking whether gcc supports -fno-builtin
configure:4351: result: yes
configure:4366: checking whether gcc supports -fno-common
configure:4401: result: yes
configure:4427: checking whether debugging code should be created
configure:4434: result: no
configure:4773: checking for grep that handles long lines and -e
configure:4831: result: /bin/grep
configure:4836: checking for egrep
configure:4898: result: /bin/grep -E
configure:4915: checking whether strict compiler options should be used
configure:4922: result: no
configure:5048: checking for doxygen
configure:5066: found /usr/bin/doxygen
configure:5078: result: /usr/bin/doxygen
configure:5090: checking for latex
configure:5108: found /usr/bin/latex
configure:5120: result: /usr/bin/latex
configure:5233: checking build system type
configure:5247: result: x86_64-unknown-linux-gnu
configure:5267: checking host system type
configure:5280: result: x86_64-unknown-linux-gnu
configure:5321: checking how to print strings
configure:5348: result: printf
configure:5369: checking for a sed that does not truncate output
configure:5433: result: /bin/sed
configure:5451: checking for fgrep
configure:5513: result: /bin/grep -F
configure:5548: checking for ld used by gcc
configure:5615: result: /usr/bin/ld
configure:5622: checking if the linker (/usr/bin/ld) is GNU ld
configure:5637: result: yes
configure:5649: checking for BSD- or MS-compatible name lister (nm)
configure:5703: result: /usr/bin/nm -B
configure:5833: checking the name lister (/usr/bin/nm -B) interface
configure:5840: gcc -c -g -O2 -fno-builtin -fno-common -DCX_DISABLE_ASSERT -DL2_CACHE_BYTES=0 conftest.c >&5
configure:5843: /usr/bin/nm -B "conftest.o"
configure:5846: output
0000000000000000 B some_variable
configure:5853: result: BSD nm
configure:5856: checking whether ln -s works
configure:5860: result: yes
configure:5868: checking the maximum length of command line arguments
configure:5999: result: 1966080
configure:6047: checking how to convert x86_64-unknown-linux-gnu file names to x86_64-unknown-linux-gnu format
configure:6087: result: func_convert_file_noop
configure:6094: checking how to convert x86_64-unknown-linux-gnu file names to toolchain format
configure:6114: result: func_convert_file_noop
configure:6121: checking for /usr/bin/ld option to reload object files
configure:6128: result: -r
configure:6202: checking for objdump
configure:6218: found /usr/bin/objdump
configure:6229: result: objdump
configure:6261: checking how to recognize dependent libraries
configure:6461: result: pass_all
configure:6546: checking for dlltool
configure:6576: result: no
configure:6606: checking how to associate runtime and link libraries
configure:6633: result: printf %s\n
configure:6694: checking for ar
configure:6710: found /usr/bin/ar
configure:6721: result: ar
configure:6758: checking for archiver @FILE support
configure:6775: gcc -c -g -O2 -fno-builtin -fno-common -DCX_DISABLE_ASSERT -DL2_CACHE_BYTES=0 conftest.c >&5
configure:6775: $? = 0
configure:6778: ar cru libconftest.a @conftest.lst >&5
configure:6781: $? = 0
configure:6786: ar cru libconftest.a @conftest.lst >&5
ar: conftest.o: No such file or directory
configure:6789: $? = 1
configure:6801: result: @
configure:6859: checking for strip
configure:6875: found /usr/bin/strip
configure:6886: result: strip
configure:6958: checking for ranlib
configure:6974: found /usr/bin/ranlib
configure:6985: result: ranlib
configure:7087: checking command to parse /usr/bin/nm -B output from gcc object
configure:7240: gcc -c -g -O2 -fno-builtin -fno-common -DCX_DISABLE_ASSERT -DL2_CACHE_BYTES=0 conftest.c >&5
configure:7243: $? = 0
configure:7247: /usr/bin/nm -B conftest.o \| sed -n -e 's/^.*[ ]\([ABCDGIRSTW][ABCDGIRSTW]*\)[ ][ ]*\([_A-Za-z][_A-Za-z0-9]*\)$/\1 \2 \2/p' | sed '/ __gnu_lto/d' \> conftest.nm
configure:7250: $? = 0
configure:7316: gcc -o conftest -g -O2 -fno-builtin -fno-common -DCX_DISABLE_ASSERT -DL2_CACHE_BYTES=0  conftest.c conftstm.o >&5
configure:7319: $? = 0
configure:7357: result: ok
configure:7404: checking for sysroot
configure:7434: result: no
configure:7441: checking for a working dd
configure:7479: result: /bin/dd
configure:7483: checking how to truncate binary pipes
configure:7498: result: /bin/dd bs=4096 count=1
configure:7634: gcc -c -g -O2 -fno-builtin -fno-common -DCX_DISABLE_ASSERT -DL2_CACHE_BYTES=0 conftest.c >&5
configure:7637: $? = 0
configure:7827: checking for mt
configure:7857: result: no
configure:7877: checking if : is a manifest tool
configure:7883: : '-?'
configure:7891: result: no
configure:8568: checking how to run the C preprocessor
configure:8599: gcc -E -DCX_DISABLE_ASSERT -DL2_CACHE_BYTES=0 conftest.c
configure:8599: $? = 0
configure:8613: gcc -E -DCX_DISABLE_ASSERT -DL2_CACHE_BYTES=0 conftest.c
conftest.c:11:28: error: ac_nonexistent.h: No such file or directory
configure:8613: $? = 1
configure: failed program was:
| /* confdefs.h */
| #define PACKAGE_NAME "C Extension Library"
| #define PACKAGE_TARNAME "cext"
| #define PACKAGE_VERSION "1.2.2"
| #define PACKAGE_STRING "C Extension Library 1.2.2"
| #define PACKAGE_BUGREPORT "cpl-help@eso.org"
| #define PACKAGE_URL ""
| #define PACKAGE "cext"
| #define VERSION "1.2.2"
| /* end confdefs.h.  */
| #include <ac_nonexistent.h>
configure:8638: result: gcc -E
configure:8658: gcc -E -DCX_DISABLE_ASSERT -DL2_CACHE_BYTES=0 conftest.c
configure:8658: $? = 0
configure:8672: gcc -E -DCX_DISABLE_ASSERT -DL2_CACHE_BYTES=0 conftest.c
conftest.c:11:28: error: ac_nonexistent.h: No such file or directory
configure:8672: $? = 1
configure: failed program was:
| /* confdefs.h */
| #define PACKAGE_NAME "C Extension Library"
| #define PACKAGE_TARNAME "cext"
| #define PACKAGE_VERSION "1.2.2"
| #define PACKAGE_STRING "C Extension Library 1.2.2"
| #define PACKAGE_BUGREPORT "cpl-help@eso.org"
| #define PACKAGE_URL ""
| #define PACKAGE "cext"
| #define VERSION "1.2.2"
| /* end confdefs.h.  */
| #include <ac_nonexistent.h>
configure:8701: checking for ANSI C header files
configure:8721: gcc -c -g -O2 -fno-builtin -fno-common -DCX_DISABLE_ASSERT -DL2_CACHE_BYTES=0 conftest.c >&5
configure:8721: $? = 0
configure:8794: gcc -o conftest -g -O2 -fno-builtin -fno-common -DCX_DISABLE_ASSERT -DL2_CACHE_BYTES=0  conftest.c  >&5
configure:8794: $? = 0
configure:8794: ./conftest
configure:8794: $? = 0
configure:8805: result: yes
configure:8818: checking for sys/types.h
configure:8818: gcc -c -g -O2 -fno-builtin -fno-common -DCX_DISABLE_ASSERT -DL2_CACHE_BYTES=0 conftest.c >&5
configure:8818: $? = 0
configure:8818: result: yes
configure:8818: checking for sys/stat.h
configure:8818: gcc -c -g -O2 -fno-builtin -fno-common -DCX_DISABLE_ASSERT -DL2_CACHE_BYTES=0 conftest.c >&5
configure:8818: $? = 0
configure:8818: result: yes
configure:8818: checking for stdlib.h
configure:8818: gcc -c -g -O2 -fno-builtin -fno-common -DCX_DISABLE_ASSERT -DL2_CACHE_BYTES=0 conftest.c >&5
configure:8818: $? = 0
configure:8818: result: yes
configure:8818: checking for string.h
configure:8818: gcc -c -g -O2 -fno-builtin -fno-common -DCX_DISABLE_ASSERT -DL2_CACHE_BYTES=0 conftest.c >&5
configure:8818: $? = 0
configure:8818: result: yes
configure:8818: checking for memory.h
configure:8818: gcc -c -g -O2 -fno-builtin -fno-common -DCX_DISABLE_ASSERT -DL2_CACHE_BYTES=0 conftest.c >&5
configure:8818: $? = 0
configure:8818: result: yes
configure:8818: checking for strings.h
configure:8818: gcc -c -g -O2 -fno-builtin -fno-common -DCX_DISABLE_ASSERT -DL2_CACHE_BYTES=0 conftest.c >&5
configure:8818: $? = 0
configure:8818: result: yes
configure:8818: checking for inttypes.h
configure:8818: gcc -c -g -O2 -fno-builtin -fno-common -DCX_DISABLE_ASSERT -DL2_CACHE_BYTES=0 conftest.c >&5
configure:8818: $? = 0
configure:8818: result: yes
configure:8818: checking for stdint.h
configure:8818: gcc -c -g -O2 -fno-builtin -fno-common -DCX_DISABLE_ASSERT -DL2_CACHE_BYTES=0 conftest.c >&5
configure:8818: $? = 0
configure:8818: result: yes
configure:8818: checking for unistd.h
configure:8818: gcc -c -g -O2 -fno-builtin -fno-common -DCX_DISABLE_ASSERT -DL2_CACHE_BYTES=0 conftest.c >&5
configure:8818: $? = 0
configure:8818: result: yes
configure:8832: checking for dlfcn.h
configure:8832: gcc -c -g -O2 -fno-builtin -fno-common -DCX_DISABLE_ASSERT -DL2_CACHE_BYTES=0 conftest.c >&5
configure:8832: $? = 0
configure:8832: result: yes
configure:9028: checking for objdir
configure:9043: result: .libs
configure:9307: checking if gcc supports -fno-rtti -fno-exceptions
configure:9325: gcc -c -g -O2 -fno-builtin -fno-common -DCX_DISABLE_ASSERT -DL2_CACHE_BYTES=0 -fno-rtti -fno-exceptions conftest.c >&5
cc1: warning: command line option "-fno-rtti" is valid for C++/ObjC++ but not for C
configure:9329: $? = 0
configure:9342: result: no
configure:9700: checking for gcc option to produce PIC
configure:9707: result: -fPIC -DPIC
configure:9715: checking if gcc PIC flag -fPIC -DPIC works
configure:9733: gcc -c -g -O2 -fno-builtin -fno-common -DCX_DISABLE_ASSERT -DL2_CACHE_BYTES=0 -fPIC -DPIC -DPIC conftest.c >&5
configure:9737: $? = 0
configure:9750: result: yes
configure:9779: checking if gcc static flag -static works
configure:9807: result: no
configure:9822: checking if gcc supports -c -o file.o
configure:9843: gcc -c -g -O2 -fno-builtin -fno-common -DCX_DISABLE_ASSERT -DL2_CACHE_BYTES=0 -o out/conftest2.o conftest.c >&5
configure:9847: $? = 0
configure:9869: result: yes
configure:9877: checking if gcc supports -c -o file.o
configure:9924: result: yes
configure:9957: checking whether the gcc linker (/usr/bin/ld -m elf_x86_64) supports shared libraries
configure:11216: result: yes
configure:11253: checking whether -lc should be explicitly linked in
configure:11261: gcc -c -g -O2 -fno-builtin -fno-common -DCX_DISABLE_ASSERT -DL2_CACHE_BYTES=0 conftest.c >&5
configure:11264: $? = 0
configure:11279: gcc -shared  -fPIC -DPIC conftest.o  -v -Wl,-soname -Wl,conftest -o conftest 2\>\&1 \| /bin/grep  -lc  \>/dev/null 2\>\&1
configure:11282: $? = 0
configure:11296: result: no
configure:11456: checking dynamic linker characteristics
configure:12037: gcc -o conftest -g -O2 -fno-builtin -fno-common -DCX_DISABLE_ASSERT -DL2_CACHE_BYTES=0  -Wl,-rpath -Wl,/foo conftest.c  >&5
configure:12037: $? = 0
configure:12274: result: GNU/Linux ld.so
configure:12396: checking how to hardcode library paths into programs
configure:12421: result: immediate
configure:12969: checking whether stripping libraries is possible
configure:12974: result: yes
configure:13009: checking if libtool supports shared libraries
configure:13011: result: yes
configure:13014: checking whether to build shared libraries
configure:13039: result: yes
configure:13042: checking whether to build static libraries
configure:13046: result: yes
configure:13105: checking whether gcc supports -pthread
configure:13140: result: yes
configure:13152: checking for pthread_create in -lpthread
configure:13177: gcc -o conftest -g -O2 -fno-builtin -fno-common -DCX_DISABLE_ASSERT -DL2_CACHE_BYTES=0  conftest.c -lpthread   >&5
configure:13177: $? = 0
configure:13186: result: yes
configure:13195: checking pthread.h usability
configure:13195: gcc -c -g -O2 -fno-builtin -fno-common -DCX_DISABLE_ASSERT -DL2_CACHE_BYTES=0 conftest.c >&5
configure:13195: $? = 0
configure:13195: result: yes
configure:13195: checking pthread.h presence
configure:13195: gcc -E -DCX_DISABLE_ASSERT -DL2_CACHE_BYTES=0 conftest.c
configure:13195: $? = 0
configure:13195: result: yes
configure:13195: checking for pthread.h
configure:13195: result: yes
configure:13270: checking whether POSIX threads are available
configure:13291: result: yes
configure:13300: checking for ANSI C header files
configure:13404: result: yes
configure:13416: checking stddef.h usability
configure:13416: gcc -c -g -O2 -fno-builtin -fno-common -D_REENTRANT -DCX_DISABLE_ASSERT -DL2_CACHE_BYTES=0 conftest.c >&5
configure:13416: $? = 0
configure:13416: result: yes
configure:13416: checking stddef.h presence
configure:13416: gcc -E -DCX_DISABLE_ASSERT -DL2_CACHE_BYTES=0 conftest.c
configure:13416: $? = 0
configure:13416: result: yes
configure:13416: checking for stddef.h
configure:13416: result: yes
configure:13416: checking for stdint.h
configure:13416: result: yes
configure:13416: checking stdarg.h usability
configure:13416: gcc -c -g -O2 -fno-builtin -fno-common -D_REENTRANT -DCX_DISABLE_ASSERT -DL2_CACHE_BYTES=0 conftest.c >&5
configure:13416: $? = 0
configure:13416: result: yes
configure:13416: checking stdarg.h presence
configure:13416: gcc -E -DCX_DISABLE_ASSERT -DL2_CACHE_BYTES=0 conftest.c
configure:13416: $? = 0
configure:13416: result: yes
configure:13416: checking for stdarg.h
configure:13416: result: yes
configure:13416: checking for inttypes.h
configure:13416: result: yes
configure:13416: checking float.h usability
configure:13416: gcc -c -g -O2 -fno-builtin -fno-common -D_REENTRANT -DCX_DISABLE_ASSERT -DL2_CACHE_BYTES=0 conftest.c >&5
configure:13416: $? = 0
configure:13416: result: yes
configure:13416: checking float.h presence
configure:13416: gcc -E -DCX_DISABLE_ASSERT -DL2_CACHE_BYTES=0 conftest.c
configure:13416: $? = 0
configure:13416: result: yes
configure:13416: checking for float.h
configure:13416: result: yes
configure:13416: checking limits.h usability
configure:13416: gcc -c -g -O2 -fno-builtin -fno-common -D_REENTRANT -DCX_DISABLE_ASSERT -DL2_CACHE_BYTES=0 conftest.c >&5
configure:13416: $? = 0
configure:13416: result: yes
configure:13416: checking limits.h presence
configure:13416: gcc -E -DCX_DISABLE_ASSERT -DL2_CACHE_BYTES=0 conftest.c
configure:13416: $? = 0
configure:13416: result: yes
configure:13416: checking for limits.h
configure:13416: result: yes
configure:13416: checking locale.h usability
configure:13416: gcc -c -g -O2 -fno-builtin -fno-common -D_REENTRANT -DCX_DISABLE_ASSERT -DL2_CACHE_BYTES=0 conftest.c >&5
configure:13416: $? = 0
configure:13416: result: yes
configure:13416: checking locale.h presence
configure:13416: gcc -E -DCX_DISABLE_ASSERT -DL2_CACHE_BYTES=0 conftest.c
configure:13416: $? = 0
configure:13416: result: yes
configure:13416: checking for locale.h
configure:13416: result: yes
configure:13416: checking values.h usability
configure:13416: gcc -c -g -O2 -fno-builtin -fno-common -D_REENTRANT -DCX_DISABLE_ASSERT -DL2_CACHE_BYTES=0 conftest.c >&5
configure:13416: $? = 0
configure:13416: result: yes
configure:13416: checking values.h presence
configure:13416: gcc -E -DCX_DISABLE_ASSERT -DL2_CACHE_BYTES=0 conftest.c
configure:13416: $? = 0
configure:13416: result: yes
configure:13416: checking for values.h
configure:13416: result: yes
configure:13416: checking for unistd.h
configure:13416: result: yes
configure:13427: checking whether stat file-mode macros are broken
configure:13454: gcc -c -g -O2 -fno-builtin -fno-common -D_REENTRANT -DCX_DISABLE_ASSERT -DL2_CACHE_BYTES=0 conftest.c >&5
configure:13454: $? = 0
configure:13461: result: no
configure:13472: checking for an ANSI C-conforming const
configure:13538: gcc -c -g -O2 -fno-builtin -fno-common -D_REENTRANT -DCX_DISABLE_ASSERT -DL2_CACHE_BYTES=0 conftest.c >&5
configure:13538: $? = 0
configure:13545: result: yes
configure:13553: checking for inline
configure:13569: gcc -c -g -O2 -fno-builtin -fno-common -D_REENTRANT -DCX_DISABLE_ASSERT -DL2_CACHE_BYTES=0 conftest.c >&5
configure:13569: $? = 0
configure:13577: result: inline
configure:13600: checking if gcc supports __attribute__(( visibility("hidden") ))
configure:13613: gcc -c -g -O2 -fno-builtin -fno-common -D_REENTRANT -DCX_DISABLE_ASSERT -DL2_CACHE_BYTES=0 conftest.c >&5
configure:13613: $? = 0
configure:13622: result: yes
configure:13639: checking for long long int
configure:13639: gcc -c -g -O2 -fno-builtin -fno-common -D_REENTRANT -DCX_DISABLE_ASSERT -DL2_CACHE_BYTES=0 conftest.c >&5
configure:13639: $? = 0
configure:13639: gcc -c -g -O2 -fno-builtin -fno-common -D_REENTRANT -DCX_DISABLE_ASSERT -DL2_CACHE_BYTES=0 conftest.c >&5
conftest.c: In function 'main':
conftest.c:71: error: expected expression before ')' token
configure:13639: $? = 1
configure: failed program was:
| /* confdefs.h */
| #define PACKAGE_NAME "C Extension Library"
| #define PACKAGE_TARNAME "cext"
| #define PACKAGE_VERSION "1.2.2"
| #define PACKAGE_STRING "C Extension Library 1.2.2"
| #define PACKAGE_BUGREPORT "cpl-help@eso.org"
| #define PACKAGE_URL ""
| #define PACKAGE "cext"
| #define VERSION "1.2.2"
| #define STDC_HEADERS 1
| #define HAVE_SYS_TYPES_H 1
| #define HAVE_SYS_STAT_H 1
| #define HAVE_STDLIB_H 1
| #define HAVE_STRING_H 1
| #define HAVE_MEMORY_H 1
| #define HAVE_STRINGS_H 1
| #define HAVE_INTTYPES_H 1
| #define HAVE_STDINT_H 1
| #define HAVE_UNISTD_H 1
| #define HAVE_DLFCN_H 1
| #define LT_OBJDIR ".libs/"
| #define HAVE_PTHREAD_H 1
| #define CX_THREADS_ENABLED 1
| #define STDC_HEADERS 1
| #define HAVE_STDDEF_H 1
| #define HAVE_STDINT_H 1
| #define HAVE_STDARG_H 1
| #define HAVE_INTTYPES_H 1
| #define HAVE_FLOAT_H 1
| #define HAVE_LIMITS_H 1
| #define HAVE_LOCALE_H 1
| #define HAVE_VALUES_H 1
| #define HAVE_UNISTD_H 1
| /* end confdefs.h.  */
| #include <stdio.h>
| #ifdef HAVE_SYS_TYPES_H
| # include <sys/types.h>
| #endif
| #ifdef HAVE_SYS_STAT_H
| # include <sys/stat.h>
| #endif
| #ifdef STDC_HEADERS
| # include <stdlib.h>
| # include <stddef.h>
| #else
| # ifdef HAVE_STDLIB_H
| #  include <stdlib.h>
| # endif
| #endif
| #ifdef HAVE_STRING_H
| # if !defined STDC_HEADERS && defined HAVE_MEMORY_H
| #  include <memory.h>
| # endif
| # include <string.h>
| #endif
| #ifdef HAVE_STRINGS_H
| # include <strings.h>
| #endif
| #ifdef HAVE_INTTYPES_H
| # include <inttypes.h>
| #endif
| #ifdef HAVE_STDINT_H
| # include <stdint.h>
| #endif
| #ifdef HAVE_UNISTD_H
| # include <unistd.h>
| #endif
| int
| main ()
| {
| if (sizeof ((long long int)))
| 	    return 0;
|   ;
|   return 0;
| }
configure:13639: result: yes
configure:13654: checking for unsigned long long int
configure:13654: gcc -c -g -O2 -fno-builtin -fno-common -D_REENTRANT -DCX_DISABLE_ASSERT -DL2_CACHE_BYTES=0 conftest.c >&5
configure:13654: $? = 0
configure:13654: gcc -c -g -O2 -fno-builtin -fno-common -D_REENTRANT -DCX_DISABLE_ASSERT -DL2_CACHE_BYTES=0 conftest.c >&5
conftest.c: In function 'main':
conftest.c:72: error: expected expression before ')' token
configure:13654: $? = 1
configure: failed program was:
| /* confdefs.h */
| #define PACKAGE_NAME "C Extension Library"
| #define PACKAGE_TARNAME "cext"
| #define PACKAGE_VERSION "1.2.2"
| #define PACKAGE_STRING "C Extension Library 1.2.2"
| #define PACKAGE_BUGREPORT "cpl-help@eso.org"
| #define PACKAGE_URL ""
| #define PACKAGE "cext"
| #define VERSION "1.2.2"
| #define STDC_HEADERS 1
| #define HAVE_SYS_TYPES_H 1
| #define HAVE_SYS_STAT_H 1
| #define HAVE_STDLIB_H 1
| #define HAVE_STRING_H 1
| #define HAVE_MEMORY_H 1
| #define HAVE_STRINGS_H 1
| #define HAVE_INTTYPES_H 1
| #define HAVE_STDINT_H 1
| #define HAVE_UNISTD_H 1
| #define HAVE_DLFCN_H 1
| #define LT_OBJDIR ".libs/"
| #define HAVE_PTHREAD_H 1
| #define CX_THREADS_ENABLED 1
| #define STDC_HEADERS 1
| #define HAVE_STDDEF_H 1
| #define HAVE_STDINT_H 1
| #define HAVE_STDARG_H 1
| #define HAVE_INTTYPES_H 1
| #define HAVE_FLOAT_H 1
| #define HAVE_LIMITS_H 1
| #define HAVE_LOCALE_H 1
| #define HAVE_VALUES_H 1
| #define HAVE_UNISTD_H 1
| #define HAVE_LONG_LONG_INT 1
| /* end confdefs.h.  */
| #include <stdio.h>
| #ifdef HAVE_SYS_TYPES_H
| # include <sys/types.h>
| #endif
| #ifdef HAVE_SYS_STAT_H
| # include <sys/stat.h>
| #endif
| #ifdef STDC_HEADERS
| # include <stdlib.h>
| # include <stddef.h>
| #else
| # ifdef HAVE_STDLIB_H
| #  include <stdlib.h>
| # endif
| #endif
| #ifdef HAVE_STRING_H
| # if !defined STDC_HEADERS && defined HAVE_MEMORY_H
| #  include <memory.h>
| # endif
| # include <string.h>
| #endif
| #ifdef HAVE_STRINGS_H
| # include <strings.h>
| #endif
| #ifdef HAVE_INTTYPES_H
| # include <inttypes.h>
| #endif
| #ifdef HAVE_STDINT_H
| # include <stdint.h>
| #endif
| #ifdef HAVE_UNISTD_H
| # include <unistd.h>
| #endif
| int
| main ()
| {
| if (sizeof ((unsigned long long int)))
| 	    return 0;
|   ;
|   return 0;
| }
configure:13654: result: yes
configure:13670: checking for intmax_t
configure:13670: gcc -c -g -O2 -fno-builtin -fno-common -D_REENTRANT -DCX_DISABLE_ASSERT -DL2_CACHE_BYTES=0 conftest.c >&5
configure:13670: $? = 0
configure:13670: gcc -c -g -O2 -fno-builtin -fno-common -D_REENTRANT -DCX_DISABLE_ASSERT -DL2_CACHE_BYTES=0 conftest.c >&5
conftest.c: In function 'main':
conftest.c:73: error: expected expression before ')' token
configure:13670: $? = 1
configure: failed program was:
| /* confdefs.h */
| #define PACKAGE_NAME "C Extension Library"
| #define PACKAGE_TARNAME "cext"
| #define PACKAGE_VERSION "1.2.2"
| #define PACKAGE_STRING "C Extension Library 1.2.2"
| #define PACKAGE_BUGREPORT "cpl-help@eso.org"
| #define PACKAGE_URL ""
| #define PACKAGE "cext"
| #define VERSION "1.2.2"
| #define STDC_HEADERS 1
| #define HAVE_SYS_TYPES_H 1
| #define HAVE_SYS_STAT_H 1
| #define HAVE_STDLIB_H 1
| #define HAVE_STRING_H 1
| #define HAVE_MEMORY_H 1
| #define HAVE_STRINGS_H 1
| #define HAVE_INTTYPES_H 1
| #define HAVE_STDINT_H 1
| #define HAVE_UNISTD_H 1
| #define HAVE_DLFCN_H 1
| #define LT_OBJDIR ".libs/"
| #define HAVE_PTHREAD_H 1
| #define CX_THREADS_ENABLED 1
| #define STDC_HEADERS 1
| #define HAVE_STDDEF_H 1
| #define HAVE_STDINT_H 1
| #define HAVE_STDARG_H 1
| #define HAVE_INTTYPES_H 1
| #define HAVE_FLOAT_H 1
| #define HAVE_LIMITS_H 1
| #define HAVE_LOCALE_H 1
| #define HAVE_VALUES_H 1
| #define HAVE_UNISTD_H 1
| #define HAVE_LONG_LONG_INT 1
| #define HAVE_UNSIGNED_LONG_LONG_INT 1
| /* end confdefs.h.  */
| #include <stdio.h>
| #ifdef HAVE_SYS_TYPES_H
| # include <sys/types.h>
| #endif
| #ifdef HAVE_SYS_STAT_H
| # include <sys/stat.h>
| #endif
| #ifdef STDC_HEADERS
| # include <stdlib.h>
| # include <stddef.h>
| #else
| # ifdef HAVE_STDLIB_H
| #  include <stdlib.h>
| # endif
| #endif
| #ifdef HAVE_STRING_H
| # if !defined STDC_HEADERS && defined HAVE_MEMORY_H
| #  include <memory.h>
| # endif
| # include <string.h>
| #endif
| #ifdef HAVE_STRINGS_H
| # include <strings.h>
| #endif
| #ifdef HAVE_INTTYPES_H
| # include <inttypes.h>
| #endif
| #ifdef HAVE_STDINT_H
| # include <stdint.h>
| #endif
| #ifdef HAVE_UNISTD_H
| # include <unistd.h>
| #endif
| int
| main ()
| {
| if (sizeof ((intmax_t)))
| 	    return 0;
|   ;
|   return 0;
| }
configure:13670: result: yes
configure:13695: checking for uintmax_t
configure:13695: gcc -c -g -O2 -fno-builtin -fno-common -D_REENTRANT -DCX_DISABLE_ASSERT -DL2_CACHE_BYTES=0 conftest.c >&5
configure:13695: $? = 0
configure:13695: gcc -c -g -O2 -fno-builtin -fno-common -D_REENTRANT -DCX_DISABLE_ASSERT -DL2_CACHE_BYTES=0 conftest.c >&5
conftest.c: In function 'main':
conftest.c:74: error: expected expression before ')' token
configure:13695: $? = 1
configure: failed program was:
| /* confdefs.h */
| #define PACKAGE_NAME "C Extension Library"
| #define PACKAGE_TARNAME "cext"
| #define PACKAGE_VERSION "1.2.2"
| #define PACKAGE_STRING "C Extension Library 1.2.2"
| #define PACKAGE_BUGREPORT "cpl-help@eso.org"
| #define PACKAGE_URL ""
| #define PACKAGE "cext"
| #define VERSION "1.2.2"
| #define STDC_HEADERS 1
| #define HAVE_SYS_TYPES_H 1
| #define HAVE_SYS_STAT_H 1
| #define HAVE_STDLIB_H 1
| #define HAVE_STRING_H 1
| #define HAVE_MEMORY_H 1
| #define HAVE_STRINGS_H 1
| #define HAVE_INTTYPES_H 1
| #define HAVE_STDINT_H 1
| #define HAVE_UNISTD_H 1
| #define HAVE_DLFCN_H 1
| #define LT_OBJDIR ".libs/"
| #define HAVE_PTHREAD_H 1
| #define CX_THREADS_ENABLED 1
| #define STDC_HEADERS 1
| #define HAVE_STDDEF_H 1
| #define HAVE_STDINT_H 1
| #define HAVE_STDARG_H 1
| #define HAVE_INTTYPES_H 1
| #define HAVE_FLOAT_H 1
| #define HAVE_LIMITS_H 1
| #define HAVE_LOCALE_H 1
| #define HAVE_VALUES_H 1
| #define HAVE_UNISTD_H 1
| #define HAVE_LONG_LONG_INT 1
| #define HAVE_UNSIGNED_LONG_LONG_INT 1
| #define HAVE_INTMAX_T 1
| /* end confdefs.h.  */
| #include <stdio.h>
| #ifdef HAVE_SYS_TYPES_H
| # include <sys/types.h>
| #endif
| #ifdef HAVE_SYS_STAT_H
| # include <sys/stat.h>
| #endif
| #ifdef STDC_HEADERS
| # include <stdlib.h>
| # include <stddef.h>
| #else
| # ifdef HAVE_STDLIB_H
| #  include <stdlib.h>
| # endif
| #endif
| #ifdef HAVE_STRING_H
| # if !defined STDC_HEADERS && defined HAVE_MEMORY_H
| #  include <memory.h>
| # endif
| # include <string.h>
| #endif
| #ifdef HAVE_STRINGS_H
| # include <strings.h>
| #endif
| #ifdef HAVE_INTTYPES_H
| # include <inttypes.h>
| #endif
| #ifdef HAVE_STDINT_H
| # include <stdint.h>
| #endif
| #ifdef HAVE_UNISTD_H
| # include <unistd.h>
| #endif
| int
| main ()
| {
| if (sizeof ((uintmax_t)))
| 	    return 0;
|   ;
|   return 0;
| }
configure:13695: result: yes
configure:13718: checking for uintptr_t
configure:13718: gcc -c -g -O2 -fno-builtin -fno-common -D_REENTRANT -DCX_DISABLE_ASSERT -DL2_CACHE_BYTES=0 conftest.c >&5
configure:13718: $? = 0
configure:13718: gcc -c -g -O2 -fno-builtin -fno-common -D_REENTRANT -DCX_DISABLE_ASSERT -DL2_CACHE_BYTES=0 conftest.c >&5
conftest.c: In function 'main':
conftest.c:75: error: expected expression before ')' token
configure:13718: $? = 1
configure: failed program was:
| /* confdefs.h */
| #define PACKAGE_NAME "C Extension Library"
| #define PACKAGE_TARNAME "cext"
| #define PACKAGE_VERSION "1.2.2"
| #define PACKAGE_STRING "C Extension Library 1.2.2"
| #define PACKAGE_BUGREPORT "cpl-help@eso.org"
| #define PACKAGE_URL ""
| #define PACKAGE "cext"
| #define VERSION "1.2.2"
| #define STDC_HEADERS 1
| #define HAVE_SYS_TYPES_H 1
| #define HAVE_SYS_STAT_H 1
| #define HAVE_STDLIB_H 1
| #define HAVE_STRING_H 1
| #define HAVE_MEMORY_H 1
| #define HAVE_STRINGS_H 1
| #define HAVE_INTTYPES_H 1
| #define HAVE_STDINT_H 1
| #define HAVE_UNISTD_H 1
| #define HAVE_DLFCN_H 1
| #define LT_OBJDIR ".libs/"
| #define HAVE_PTHREAD_H 1
| #define CX_THREADS_ENABLED 1
| #define STDC_HEADERS 1
| #define HAVE_STDDEF_H 1
| #define HAVE_STDINT_H 1
| #define HAVE_STDARG_H 1
| #define HAVE_INTTYPES_H 1
| #define HAVE_FLOAT_H 1
| #define HAVE_LIMITS_H 1
| #define HAVE_LOCALE_H 1
| #define HAVE_VALUES_H 1
| #define HAVE_UNISTD_H 1
| #define HAVE_LONG_LONG_INT 1
| #define HAVE_UNSIGNED_LONG_LONG_INT 1
| #define HAVE_INTMAX_T 1
| #define HAVE_UINTMAX_T 1
| /* end confdefs.h.  */
| #include <stdio.h>
| #ifdef HAVE_SYS_TYPES_H
| # include <sys/types.h>
| #endif
| #ifdef HAVE_SYS_STAT_H
| # include <sys/stat.h>
| #endif
| #ifdef STDC_HEADERS
| # include <stdlib.h>
| # include <stddef.h>
| #else
| # ifdef HAVE_STDLIB_H
| #  include <stdlib.h>
| # endif
| #endif
| #ifdef HAVE_STRING_H
| # if !defined STDC_HEADERS && defined HAVE_MEMORY_H
| #  include <memory.h>
| # endif
| # include <string.h>
| #endif
| #ifdef HAVE_STRINGS_H
| # include <strings.h>
| #endif
| #ifdef HAVE_INTTYPES_H
| # include <inttypes.h>
| #endif
| #ifdef HAVE_STDINT_H
| # include <stdint.h>
| #endif
| #ifdef HAVE_UNISTD_H
| # include <unistd.h>
| #endif
| int
| main ()
| {
| if (sizeof ((uintptr_t)))
| 	    return 0;
|   ;
|   return 0;
| }
configure:13718: result: yes
configure:13765: checking for long double
configure:13802: result: yes
configure:13812: checking for size_t
configure:13812: gcc -c -g -O2 -fno-builtin -fno-common -D_REENTRANT -DCX_DISABLE_ASSERT -DL2_CACHE_BYTES=0 conftest.c >&5
configure:13812: $? = 0
configure:13812: gcc -c -g -O2 -fno-builtin -fno-common -D_REENTRANT -DCX_DISABLE_ASSERT -DL2_CACHE_BYTES=0 conftest.c >&5
conftest.c: In function 'main':
conftest.c:77: error: expected expression before ')' token
configure:13812: $? = 1
configure: failed program was:
| /* confdefs.h */
| #define PACKAGE_NAME "C Extension Library"
| #define PACKAGE_TARNAME "cext"
| #define PACKAGE_VERSION "1.2.2"
| #define PACKAGE_STRING "C Extension Library 1.2.2"
| #define PACKAGE_BUGREPORT "cpl-help@eso.org"
| #define PACKAGE_URL ""
| #define PACKAGE "cext"
| #define VERSION "1.2.2"
| #define STDC_HEADERS 1
| #define HAVE_SYS_TYPES_H 1
| #define HAVE_SYS_STAT_H 1
| #define HAVE_STDLIB_H 1
| #define HAVE_STRING_H 1
| #define HAVE_MEMORY_H 1
| #define HAVE_STRINGS_H 1
| #define HAVE_INTTYPES_H 1
| #define HAVE_STDINT_H 1
| #define HAVE_UNISTD_H 1
| #define HAVE_DLFCN_H 1
| #define LT_OBJDIR ".libs/"
| #define HAVE_PTHREAD_H 1
| #define CX_THREADS_ENABLED 1
| #define STDC_HEADERS 1
| #define HAVE_STDDEF_H 1
| #define HAVE_STDINT_H 1
| #define HAVE_STDARG_H 1
| #define HAVE_INTTYPES_H 1
| #define HAVE_FLOAT_H 1
| #define HAVE_LIMITS_H 1
| #define HAVE_LOCALE_H 1
| #define HAVE_VALUES_H 1
| #define HAVE_UNISTD_H 1
| #define HAVE_LONG_LONG_INT 1
| #define HAVE_UNSIGNED_LONG_LONG_INT 1
| #define HAVE_INTMAX_T 1
| #define HAVE_UINTMAX_T 1
| #define HAVE_UINTPTR_T 1
| #define HAVE_LONG_DOUBLE 1
| /* end confdefs.h.  */
| #include <stdio.h>
| #ifdef HAVE_SYS_TYPES_H
| # include <sys/types.h>
| #endif
| #ifdef HAVE_SYS_STAT_H
| # include <sys/stat.h>
| #endif
| #ifdef STDC_HEADERS
| # include <stdlib.h>
| # include <stddef.h>
| #else
| # ifdef HAVE_STDLIB_H
| #  include <stdlib.h>
| # endif
| #endif
| #ifdef HAVE_STRING_H
| # if !defined STDC_HEADERS && defined HAVE_MEMORY_H
| #  include <memory.h>
| # endif
| # include <string.h>
| #endif
| #ifdef HAVE_STRINGS_H
| # include <strings.h>
| #endif
| #ifdef HAVE_INTTYPES_H
| # include <inttypes.h>
| #endif
| #ifdef HAVE_STDINT_H
| # include <stdint.h>
| #endif
| #ifdef HAVE_UNISTD_H
| # include <unistd.h>
| #endif
| int
| main ()
| {
| if (sizeof ((size_t)))
| 	    return 0;
|   ;
|   return 0;
| }
configure:13812: result: yes
configure:13825: checking for int8_t
configure:13825: gcc -c -g -O2 -fno-builtin -fno-common -D_REENTRANT -DCX_DISABLE_ASSERT -DL2_CACHE_BYTES=0 conftest.c >&5
configure:13825: $? = 0
configure:13825: gcc -c -g -O2 -fno-builtin -fno-common -D_REENTRANT -DCX_DISABLE_ASSERT -DL2_CACHE_BYTES=0 conftest.c >&5
conftest.c: In function 'main':
conftest.c:46: error: expected expression before ')' token
configure:13825: $? = 1
configure: failed program was:
| /* confdefs.h */
| #define PACKAGE_NAME "C Extension Library"
| #define PACKAGE_TARNAME "cext"
| #define PACKAGE_VERSION "1.2.2"
| #define PACKAGE_STRING "C Extension Library 1.2.2"
| #define PACKAGE_BUGREPORT "cpl-help@eso.org"
| #define PACKAGE_URL ""
| #define PACKAGE "cext"
| #define VERSION "1.2.2"
| #define STDC_HEADERS 1
| #define HAVE_SYS_TYPES_H 1
| #define HAVE_SYS_STAT_H 1
| #define HAVE_STDLIB_H 1
| #define HAVE_STRING_H 1
| #define HAVE_MEMORY_H 1
| #define HAVE_STRINGS_H 1
| #define HAVE_INTTYPES_H 1
| #define HAVE_STDINT_H 1
| #define HAVE_UNISTD_H 1
| #define HAVE_DLFCN_H 1
| #define LT_OBJDIR ".libs/"
| #define HAVE_PTHREAD_H 1
| #define CX_THREADS_ENABLED 1
| #define STDC_HEADERS 1
| #define HAVE_STDDEF_H 1
| #define HAVE_STDINT_H 1
| #define HAVE_STDARG_H 1
| #define HAVE_INTTYPES_H 1
| #define HAVE_FLOAT_H 1
| #define HAVE_LIMITS_H 1
| #define HAVE_LOCALE_H 1
| #define HAVE_VALUES_H 1
| #define HAVE_UNISTD_H 1
| #define HAVE_LONG_LONG_INT 1
| #define HAVE_UNSIGNED_LONG_LONG_INT 1
| #define HAVE_INTMAX_T 1
| #define HAVE_UINTMAX_T 1
| #define HAVE_UINTPTR_T 1
| #define HAVE_LONG_DOUBLE 1
| /* end confdefs.h.  */
| #include <stdint.h>
| 
| int
| main ()
| {
| if (sizeof ((int8_t)))
| 	    return 0;
|   ;
|   return 0;
| }
configure:13825: result: yes
configure:13831: checking for int16_t
configure:13831: gcc -c -g -O2 -fno-builtin -fno-common -D_REENTRANT -DCX_DISABLE_ASSERT -DL2_CACHE_BYTES=0 conftest.c >&5
configure:13831: $? = 0
configure:13831: gcc -c -g -O2 -fno-builtin -fno-common -D_REENTRANT -DCX_DISABLE_ASSERT -DL2_CACHE_BYTES=0 conftest.c >&5
conftest.c: In function 'main':
conftest.c:46: error: expected expression before ')' token
configure:13831: $? = 1
configure: failed program was:
| /* confdefs.h */
| #define PACKAGE_NAME "C Extension Library"
| #define PACKAGE_TARNAME "cext"
| #define PACKAGE_VERSION "1.2.2"
| #define PACKAGE_STRING "C Extension Library 1.2.2"
| #define PACKAGE_BUGREPORT "cpl-help@eso.org"
| #define PACKAGE_URL ""
| #define PACKAGE "cext"
| #define VERSION "1.2.2"
| #define STDC_HEADERS 1
| #define HAVE_SYS_TYPES_H 1
| #define HAVE_SYS_STAT_H 1
| #define HAVE_STDLIB_H 1
| #define HAVE_STRING_H 1
| #define HAVE_MEMORY_H 1
| #define HAVE_STRINGS_H 1
| #define HAVE_INTTYPES_H 1
| #define HAVE_STDINT_H 1
| #define HAVE_UNISTD_H 1
| #define HAVE_DLFCN_H 1
| #define LT_OBJDIR ".libs/"
| #define HAVE_PTHREAD_H 1
| #define CX_THREADS_ENABLED 1
| #define STDC_HEADERS 1
| #define HAVE_STDDEF_H 1
| #define HAVE_STDINT_H 1
| #define HAVE_STDARG_H 1
| #define HAVE_INTTYPES_H 1
| #define HAVE_FLOAT_H 1
| #define HAVE_LIMITS_H 1
| #define HAVE_LOCALE_H 1
| #define HAVE_VALUES_H 1
| #define HAVE_UNISTD_H 1
| #define HAVE_LONG_LONG_INT 1
| #define HAVE_UNSIGNED_LONG_LONG_INT 1
| #define HAVE_INTMAX_T 1
| #define HAVE_UINTMAX_T 1
| #define HAVE_UINTPTR_T 1
| #define HAVE_LONG_DOUBLE 1
| /* end confdefs.h.  */
| #include <stdint.h>
| 
| int
| main ()
| {
| if (sizeof ((int16_t)))
| 	    return 0;
|   ;
|   return 0;
| }
configure:13831: result: yes
configure:13837: checking for int32_t
configure:13837: gcc -c -g -O2 -fno-builtin -fno-common -D_REENTRANT -DCX_DISABLE_ASSERT -DL2_CACHE_BYTES=0 conftest.c >&5
configure:13837: $? = 0
configure:13837: gcc -c -g -O2 -fno-builtin -fno-common -D_REENTRANT -DCX_DISABLE_ASSERT -DL2_CACHE_BYTES=0 conftest.c >&5
conftest.c: In function 'main':
conftest.c:46: error: expected expression before ')' token
configure:13837: $? = 1
configure: failed program was:
| /* confdefs.h */
| #define PACKAGE_NAME "C Extension Library"
| #define PACKAGE_TARNAME "cext"
| #define PACKAGE_VERSION "1.2.2"
| #define PACKAGE_STRING "C Extension Library 1.2.2"
| #define PACKAGE_BUGREPORT "cpl-help@eso.org"
| #define PACKAGE_URL ""
| #define PACKAGE "cext"
| #define VERSION "1.2.2"
| #define STDC_HEADERS 1
| #define HAVE_SYS_TYPES_H 1
| #define HAVE_SYS_STAT_H 1
| #define HAVE_STDLIB_H 1
| #define HAVE_STRING_H 1
| #define HAVE_MEMORY_H 1
| #define HAVE_STRINGS_H 1
| #define HAVE_INTTYPES_H 1
| #define HAVE_STDINT_H 1
| #define HAVE_UNISTD_H 1
| #define HAVE_DLFCN_H 1
| #define LT_OBJDIR ".libs/"
| #define HAVE_PTHREAD_H 1
| #define CX_THREADS_ENABLED 1
| #define STDC_HEADERS 1
| #define HAVE_STDDEF_H 1
| #define HAVE_STDINT_H 1
| #define HAVE_STDARG_H 1
| #define HAVE_INTTYPES_H 1
| #define HAVE_FLOAT_H 1
| #define HAVE_LIMITS_H 1
| #define HAVE_LOCALE_H 1
| #define HAVE_VALUES_H 1
| #define HAVE_UNISTD_H 1
| #define HAVE_LONG_LONG_INT 1
| #define HAVE_UNSIGNED_LONG_LONG_INT 1
| #define HAVE_INTMAX_T 1
| #define HAVE_UINTMAX_T 1
| #define HAVE_UINTPTR_T 1
| #define HAVE_LONG_DOUBLE 1
| /* end confdefs.h.  */
| #include <stdint.h>
| 
| int
| main ()
| {
| if (sizeof ((int32_t)))
| 	    return 0;
|   ;
|   return 0;
| }
configure:13837: result: yes
configure:13843: checking for int64_t
configure:13843: gcc -c -g -O2 -fno-builtin -fno-common -D_REENTRANT -DCX_DISABLE_ASSERT -DL2_CACHE_BYTES=0 conftest.c >&5
configure:13843: $? = 0
configure:13843: gcc -c -g -O2 -fno-builtin -fno-common -D_REENTRANT -DCX_DISABLE_ASSERT -DL2_CACHE_BYTES=0 conftest.c >&5
conftest.c: In function 'main':
conftest.c:46: error: expected expression before ')' token
configure:13843: $? = 1
configure: failed program was:
| /* confdefs.h */
| #define PACKAGE_NAME "C Extension Library"
| #define PACKAGE_TARNAME "cext"
| #define PACKAGE_VERSION "1.2.2"
| #define PACKAGE_STRING "C Extension Library 1.2.2"
| #define PACKAGE_BUGREPORT "cpl-help@eso.org"
| #define PACKAGE_URL ""
| #define PACKAGE "cext"
| #define VERSION "1.2.2"
| #define STDC_HEADERS 1
| #define HAVE_SYS_TYPES_H 1
| #define HAVE_SYS_STAT_H 1
| #define HAVE_STDLIB_H 1
| #define HAVE_STRING_H 1
| #define HAVE_MEMORY_H 1
| #define HAVE_STRINGS_H 1
| #define HAVE_INTTYPES_H 1
| #define HAVE_STDINT_H 1
| #define HAVE_UNISTD_H 1
| #define HAVE_DLFCN_H 1
| #define LT_OBJDIR ".libs/"
| #define HAVE_PTHREAD_H 1
| #define CX_THREADS_ENABLED 1
| #define STDC_HEADERS 1
| #define HAVE_STDDEF_H 1
| #define HAVE_STDINT_H 1
| #define HAVE_STDARG_H 1
| #define HAVE_INTTYPES_H 1
| #define HAVE_FLOAT_H 1
| #define HAVE_LIMITS_H 1
| #define HAVE_LOCALE_H 1
| #define HAVE_VALUES_H 1
| #define HAVE_UNISTD_H 1
| #define HAVE_LONG_LONG_INT 1
| #define HAVE_UNSIGNED_LONG_LONG_INT 1
| #define HAVE_INTMAX_T 1
| #define HAVE_UINTMAX_T 1
| #define HAVE_UINTPTR_T 1
| #define HAVE_LONG_DOUBLE 1
| /* end confdefs.h.  */
| #include <stdint.h>
| 
| int
| main ()
| {
| if (sizeof ((int64_t)))
| 	    return 0;
|   ;
|   return 0;
| }
configure:13843: result: yes
configure:13851: checking for ptrdiff_t
configure:13851: gcc -c -g -O2 -fno-builtin -fno-common -D_REENTRANT -DCX_DISABLE_ASSERT -DL2_CACHE_BYTES=0 conftest.c >&5
configure:13851: $? = 0
configure:13851: gcc -c -g -O2 -fno-builtin -fno-common -D_REENTRANT -DCX_DISABLE_ASSERT -DL2_CACHE_BYTES=0 conftest.c >&5
conftest.c: In function 'main':
conftest.c:77: error: expected expression before ')' token
configure:13851: $? = 1
configure: failed program was:
| /* confdefs.h */
| #define PACKAGE_NAME "C Extension Library"
| #define PACKAGE_TARNAME "cext"
| #define PACKAGE_VERSION "1.2.2"
| #define PACKAGE_STRING "C Extension Library 1.2.2"
| #define PACKAGE_BUGREPORT "cpl-help@eso.org"
| #define PACKAGE_URL ""
| #define PACKAGE "cext"
| #define VERSION "1.2.2"
| #define STDC_HEADERS 1
| #define HAVE_SYS_TYPES_H 1
| #define HAVE_SYS_STAT_H 1
| #define HAVE_STDLIB_H 1
| #define HAVE_STRING_H 1
| #define HAVE_MEMORY_H 1
| #define HAVE_STRINGS_H 1
| #define HAVE_INTTYPES_H 1
| #define HAVE_STDINT_H 1
| #define HAVE_UNISTD_H 1
| #define HAVE_DLFCN_H 1
| #define LT_OBJDIR ".libs/"
| #define HAVE_PTHREAD_H 1
| #define CX_THREADS_ENABLED 1
| #define STDC_HEADERS 1
| #define HAVE_STDDEF_H 1
| #define HAVE_STDINT_H 1
| #define HAVE_STDARG_H 1
| #define HAVE_INTTYPES_H 1
| #define HAVE_FLOAT_H 1
| #define HAVE_LIMITS_H 1
| #define HAVE_LOCALE_H 1
| #define HAVE_VALUES_H 1
| #define HAVE_UNISTD_H 1
| #define HAVE_LONG_LONG_INT 1
| #define HAVE_UNSIGNED_LONG_LONG_INT 1
| #define HAVE_INTMAX_T 1
| #define HAVE_UINTMAX_T 1
| #define HAVE_UINTPTR_T 1
| #define HAVE_LONG_DOUBLE 1
| /* end confdefs.h.  */
| #include <stdio.h>
| #ifdef HAVE_SYS_TYPES_H
| # include <sys/types.h>
| #endif
| #ifdef HAVE_SYS_STAT_H
| # include <sys/stat.h>
| #endif
| #ifdef STDC_HEADERS
| # include <stdlib.h>
| # include <stddef.h>
| #else
| # ifdef HAVE_STDLIB_H
| #  include <stdlib.h>
| # endif
| #endif
| #ifdef HAVE_STRING_H
| # if !defined STDC_HEADERS && defined HAVE_MEMORY_H
| #  include <memory.h>
| # endif
| # include <string.h>
| #endif
| #ifdef HAVE_STRINGS_H
| # include <strings.h>
| #endif
| #ifdef HAVE_INTTYPES_H
| # include <inttypes.h>
| #endif
| #ifdef HAVE_STDINT_H
| # include <stdint.h>
| #endif
| #ifdef HAVE_UNISTD_H
| # include <unistd.h>
| #endif
| int
| main ()
| {
| if (sizeof ((ptrdiff_t)))
| 	    return 0;
|   ;
|   return 0;
| }
configure:13851: result: yes
configure:13866: checking for bits per char
configure:13901: gcc -c -g -O2 -fno-builtin -fno-common -D_REENTRANT -pedantic-errors -DCX_DISABLE_ASSERT -DL2_CACHE_BYTES=0 -g -O2 -fno-builtin -fno-common -D_REENTRANT -pedantic-errors conftest.c >&5
configure:13901: $? = 0
configure:13929: gcc -o conftest -g -O2 -fno-builtin -fno-common -D_REENTRANT -pedantic-errors -DCX_DISABLE_ASSERT -DL2_CACHE_BYTES=0 -g -O2 -fno-builtin -fno-common -D_REENTRANT -pedantic-errors  conftest.c -lpthread  >&5
configure:13929: $? = 0
configure:13929: ./conftest
configure:13929: $? = 0
configure:14011: result: 8
configure:14023: checking size of char
configure:14028: gcc -o conftest -g -O2 -fno-builtin -fno-common -D_REENTRANT -DCX_DISABLE_ASSERT -DL2_CACHE_BYTES=0  conftest.c -lpthread  >&5
configure:14028: $? = 0
configure:14028: ./conftest
configure:14028: $? = 0
configure:14042: result: 1
configure:14056: checking size of short
configure:14061: gcc -o conftest -g -O2 -fno-builtin -fno-common -D_REENTRANT -DCX_DISABLE_ASSERT -DL2_CACHE_BYTES=0  conftest.c -lpthread  >&5
configure:14061: $? = 0
configure:14061: ./conftest
configure:14061: $? = 0
configure:14075: result: 2
configure:14089: checking size of int
configure:14094: gcc -o conftest -g -O2 -fno-builtin -fno-common -D_REENTRANT -DCX_DISABLE_ASSERT -DL2_CACHE_BYTES=0  conftest.c -lpthread  >&5
configure:14094: $? = 0
configure:14094: ./conftest
configure:14094: $? = 0
configure:14108: result: 4
configure:14122: checking size of long
configure:14127: gcc -o conftest -g -O2 -fno-builtin -fno-common -D_REENTRANT -DCX_DISABLE_ASSERT -DL2_CACHE_BYTES=0  conftest.c -lpthread  >&5
configure:14127: $? = 0
configure:14127: ./conftest
configure:14127: $? = 0
configure:14141: result: 8
configure:14155: checking size of long long
configure:14160: gcc -o conftest -g -O2 -fno-builtin -fno-common -D_REENTRANT -DCX_DISABLE_ASSERT -DL2_CACHE_BYTES=0  conftest.c -lpthread  >&5
configure:14160: $? = 0
configure:14160: ./conftest
configure:14160: $? = 0
configure:14174: result: 8
configure:14188: checking size of size_t
configure:14193: gcc -o conftest -g -O2 -fno-builtin -fno-common -D_REENTRANT -DCX_DISABLE_ASSERT -DL2_CACHE_BYTES=0  conftest.c -lpthread  >&5
configure:14193: $? = 0
configure:14193: ./conftest
configure:14193: $? = 0
configure:14207: result: 8
configure:14221: checking size of void *
configure:14226: gcc -o conftest -g -O2 -fno-builtin -fno-common -D_REENTRANT -DCX_DISABLE_ASSERT -DL2_CACHE_BYTES=0  conftest.c -lpthread  >&5
configure:14226: $? = 0
configure:14226: ./conftest
configure:14226: $? = 0
configure:14240: result: 8
configure:14256: checking for an integer type with the same size as size_t
configure:14277: result: long
configure:14291: checking for struct lconv.decimal_point
configure:14291: gcc -c -g -O2 -fno-builtin -fno-common -D_REENTRANT -DCX_DISABLE_ASSERT -DL2_CACHE_BYTES=0 conftest.c >&5
configure:14291: $? = 0
configure:14291: result: yes
configure:14301: checking for struct lconv.thousands_sep
configure:14301: gcc -c -g -O2 -fno-builtin -fno-common -D_REENTRANT -DCX_DISABLE_ASSERT -DL2_CACHE_BYTES=0 conftest.c >&5
configure:14301: $? = 0
configure:14301: result: yes
configure:14320: checking for special C compiler options needed for large files
configure:14365: result: no
configure:14371: checking for _FILE_OFFSET_BITS value needed for large files
configure:14396: gcc -c -g -O2 -fno-builtin -fno-common -D_REENTRANT -DCX_DISABLE_ASSERT -DL2_CACHE_BYTES=0 conftest.c >&5
configure:14396: $? = 0
configure:14428: result: no
configure:14518: checking for strchr
configure:14518: gcc -o conftest -g -O2 -fno-builtin -fno-common -D_REENTRANT -DCX_DISABLE_ASSERT -DL2_CACHE_BYTES=0  conftest.c -lpthread  >&5
configure:14518: $? = 0
configure:14518: result: yes
configure:14518: checking for memcpy
configure:14518: gcc -o conftest -g -O2 -fno-builtin -fno-common -D_REENTRANT -DCX_DISABLE_ASSERT -DL2_CACHE_BYTES=0  conftest.c -lpthread  >&5
configure:14518: $? = 0
configure:14518: result: yes
configure:14518: checking for sprintf
configure:14518: gcc -o conftest -g -O2 -fno-builtin -fno-common -D_REENTRANT -DCX_DISABLE_ASSERT -DL2_CACHE_BYTES=0  conftest.c -lpthread  >&5
configure:14518: $? = 0
configure:14518: result: yes
configure:14518: checking for localeconv
configure:14518: gcc -o conftest -g -O2 -fno-builtin -fno-common -D_REENTRANT -DCX_DISABLE_ASSERT -DL2_CACHE_BYTES=0  conftest.c -lpthread  >&5
configure:14518: $? = 0
configure:14518: result: yes
configure:14528: checking whether lstat correctly handles trailing slash
configure:14554: gcc -o conftest -g -O2 -fno-builtin -fno-common -D_REENTRANT -DCX_DISABLE_ASSERT -DL2_CACHE_BYTES=0  conftest.c -lpthread  >&5
configure:14554: $? = 0
configure:14554: ./conftest
configure:14554: $? = 0
configure:14571: result: yes
configure:14590: checking whether lstat accepts an empty string
configure:14610: gcc -o conftest -g -O2 -fno-builtin -fno-common -D_REENTRANT -DCX_DISABLE_ASSERT -DL2_CACHE_BYTES=0  conftest.c -lpthread  >&5
configure:14610: $? = 0
configure:14610: ./conftest
configure:14610: $? = 0
configure:14620: result: no
configure:14636: checking whether stat accepts an empty string
configure:14656: gcc -o conftest -g -O2 -fno-builtin -fno-common -D_REENTRANT -DCX_DISABLE_ASSERT -DL2_CACHE_BYTES=0  conftest.c -lpthread  >&5
configure:14656: $? = 0
configure:14656: ./conftest
configure:14656: $? = 0
configure:14666: result: no
configure:14690: checking for an implementation of va_copy()
configure:14732: gcc -o conftest -g -O2 -fno-builtin -fno-common -D_REENTRANT -DCX_DISABLE_ASSERT -DL2_CACHE_BYTES=0  conftest.c -lpthread  >&5
configure:14732: $? = 0
configure:14732: ./conftest
configure:14732: $? = 0
configure:14743: result: yes
configure:14749: checking for an implementation of __va_copy()
configure:14792: gcc -o conftest -g -O2 -fno-builtin -fno-common -D_REENTRANT -DCX_DISABLE_ASSERT -DL2_CACHE_BYTES=0  conftest.c -lpthread  >&5
configure:14792: $? = 0
configure:14792: ./conftest
configure:14792: $? = 0
configure:14803: result: yes
configure:14834: checking whether va_lists can be copied by value
configure:14876: gcc -o conftest -g -O2 -fno-builtin -fno-common -D_REENTRANT -DCX_DISABLE_ASSERT -DL2_CACHE_BYTES=0  conftest.c -lpthread  >&5
conftest.c: In function 'f':
conftest.c:71: error: incompatible types when assigning to type 'va_list' from type 'struct __va_list_tag *'
configure:14876: $? = 1
configure: program exited with status 1
configure: failed program was:
| /* confdefs.h */
| #define PACKAGE_NAME "C Extension Library"
| #define PACKAGE_TARNAME "cext"
| #define PACKAGE_VERSION "1.2.2"
| #define PACKAGE_STRING "C Extension Library 1.2.2"
| #define PACKAGE_BUGREPORT "cpl-help@eso.org"
| #define PACKAGE_URL ""
| #define PACKAGE "cext"
| #define VERSION "1.2.2"
| #define STDC_HEADERS 1
| #define HAVE_SYS_TYPES_H 1
| #define HAVE_SYS_STAT_H 1
| #define HAVE_STDLIB_H 1
| #define HAVE_STRING_H 1
| #define HAVE_MEMORY_H 1
| #define HAVE_STRINGS_H 1
| #define HAVE_INTTYPES_H 1
| #define HAVE_STDINT_H 1
| #define HAVE_UNISTD_H 1
| #define HAVE_DLFCN_H 1
| #define LT_OBJDIR ".libs/"
| #define HAVE_PTHREAD_H 1
| #define CX_THREADS_ENABLED 1
| #define STDC_HEADERS 1
| #define HAVE_STDDEF_H 1
| #define HAVE_STDINT_H 1
| #define HAVE_STDARG_H 1
| #define HAVE_INTTYPES_H 1
| #define HAVE_FLOAT_H 1
| #define HAVE_LIMITS_H 1
| #define HAVE_LOCALE_H 1
| #define HAVE_VALUES_H 1
| #define HAVE_UNISTD_H 1
| #define HAVE_LONG_LONG_INT 1
| #define HAVE_UNSIGNED_LONG_LONG_INT 1
| #define HAVE_INTMAX_T 1
| #define HAVE_UINTMAX_T 1
| #define HAVE_UINTPTR_T 1
| #define HAVE_LONG_DOUBLE 1
| #define HAVE_PTRDIFF_T 1
| #define HAVE_CHAR_BIT 1
| #define SIZEOF_CHAR 1
| #define SIZEOF_SHORT 2
| #define SIZEOF_INT 4
| #define SIZEOF_LONG 8
| #define SIZEOF_LONG_LONG 8
| #define SIZEOF_SIZE_T 8
| #define SIZEOF_VOID_P 8
| #define HAVE_STRUCT_LCONV_DECIMAL_POINT 1
| #define HAVE_STRUCT_LCONV_THOUSANDS_SEP 1
| #define HAVE_STRCHR 1
| #define HAVE_MEMCPY 1
| #define HAVE_SPRINTF 1
| #define HAVE_LOCALECONV 1
| #define LSTAT_FOLLOWS_SLASHED_SYMLINK 1
| #define HAVE_VA_COPY 1
| #define CX_VA_COPY va_copy
| #define HAVE_VA_COPY_STYLE_FUNCTION 1
| /* end confdefs.h.  */
| 
| 
| #include <stdlib.h>
| #ifdef HAVE_STDARG_H
| #include <stdarg.h>
| #endif
| 
| void f(int i, ...)
| {
|   va_list args1, args2;
|   va_start (args1, i);
|   args2 = args1;
| 
|   if (va_arg (args2, int) != 42 || va_arg (args1, int) != 42)
|     exit (1);
| 
|   va_end (args1);
|   va_end (args2);
| }
| 
| int
| main ()
| {
| 
|   f(0, 42);
| 
|   ;
|   return 0;
| }
| 
configure:14887: result: no
configure:14898: checking whether realloc(NULL,) works
configure:14924: gcc -o conftest -g -O2 -fno-builtin -fno-common -D_REENTRANT -DCX_DISABLE_ASSERT -DL2_CACHE_BYTES=0  conftest.c -lpthread  >&5
configure:14924: $? = 0
configure:14924: ./conftest
configure:14924: $? = 0
configure:14935: result: yes
configure:14959: checking whether strdup is declared
configure:14959: gcc -c -g -O2 -fno-builtin -fno-common -D_REENTRANT -DCX_DISABLE_ASSERT -DL2_CACHE_BYTES=0 conftest.c >&5
configure:14959: $? = 0
configure:14959: result: yes
configure:14972: checking for strdup
configure:14972: gcc -o conftest -g -O2 -fno-builtin -fno-common -D_REENTRANT -pedantic-errors -DCX_DISABLE_ASSERT -DL2_CACHE_BYTES=0  conftest.c -lpthread  >&5
configure:14972: $? = 0
configure:14972: result: yes
configure:15010: checking whether stpcpy is declared
configure:15010: gcc -c -g -O2 -fno-builtin -fno-common -D_REENTRANT -DCX_DISABLE_ASSERT -DL2_CACHE_BYTES=0 conftest.c >&5
conftest.c:62:20: error: stpcpy.h: No such file or directory
conftest.c: In function 'main':
conftest.c:71: error: 'stpcpy' undeclared (first use in this function)
conftest.c:71: error: (Each undeclared identifier is reported only once
conftest.c:71: error: for each function it appears in.)
configure:15010: $? = 1
configure: failed program was:
| /* confdefs.h */
| #define PACKAGE_NAME "C Extension Library"
| #define PACKAGE_TARNAME "cext"
| #define PACKAGE_VERSION "1.2.2"
| #define PACKAGE_STRING "C Extension Library 1.2.2"
| #define PACKAGE_BUGREPORT "cpl-help@eso.org"
| #define PACKAGE_URL ""
| #define PACKAGE "cext"
| #define VERSION "1.2.2"
| #define STDC_HEADERS 1
| #define HAVE_SYS_TYPES_H 1
| #define HAVE_SYS_STAT_H 1
| #define HAVE_STDLIB_H 1
| #define HAVE_STRING_H 1
| #define HAVE_MEMORY_H 1
| #define HAVE_STRINGS_H 1
| #define HAVE_INTTYPES_H 1
| #define HAVE_STDINT_H 1
| #define HAVE_UNISTD_H 1
| #define HAVE_DLFCN_H 1
| #define LT_OBJDIR ".libs/"
| #define HAVE_PTHREAD_H 1
| #define CX_THREADS_ENABLED 1
| #define STDC_HEADERS 1
| #define HAVE_STDDEF_H 1
| #define HAVE_STDINT_H 1
| #define HAVE_STDARG_H 1
| #define HAVE_INTTYPES_H 1
| #define HAVE_FLOAT_H 1
| #define HAVE_LIMITS_H 1
| #define HAVE_LOCALE_H 1
| #define HAVE_VALUES_H 1
| #define HAVE_UNISTD_H 1
| #define HAVE_LONG_LONG_INT 1
| #define HAVE_UNSIGNED_LONG_LONG_INT 1
| #define HAVE_INTMAX_T 1
| #define HAVE_UINTMAX_T 1
| #define HAVE_UINTPTR_T 1
| #define HAVE_LONG_DOUBLE 1
| #define HAVE_PTRDIFF_T 1
| #define HAVE_CHAR_BIT 1
| #define SIZEOF_CHAR 1
| #define SIZEOF_SHORT 2
| #define SIZEOF_INT 4
| #define SIZEOF_LONG 8
| #define SIZEOF_LONG_LONG 8
| #define SIZEOF_SIZE_T 8
| #define SIZEOF_VOID_P 8
| #define HAVE_STRUCT_LCONV_DECIMAL_POINT 1
| #define HAVE_STRUCT_LCONV_THOUSANDS_SEP 1
| #define HAVE_STRCHR 1
| #define HAVE_MEMCPY 1
| #define HAVE_SPRINTF 1
| #define HAVE_LOCALECONV 1
| #define LSTAT_FOLLOWS_SLASHED_SYMLINK 1
| #define HAVE_VA_COPY 1
| #define CX_VA_COPY va_copy
| #define HAVE_VA_COPY_STYLE_FUNCTION 1
| #define HAVE_WORKING_REALLOC 1
| #define HAVE_STRDUP 1
| /* end confdefs.h.  */
| #include <stpcpy.h>
| 
| int
| main ()
| {
| #ifndef stpcpy
| #ifdef __cplusplus
|   (void) stpcpy;
| #else
|   (void) stpcpy;
| #endif
| #endif
| 
|   ;
|   return 0;
| }
configure:15010: result: no
configure:15023: checking for stpcpy
configure:15023: gcc -o conftest -g -O2 -fno-builtin -fno-common -D_REENTRANT -pedantic-errors -DCX_DISABLE_ASSERT -DL2_CACHE_BYTES=0  conftest.c -lpthread  >&5
configure:15023: $? = 0
configure:15023: result: yes
configure:15061: checking whether vsnprintf is declared
configure:15061: gcc -c -g -O2 -fno-builtin -fno-common -D_REENTRANT -DCX_DISABLE_ASSERT -DL2_CACHE_BYTES=0 conftest.c >&5
configure:15061: $? = 0
configure:15061: result: yes
configure:15077: checking for vsnprintf
configure:15077: gcc -o conftest -g -O2 -fno-builtin -fno-common -D_REENTRANT -pedantic-errors -DCX_DISABLE_ASSERT -DL2_CACHE_BYTES=0  conftest.c -lpthread  >&5
configure:15077: $? = 0
configure:15077: result: yes
configure:15107: checking whether vsnprintf has C99 semantics
configure:15171: gcc -o conftest -g -O2 -fno-builtin -fno-common -D_REENTRANT -pedantic-errors -DCX_DISABLE_ASSERT -DL2_CACHE_BYTES=0 -g -O2 -fno-builtin -fno-common -D_REENTRANT -pedantic-errors  conftest.c -lpthread  >&5
configure:15171: $? = 0
configure:15171: ./conftest
configure:15171: $? = 0
configure:15194: result: yes
configure:15260: gcc -o conftest -g -O2 -fno-builtin -fno-common -D_REENTRANT -DCX_DISABLE_ASSERT -DL2_CACHE_BYTES=0  conftest.c -lpthread  >&5
configure:15260: $? = 0
configure:15260: ./conftest
configure:15260: $? = 0
configure:15304: gcc -o conftest -g -O2 -fno-builtin -fno-common -D_REENTRANT -DCX_DISABLE_ASSERT -DL2_CACHE_BYTES=0  conftest.c -lpthread  >&5
configure:15304: $? = 0
configure:15304: ./conftest
configure:15304: $? = 0
configure:15349: gcc -o conftest -g -O2 -fno-builtin -fno-common -D_REENTRANT -DCX_DISABLE_ASSERT -DL2_CACHE_BYTES=0  conftest.c -lpthread  >&5
configure:15349: $? = 0
configure:15349: ./conftest
configure:15349: $? = 1
configure: program exited with status 1
configure: failed program was:
| /* confdefs.h */
| #define PACKAGE_NAME "C Extension Library"
| #define PACKAGE_TARNAME "cext"
| #define PACKAGE_VERSION "1.2.2"
| #define PACKAGE_STRING "C Extension Library 1.2.2"
| #define PACKAGE_BUGREPORT "cpl-help@eso.org"
| #define PACKAGE_URL ""
| #define PACKAGE "cext"
| #define VERSION "1.2.2"
| #define STDC_HEADERS 1
| #define HAVE_SYS_TYPES_H 1
| #define HAVE_SYS_STAT_H 1
| #define HAVE_STDLIB_H 1
| #define HAVE_STRING_H 1
| #define HAVE_MEMORY_H 1
| #define HAVE_STRINGS_H 1
| #define HAVE_INTTYPES_H 1
| #define HAVE_STDINT_H 1
| #define HAVE_UNISTD_H 1
| #define HAVE_DLFCN_H 1
| #define LT_OBJDIR ".libs/"
| #define HAVE_PTHREAD_H 1
| #define CX_THREADS_ENABLED 1
| #define STDC_HEADERS 1
| #define HAVE_STDDEF_H 1
| #define HAVE_STDINT_H 1
| #define HAVE_STDARG_H 1
| #define HAVE_INTTYPES_H 1
| #define HAVE_FLOAT_H 1
| #define HAVE_LIMITS_H 1
| #define HAVE_LOCALE_H 1
| #define HAVE_VALUES_H 1
| #define HAVE_UNISTD_H 1
| #define HAVE_LONG_LONG_INT 1
| #define HAVE_UNSIGNED_LONG_LONG_INT 1
| #define HAVE_INTMAX_T 1
| #define HAVE_UINTMAX_T 1
| #define HAVE_UINTPTR_T 1
| #define HAVE_LONG_DOUBLE 1
| #define HAVE_PTRDIFF_T 1
| #define HAVE_CHAR_BIT 1
| #define SIZEOF_CHAR 1
| #define SIZEOF_SHORT 2
| #define SIZEOF_INT 4
| #define SIZEOF_LONG 8
| #define SIZEOF_LONG_LONG 8
| #define SIZEOF_SIZE_T 8
| #define SIZEOF_VOID_P 8
| #define HAVE_STRUCT_LCONV_DECIMAL_POINT 1
| #define HAVE_STRUCT_LCONV_THOUSANDS_SEP 1
| #define HAVE_STRCHR 1
| #define HAVE_MEMCPY 1
| #define HAVE_SPRINTF 1
| #define HAVE_LOCALECONV 1
| #define LSTAT_FOLLOWS_SLASHED_SYMLINK 1
| #define HAVE_VA_COPY 1
| #define CX_VA_COPY va_copy
| #define HAVE_VA_COPY_STYLE_FUNCTION 1
| #define HAVE_WORKING_REALLOC 1
| #define HAVE_STRDUP 1
| #define HAVE_VSNPRINTF 1
| #define HAVE_VSNPRINTF_C99 1
| #define HAVE_PRINTF_STR_FMT_NULL 1
| #define HAVE_PRINTF_PTR_FMT_NIL 1
| /* end confdefs.h.  */
| 
| 
| #include <stdio.h>
| #include <string.h>
| 
| int
| main ()
| {
| 
|     char s1[128], s2[128];
| 
|     sprintf(s1, "%p", s1);
|     sprintf(s2, "%#x", s1);
|     return strncmp(s1, s2, 3) ? 1 : 0;
| 
|   ;
|   return 0;
| }
| 
configure:15392: gcc -o conftest -g -O2 -fno-builtin -fno-common -D_REENTRANT -DCX_DISABLE_ASSERT -DL2_CACHE_BYTES=0  conftest.c -lpthread  >&5
configure:15392: $? = 0
configure:15392: ./conftest
configure:15392: $? = 0
configure:15438: gcc -o conftest -g -O2 -fno-builtin -fno-common -D_REENTRANT -DCX_DISABLE_ASSERT -DL2_CACHE_BYTES=0  conftest.c -lpthread  >&5
configure:15438: $? = 0
configure:15438: ./conftest
configure:15438: $? = 1
configure: program exited with status 1
configure: failed program was:
| /* confdefs.h */
| #define PACKAGE_NAME "C Extension Library"
| #define PACKAGE_TARNAME "cext"
| #define PACKAGE_VERSION "1.2.2"
| #define PACKAGE_STRING "C Extension Library 1.2.2"
| #define PACKAGE_BUGREPORT "cpl-help@eso.org"
| #define PACKAGE_URL ""
| #define PACKAGE "cext"
| #define VERSION "1.2.2"
| #define STDC_HEADERS 1
| #define HAVE_SYS_TYPES_H 1
| #define HAVE_SYS_STAT_H 1
| #define HAVE_STDLIB_H 1
| #define HAVE_STRING_H 1
| #define HAVE_MEMORY_H 1
| #define HAVE_STRINGS_H 1
| #define HAVE_INTTYPES_H 1
| #define HAVE_STDINT_H 1
| #define HAVE_UNISTD_H 1
| #define HAVE_DLFCN_H 1
| #define LT_OBJDIR ".libs/"
| #define HAVE_PTHREAD_H 1
| #define CX_THREADS_ENABLED 1
| #define STDC_HEADERS 1
| #define HAVE_STDDEF_H 1
| #define HAVE_STDINT_H 1
| #define HAVE_STDARG_H 1
| #define HAVE_INTTYPES_H 1
| #define HAVE_FLOAT_H 1
| #define HAVE_LIMITS_H 1
| #define HAVE_LOCALE_H 1
| #define HAVE_VALUES_H 1
| #define HAVE_UNISTD_H 1
| #define HAVE_LONG_LONG_INT 1
| #define HAVE_UNSIGNED_LONG_LONG_INT 1
| #define HAVE_INTMAX_T 1
| #define HAVE_UINTMAX_T 1
| #define HAVE_UINTPTR_T 1
| #define HAVE_LONG_DOUBLE 1
| #define HAVE_PTRDIFF_T 1
| #define HAVE_CHAR_BIT 1
| #define SIZEOF_CHAR 1
| #define SIZEOF_SHORT 2
| #define SIZEOF_INT 4
| #define SIZEOF_LONG 8
| #define SIZEOF_LONG_LONG 8
| #define SIZEOF_SIZE_T 8
| #define SIZEOF_VOID_P 8
| #define HAVE_STRUCT_LCONV_DECIMAL_POINT 1
| #define HAVE_STRUCT_LCONV_THOUSANDS_SEP 1
| #define HAVE_STRCHR 1
| #define HAVE_MEMCPY 1
| #define HAVE_SPRINTF 1
| #define HAVE_LOCALECONV 1
| #define LSTAT_FOLLOWS_SLASHED_SYMLINK 1
| #define HAVE_VA_COPY 1
| #define CX_VA_COPY va_copy
| #define HAVE_VA_COPY_STYLE_FUNCTION 1
| #define HAVE_WORKING_REALLOC 1
| #define HAVE_STRDUP 1
| #define HAVE_VSNPRINTF 1
| #define HAVE_VSNPRINTF_C99 1
| #define HAVE_PRINTF_STR_FMT_NULL 1
| #define HAVE_PRINTF_PTR_FMT_NIL 1
| #define HAVE_PRINTF_PTR_FMT_SIGNED 1
| /* end confdefs.h.  */
| 
| 
| #include <stdio.h>
| 
| int
| main ()
| {
| 
|     char s1[128], s2[128];
|     int n1, n2;
| 
|     sprintf(s1, "%g%n", 1.123456, &n1);
|     sprintf(s2, "%.1g%n", 1.123456, &n2);
|     return n1 > n2 ? 1 : 0;
| 
|   ;
|   return 0;
| }
| 
configure:15465: checking whether snprintf is declared
configure:15465: gcc -c -g -O2 -fno-builtin -fno-common -D_REENTRANT -DCX_DISABLE_ASSERT -DL2_CACHE_BYTES=0 conftest.c >&5
configure:15465: $? = 0
configure:15465: result: yes
configure:15478: checking for snprintf
configure:15478: gcc -o conftest -g -O2 -fno-builtin -fno-common -D_REENTRANT -pedantic-errors -DCX_DISABLE_ASSERT -DL2_CACHE_BYTES=0  conftest.c -lpthread  >&5
configure:15478: $? = 0
configure:15478: result: yes
configure:15514: checking whether vasprintf is declared
configure:15514: gcc -c -g -O2 -fno-builtin -fno-common -D_REENTRANT -DCX_DISABLE_ASSERT -DL2_CACHE_BYTES=0 conftest.c >&5
conftest.c: In function 'main':
conftest.c:80: error: 'vasprintf' undeclared (first use in this function)
conftest.c:80: error: (Each undeclared identifier is reported only once
conftest.c:80: error: for each function it appears in.)
configure:15514: $? = 1
configure: failed program was:
| /* confdefs.h */
| #define PACKAGE_NAME "C Extension Library"
| #define PACKAGE_TARNAME "cext"
| #define PACKAGE_VERSION "1.2.2"
| #define PACKAGE_STRING "C Extension Library 1.2.2"
| #define PACKAGE_BUGREPORT "cpl-help@eso.org"
| #define PACKAGE_URL ""
| #define PACKAGE "cext"
| #define VERSION "1.2.2"
| #define STDC_HEADERS 1
| #define HAVE_SYS_TYPES_H 1
| #define HAVE_SYS_STAT_H 1
| #define HAVE_STDLIB_H 1
| #define HAVE_STRING_H 1
| #define HAVE_MEMORY_H 1
| #define HAVE_STRINGS_H 1
| #define HAVE_INTTYPES_H 1
| #define HAVE_STDINT_H 1
| #define HAVE_UNISTD_H 1
| #define HAVE_DLFCN_H 1
| #define LT_OBJDIR ".libs/"
| #define HAVE_PTHREAD_H 1
| #define CX_THREADS_ENABLED 1
| #define STDC_HEADERS 1
| #define HAVE_STDDEF_H 1
| #define HAVE_STDINT_H 1
| #define HAVE_STDARG_H 1
| #define HAVE_INTTYPES_H 1
| #define HAVE_FLOAT_H 1
| #define HAVE_LIMITS_H 1
| #define HAVE_LOCALE_H 1
| #define HAVE_VALUES_H 1
| #define HAVE_UNISTD_H 1
| #define HAVE_LONG_LONG_INT 1
| #define HAVE_UNSIGNED_LONG_LONG_INT 1
| #define HAVE_INTMAX_T 1
| #define HAVE_UINTMAX_T 1
| #define HAVE_UINTPTR_T 1
| #define HAVE_LONG_DOUBLE 1
| #define HAVE_PTRDIFF_T 1
| #define HAVE_CHAR_BIT 1
| #define SIZEOF_CHAR 1
| #define SIZEOF_SHORT 2
| #define SIZEOF_INT 4
| #define SIZEOF_LONG 8
| #define SIZEOF_LONG_LONG 8
| #define SIZEOF_SIZE_T 8
| #define SIZEOF_VOID_P 8
| #define HAVE_STRUCT_LCONV_DECIMAL_POINT 1
| #define HAVE_STRUCT_LCONV_THOUSANDS_SEP 1
| #define HAVE_STRCHR 1
| #define HAVE_MEMCPY 1
| #define HAVE_SPRINTF 1
| #define HAVE_LOCALECONV 1
| #define LSTAT_FOLLOWS_SLASHED_SYMLINK 1
| #define HAVE_VA_COPY 1
| #define CX_VA_COPY va_copy
| #define HAVE_VA_COPY_STYLE_FUNCTION 1
| #define HAVE_WORKING_REALLOC 1
| #define HAVE_STRDUP 1
| #define HAVE_VSNPRINTF 1
| #define HAVE_VSNPRINTF_C99 1
| #define HAVE_PRINTF_STR_FMT_NULL 1
| #define HAVE_PRINTF_PTR_FMT_NIL 1
| #define HAVE_PRINTF_PTR_FMT_SIGNED 1
| #define HAVE_SNPRINTF 1
| /* end confdefs.h.  */
| 
| #include <stdio.h>
| #include <stdarg.h>
| 
| 
| int
| main ()
| {
| #ifndef vasprintf
| #ifdef __cplusplus
|   (void) vasprintf;
| #else
|   (void) vasprintf;
| #endif
| #endif
| 
|   ;
|   return 0;
| }
configure:15514: result: no
configure:15530: checking for vasprintf
configure:15530: gcc -o conftest -g -O2 -fno-builtin -fno-common -D_REENTRANT -pedantic-errors -DCX_DISABLE_ASSERT -DL2_CACHE_BYTES=0  conftest.c -lpthread  >&5
configure:15530: $? = 0
configure:15530: result: yes
configure:15563: checking whether asprintf is declared
configure:15563: gcc -c -g -O2 -fno-builtin -fno-common -D_REENTRANT -DCX_DISABLE_ASSERT -DL2_CACHE_BYTES=0 conftest.c >&5
conftest.c: In function 'main':
conftest.c:79: error: 'asprintf' undeclared (first use in this function)
conftest.c:79: error: (Each undeclared identifier is reported only once
conftest.c:79: error: for each function it appears in.)
configure:15563: $? = 1
configure: failed program was:
| /* confdefs.h */
| #define PACKAGE_NAME "C Extension Library"
| #define PACKAGE_TARNAME "cext"
| #define PACKAGE_VERSION "1.2.2"
| #define PACKAGE_STRING "C Extension Library 1.2.2"
| #define PACKAGE_BUGREPORT "cpl-help@eso.org"
| #define PACKAGE_URL ""
| #define PACKAGE "cext"
| #define VERSION "1.2.2"
| #define STDC_HEADERS 1
| #define HAVE_SYS_TYPES_H 1
| #define HAVE_SYS_STAT_H 1
| #define HAVE_STDLIB_H 1
| #define HAVE_STRING_H 1
| #define HAVE_MEMORY_H 1
| #define HAVE_STRINGS_H 1
| #define HAVE_INTTYPES_H 1
| #define HAVE_STDINT_H 1
| #define HAVE_UNISTD_H 1
| #define HAVE_DLFCN_H 1
| #define LT_OBJDIR ".libs/"
| #define HAVE_PTHREAD_H 1
| #define CX_THREADS_ENABLED 1
| #define STDC_HEADERS 1
| #define HAVE_STDDEF_H 1
| #define HAVE_STDINT_H 1
| #define HAVE_STDARG_H 1
| #define HAVE_INTTYPES_H 1
| #define HAVE_FLOAT_H 1
| #define HAVE_LIMITS_H 1
| #define HAVE_LOCALE_H 1
| #define HAVE_VALUES_H 1
| #define HAVE_UNISTD_H 1
| #define HAVE_LONG_LONG_INT 1
| #define HAVE_UNSIGNED_LONG_LONG_INT 1
| #define HAVE_INTMAX_T 1
| #define HAVE_UINTMAX_T 1
| #define HAVE_UINTPTR_T 1
| #define HAVE_LONG_DOUBLE 1
| #define HAVE_PTRDIFF_T 1
| #define HAVE_CHAR_BIT 1
| #define SIZEOF_CHAR 1
| #define SIZEOF_SHORT 2
| #define SIZEOF_INT 4
| #define SIZEOF_LONG 8
| #define SIZEOF_LONG_LONG 8
| #define SIZEOF_SIZE_T 8
| #define SIZEOF_VOID_P 8
| #define HAVE_STRUCT_LCONV_DECIMAL_POINT 1
| #define HAVE_STRUCT_LCONV_THOUSANDS_SEP 1
| #define HAVE_STRCHR 1
| #define HAVE_MEMCPY 1
| #define HAVE_SPRINTF 1
| #define HAVE_LOCALECONV 1
| #define LSTAT_FOLLOWS_SLASHED_SYMLINK 1
| #define HAVE_VA_COPY 1
| #define CX_VA_COPY va_copy
| #define HAVE_VA_COPY_STYLE_FUNCTION 1
| #define HAVE_WORKING_REALLOC 1
| #define HAVE_STRDUP 1
| #define HAVE_VSNPRINTF 1
| #define HAVE_VSNPRINTF_C99 1
| #define HAVE_PRINTF_STR_FMT_NULL 1
| #define HAVE_PRINTF_PTR_FMT_NIL 1
| #define HAVE_PRINTF_PTR_FMT_SIGNED 1
| #define HAVE_SNPRINTF 1
| /* end confdefs.h.  */
| 
| #include <stdio.h>
| 
| 
| int
| main ()
| {
| #ifndef asprintf
| #ifdef __cplusplus
|   (void) asprintf;
| #else
|   (void) asprintf;
| #endif
| #endif
| 
|   ;
|   return 0;
| }
configure:15563: result: no
configure:15578: checking for asprintf
configure:15578: gcc -o conftest -g -O2 -fno-builtin -fno-common -D_REENTRANT -pedantic-errors -DCX_DISABLE_ASSERT -DL2_CACHE_BYTES=0  conftest.c -lpthread  >&5
configure:15578: $? = 0
configure:15578: result: yes
configure:15614: checking whether sysconf is declared
configure:15614: gcc -c -g -O2 -fno-builtin -fno-common -D_REENTRANT -DCX_DISABLE_ASSERT -DL2_CACHE_BYTES=0 conftest.c >&5
configure:15614: $? = 0
configure:15614: result: yes
configure:15627: checking for sysconf
configure:15627: gcc -o conftest -g -O2 -fno-builtin -fno-common -D_REENTRANT -pedantic-errors -DCX_DISABLE_ASSERT -DL2_CACHE_BYTES=0  conftest.c -lpthread  >&5
configure:15627: $? = 0
configure:15627: result: yes
configure:15663: checking whether fpathconf is declared
configure:15663: gcc -c -g -O2 -fno-builtin -fno-common -D_REENTRANT -DCX_DISABLE_ASSERT -DL2_CACHE_BYTES=0 conftest.c >&5
configure:15663: $? = 0
configure:15663: result: yes
configure:15676: checking for fpathconf
configure:15676: gcc -o conftest -g -O2 -fno-builtin -fno-common -D_REENTRANT -pedantic-errors -DCX_DISABLE_ASSERT -DL2_CACHE_BYTES=0  conftest.c -lpthread  >&5
configure:15676: $? = 0
configure:15676: result: yes
configure:15710: checking whether pathconf is declared
configure:15710: gcc -c -g -O2 -fno-builtin -fno-common -D_REENTRANT -DCX_DISABLE_ASSERT -DL2_CACHE_BYTES=0 conftest.c >&5
configure:15710: $? = 0
configure:15710: result: yes
configure:15723: checking for pathconf
configure:15723: gcc -o conftest -g -O2 -fno-builtin -fno-common -D_REENTRANT -pedantic-errors -DCX_DISABLE_ASSERT -DL2_CACHE_BYTES=0  conftest.c -lpthread  >&5
configure:15723: $? = 0
configure:15723: result: yes
configure:15904: checking that generated files are newer than configure
configure:15910: result: done
configure:15937: creating ./config.status

## ---------------------- ##
## Running config.status. ##
## ---------------------- ##

This file was extended by C Extension Library config.status 1.2.2, which was
generated by GNU Autoconf 2.69.  Invocation command line was

  CONFIG_FILES    = 
  CONFIG_HEADERS  = 
  CONFIG_LINKS    = 
  CONFIG_COMMANDS = 
  $ ./config.status 

on krieger.ttu.edu

config.status:1421: creating Makefile
config.status:1421: creating Doxyfile
config.status:1421: creating cext.pc
config.status:1421: creating cext/Makefile
config.status:1421: creating tests/Makefile
config.status:1421: creating config.h
config.status:1650: executing depfiles commands
config.status:1650: executing libtool commands
config.status:1650: executing cxconfig.h commands

## ---------------- ##
## Cache variables. ##
## ---------------- ##

ac_cv_build=x86_64-unknown-linux-gnu
ac_cv_c_compiler_gnu=yes
ac_cv_c_const=yes
ac_cv_c_inline=inline
ac_cv_env_CC_set=
ac_cv_env_CC_value=
ac_cv_env_CFLAGS_set=
ac_cv_env_CFLAGS_value=
ac_cv_env_CPPFLAGS_set=set
ac_cv_env_CPPFLAGS_value='-DCX_DISABLE_ASSERT -DL2_CACHE_BYTES=0'
ac_cv_env_CPP_set=
ac_cv_env_CPP_value=
ac_cv_env_DOXYGEN_set=
ac_cv_env_DOXYGEN_value=
ac_cv_env_LATEX_set=
ac_cv_env_LATEX_value=
ac_cv_env_LDFLAGS_set=
ac_cv_env_LDFLAGS_value=
ac_cv_env_LIBS_set=
ac_cv_env_LIBS_value=
ac_cv_env_LT_SYS_LIBRARY_PATH_set=
ac_cv_env_LT_SYS_LIBRARY_PATH_value=
ac_cv_env_build_alias_set=
ac_cv_env_build_alias_value=
ac_cv_env_host_alias_set=
ac_cv_env_host_alias_value=
ac_cv_env_target_alias_set=
ac_cv_env_target_alias_value=
ac_cv_func_asprintf=yes
ac_cv_func_fpathconf=yes
ac_cv_func_localeconv=yes
ac_cv_func_lstat_dereferences_slashed_symlink=yes
ac_cv_func_lstat_empty_string_bug=no
ac_cv_func_memcpy=yes
ac_cv_func_pathconf=yes
ac_cv_func_snprintf=yes
ac_cv_func_sprintf=yes
ac_cv_func_stat_empty_string_bug=no
ac_cv_func_stpcpy=yes
ac_cv_func_strchr=yes
ac_cv_func_strdup=yes
ac_cv_func_sysconf=yes
ac_cv_func_vasprintf=yes
ac_cv_func_vsnprintf=yes
ac_cv_have_decl_asprintf=no
ac_cv_have_decl_fpathconf=yes
ac_cv_have_decl_pathconf=yes
ac_cv_have_decl_snprintf=yes
ac_cv_have_decl_stpcpy=no
ac_cv_have_decl_strdup=yes
ac_cv_have_decl_sysconf=yes
ac_cv_have_decl_vasprintf=no
ac_cv_have_decl_vsnprintf=yes
ac_cv_header_dlfcn_h=yes
ac_cv_header_float_h=yes
ac_cv_header_inttypes_h=yes
ac_cv_header_limits_h=yes
ac_cv_header_locale_h=yes
ac_cv_header_memory_h=yes
ac_cv_header_pthread_h=yes
ac_cv_header_stat_broken=no
ac_cv_header_stdarg_h=yes
ac_cv_header_stdc=yes
ac_cv_header_stddef_h=yes
ac_cv_header_stdint_h=yes
ac_cv_header_stdlib_h=yes
ac_cv_header_string_h=yes
ac_cv_header_strings_h=yes
ac_cv_header_sys_stat_h=yes
ac_cv_header_sys_types_h=yes
ac_cv_header_unistd_h=yes
ac_cv_header_values_h=yes
ac_cv_host=x86_64-unknown-linux-gnu
ac_cv_lib_pthread_pthread_create=yes
ac_cv_member_struct_lconv_decimal_point=yes
ac_cv_member_struct_lconv_thousands_sep=yes
ac_cv_objext=o
ac_cv_path_DOXYGEN=/usr/bin/doxygen
ac_cv_path_EGREP='/bin/grep -E'
ac_cv_path_FGREP='/bin/grep -F'
ac_cv_path_GREP=/bin/grep
ac_cv_path_LATEX=/usr/bin/latex
ac_cv_path_SED=/bin/sed
ac_cv_path_install='/usr/bin/install -c'
ac_cv_path_lt_DD=/bin/dd
ac_cv_path_mkdir=/bin/mkdir
ac_cv_prog_AWK=gawk
ac_cv_prog_CPP='gcc -E'
ac_cv_prog_ac_ct_AR=ar
ac_cv_prog_ac_ct_CC=gcc
ac_cv_prog_ac_ct_OBJDUMP=objdump
ac_cv_prog_ac_ct_RANLIB=ranlib
ac_cv_prog_ac_ct_STRIP=strip
ac_cv_prog_cc_c89=
ac_cv_prog_cc_g=yes
ac_cv_prog_make_make_set=yes
ac_cv_sizeof_char=1
ac_cv_sizeof_int=4
ac_cv_sizeof_long=8
ac_cv_sizeof_long_long=8
ac_cv_sizeof_short=2
ac_cv_sizeof_size_t=8
ac_cv_sizeof_void_p=8
ac_cv_sys_file_offset_bits=no
ac_cv_sys_largefile_CC=no
ac_cv_type_int16_t=yes
ac_cv_type_int32_t=yes
ac_cv_type_int64_t=yes
ac_cv_type_int8_t=yes
ac_cv_type_intmax_t=yes
ac_cv_type_long_double=yes
ac_cv_type_long_long_int=yes
ac_cv_type_ptrdiff_t=yes
ac_cv_type_size_t=yes
ac_cv_type_uintmax_t=yes
ac_cv_type_uintptr_t=yes
ac_cv_type_unsigned_long_long_int=yes
am_cv_CC_dependencies_compiler_type=gcc3
am_cv_make_support_nested_variables=yes
am_cv_prog_cc_c_o=yes
cext_cv_have_char_8_bits='cext_have_char_bit=yes         cext_have_char_8_bits=yes'
cext_cv_type_size_type=long
eso_cv_enable_debug=no
eso_cv_enable_strict=no
eso_cv_func_vsnprintf_c99=yes
eso_cv_have__va_copy=yes
eso_cv_have_sane_realloc=yes
eso_cv_have_va_copy=yes
eso_cv_have_va_value_copy=no
eso_cv_prog_cc_attribute_visibility_hidden=yes
eso_cv_prog_cc_fno_builtin=yes
eso_cv_prog_cc_fno_common=yes
eso_cv_prog_cc_pthread=yes
eso_cv_threads_posix=yes
eso_cv_threads_posix_flags=yes
eso_cv_threads_posix_header=yes
eso_cv_threads_posix_lib=yes
lt_cv_ar_at_file=@
lt_cv_archive_cmds_need_lc=no
lt_cv_deplibs_check_method=pass_all
lt_cv_file_magic_cmd='$MAGIC_CMD'
lt_cv_file_magic_test_file=
lt_cv_ld_reload_flag=-r
lt_cv_nm_interface='BSD nm'
lt_cv_objdir=.libs
lt_cv_path_LD=/usr/bin/ld
lt_cv_path_NM='/usr/bin/nm -B'
lt_cv_path_mainfest_tool=no
lt_cv_prog_compiler_c_o=yes
lt_cv_prog_compiler_pic='-fPIC -DPIC'
lt_cv_prog_compiler_pic_works=yes
lt_cv_prog_compiler_rtti_exceptions=no
lt_cv_prog_compiler_static_works=no
lt_cv_prog_gnu_ld=yes
lt_cv_sharedlib_from_linklib_cmd='printf %s\n'
lt_cv_shlibpath_overrides_runpath=no
lt_cv_sys_global_symbol_pipe='sed -n -e '\''s/^.*[	 ]\([ABCDGIRSTW][ABCDGIRSTW]*\)[	 ][	 ]*\([_A-Za-z][_A-Za-z0-9]*\)$/\1 \2 \2/p'\'' | sed '\''/ __gnu_lto/d'\'''
lt_cv_sys_global_symbol_to_c_name_address='sed -n -e '\''s/^: \(.*\) .*$/  {"\1", (void *) 0},/p'\'' -e '\''s/^[ABCDGIRSTW][ABCDGIRSTW]* .* \(.*\)$/  {"\1", (void *) \&\1},/p'\'''
lt_cv_sys_global_symbol_to_c_name_address_lib_prefix='sed -n -e '\''s/^: \(.*\) .*$/  {"\1", (void *) 0},/p'\'' -e '\''s/^[ABCDGIRSTW][ABCDGIRSTW]* .* \(lib.*\)$/  {"\1", (void *) \&\1},/p'\'' -e '\''s/^[ABCDGIRSTW][ABCDGIRSTW]* .* \(.*\)$/  {"lib\1", (void *) \&\1},/p'\'''
lt_cv_sys_global_symbol_to_cdecl='sed -n -e '\''s/^T .* \(.*\)$/extern int \1();/p'\'' -e '\''s/^[ABCDGIRSTW][ABCDGIRSTW]* .* \(.*\)$/extern char \1;/p'\'''
lt_cv_sys_global_symbol_to_import=
lt_cv_sys_max_cmd_len=1966080
lt_cv_to_host_file_cmd=func_convert_file_noop
lt_cv_to_tool_file_cmd=func_convert_file_noop
lt_cv_truncate_bin='/bin/dd bs=4096 count=1'

## ----------------- ##
## Output variables. ##
## ----------------- ##

ACLOCAL='${SHELL} /home/mmarcano/Documents/VIMOS/NGC6652/esorex/vimos-kit-3.2.3/cpl-7.1/libcext/admin/missing aclocal-1.15'
AMDEPBACKSLASH='\'
AMDEP_FALSE='#'
AMDEP_TRUE=''
AMTAR='$${TAR-tar}'
AM_BACKSLASH='\'
AM_DEFAULT_V='$(AM_DEFAULT_VERBOSITY)'
AM_DEFAULT_VERBOSITY='1'
AM_V='$(V)'
AR='ar'
AUTOCONF='${SHELL} /home/mmarcano/Documents/VIMOS/NGC6652/esorex/vimos-kit-3.2.3/cpl-7.1/libcext/admin/missing autoconf'
AUTOHEADER='${SHELL} /home/mmarcano/Documents/VIMOS/NGC6652/esorex/vimos-kit-3.2.3/cpl-7.1/libcext/admin/missing autoheader'
AUTOMAKE='${SHELL} /home/mmarcano/Documents/VIMOS/NGC6652/esorex/vimos-kit-3.2.3/cpl-7.1/libcext/admin/missing automake-1.15'
AWK='gawk'
CC='gcc'
CCDEPMODE='depmode=gcc3'
CEXT_INCLUDES='-I$(top_builddir)/cext -I$(top_srcdir)'
CFLAGS='-g -O2 -fno-builtin -fno-common -D_REENTRANT'
CPP='gcc -E'
CPPFLAGS='-DCX_DISABLE_ASSERT -DL2_CACHE_BYTES=0'
CX_DEBUG_FLAGS='-DCX_DISABLE_ASSERT'
CYGPATH_W='echo'
DEFS='-DHAVE_CONFIG_H'
DEPDIR='.deps'
DLLTOOL='false'
DOXYGEN='/usr/bin/doxygen'
DSYMUTIL=''
DUMPBIN=''
ECHO_C=''
ECHO_N='-n'
ECHO_T=''
EGREP='/bin/grep -E'
ESO_DEBUG_FLAGS='-DNDEBUG'
EXEEXT=''
FGREP='/bin/grep -F'
GREP='/bin/grep'
INSTALL_DATA='${INSTALL} -m 644'
INSTALL_PROGRAM='${INSTALL}'
INSTALL_SCRIPT='${INSTALL}'
INSTALL_STRIP_PROGRAM='$(install_sh) -c -s'
LATEX='/usr/bin/latex'
LD='/usr/bin/ld -m elf_x86_64'
LDFLAGS=''
LIBOBJS=''
LIBPTHREAD='-lpthread'
LIBS='-lpthread '
LIBTOOL='$(SHELL) $(top_builddir)/libtool'
LIBTOOL_DEPS='admin/ltmain.sh'
LIPO=''
LN_S='ln -s'
LTLIBOBJS=''
LT_AGE='2'
LT_CURRENT='2'
LT_REVISION='2'
LT_SYS_LIBRARY_PATH=''
MAINT='#'
MAINTAINER_MODE_FALSE=''
MAINTAINER_MODE_TRUE='#'
MAKEINFO='${SHELL} /home/mmarcano/Documents/VIMOS/NGC6652/esorex/vimos-kit-3.2.3/cpl-7.1/libcext/admin/missing makeinfo'
MANIFEST_TOOL=':'
MKDIR_P='/bin/mkdir -p'
NM='/usr/bin/nm -B'
NMEDIT=''
OBJDUMP='objdump'
OBJEXT='o'
OTOOL64=''
OTOOL=''
PACKAGE='cext'
PACKAGE_BUGREPORT='cpl-help@eso.org'
PACKAGE_NAME='C Extension Library'
PACKAGE_STRING='C Extension Library 1.2.2'
PACKAGE_TARNAME='cext'
PACKAGE_URL=''
PACKAGE_VERSION='1.2.2'
PATH_SEPARATOR=':'
PTHREAD_CFLAGS='-pthread'
RANLIB='ranlib'
SED='/bin/sed'
SET_MAKE=''
SHELL='/bin/sh'
SNPRINTF=''
STRIP='strip'
VERSION='1.2.2'
ac_ct_AR='ar'
ac_ct_CC='gcc'
ac_ct_DUMPBIN=''
am__EXEEXT_FALSE=''
am__EXEEXT_TRUE='#'
am__fastdepCC_FALSE='#'
am__fastdepCC_TRUE=''
am__include='include'
am__isrc=''
am__leading_dot='.'
am__nodep='_no'
am__quote=''
am__tar='$${TAR-tar} chof - "$$tardir"'
am__untar='$${TAR-tar} xf -'
apidocdir='${datadir}/doc/${PACKAGE}/html'
bindir='${exec_prefix}/bin'
build='x86_64-unknown-linux-gnu'
build_alias=''
build_cpu='x86_64'
build_os='linux-gnu'
build_vendor='unknown'
configdir='${includedir}'
datadir='${datarootdir}'
datarootdir='${prefix}/share'
docdir='${datarootdir}/doc/${PACKAGE_TARNAME}'
dvidir='${docdir}'
exec_prefix='${prefix}'
host='x86_64-unknown-linux-gnu'
host_alias=''
host_cpu='x86_64'
host_os='linux-gnu'
host_vendor='unknown'
htmldir='${docdir}'
includedir='${prefix}/include'
infodir='${datarootdir}/info'
install_sh='${SHELL} /home/mmarcano/Documents/VIMOS/NGC6652/esorex/vimos-kit-3.2.3/cpl-7.1/libcext/admin/install-sh'
libdir='${exec_prefix}/lib'
libexecdir='${exec_prefix}/libexec'
localedir='${datarootdir}/locale'
localstatedir='${prefix}/var'
mandir='${datarootdir}/man'
mkdir_p='$(MKDIR_P)'
oldincludedir='/usr/include'
pdfdir='${docdir}'
pkgconfigdir='${libdir}/pkgconfig'
prefix='/home/mmarcano/Documents/VIMOS/NGC6652/esorex'
program_transform_name='s,x,x,'
psdir='${docdir}'
sbindir='${exec_prefix}/sbin'
sharedstatedir='${prefix}/com'
sysconfdir='${prefix}/etc'
target_alias=''

## ----------- ##
## confdefs.h. ##
## ----------- ##

/* confdefs.h */
#define PACKAGE_NAME "C Extension Library"
#define PACKAGE_TARNAME "cext"
#define PACKAGE_VERSION "1.2.2"
#define PACKAGE_STRING "C Extension Library 1.2.2"
#define PACKAGE_BUGREPORT "cpl-help@eso.org"
#define PACKAGE_URL ""
#define PACKAGE "cext"
#define VERSION "1.2.2"
#define STDC_HEADERS 1
#define HAVE_SYS_TYPES_H 1
#define HAVE_SYS_STAT_H 1
#define HAVE_STDLIB_H 1
#define HAVE_STRING_H 1
#define HAVE_MEMORY_H 1
#define HAVE_STRINGS_H 1
#define HAVE_INTTYPES_H 1
#define HAVE_STDINT_H 1
#define HAVE_UNISTD_H 1
#define HAVE_DLFCN_H 1
#define LT_OBJDIR ".libs/"
#define HAVE_PTHREAD_H 1
#define CX_THREADS_ENABLED 1
#define STDC_HEADERS 1
#define HAVE_STDDEF_H 1
#define HAVE_STDINT_H 1
#define HAVE_STDARG_H 1
#define HAVE_INTTYPES_H 1
#define HAVE_FLOAT_H 1
#define HAVE_LIMITS_H 1
#define HAVE_LOCALE_H 1
#define HAVE_VALUES_H 1
#define HAVE_UNISTD_H 1
#define HAVE_LONG_LONG_INT 1
#define HAVE_UNSIGNED_LONG_LONG_INT 1
#define HAVE_INTMAX_T 1
#define HAVE_UINTMAX_T 1
#define HAVE_UINTPTR_T 1
#define HAVE_LONG_DOUBLE 1
#define HAVE_PTRDIFF_T 1
#define HAVE_CHAR_BIT 1
#define SIZEOF_CHAR 1
#define SIZEOF_SHORT 2
#define SIZEOF_INT 4
#define SIZEOF_LONG 8
#define SIZEOF_LONG_LONG 8
#define SIZEOF_SIZE_T 8
#define SIZEOF_VOID_P 8
#define HAVE_STRUCT_LCONV_DECIMAL_POINT 1
#define HAVE_STRUCT_LCONV_THOUSANDS_SEP 1
#define HAVE_STRCHR 1
#define HAVE_MEMCPY 1
#define HAVE_SPRINTF 1
#define HAVE_LOCALECONV 1
#define LSTAT_FOLLOWS_SLASHED_SYMLINK 1
#define HAVE_VA_COPY 1
#define CX_VA_COPY va_copy
#define HAVE_VA_COPY_STYLE_FUNCTION 1
#define HAVE_WORKING_REALLOC 1
#define HAVE_STRDUP 1
#define HAVE_VSNPRINTF 1
#define HAVE_VSNPRINTF_C99 1
#define HAVE_PRINTF_STR_FMT_NULL 1
#define HAVE_PRINTF_PTR_FMT_NIL 1
#define HAVE_PRINTF_PTR_FMT_SIGNED 1
#define HAVE_SNPRINTF 1
#define HAVE_SYSCONF 1
#define HAVE_FPATHCONF 1
#define HAVE_PATHCONF 1
#define CX_LOG_DOMAIN "CxLib"

configure: exit 0

## ---------------------- ##
## Running config.status. ##
## ---------------------- ##

This file was extended by C Extension Library config.status 1.2.2, which was
generated by GNU Autoconf 2.69.  Invocation command line was

  CONFIG_FILES    = 
  CONFIG_HEADERS  = 
  CONFIG_LINKS    = 
  CONFIG_COMMANDS = 
  $ ./config.status cxconfig.h

on krieger.ttu.edu

config.status:1650: executing cxconfig.h commands
config.status:2549: cext/cxconfig.h is unchanged
