
Start time     : 2018-10-24T18:55:53
Program name   : esorex
Severity level : [ INFO  ] 

18:55:53 [ INFO  ] : [tid=000] This is EsoRex, version 3.13.1
18:55:53 [ INFO  ] : [tid=000] using the libraries: CPL = 7.1, CFITSIO = 3.36, WCSLIB = 4.24, FFTW (normal precision) = 3.3.4-sse2, FFTW (single precision) = 3.3.4-sse2, CPL FLOP counting is unavailable, enable with -DCPL_ADD_FLOPS, OPENMP = 200805
18:55:53 [ INFO  ] : [tid=000] Invocation command line was: /home/mmarcano/Documents/VIMOS/NGC6652/esorex/bin/esorex --output-dir=/home/mmarcano/Documents/VIMOS/NGC6652/data/NGC6652A2/2003-06-03T08:40/RawESOdata/quadrant4 --log-dir=/home/mmarcano/Documents/VIMOS/NGC6652/data/NGC6652A2/2003-06-03T08:40/RawESOdata/quadrant4 vmifustandard /home/mmarcano/Documents/VIMOS/NGC6652/data/NGC6652A2/2003-06-03T08:40/RawESOdata/quadrant4/ifustandard.sof
18:55:53 [ INFO  ] vmifustandard: [tid=000] Loading input frames...
18:55:53 [ INFO  ] vmifustandard: [tid=000] Bias removal...
18:55:53 [ INFO  ] vmifustandard: [tid=000] Processing data from quadrant 4, HR_blue/Free, shutter ON...
18:55:53 [ INFO  ] vmifustandard: [tid=000] Processing data from quadrant 4...
18:55:53 [ INFO  ] vmifustandard: [tid=000] Processing spectra in pseudo-slit 2:
18:55:53 [ INFO  ] vmifustandard: [tid=000]   Load flat field tracing table...
18:55:53 [ INFO  ] vmifustandard: [tid=000]   Detect traceable spectra on standard star exposure...
18:55:53 [ INFO  ] vmifustandard: [tid=000]     21 spectra detected on standard star exposure.
18:55:53 [ INFO  ] vmifustandard: [tid=000]   Tracing detected spectra...
18:55:53 [ INFO  ] vmifustandard: [tid=000]   Identify traced spectra on standard star exposure...
18:55:53 [ INFO  ] vmifustandard: [tid=000]   Align flat field tracings to standard star exposure...
18:55:53 [ INFO  ] vmifustandard: [tid=000]   Simple extraction of standard star and sky spectra...
18:55:57 [ INFO  ] vmifustandard: [tid=000]   Align wavelength calibration to detected sky lines...
18:55:57 [ INFO  ] ifuAlignSkylines: [tid=000]   Applying median shift of -0.222371 px
18:55:57 [ INFO  ] ifuAlignSkylines: [tid=000]   NOT applying individual shifts
18:55:57 [ INFO  ] vmifustandard: [tid=000]     Alignment: -0.22 CCD pixels
18:55:57 [ INFO  ] vmifustandard: [tid=000]   Resample standard star spectra at constant wavelength step (0.54 Angstrom)
18:55:57 [ INFO  ] vmifustandard: [tid=000] Apply transmission correction to extracted spectra...
18:55:57 [ INFO  ] vmifustandard: [tid=000] Computing QC1 parameters...
18:55:57 [ INFO  ] createFitsTable: [tid=000] Table ifu_specphot_table.fits (SPH) created.
18:55:57 [ INFO  ] : [tid=000] Calculating product checksums
18:55:57 [ INFO  ] : [tid=000] Created product /home/mmarcano/Documents/VIMOS/NGC6652/data/NGC6652A2/2003-06-03T08:40/RawESOdata/quadrant4/ifu_science_sky.fits
18:55:57 [ INFO  ] : [tid=000] Created product /home/mmarcano/Documents/VIMOS/NGC6652/data/NGC6652A2/2003-06-03T08:40/RawESOdata/quadrant4/ifu_specphot_table.fits
18:55:57 [ INFO  ] : [tid=000] Created product /home/mmarcano/Documents/VIMOS/NGC6652/data/NGC6652A2/2003-06-03T08:40/RawESOdata/quadrant4/ifu_standard_extracted.fits
18:55:57 [ INFO  ] : [tid=000] Created product /home/mmarcano/Documents/VIMOS/NGC6652/data/NGC6652A2/2003-06-03T08:40/RawESOdata/quadrant4/ifu_standard_reduced.fits
18:55:57 [ INFO  ] : [tid=000] Created product /home/mmarcano/Documents/VIMOS/NGC6652/data/NGC6652A2/2003-06-03T08:40/RawESOdata/quadrant4/ifu_std_fov.fits
18:55:57 [ INFO  ] : [tid=000] 5 products created
18:55:57 [ INFO  ] : [tid=000] Recipe operation(s) took           4.21 seconds to complete.
18:55:57 [ INFO  ] : [tid=000] Size of single raw input frame  =    17.64 MB

18:55:57 [ INFO  ] : [tid=000] => processing rate of     4.19 MB/sec 

