
Start time     : 2018-10-24T18:55:45
Program name   : esorex
Severity level : [ INFO  ] 

18:55:45 [ INFO  ] : [tid=000] This is EsoRex, version 3.13.1
18:55:45 [ INFO  ] : [tid=000] using the libraries: CPL = 7.1, CFITSIO = 3.36, WCSLIB = 4.24, FFTW (normal precision) = 3.3.4-sse2, FFTW (single precision) = 3.3.4-sse2, CPL FLOP counting is unavailable, enable with -DCPL_ADD_FLOPS, OPENMP = 200805
18:55:45 [ INFO  ] : [tid=000] Invocation command line was: /home/mmarcano/Documents/VIMOS/NGC6652/esorex/bin/esorex --output-dir=/home/mmarcano/Documents/VIMOS/NGC6652/data/NGC6652A2/2003-06-03T08:40/RawESOdata/quadrant4 --log-dir=/home/mmarcano/Documents/VIMOS/NGC6652/data/NGC6652A2/2003-06-03T08:40/RawESOdata/quadrant4 vmifucalib /home/mmarcano/Documents/VIMOS/NGC6652/data/NGC6652A2/2003-06-03T08:40/RawESOdata/quadrant4/calib.sof
18:55:45 [ INFO  ] vimos_print_banner: [tid=000] *****************************************
18:55:45 [ INFO  ] vimos_print_banner: [tid=000] Welcome to VIMOS Pipeline release 3.2.3
18:55:45 [ INFO  ] vimos_print_banner: [tid=000] *****************************************
18:55:45 [ INFO  ] vmifucalib: [tid=000] Loading the input frames...
18:55:45 [ INFO  ] vmifucalib: [tid=000] Processing data from quadrant 4, HR_blue/Free, shutter ON...
18:55:45 [ INFO  ] vmifucalib: [tid=000] Bias removal...
18:55:46 [ INFO  ] vmifucalib: [tid=000] Processing spectra in pseudo-slit 2:
18:55:46 [ INFO  ] vmifucalib: [tid=000]   Identify and trace flat field spectra...
18:55:46 [ INFO  ] ifuIdentifyUpgrade: [tid=000]   Cross-correlation offset with reference identification: 1.638219
18:55:46 [ INFO  ] vmifucalib: [tid=000]     340 out of 400 spectra were identified and traced.
18:55:46 [ INFO  ] vmifucalib: [tid=000]   Extract flat field spectra...
18:55:48 [ INFO  ] vmifucalib: [tid=000]   Extract arc lamp spectra...
18:55:51 [ INFO  ] vmifucalib: [tid=000]   Compute the wavelength calibration (blind)...
18:55:52 [ INFO  ] vmifucalib: [tid=000]     338 out of 340 extracted spectra were wavelength calibrated.
18:55:52 [ INFO  ] vmifucalib: [tid=000]   Resample flat field spectra at constant wavelength step (0.54 Angstrom)
18:55:52 [ INFO  ] vmifucalib: [tid=000]   Resample arc lamp spectra at constant wavelength step (0.54 Angstrom)
18:55:52 [ INFO  ] vmifucalib: [tid=000] Derive the relative transmission correction from extracted flat field spectra...
18:55:52 [ INFO  ] vmifucalib: [tid=000] Computing QC1 parameters...
18:55:52 [ INFO  ] vmifucalib: [tid=000] Flux of He 5015.68: 12604.39 +/- 1768.19 ADU/fiber/s
18:55:52 [ INFO  ] vmifucalib: [tid=000] Flux of Ne 5944.83: 19382.57 +/- 4648.16 ADU/fiber/s
18:55:52 [WARNING] vmifucalib: [tid=000] No Ar lines in HR_blue spectral range: corresponding QC1 parameters are not computed.
18:55:52 [ INFO  ] vmifucalib: [tid=000] Spectral resolution at 6030.00: 2483.43 +/- 195.74
18:55:52 [ INFO  ] vmifucalib: [tid=000] Spectral resolution at 5015.67: 2726.86 +/- 69.28
18:55:52 [ INFO  ] vmifucalib: [tid=000] Spectral resolution at 4471.48: 2524.14 +/- 76.10
18:55:52 [ INFO  ] distortionsRms: [tid=000] RMS for 4026.19: line not available
18:55:52 [ INFO  ] distortionsRms: [tid=000] RMS for 4471.48: 0.085
18:55:52 [ INFO  ] distortionsRms: [tid=000] RMS for 4713.14: 0.194
18:55:52 [ INFO  ] distortionsRms: [tid=000] RMS for 4921.93: 0.202
18:55:52 [ INFO  ] distortionsRms: [tid=000] RMS for 5015.67: 0.089
18:55:52 [ INFO  ] distortionsRms: [tid=000] RMS for 5764.42: 0.276
18:55:52 [ INFO  ] distortionsRms: [tid=000] RMS for 5852.49: 0.248
18:55:52 [ INFO  ] distortionsRms: [tid=000] RMS for 5875.62: 0.160
18:55:52 [ INFO  ] distortionsRms: [tid=000] RMS for 5944.83: 0.216
18:55:52 [ INFO  ] distortionsRms: [tid=000] RMS for 6030.00: 0.205
18:55:52 [ INFO  ] distortionsRms: [tid=000] RMS for 6074.34: 0.272
18:55:52 [ INFO  ] distortionsRms: [tid=000] RMS for 6096.16: 0.188
18:55:52 [ INFO  ] distortionsRms: [tid=000] RMS for 6143.06: 0.234
18:55:52 [ INFO  ] distortionsRms: [tid=000] RMS for 6163.59: 0.242
18:55:52 [ INFO  ] distortionsRms: [tid=000] RMS for 6217.28: line not available
18:55:52 [ INFO  ] distortionsRms: [tid=000] RMS for 6266.50: line not available
18:55:52 [ INFO  ] vmifucalib: [tid=000] IDS RMS: 0.201 pixel
18:55:53 [ INFO  ] : [tid=000] Calculating product checksums
18:55:53 [ INFO  ] : [tid=000] Created product /home/mmarcano/Documents/VIMOS/NGC6652/data/NGC6652A2/2003-06-03T08:40/RawESOdata/quadrant4/ifu_arc_spectrum_extracted.fits
18:55:53 [ INFO  ] : [tid=000] Created product /home/mmarcano/Documents/VIMOS/NGC6652/data/NGC6652A2/2003-06-03T08:40/RawESOdata/quadrant4/ifu_flat_spectrum_extracted.fits
18:55:53 [ INFO  ] : [tid=000] Created product /home/mmarcano/Documents/VIMOS/NGC6652/data/NGC6652A2/2003-06-03T08:40/RawESOdata/quadrant4/ifu_ids.fits
18:55:53 [ INFO  ] : [tid=000] Created product /home/mmarcano/Documents/VIMOS/NGC6652/data/NGC6652A2/2003-06-03T08:40/RawESOdata/quadrant4/ifu_master_screen_flat.fits
18:55:53 [ INFO  ] : [tid=000] Created product /home/mmarcano/Documents/VIMOS/NGC6652/data/NGC6652A2/2003-06-03T08:40/RawESOdata/quadrant4/ifu_trace.fits
18:55:53 [ INFO  ] : [tid=000] Created product /home/mmarcano/Documents/VIMOS/NGC6652/data/NGC6652A2/2003-06-03T08:40/RawESOdata/quadrant4/ifu_transmission.fits
18:55:53 [ INFO  ] : [tid=000] 6 products created
18:55:53 [ INFO  ] : [tid=000] Recipe operation(s) took           7.63 seconds to complete.
18:55:53 [ INFO  ] : [tid=000] Total size of 2 raw input frames  =    35.27 MB

18:55:53 [ INFO  ] : [tid=000] => processing rate of     4.62 MB/sec 

