
Start time     : 2018-10-23T18:25:48
Program name   : esorex
Severity level : [ INFO  ] 

18:25:48 [ INFO  ] : [tid=000] This is EsoRex, version 3.13.1
18:25:48 [ INFO  ] : [tid=000] using the libraries: CPL = 7.1, CFITSIO = 3.36, WCSLIB = 4.24, FFTW (normal precision) = 3.3.4-sse2, FFTW (single precision) = 3.3.4-sse2, CPL FLOP counting is unavailable, enable with -DCPL_ADD_FLOPS, OPENMP = 200805
18:25:48 [ INFO  ] : [tid=000] Invocation command line was: /home/mmarcano/Documents/VIMOS/NGC6652/esorex/bin/esorex --output-dir=/home/mmarcano/Documents/VIMOS/NGC6652/data/NGC6652A3/2003-06-04T03:46/RawESOdata/quadrant1 --log-dir=/home/mmarcano/Documents/VIMOS/NGC6652/data/NGC6652A3/2003-06-04T03:46/RawESOdata/quadrant1 vmifucalib /home/mmarcano/Documents/VIMOS/NGC6652/data/NGC6652A3/2003-06-04T03:46/RawESOdata/quadrant1/calib.sof
18:25:48 [ INFO  ] vimos_print_banner: [tid=000] *****************************************
18:25:48 [ INFO  ] vimos_print_banner: [tid=000] Welcome to VIMOS Pipeline release 3.2.3
18:25:48 [ INFO  ] vimos_print_banner: [tid=000] *****************************************
18:25:48 [ INFO  ] vmifucalib: [tid=000] Loading the input frames...
18:25:48 [ INFO  ] vmifucalib: [tid=000] Processing data from quadrant 1, HR_blue/Free, shutter ON...
18:25:48 [ INFO  ] vmifucalib: [tid=000] Bias removal...
18:25:48 [ INFO  ] vmifucalib: [tid=000] Processing spectra in pseudo-slit 2:
18:25:48 [ INFO  ] vmifucalib: [tid=000]   Identify and trace flat field spectra...
18:25:48 [ INFO  ] ifuIdentifyUpgrade: [tid=000]   Cross-correlation offset with reference identification: -8.755401
18:25:49 [ INFO  ] vmifucalib: [tid=000]     366 out of 400 spectra were identified and traced.
18:25:49 [ INFO  ] vmifucalib: [tid=000]   Extract flat field spectra...
18:25:51 [ INFO  ] vmifucalib: [tid=000]   Extract arc lamp spectra...
18:25:55 [ INFO  ] vmifucalib: [tid=000]   Compute the wavelength calibration (blind)...
18:25:55 [ INFO  ] vmifucalib: [tid=000]     365 out of 366 extracted spectra were wavelength calibrated.
18:25:55 [ INFO  ] vmifucalib: [tid=000]   Resample flat field spectra at constant wavelength step (0.54 Angstrom)
18:25:55 [ INFO  ] vmifucalib: [tid=000]   Resample arc lamp spectra at constant wavelength step (0.54 Angstrom)
18:25:55 [ INFO  ] vmifucalib: [tid=000] Derive the relative transmission correction from extracted flat field spectra...
18:25:55 [ INFO  ] vmifucalib: [tid=000] Computing QC1 parameters...
18:25:55 [ INFO  ] vmifucalib: [tid=000] Flux of He 5015.68: 15787.48 +/- 2244.06 ADU/fiber/s
18:25:55 [ INFO  ] vmifucalib: [tid=000] Flux of Ne 5944.83: 27799.48 +/- 1461.73 ADU/fiber/s
18:25:55 [WARNING] vmifucalib: [tid=000] No Ar lines in HR_blue spectral range: corresponding QC1 parameters are not computed.
18:25:55 [ INFO  ] vmifucalib: [tid=000] Spectral resolution at 6030.00: 2481.71 +/- 176.70
18:25:55 [ INFO  ] vmifucalib: [tid=000] Spectral resolution at 5015.67: 2742.92 +/- 77.40
18:25:55 [ INFO  ] vmifucalib: [tid=000] Spectral resolution at 4471.48: 2549.51 +/- 68.95
18:25:55 [ INFO  ] distortionsRms: [tid=000] RMS for 4026.19: line not available
18:25:55 [ INFO  ] distortionsRms: [tid=000] RMS for 4471.48: 0.077
18:25:55 [ INFO  ] distortionsRms: [tid=000] RMS for 4713.14: 0.251
18:25:55 [ INFO  ] distortionsRms: [tid=000] RMS for 4921.93: 0.211
18:25:55 [ INFO  ] distortionsRms: [tid=000] RMS for 5015.67: 0.091
18:25:55 [ INFO  ] distortionsRms: [tid=000] RMS for 5764.42: 0.434
18:25:55 [ INFO  ] distortionsRms: [tid=000] RMS for 5852.49: 0.374
18:25:55 [ INFO  ] distortionsRms: [tid=000] RMS for 5875.62: 0.221
18:25:55 [ INFO  ] distortionsRms: [tid=000] RMS for 5944.83: 0.399
18:25:55 [ INFO  ] distortionsRms: [tid=000] RMS for 6030.00: 0.258
18:25:55 [ INFO  ] distortionsRms: [tid=000] RMS for 6074.34: 0.256
18:25:55 [ INFO  ] distortionsRms: [tid=000] RMS for 6096.16: 0.158
18:25:55 [ INFO  ] distortionsRms: [tid=000] RMS for 6143.06: 0.283
18:25:55 [ INFO  ] distortionsRms: [tid=000] RMS for 6163.59: 0.270
18:25:55 [ INFO  ] distortionsRms: [tid=000] RMS for 6217.28: 0.111
18:25:55 [ INFO  ] distortionsRms: [tid=000] RMS for 6266.50: line not available
18:25:55 [ INFO  ] vmifucalib: [tid=000] IDS RMS: 0.246 pixel
18:25:56 [ INFO  ] : [tid=000] Calculating product checksums
18:25:56 [ INFO  ] : [tid=000] Created product /home/mmarcano/Documents/VIMOS/NGC6652/data/NGC6652A3/2003-06-04T03:46/RawESOdata/quadrant1/ifu_arc_spectrum_extracted.fits
18:25:56 [ INFO  ] : [tid=000] Created product /home/mmarcano/Documents/VIMOS/NGC6652/data/NGC6652A3/2003-06-04T03:46/RawESOdata/quadrant1/ifu_flat_spectrum_extracted.fits
18:25:56 [ INFO  ] : [tid=000] Created product /home/mmarcano/Documents/VIMOS/NGC6652/data/NGC6652A3/2003-06-04T03:46/RawESOdata/quadrant1/ifu_ids.fits
18:25:56 [ INFO  ] : [tid=000] Created product /home/mmarcano/Documents/VIMOS/NGC6652/data/NGC6652A3/2003-06-04T03:46/RawESOdata/quadrant1/ifu_master_screen_flat.fits
18:25:56 [ INFO  ] : [tid=000] Created product /home/mmarcano/Documents/VIMOS/NGC6652/data/NGC6652A3/2003-06-04T03:46/RawESOdata/quadrant1/ifu_trace.fits
18:25:56 [ INFO  ] : [tid=000] Created product /home/mmarcano/Documents/VIMOS/NGC6652/data/NGC6652A3/2003-06-04T03:46/RawESOdata/quadrant1/ifu_transmission.fits
18:25:56 [ INFO  ] : [tid=000] 6 products created
18:25:56 [ INFO  ] : [tid=000] Recipe operation(s) took           8.68 seconds to complete.
18:25:56 [ INFO  ] : [tid=000] Total size of 2 raw input frames  =    35.27 MB

18:25:56 [ INFO  ] : [tid=000] => processing rate of     4.06 MB/sec 

