
Start time     : 2018-09-19T17:20:35
Program name   : esorex
Severity level : [ INFO  ] 

17:20:35 [ INFO  ] : [tid=000] This is EsoRex, version 3.13.1
17:20:35 [ INFO  ] : [tid=000] using the libraries: CPL = 7.1, CFITSIO = 3.36, WCSLIB = 4.24, FFTW (normal precision) = 3.3.4-sse2, FFTW (single precision) = 3.3.4-sse2, CPL FLOP counting is unavailable, enable with -DCPL_ADD_FLOPS, OPENMP = 200805
17:20:35 [ INFO  ] : [tid=000] Invocation command line was: /home/mmarcano/Documents/VIMOS/NGC6652/esorex/bin/esorex --output-dir=/home/mmarcano/Documents/VIMOS/NGC6652/data/NGC6652B4/2003-06-24T04:55:50/RawESOdata/quadrant3 --log-dir=/home/mmarcano/Documents/VIMOS/NGC6652/data/NGC6652B4/2003-06-24T04:55:50/RawESOdata/quadrant3 vmifucalib /home/mmarcano/Documents/VIMOS/NGC6652/data/NGC6652B4/2003-06-24T04:55:50/RawESOdata/quadrant3/calib.sof
17:20:35 [ INFO  ] vimos_print_banner: [tid=000] *****************************************
17:20:35 [ INFO  ] vimos_print_banner: [tid=000] Welcome to VIMOS Pipeline release 3.2.3
17:20:35 [ INFO  ] vimos_print_banner: [tid=000] *****************************************
17:20:35 [ INFO  ] vmifucalib: [tid=000] Loading the input frames...
17:20:35 [ INFO  ] vmifucalib: [tid=000] Processing data from quadrant 3, HR_blue/Free, shutter ON...
17:20:35 [ INFO  ] vmifucalib: [tid=000] Bias removal...
17:20:35 [ INFO  ] vmifucalib: [tid=000] Combining 3 flat fields with method 'MinMax'
17:20:36 [ INFO  ] vmifucalib: [tid=000] Processing spectra in pseudo-slit 2:
17:20:36 [ INFO  ] vmifucalib: [tid=000]   Identify and trace flat field spectra...
17:20:36 [ INFO  ] ifuIdentifyUpgrade: [tid=000]   Cross-correlation offset with reference identification: 15.893332
17:20:36 [ INFO  ] vmifucalib: [tid=000]     356 out of 400 spectra were identified and traced.
17:20:36 [ INFO  ] vmifucalib: [tid=000]   Extract flat field spectra...
17:20:38 [ INFO  ] vmifucalib: [tid=000]   Extract arc lamp spectra...
17:20:42 [ INFO  ] vmifucalib: [tid=000]   Compute the wavelength calibration (blind)...
17:20:43 [ INFO  ] vmifucalib: [tid=000]     355 out of 356 extracted spectra were wavelength calibrated.
17:20:43 [ INFO  ] vmifucalib: [tid=000]   Resample flat field spectra at constant wavelength step (0.54 Angstrom)
17:20:43 [ INFO  ] vmifucalib: [tid=000]   Resample arc lamp spectra at constant wavelength step (0.54 Angstrom)
17:20:43 [ INFO  ] vmifucalib: [tid=000] Derive the relative transmission correction from extracted flat field spectra...
17:20:43 [ INFO  ] vmifucalib: [tid=000] Computing QC1 parameters...
17:20:43 [ INFO  ] vmifucalib: [tid=000] Flux of He 5015.68: 10362.61 +/- 1101.69 ADU/fiber/s
17:20:43 [ INFO  ] vmifucalib: [tid=000] Flux of Ne 5944.83: 12740.02 +/- 2871.50 ADU/fiber/s
17:20:43 [WARNING] vmifucalib: [tid=000] No Ar lines in HR_blue spectral range: corresponding QC1 parameters are not computed.
17:20:43 [ INFO  ] vmifucalib: [tid=000] Spectral resolution at 6030.00: 3228.47 +/- 146.98
17:20:43 [ INFO  ] vmifucalib: [tid=000] Spectral resolution at 5015.67: 2826.58 +/- 66.53
17:20:43 [ INFO  ] vmifucalib: [tid=000] Spectral resolution at 4471.48: 2297.96 +/- 62.73
17:20:43 [ INFO  ] distortionsRms: [tid=000] RMS for 4026.19: line not available
17:20:43 [ INFO  ] distortionsRms: [tid=000] RMS for 4471.48: 0.072
17:20:43 [ INFO  ] distortionsRms: [tid=000] RMS for 4713.14: 0.256
17:20:43 [ INFO  ] distortionsRms: [tid=000] RMS for 4921.93: 0.198
17:20:43 [ INFO  ] distortionsRms: [tid=000] RMS for 5015.67: 0.081
17:20:43 [ INFO  ] distortionsRms: [tid=000] RMS for 5764.42: 0.276
17:20:43 [ INFO  ] distortionsRms: [tid=000] RMS for 5852.49: 0.188
17:20:43 [ INFO  ] distortionsRms: [tid=000] RMS for 5875.62: 0.138
17:20:43 [ INFO  ] distortionsRms: [tid=000] RMS for 5944.83: 0.164
17:20:43 [ INFO  ] distortionsRms: [tid=000] RMS for 6030.00: 0.177
17:20:43 [ INFO  ] distortionsRms: [tid=000] RMS for 6074.34: 0.270
17:20:43 [ INFO  ] distortionsRms: [tid=000] RMS for 6096.16: 0.154
17:20:43 [ INFO  ] distortionsRms: [tid=000] RMS for 6143.06: 0.268
17:20:43 [ INFO  ] distortionsRms: [tid=000] RMS for 6163.59: 0.249
17:20:43 [ INFO  ] distortionsRms: [tid=000] RMS for 6217.28: line not available
17:20:43 [ INFO  ] distortionsRms: [tid=000] RMS for 6266.50: line not available
17:20:43 [ INFO  ] vmifucalib: [tid=000] IDS RMS: 0.192 pixel
17:20:44 [ INFO  ] : [tid=000] Calculating product checksums
17:20:44 [ INFO  ] : [tid=000] Created product /home/mmarcano/Documents/VIMOS/NGC6652/data/NGC6652B4/2003-06-24T04:55:50/RawESOdata/quadrant3/ifu_arc_spectrum_extracted.fits
17:20:44 [ INFO  ] : [tid=000] Created product /home/mmarcano/Documents/VIMOS/NGC6652/data/NGC6652B4/2003-06-24T04:55:50/RawESOdata/quadrant3/ifu_flat_spectrum_extracted.fits
17:20:44 [ INFO  ] : [tid=000] Created product /home/mmarcano/Documents/VIMOS/NGC6652/data/NGC6652B4/2003-06-24T04:55:50/RawESOdata/quadrant3/ifu_ids.fits
17:20:44 [ INFO  ] : [tid=000] Created product /home/mmarcano/Documents/VIMOS/NGC6652/data/NGC6652B4/2003-06-24T04:55:50/RawESOdata/quadrant3/ifu_master_screen_flat.fits
17:20:44 [ INFO  ] : [tid=000] Created product /home/mmarcano/Documents/VIMOS/NGC6652/data/NGC6652B4/2003-06-24T04:55:50/RawESOdata/quadrant3/ifu_trace.fits
17:20:44 [ INFO  ] : [tid=000] Created product /home/mmarcano/Documents/VIMOS/NGC6652/data/NGC6652B4/2003-06-24T04:55:50/RawESOdata/quadrant3/ifu_transmission.fits
17:20:44 [ INFO  ] : [tid=000] 6 products created
17:20:44 [ INFO  ] : [tid=000] Recipe operation(s) took           9.14 seconds to complete.
17:20:44 [ INFO  ] : [tid=000] Total size of 4 raw input frames  =    70.54 MB

17:20:44 [ INFO  ] : [tid=000] => processing rate of     7.71 MB/sec 

